#
# There is insufficient memory for the Java Runtime Environment to continue.
# Native memory allocation (malloc) failed to allocate 1111696 bytes for Chunk::new
# Possible reasons:
#   The system is out of physical RAM or swap space
#   The process is running with CompressedOops enabled, and the Java Heap may be blocking the growth of the native heap
# Possible solutions:
#   Reduce memory load on the system
#   Increase physical memory or swap space
#   Check if swap backing store is full
#   Decrease Java heap size (-Xmx/-Xms)
#   Decrease number of Java threads
#   Decrease Java thread stack sizes (-Xss)
#   Set larger code cache with -XX:ReservedCodeCacheSize=
#   JVM is running with Unscaled Compressed Oops mode in which the Java heap is
#     placed in the first 4GB address space. The Java Heap base address is the
#     maximum limit for the native heap growth. Please use -XX:HeapBaseMinAddress
#     to set the Java Heap base and to place the Java Heap above 4GB virtual address.
# This output file may be truncated or incomplete.
#
#  Out of Memory Error (arena.cpp:189), pid=27892, tid=8472
#
# JRE version: Java(TM) SE Runtime Environment (17.0.11+7) (build 17.0.11+7-LTS-207)
# Java VM: Java HotSpot(TM) 64-Bit Server VM (17.0.11+7-LTS-207, mixed mode, sharing, tiered, compressed oops, compressed class ptrs, g1 gc, windows-amd64)
# No core dump will be written. Minidumps are not enabled by default on client versions of Windows
#

---------------  S U M M A R Y ------------

Command Line: --add-opens=java.base/java.lang=ALL-UNNAMED --add-opens=java.base/java.lang.invoke=ALL-UNNAMED --add-opens=java.base/java.util=ALL-UNNAMED --add-opens=java.prefs/java.util.prefs=ALL-UNNAMED --add-exports=jdk.compiler/com.sun.tools.javac.api=ALL-UNNAMED --add-exports=jdk.compiler/com.sun.tools.javac.util=ALL-UNNAMED --add-opens=java.base/java.util=ALL-UNNAMED --add-opens=java.prefs/java.util.prefs=ALL-UNNAMED --add-opens=java.base/java.nio.charset=ALL-UNNAMED --add-opens=java.base/java.net=ALL-UNNAMED --add-opens=java.base/java.util.concurrent.atomic=ALL-UNNAMED --add-opens=java.xml/javax.xml.namespace=ALL-UNNAMED -XX:MaxMetaspaceSize=384m -XX:+HeapDumpOnOutOfMemoryError -Xms256m -Xmx512m -Dfile.encoding=UTF-8 -Duser.country=US -Duser.language=en -Duser.variant -javaagent:C:\Users\congh\.gradle\wrapper\dists\gradle-8.13-bin\5xuhj0ry160q40clulazy9h7d\gradle-8.13\lib\agents\gradle-instrumentation-agent-8.13.jar org.gradle.launcher.daemon.bootstrap.GradleDaemon 8.13

Host: 11th Gen Intel(R) Core(TM) i7-11800H @ 2.30GHz, 16 cores, 15G,  Windows 11 , 64 bit Build 26100 (10.0.26100.3912)
Time: Mon Apr 28 14:28:27 2025 SE Asia Standard Time elapsed time: 76.728665 seconds (0d 0h 1m 16s)

---------------  T H R E A D  ---------------

Current thread (0x00000214ad610360):  JavaThread "C2 CompilerThread1" daemon [_thread_in_native, id=8472, stack(0x000000daca100000,0x000000daca200000)]


Current CompileTask:
C2:  76728 20704       4       org.gradle.internal.operations.DefaultBuildOperationRunner::execute (23 bytes)

Stack: [0x000000daca100000,0x000000daca200000]
Native frames: (J=compiled Java code, j=interpreted, Vv=VM code, C=native code)
V  [jvm.dll+0x679cca]
V  [jvm.dll+0x7da13d]
V  [jvm.dll+0x7dba83]
V  [jvm.dll+0x7dc0f3]
V  [jvm.dll+0x2449af]
V  [jvm.dll+0xab83b]
V  [jvm.dll+0xabe1c]
V  [jvm.dll+0x36155f]
V  [jvm.dll+0x1b9dda]
V  [jvm.dll+0x216337]
V  [jvm.dll+0x21560f]
V  [jvm.dll+0x1a2040]
V  [jvm.dll+0x225a2b]
V  [jvm.dll+0x223bcb]
V  [jvm.dll+0x7903ec]
V  [jvm.dll+0x78a85a]
V  [jvm.dll+0x678bb5]
C  [ucrtbase.dll+0x37b0]
C  [KERNEL32.DLL+0x2e8d7]
C  [ntdll.dll+0x9c5dc]


---------------  P R O C E S S  ---------------

Threads class SMR info:
_java_thread_list=0x00000214aedf6590, length=111, elements={
0x00000214f18c72d0, 0x00000214fe487ea0, 0x00000214fe488380, 0x00000214fe49a240,
0x00000214fe49a720, 0x00000214fe49ac00, 0x00000214fe4a0100, 0x00000214fe4a1120,
0x00000214fe4a6b50, 0x00000214fe4b3090, 0x00000214fe473680, 0x00000214fe7b1dd0,
0x00000214a8ccb080, 0x00000214a8716520, 0x00000214ff02e880, 0x00000214fed3b880,
0x00000214a811cd50, 0x00000214a811e190, 0x00000214a811b910, 0x00000214a811c330,
0x00000214ab02f350, 0x00000214ab02e930, 0x00000214ab02d4f0, 0x00000214ab02e420,
0x00000214ab02da00, 0x00000214ab033010, 0x00000214ab031bd0, 0x00000214ab0316c0,
0x00000214ab030ca0, 0x00000214ab0311b0, 0x00000214ab412ce0, 0x00000214ab410e80,
0x00000214ab4118a0, 0x00000214ab4131f0, 0x00000214ab414b40, 0x00000214fea25220,
0x00000214fea28ee0, 0x00000214a8add050, 0x00000214a8addf80, 0x00000214a8ade490,
0x00000214a8adfde0, 0x00000214a8ae02f0, 0x00000214a8ade9a0, 0x00000214a8adcb40,
0x00000214a8adeeb0, 0x00000214a8ae0800, 0x00000214a8ae0d10, 0x00000214a8adf3c0,
0x00000214a8add560, 0x00000214a8ae3080, 0x00000214a8ae2b70, 0x00000214a8ae1c40,
0x00000214a8ae1220, 0x00000214ace65b90, 0x00000214aa2b6660, 0x00000214aa2b89d0,
0x00000214aa2b5730, 0x00000214aa2bb760, 0x00000214ab8eee70, 0x00000214abcc4c00,
0x00000214ace60a90, 0x00000214ace623e0, 0x00000214ace60070, 0x00000214ace60fa0,
0x00000214ace628f0, 0x00000214ace60580, 0x00000214ace63d30, 0x00000214ad610360,
0x00000214ace64240, 0x00000214ace64750, 0x00000214ace619c0, 0x00000214ad60c8f0,
0x00000214ad60d8e0, 0x00000214ad6108b0, 0x00000214ace64c60, 0x00000214ace61ed0,
0x00000214ace62e00, 0x00000214ace614b0, 0x00000214ace65170, 0x00000214ace665b0,
0x00000214ace66fd0, 0x00000214ace65680, 0x00000214ace674e0, 0x00000214ace679f0,
0x00000214aa2b6b70, 0x00000214aa2b7080, 0x00000214aa2b84c0, 0x00000214aa2b5c40,
0x00000214aa2bad40, 0x00000214aa2b8ee0, 0x00000214aa2b9e10, 0x00000214aa2ba320,
0x00000214aa2b93f0, 0x00000214aa2b7590, 0x00000214aa2b9900, 0x00000214aa2ba830,
0x00000214aa2bb250, 0x00000214aa2b7aa0, 0x00000214aa2b7fb0, 0x00000214aa2bd0b0,
0x00000214aa2bf420, 0x00000214aa2bef10, 0x00000214aa2bbc70, 0x00000214aa2bd5c0,
0x00000214aa2bcba0, 0x00000214aa2bf930, 0x00000214aa2bfe40, 0x00000214aa2bdad0,
0x00000214aa2bdfe0, 0x00000214aa2be4f0, 0x00000214aa2bea00
}

Java Threads: ( => current thread )
  0x00000214f18c72d0 JavaThread "main" [_thread_blocked, id=15740, stack(0x000000dac7e00000,0x000000dac7f00000)]
  0x00000214fe487ea0 JavaThread "Reference Handler" daemon [_thread_blocked, id=23868, stack(0x000000dac8500000,0x000000dac8600000)]
  0x00000214fe488380 JavaThread "Finalizer" daemon [_thread_blocked, id=6864, stack(0x000000dac8600000,0x000000dac8700000)]
  0x00000214fe49a240 JavaThread "Signal Dispatcher" daemon [_thread_blocked, id=25192, stack(0x000000dac8700000,0x000000dac8800000)]
  0x00000214fe49a720 JavaThread "Attach Listener" daemon [_thread_blocked, id=23544, stack(0x000000dac8800000,0x000000dac8900000)]
  0x00000214fe49ac00 JavaThread "Service Thread" daemon [_thread_blocked, id=15060, stack(0x000000dac8900000,0x000000dac8a00000)]
  0x00000214fe4a0100 JavaThread "Monitor Deflation Thread" daemon [_thread_blocked, id=23824, stack(0x000000dac8a00000,0x000000dac8b00000)]
  0x00000214fe4a1120 JavaThread "C2 CompilerThread0" daemon [_thread_blocked, id=26544, stack(0x000000dac8b00000,0x000000dac8c00000)]
  0x00000214fe4a6b50 JavaThread "C1 CompilerThread0" daemon [_thread_blocked, id=22028, stack(0x000000dac8c00000,0x000000dac8d00000)]
  0x00000214fe4b3090 JavaThread "Sweeper thread" daemon [_thread_blocked, id=1248, stack(0x000000dac8d00000,0x000000dac8e00000)]
  0x00000214fe473680 JavaThread "Common-Cleaner" daemon [_thread_blocked, id=5772, stack(0x000000dac8e00000,0x000000dac8f00000)]
  0x00000214fe7b1dd0 JavaThread "Notification Thread" daemon [_thread_blocked, id=10160, stack(0x000000dac9300000,0x000000dac9400000)]
  0x00000214a8ccb080 JavaThread "Daemon health stats" [_thread_blocked, id=27956, stack(0x000000dac9b00000,0x000000dac9c00000)]
  0x00000214a8716520 JavaThread "Incoming local TCP Connector on port 56673" [_thread_in_native, id=24668, stack(0x000000dac9500000,0x000000dac9600000)]
  0x00000214ff02e880 JavaThread "Daemon periodic checks" [_thread_blocked, id=26248, stack(0x000000dac9c00000,0x000000dac9d00000)]
  0x00000214fed3b880 JavaThread "Daemon" [_thread_blocked, id=24240, stack(0x000000dac9d00000,0x000000dac9e00000)]
  0x00000214a811cd50 JavaThread "Daemon worker" [_thread_in_Java, id=12496, stack(0x000000daca000000,0x000000daca100000)]
  0x00000214a811e190 JavaThread "Cache worker for journal cache (C:\Users\congh\.gradle\caches\journal-1)" [_thread_blocked, id=20116, stack(0x000000daca400000,0x000000daca500000)]
  0x00000214a811b910 JavaThread "File lock request listener" [_thread_in_native, id=16892, stack(0x000000daca500000,0x000000daca600000)]
  0x00000214a811c330 JavaThread "Cache worker for file hash cache (C:\Users\congh\.gradle\caches\8.13\fileHashes)" [_thread_blocked, id=27344, stack(0x000000daca600000,0x000000daca700000)]
  0x00000214ab02f350 JavaThread "File watcher server" daemon [_thread_in_native, id=28028, stack(0x000000dacb200000,0x000000dacb300000)]
  0x00000214ab02e930 JavaThread "File watcher consumer" daemon [_thread_blocked, id=22384, stack(0x000000dacb300000,0x000000dacb400000)]
  0x00000214ab02d4f0 JavaThread "jar transforms" [_thread_blocked, id=26712, stack(0x000000dacb500000,0x000000dacb600000)]
  0x00000214ab02e420 JavaThread "jar transforms Thread 2" [_thread_blocked, id=21460, stack(0x000000dacb600000,0x000000dacb700000)]
  0x00000214ab02da00 JavaThread "jar transforms Thread 3" [_thread_blocked, id=23032, stack(0x000000dacb700000,0x000000dacb800000)]
  0x00000214ab033010 JavaThread "jar transforms Thread 4" [_thread_blocked, id=11600, stack(0x000000dacb900000,0x000000dacba00000)]
  0x00000214ab031bd0 JavaThread "jar transforms Thread 5" [_thread_blocked, id=21876, stack(0x000000dacba00000,0x000000dacbb00000)]
  0x00000214ab0316c0 JavaThread "Cache worker for file content cache (C:\Users\congh\.gradle\caches\8.13\fileContent)" [_thread_blocked, id=28184, stack(0x000000dacbc00000,0x000000dacbd00000)]
  0x00000214ab030ca0 JavaThread "jar transforms Thread 6" [_thread_blocked, id=24560, stack(0x000000dacbd00000,0x000000dacbe00000)]
  0x00000214ab0311b0 JavaThread "jar transforms Thread 7" [_thread_blocked, id=2268, stack(0x000000dacbe00000,0x000000dacbf00000)]
  0x00000214ab412ce0 JavaThread "jar transforms Thread 8" [_thread_blocked, id=17148, stack(0x000000dacbf00000,0x000000dacc000000)]
  0x00000214ab410e80 JavaThread "jar transforms Thread 9" [_thread_blocked, id=27580, stack(0x000000dacc000000,0x000000dacc100000)]
  0x00000214ab4118a0 JavaThread "jar transforms Thread 10" [_thread_blocked, id=6652, stack(0x000000dacc100000,0x000000dacc200000)]
  0x00000214ab4131f0 JavaThread "jar transforms Thread 11" [_thread_blocked, id=9204, stack(0x000000dacc200000,0x000000dacc300000)]
  0x00000214ab414b40 JavaThread "jar transforms Thread 12" [_thread_blocked, id=10496, stack(0x000000dacc500000,0x000000dacc600000)]
  0x00000214fea25220 JavaThread "Memory manager" [_thread_blocked, id=27804, stack(0x000000dacfc00000,0x000000dacfd00000)]
  0x00000214fea28ee0 JavaThread "jar transforms Thread 13" [_thread_blocked, id=27176, stack(0x000000dacfd00000,0x000000dacfe00000)]
  0x00000214a8add050 JavaThread "ForkJoinPool.commonPool-worker-1" daemon [_thread_blocked, id=27936, stack(0x000000dad2000000,0x000000dad2100000)]
  0x00000214a8addf80 JavaThread "ForkJoinPool.commonPool-worker-2" daemon [_thread_blocked, id=28108, stack(0x000000dad2100000,0x000000dad2200000)]
  0x00000214a8ade490 JavaThread "ForkJoinPool.commonPool-worker-3" daemon [_thread_blocked, id=8196, stack(0x000000dad2200000,0x000000dad2300000)]
  0x00000214a8adfde0 JavaThread "ForkJoinPool.commonPool-worker-4" daemon [_thread_blocked, id=8384, stack(0x000000dad2300000,0x000000dad2400000)]
  0x00000214a8ae02f0 JavaThread "ForkJoinPool.commonPool-worker-5" daemon [_thread_blocked, id=27864, stack(0x000000dad2400000,0x000000dad2500000)]
  0x00000214a8ade9a0 JavaThread "ForkJoinPool.commonPool-worker-6" daemon [_thread_blocked, id=4936, stack(0x000000dad2500000,0x000000dad2600000)]
  0x00000214a8adcb40 JavaThread "ForkJoinPool.commonPool-worker-7" daemon [_thread_blocked, id=21792, stack(0x000000dad2600000,0x000000dad2700000)]
  0x00000214a8adeeb0 JavaThread "ForkJoinPool.commonPool-worker-8" daemon [_thread_blocked, id=26900, stack(0x000000dad2700000,0x000000dad2800000)]
  0x00000214a8ae0800 JavaThread "ForkJoinPool.commonPool-worker-9" daemon [_thread_blocked, id=15788, stack(0x000000dad2800000,0x000000dad2900000)]
  0x00000214a8ae0d10 JavaThread "ForkJoinPool.commonPool-worker-10" daemon [_thread_blocked, id=3988, stack(0x000000dad2900000,0x000000dad2a00000)]
  0x00000214a8adf3c0 JavaThread "ForkJoinPool.commonPool-worker-11" daemon [_thread_blocked, id=14620, stack(0x000000dad2a00000,0x000000dad2b00000)]
  0x00000214a8add560 JavaThread "Exec process" daemon [_thread_blocked, id=23712, stack(0x000000dad2b00000,0x000000dad2c00000)]
  0x00000214a8ae3080 JavaThread "ForkJoinPool.commonPool-worker-12" daemon [_thread_blocked, id=24544, stack(0x000000dad2c00000,0x000000dad2d00000)]
  0x00000214a8ae2b70 JavaThread "Exec process Thread 2" daemon [_thread_blocked, id=19852, stack(0x000000dad2d00000,0x000000dad2e00000)]
  0x00000214a8ae1c40 JavaThread "ForkJoinPool.commonPool-worker-13" daemon [_thread_blocked, id=26936, stack(0x000000dad2e00000,0x000000dad2f00000)]
  0x00000214a8ae1220 JavaThread "Exec process Thread 3" daemon [_thread_blocked, id=3792, stack(0x000000dad2f00000,0x000000dad3000000)]
  0x00000214ace65b90 JavaThread "included builds" [_thread_blocked, id=4536, stack(0x000000dac8f00000,0x000000dac9000000)]
  0x00000214aa2b6660 JavaThread "VFS cleanup" [_thread_blocked, id=16608, stack(0x000000dac9000000,0x000000dac9100000)]
  0x00000214aa2b89d0 JavaThread "jar transforms Thread 14" [_thread_blocked, id=26148, stack(0x000000dacc300000,0x000000dacc400000)]
  0x00000214aa2b5730 JavaThread "jar transforms Thread 15" [_thread_blocked, id=21696, stack(0x000000dacc400000,0x000000dacc500000)]
  0x00000214aa2bb760 JavaThread "jar transforms Thread 16" [_thread_blocked, id=1624, stack(0x000000dacc900000,0x000000dacca00000)]
  0x00000214ab8eee70 JavaThread "included builds" [_thread_blocked, id=14848, stack(0x000000dad7d00000,0x000000dad7e00000)]
  0x00000214abcc4c00 JavaThread "included builds" [_thread_blocked, id=27700, stack(0x000000dad7200000,0x000000dad7300000)]
  0x00000214ace60a90 JavaThread "Handler for socket connection from /127.0.0.1:56673 to /127.0.0.1:56912" [_thread_in_native, id=21656, stack(0x000000dac7b00000,0x000000dac7c00000)]
  0x00000214ace623e0 JavaThread "Cancel handler" [_thread_blocked, id=20132, stack(0x000000dac7c00000,0x000000dac7d00000)]
  0x00000214ace60070 JavaThread "Asynchronous log dispatcher for DefaultDaemonConnection: socket connection from /127.0.0.1:56673 to /127.0.0.1:56912" [_thread_blocked, id=23360, stack(0x000000dac7d00000,0x000000dac7e00000)]
  0x00000214ace60fa0 JavaThread "Stdin handler" [_thread_blocked, id=7400, stack(0x000000dac9100000,0x000000dac9200000)]
  0x00000214ace628f0 JavaThread "Daemon client event forwarder" [_thread_blocked, id=14412, stack(0x000000dac9200000,0x000000dac9300000)]
  0x00000214ace60580 JavaThread "Cache worker for file hash cache (D:\MicroserviceLab\backend\api-gateway\.gradle\8.13\fileHashes)" [_thread_blocked, id=18896, stack(0x000000dac9e00000,0x000000dac9f00000)]
  0x00000214ace63d30 JavaThread "Cache worker for Build Output Cleanup Cache (D:\MicroserviceLab\backend\api-gateway\.gradle\buildOutputCleanup)" [_thread_blocked, id=20504, stack(0x000000dac9f00000,0x000000daca000000)]
=>0x00000214ad610360 JavaThread "C2 CompilerThread1" daemon [_thread_in_native, id=8472, stack(0x000000daca100000,0x000000daca200000)]
  0x00000214ace64240 JavaThread "Cache worker for checksums cache (D:\MicroserviceLab\backend\api-gateway\.gradle\8.13\checksums)" [_thread_blocked, id=19552, stack(0x000000daca200000,0x000000daca300000)]
  0x00000214ace64750 JavaThread "Cache worker for cache directory md-supplier (C:\Users\congh\.gradle\caches\8.13\md-supplier)" [_thread_blocked, id=28148, stack(0x000000daca300000,0x000000daca400000)]
  0x00000214ace619c0 JavaThread "Cache worker for cache directory md-rule (C:\Users\congh\.gradle\caches\8.13\md-rule)" [_thread_blocked, id=4380, stack(0x000000daca700000,0x000000daca800000)]
  0x00000214ad60c8f0 JavaThread "C1 CompilerThread1" daemon [_thread_blocked, id=13444, stack(0x000000daca800000,0x000000daca900000)]
  0x00000214ad60d8e0 JavaThread "C1 CompilerThread2" daemon [_thread_blocked, id=6908, stack(0x000000dacbb00000,0x000000dacbc00000)]
  0x00000214ad6108b0 JavaThread "C1 CompilerThread3" daemon [_thread_blocked, id=13768, stack(0x000000dacc700000,0x000000dacc800000)]
  0x00000214ace64c60 JavaThread "Unconstrained build operations" [_thread_blocked, id=21568, stack(0x000000dacc800000,0x000000dacc900000)]
  0x00000214ace61ed0 JavaThread "Unconstrained build operations Thread 2" [_thread_blocked, id=28472, stack(0x000000dacca00000,0x000000daccb00000)]
  0x00000214ace62e00 JavaThread "Unconstrained build operations Thread 3" [_thread_blocked, id=19604, stack(0x000000daccb00000,0x000000daccc00000)]
  0x00000214ace614b0 JavaThread "Unconstrained build operations Thread 4" [_thread_blocked, id=9944, stack(0x000000daccc00000,0x000000daccd00000)]
  0x00000214ace65170 JavaThread "Unconstrained build operations Thread 5" [_thread_blocked, id=21028, stack(0x000000daccd00000,0x000000dacce00000)]
  0x00000214ace665b0 JavaThread "Unconstrained build operations Thread 6" [_thread_blocked, id=4396, stack(0x000000dacce00000,0x000000daccf00000)]
  0x00000214ace66fd0 JavaThread "Unconstrained build operations Thread 7" [_thread_blocked, id=13580, stack(0x000000daccf00000,0x000000dacd000000)]
  0x00000214ace65680 JavaThread "Unconstrained build operations Thread 8" [_thread_blocked, id=24728, stack(0x000000dacd000000,0x000000dacd100000)]
  0x00000214ace674e0 JavaThread "Unconstrained build operations Thread 9" [_thread_blocked, id=15656, stack(0x000000dacd100000,0x000000dacd200000)]
  0x00000214ace679f0 JavaThread "Unconstrained build operations Thread 10" [_thread_blocked, id=10624, stack(0x000000dacd200000,0x000000dacd300000)]
  0x00000214aa2b6b70 JavaThread "Unconstrained build operations Thread 11" [_thread_blocked, id=19844, stack(0x000000dacd300000,0x000000dacd400000)]
  0x00000214aa2b7080 JavaThread "Unconstrained build operations Thread 12" [_thread_blocked, id=13224, stack(0x000000dacd400000,0x000000dacd500000)]
  0x00000214aa2b84c0 JavaThread "Unconstrained build operations Thread 13" [_thread_blocked, id=24724, stack(0x000000dacd500000,0x000000dacd600000)]
  0x00000214aa2b5c40 JavaThread "Unconstrained build operations Thread 14" [_thread_blocked, id=28000, stack(0x000000dacd600000,0x000000dacd700000)]
  0x00000214aa2bad40 JavaThread "Unconstrained build operations Thread 15" [_thread_blocked, id=22240, stack(0x000000dacd700000,0x000000dacd800000)]
  0x00000214aa2b8ee0 JavaThread "Unconstrained build operations Thread 16" [_thread_blocked, id=6440, stack(0x000000dacd800000,0x000000dacd900000)]
  0x00000214aa2b9e10 JavaThread "Unconstrained build operations Thread 17" [_thread_blocked, id=23876, stack(0x000000dacd900000,0x000000dacda00000)]
  0x00000214aa2ba320 JavaThread "Unconstrained build operations Thread 18" [_thread_blocked, id=27112, stack(0x000000dacda00000,0x000000dacdb00000)]
  0x00000214aa2b93f0 JavaThread "Unconstrained build operations Thread 19" [_thread_blocked, id=24508, stack(0x000000dacdb00000,0x000000dacdc00000)]
  0x00000214aa2b7590 JavaThread "Unconstrained build operations Thread 20" [_thread_blocked, id=7228, stack(0x000000dacdc00000,0x000000dacdd00000)]
  0x00000214aa2b9900 JavaThread "Unconstrained build operations Thread 21" [_thread_blocked, id=12620, stack(0x000000dacdd00000,0x000000dacde00000)]
  0x00000214aa2ba830 JavaThread "Unconstrained build operations Thread 22" [_thread_blocked, id=24364, stack(0x000000dacde00000,0x000000dacdf00000)]
  0x00000214aa2bb250 JavaThread "Unconstrained build operations Thread 23" [_thread_blocked, id=13484, stack(0x000000dacdf00000,0x000000dace000000)]
  0x00000214aa2b7aa0 JavaThread "Unconstrained build operations Thread 24" [_thread_blocked, id=27300, stack(0x000000dace000000,0x000000dace100000)]
  0x00000214aa2b7fb0 JavaThread "Unconstrained build operations Thread 25" [_thread_blocked, id=16740, stack(0x000000dace100000,0x000000dace200000)]
  0x00000214aa2bd0b0 JavaThread "Unconstrained build operations Thread 26" [_thread_blocked, id=21112, stack(0x000000dace200000,0x000000dace300000)]
  0x00000214aa2bf420 JavaThread "Unconstrained build operations Thread 27" [_thread_blocked, id=7924, stack(0x000000dace300000,0x000000dace400000)]
  0x00000214aa2bef10 JavaThread "Unconstrained build operations Thread 28" [_thread_blocked, id=28364, stack(0x000000dace400000,0x000000dace500000)]
  0x00000214aa2bbc70 JavaThread "Unconstrained build operations Thread 29" [_thread_blocked, id=13624, stack(0x000000dace500000,0x000000dace600000)]
  0x00000214aa2bd5c0 JavaThread "Unconstrained build operations Thread 30" [_thread_blocked, id=22044, stack(0x000000dace600000,0x000000dace700000)]
  0x00000214aa2bcba0 JavaThread "Unconstrained build operations Thread 31" [_thread_blocked, id=17280, stack(0x000000dace700000,0x000000dace800000)]
  0x00000214aa2bf930 JavaThread "Unconstrained build operations Thread 32" [_thread_blocked, id=21432, stack(0x000000dace800000,0x000000dace900000)]
  0x00000214aa2bfe40 JavaThread "Unconstrained build operations Thread 33" [_thread_blocked, id=3084, stack(0x000000dace900000,0x000000dacea00000)]
  0x00000214aa2bdad0 JavaThread "Unconstrained build operations Thread 34" [_thread_blocked, id=17524, stack(0x000000dacea00000,0x000000daceb00000)]
  0x00000214aa2bdfe0 JavaThread "Unconstrained build operations Thread 35" [_thread_blocked, id=2444, stack(0x000000daceb00000,0x000000dacec00000)]
  0x00000214aa2be4f0 JavaThread "Unconstrained build operations Thread 36" [_thread_blocked, id=19792, stack(0x000000dacec00000,0x000000daced00000)]
  0x00000214aa2bea00 JavaThread "Unconstrained build operations Thread 37" [_thread_blocked, id=24584, stack(0x000000daced00000,0x000000dacee00000)]

Other Threads:
  0x00000214fe485930 VMThread "VM Thread" [stack: 0x000000dac8400000,0x000000dac8500000] [id=22596]
  0x00000214f1922660 WatcherThread [stack: 0x000000dac9400000,0x000000dac9500000] [id=19524]
  0x00000214f18f5e70 GCTaskThread "GC Thread#0" [stack: 0x000000dac7f00000,0x000000dac8000000] [id=16612]
  0x00000214fe882530 GCTaskThread "GC Thread#1" [stack: 0x000000dac9600000,0x000000dac9700000] [id=26368]
  0x00000214fe882ab0 GCTaskThread "GC Thread#2" [stack: 0x000000dac9700000,0x000000dac9800000] [id=17840]
  0x00000214fe881fb0 GCTaskThread "GC Thread#3" [stack: 0x000000dac9800000,0x000000dac9900000] [id=12460]
  0x00000214fe8827f0 GCTaskThread "GC Thread#4" [stack: 0x000000dac9900000,0x000000dac9a00000] [id=3520]
  0x00000214fe881cf0 GCTaskThread "GC Thread#5" [stack: 0x000000dac9a00000,0x000000dac9b00000] [id=22164]
  0x00000214fe881770 GCTaskThread "GC Thread#6" [stack: 0x000000daca900000,0x000000dacaa00000] [id=27760]
  0x00000214aa08b1a0 GCTaskThread "GC Thread#7" [stack: 0x000000dacaa00000,0x000000dacab00000] [id=12668]
  0x00000214aa088de0 GCTaskThread "GC Thread#8" [stack: 0x000000dacab00000,0x000000dacac00000] [id=3164]
  0x00000214aa08bca0 GCTaskThread "GC Thread#9" [stack: 0x000000dacac00000,0x000000dacad00000] [id=19808]
  0x00000214aa089ba0 GCTaskThread "GC Thread#10" [stack: 0x000000dacad00000,0x000000dacae00000] [id=11956]
  0x00000214aa089360 GCTaskThread "GC Thread#11" [stack: 0x000000dacae00000,0x000000dacaf00000] [id=6992]
  0x00000214aa089e60 GCTaskThread "GC Thread#12" [stack: 0x000000dacaf00000,0x000000dacb000000] [id=17272]
  0x00000214f18facd0 ConcurrentGCThread "G1 Main Marker" [stack: 0x000000dac8000000,0x000000dac8100000] [id=7296]
  0x00000214f18fea70 ConcurrentGCThread "G1 Conc#0" [stack: 0x000000dac8100000,0x000000dac8200000] [id=26552]
  0x00000214aa0890a0 ConcurrentGCThread "G1 Conc#1" [stack: 0x000000dacb000000,0x000000dacb100000] [id=28620]
  0x00000214aa08a3e0 ConcurrentGCThread "G1 Conc#2" [stack: 0x000000dacb100000,0x000000dacb200000] [id=28312]
  0x00000214f198ec00 ConcurrentGCThread "G1 Refine#0" [stack: 0x000000dac8200000,0x000000dac8300000] [id=17760]
  0x00000214ad51ea60 ConcurrentGCThread "G1 Refine#1" [stack: 0x000000dacb400000,0x000000dacb500000] [id=18916]
  0x00000214ad51ed50 ConcurrentGCThread "G1 Refine#2" [stack: 0x000000dacb800000,0x000000dacb900000] [id=19276]
  0x00000214fe33c930 ConcurrentGCThread "G1 Service" [stack: 0x000000dac8300000,0x000000dac8400000] [id=5128]

Threads with active compile tasks:
C1 CompilerThread0    76765 21018       3       io.spring.gradle.dependencymanagement.org.apache.maven.model.merge.ModelMerger$MergingList::mergeAll (348 bytes)
C2 CompilerThread1    76765 20704       4       org.gradle.internal.operations.DefaultBuildOperationRunner::execute (23 bytes)

VM state: not at safepoint (normal execution)

VM Mutex/Monitor currently owned by a thread: None

Heap address: 0x00000000e0000000, size: 512 MB, Compressed Oops mode: 32-bit

CDS archive(s) mapped at: [0x000002148f000000-0x000002148fbd0000-0x000002148fbd0000), size 12386304, SharedBaseAddress: 0x000002148f000000, ArchiveRelocationMode: 1.
Compressed class space mapped at: 0x0000021490000000-0x00000214a4000000, reserved size: 335544320
Narrow klass base: 0x000002148f000000, Narrow klass shift: 0, Narrow klass range: 0x100000000

GC Precious Log:
 CPUs: 16 total, 16 available
 Memory: 16163M
 Large Page Support: Disabled
 NUMA Support: Disabled
 Compressed Oops: Enabled (32-bit)
 Heap Region Size: 1M
 Heap Min Capacity: 256M
 Heap Initial Capacity: 256M
 Heap Max Capacity: 512M
 Pre-touch: Disabled
 Parallel Workers: 13
 Concurrent Workers: 3
 Concurrent Refinement Workers: 13
 Periodic GC: Disabled

Heap:
 garbage-first heap   total 262144K, used 91415K [0x00000000e0000000, 0x0000000100000000)
  region size 1024K, 17 young (17408K), 9 survivors (9216K)
 Metaspace       used 89738K, committed 90752K, reserved 458752K
  class space    used 11906K, committed 12352K, reserved 327680K

Heap Regions: E=young(eden), S=young(survivor), O=old, HS=humongous(starts), HC=humongous(continues), CS=collection set, F=free, OA=open archive, CA=closed archive, TAMS=top-at-mark-start (previous, next)
|   0|0x00000000e0000000, 0x00000000e0100000, 0x00000000e0100000|100%|HS|  |TAMS 0x00000000e0100000, 0x00000000e0000000| Complete 
|   1|0x00000000e0100000, 0x00000000e0200000, 0x00000000e0200000|100%|HC|  |TAMS 0x00000000e0200000, 0x00000000e0100000| Complete 
|   2|0x00000000e0200000, 0x00000000e0300000, 0x00000000e0300000|100%|HC|  |TAMS 0x00000000e0300000, 0x00000000e0200000| Complete 
|   3|0x00000000e0300000, 0x00000000e0400000, 0x00000000e0400000|100%| O|  |TAMS 0x00000000e0400000, 0x00000000e0300000| Untracked 
|   4|0x00000000e0400000, 0x00000000e0500000, 0x00000000e0500000|100%| O|  |TAMS 0x00000000e0500000, 0x00000000e0400000| Untracked 
|   5|0x00000000e0500000, 0x00000000e0600000, 0x00000000e0600000|100%| O|  |TAMS 0x00000000e0600000, 0x00000000e0500000| Untracked 
|   6|0x00000000e0600000, 0x00000000e0700000, 0x00000000e0700000|100%|HS|  |TAMS 0x00000000e0700000, 0x00000000e0600000| Complete 
|   7|0x00000000e0700000, 0x00000000e0800000, 0x00000000e0800000|100%| O|  |TAMS 0x00000000e0700000, 0x00000000e0700000| Untracked 
|   8|0x00000000e0800000, 0x00000000e0900000, 0x00000000e0900000|100%| O|  |TAMS 0x00000000e0900000, 0x00000000e0800000| Untracked 
|   9|0x00000000e0900000, 0x00000000e0a00000, 0x00000000e0a00000|100%| O|  |TAMS 0x00000000e0a00000, 0x00000000e0900000| Untracked 
|  10|0x00000000e0a00000, 0x00000000e0b00000, 0x00000000e0b00000|100%| O|  |TAMS 0x00000000e0b00000, 0x00000000e0a00000| Untracked 
|  11|0x00000000e0b00000, 0x00000000e0c00000, 0x00000000e0c00000|100%| O|  |TAMS 0x00000000e0c00000, 0x00000000e0b00000| Untracked 
|  12|0x00000000e0c00000, 0x00000000e0d00000, 0x00000000e0d00000|100%| O|  |TAMS 0x00000000e0d00000, 0x00000000e0c00000| Untracked 
|  13|0x00000000e0d00000, 0x00000000e0e00000, 0x00000000e0e00000|100%| O|  |TAMS 0x00000000e0d00000, 0x00000000e0d00000| Untracked 
|  14|0x00000000e0e00000, 0x00000000e0f00000, 0x00000000e0f00000|100%| O|  |TAMS 0x00000000e0f00000, 0x00000000e0e00000| Untracked 
|  15|0x00000000e0f00000, 0x00000000e1000000, 0x00000000e1000000|100%| O|  |TAMS 0x00000000e1000000, 0x00000000e0f00000| Untracked 
|  16|0x00000000e1000000, 0x00000000e1100000, 0x00000000e1100000|100%| O|  |TAMS 0x00000000e1100000, 0x00000000e1000000| Untracked 
|  17|0x00000000e1100000, 0x00000000e1200000, 0x00000000e1200000|100%| O|  |TAMS 0x00000000e1200000, 0x00000000e1100000| Untracked 
|  18|0x00000000e1200000, 0x00000000e1300000, 0x00000000e1300000|100%| O|  |TAMS 0x00000000e1300000, 0x00000000e1200000| Untracked 
|  19|0x00000000e1300000, 0x00000000e1400000, 0x00000000e1400000|100%| O|  |TAMS 0x00000000e1400000, 0x00000000e1300000| Untracked 
|  20|0x00000000e1400000, 0x00000000e1500000, 0x00000000e1500000|100%| O|  |TAMS 0x00000000e1500000, 0x00000000e1400000| Untracked 
|  21|0x00000000e1500000, 0x00000000e1600000, 0x00000000e1600000|100%| O|  |TAMS 0x00000000e1600000, 0x00000000e1500000| Untracked 
|  22|0x00000000e1600000, 0x00000000e1700000, 0x00000000e1700000|100%| O|  |TAMS 0x00000000e1700000, 0x00000000e1600000| Untracked 
|  23|0x00000000e1700000, 0x00000000e1800000, 0x00000000e1800000|100%| O|  |TAMS 0x00000000e1800000, 0x00000000e1700000| Untracked 
|  24|0x00000000e1800000, 0x00000000e1900000, 0x00000000e1900000|100%| O|  |TAMS 0x00000000e18e8a00, 0x00000000e1800000| Untracked 
|  25|0x00000000e1900000, 0x00000000e1a00000, 0x00000000e1a00000|100%| O|  |TAMS 0x00000000e1900000, 0x00000000e1900000| Untracked 
|  26|0x00000000e1a00000, 0x00000000e1b00000, 0x00000000e1b00000|100%| O|  |TAMS 0x00000000e1a00000, 0x00000000e1a00000| Untracked 
|  27|0x00000000e1b00000, 0x00000000e1c00000, 0x00000000e1c00000|100%| O|  |TAMS 0x00000000e1b00000, 0x00000000e1b00000| Untracked 
|  28|0x00000000e1c00000, 0x00000000e1d00000, 0x00000000e1d00000|100%| O|  |TAMS 0x00000000e1c00000, 0x00000000e1c00000| Untracked 
|  29|0x00000000e1d00000, 0x00000000e1e00000, 0x00000000e1e00000|100%| O|  |TAMS 0x00000000e1d00000, 0x00000000e1d00000| Untracked 
|  30|0x00000000e1e00000, 0x00000000e1f00000, 0x00000000e1f00000|100%| O|  |TAMS 0x00000000e1e00000, 0x00000000e1e00000| Untracked 
|  31|0x00000000e1f00000, 0x00000000e2000000, 0x00000000e2000000|100%| O|  |TAMS 0x00000000e1f00000, 0x00000000e1f00000| Untracked 
|  32|0x00000000e2000000, 0x00000000e2100000, 0x00000000e2100000|100%| O|  |TAMS 0x00000000e2000000, 0x00000000e2000000| Untracked 
|  33|0x00000000e2100000, 0x00000000e2200000, 0x00000000e2200000|100%| O|  |TAMS 0x00000000e2100000, 0x00000000e2100000| Untracked 
|  34|0x00000000e2200000, 0x00000000e2300000, 0x00000000e2300000|100%| O|  |TAMS 0x00000000e2200000, 0x00000000e2200000| Untracked 
|  35|0x00000000e2300000, 0x00000000e2400000, 0x00000000e2400000|100%| O|  |TAMS 0x00000000e2300000, 0x00000000e2300000| Untracked 
|  36|0x00000000e2400000, 0x00000000e2500000, 0x00000000e2500000|100%| O|  |TAMS 0x00000000e2400000, 0x00000000e2400000| Untracked 
|  37|0x00000000e2500000, 0x00000000e2600000, 0x00000000e2600000|100%| O|  |TAMS 0x00000000e2500000, 0x00000000e2500000| Untracked 
|  38|0x00000000e2600000, 0x00000000e2700000, 0x00000000e2700000|100%| O|  |TAMS 0x00000000e2600000, 0x00000000e2600000| Untracked 
|  39|0x00000000e2700000, 0x00000000e2800000, 0x00000000e2800000|100%| O|  |TAMS 0x00000000e2700000, 0x00000000e2700000| Untracked 
|  40|0x00000000e2800000, 0x00000000e2900000, 0x00000000e2900000|100%| O|  |TAMS 0x00000000e2800000, 0x00000000e2800000| Untracked 
|  41|0x00000000e2900000, 0x00000000e2a00000, 0x00000000e2a00000|100%| O|  |TAMS 0x00000000e2900000, 0x00000000e2900000| Untracked 
|  42|0x00000000e2a00000, 0x00000000e2b00000, 0x00000000e2b00000|100%| O|  |TAMS 0x00000000e2a00000, 0x00000000e2a00000| Untracked 
|  43|0x00000000e2b00000, 0x00000000e2c00000, 0x00000000e2c00000|100%| O|  |TAMS 0x00000000e2b00000, 0x00000000e2b00000| Untracked 
|  44|0x00000000e2c00000, 0x00000000e2d00000, 0x00000000e2d00000|100%| O|  |TAMS 0x00000000e2c00000, 0x00000000e2c00000| Untracked 
|  45|0x00000000e2d00000, 0x00000000e2e00000, 0x00000000e2e00000|100%| O|  |TAMS 0x00000000e2d00000, 0x00000000e2d00000| Untracked 
|  46|0x00000000e2e00000, 0x00000000e2f00000, 0x00000000e2f00000|100%| O|  |TAMS 0x00000000e2e00000, 0x00000000e2e00000| Untracked 
|  47|0x00000000e2f00000, 0x00000000e3000000, 0x00000000e3000000|100%| O|  |TAMS 0x00000000e2f00000, 0x00000000e2f00000| Untracked 
|  48|0x00000000e3000000, 0x00000000e3100000, 0x00000000e3100000|100%| O|  |TAMS 0x00000000e3000000, 0x00000000e3000000| Untracked 
|  49|0x00000000e3100000, 0x00000000e3200000, 0x00000000e3200000|100%| O|  |TAMS 0x00000000e3100000, 0x00000000e3100000| Untracked 
|  50|0x00000000e3200000, 0x00000000e3300000, 0x00000000e3300000|100%| O|  |TAMS 0x00000000e3200000, 0x00000000e3200000| Untracked 
|  51|0x00000000e3300000, 0x00000000e3400000, 0x00000000e3400000|100%| O|  |TAMS 0x00000000e3300000, 0x00000000e3300000| Untracked 
|  52|0x00000000e3400000, 0x00000000e3500000, 0x00000000e3500000|100%| O|  |TAMS 0x00000000e3400000, 0x00000000e3400000| Untracked 
|  53|0x00000000e3500000, 0x00000000e3600000, 0x00000000e3600000|100%| O|  |TAMS 0x00000000e3500000, 0x00000000e3500000| Untracked 
|  54|0x00000000e3600000, 0x00000000e3700000, 0x00000000e3700000|100%| O|  |TAMS 0x00000000e3600000, 0x00000000e3600000| Untracked 
|  55|0x00000000e3700000, 0x00000000e3800000, 0x00000000e3800000|100%| O|  |TAMS 0x00000000e3700000, 0x00000000e3700000| Untracked 
|  56|0x00000000e3800000, 0x00000000e3900000, 0x00000000e3900000|100%| O|  |TAMS 0x00000000e3800000, 0x00000000e3800000| Untracked 
|  57|0x00000000e3900000, 0x00000000e3a00000, 0x00000000e3a00000|100%| O|  |TAMS 0x00000000e3900000, 0x00000000e3900000| Untracked 
|  58|0x00000000e3a00000, 0x00000000e3b00000, 0x00000000e3b00000|100%| O|  |TAMS 0x00000000e3a00000, 0x00000000e3a00000| Untracked 
|  59|0x00000000e3b00000, 0x00000000e3c00000, 0x00000000e3c00000|100%| O|  |TAMS 0x00000000e3b00000, 0x00000000e3b00000| Untracked 
|  60|0x00000000e3c00000, 0x00000000e3d00000, 0x00000000e3d00000|100%| O|  |TAMS 0x00000000e3c00000, 0x00000000e3c00000| Untracked 
|  61|0x00000000e3d00000, 0x00000000e3e00000, 0x00000000e3e00000|100%| O|  |TAMS 0x00000000e3d00000, 0x00000000e3d00000| Untracked 
|  62|0x00000000e3e00000, 0x00000000e3f00000, 0x00000000e3f00000|100%| O|  |TAMS 0x00000000e3e00000, 0x00000000e3e00000| Untracked 
|  63|0x00000000e3f00000, 0x00000000e4000000, 0x00000000e4000000|100%| O|  |TAMS 0x00000000e3f00000, 0x00000000e3f00000| Untracked 
|  64|0x00000000e4000000, 0x00000000e4100000, 0x00000000e4100000|100%| O|  |TAMS 0x00000000e4000000, 0x00000000e4000000| Untracked 
|  65|0x00000000e4100000, 0x00000000e4200000, 0x00000000e4200000|100%| O|  |TAMS 0x00000000e4100000, 0x00000000e4100000| Untracked 
|  66|0x00000000e4200000, 0x00000000e4300000, 0x00000000e4300000|100%| O|  |TAMS 0x00000000e4200000, 0x00000000e4200000| Untracked 
|  67|0x00000000e4300000, 0x00000000e4400000, 0x00000000e4400000|100%| O|  |TAMS 0x00000000e4300000, 0x00000000e4300000| Untracked 
|  68|0x00000000e4400000, 0x00000000e4500000, 0x00000000e4500000|100%| O|  |TAMS 0x00000000e4400000, 0x00000000e4400000| Untracked 
|  69|0x00000000e4500000, 0x00000000e4600000, 0x00000000e4600000|100%| O|  |TAMS 0x00000000e4500000, 0x00000000e4500000| Untracked 
|  70|0x00000000e4600000, 0x00000000e4700000, 0x00000000e4700000|100%| O|  |TAMS 0x00000000e4600000, 0x00000000e4600000| Untracked 
|  71|0x00000000e4700000, 0x00000000e4800000, 0x00000000e4800000|100%| O|  |TAMS 0x00000000e4700000, 0x00000000e4700000| Untracked 
|  72|0x00000000e4800000, 0x00000000e4900000, 0x00000000e4900000|100%| O|  |TAMS 0x00000000e4800000, 0x00000000e4800000| Untracked 
|  73|0x00000000e4900000, 0x00000000e495ec00, 0x00000000e4a00000| 37%| O|  |TAMS 0x00000000e4900000, 0x00000000e4900000| Untracked 
|  74|0x00000000e4a00000, 0x00000000e4a00000, 0x00000000e4b00000|  0%| F|  |TAMS 0x00000000e4a00000, 0x00000000e4a00000| Untracked 
|  75|0x00000000e4b00000, 0x00000000e4b00000, 0x00000000e4c00000|  0%| F|  |TAMS 0x00000000e4b00000, 0x00000000e4b00000| Untracked 
|  76|0x00000000e4c00000, 0x00000000e4c00000, 0x00000000e4d00000|  0%| F|  |TAMS 0x00000000e4c00000, 0x00000000e4c00000| Untracked 
|  77|0x00000000e4d00000, 0x00000000e4d00000, 0x00000000e4e00000|  0%| F|  |TAMS 0x00000000e4d00000, 0x00000000e4d00000| Untracked 
|  78|0x00000000e4e00000, 0x00000000e4e00000, 0x00000000e4f00000|  0%| F|  |TAMS 0x00000000e4e00000, 0x00000000e4e00000| Untracked 
|  79|0x00000000e4f00000, 0x00000000e4f00000, 0x00000000e5000000|  0%| F|  |TAMS 0x00000000e4f00000, 0x00000000e4f00000| Untracked 
|  80|0x00000000e5000000, 0x00000000e5000000, 0x00000000e5100000|  0%| F|  |TAMS 0x00000000e5000000, 0x00000000e5000000| Untracked 
|  81|0x00000000e5100000, 0x00000000e5100000, 0x00000000e5200000|  0%| F|  |TAMS 0x00000000e5100000, 0x00000000e5100000| Untracked 
|  82|0x00000000e5200000, 0x00000000e5200000, 0x00000000e5300000|  0%| F|  |TAMS 0x00000000e5200000, 0x00000000e5200000| Untracked 
|  83|0x00000000e5300000, 0x00000000e5300000, 0x00000000e5400000|  0%| F|  |TAMS 0x00000000e5300000, 0x00000000e5300000| Untracked 
|  84|0x00000000e5400000, 0x00000000e5400000, 0x00000000e5500000|  0%| F|  |TAMS 0x00000000e5400000, 0x00000000e5400000| Untracked 
|  85|0x00000000e5500000, 0x00000000e5500000, 0x00000000e5600000|  0%| F|  |TAMS 0x00000000e5500000, 0x00000000e5500000| Untracked 
|  86|0x00000000e5600000, 0x00000000e5600000, 0x00000000e5700000|  0%| F|  |TAMS 0x00000000e5600000, 0x00000000e5600000| Untracked 
|  87|0x00000000e5700000, 0x00000000e5700000, 0x00000000e5800000|  0%| F|  |TAMS 0x00000000e5700000, 0x00000000e5700000| Untracked 
|  88|0x00000000e5800000, 0x00000000e5800000, 0x00000000e5900000|  0%| F|  |TAMS 0x00000000e5800000, 0x00000000e5800000| Untracked 
|  89|0x00000000e5900000, 0x00000000e5900000, 0x00000000e5a00000|  0%| F|  |TAMS 0x00000000e5900000, 0x00000000e5900000| Untracked 
|  90|0x00000000e5a00000, 0x00000000e5a00000, 0x00000000e5b00000|  0%| F|  |TAMS 0x00000000e5a00000, 0x00000000e5a00000| Untracked 
|  91|0x00000000e5b00000, 0x00000000e5b00000, 0x00000000e5c00000|  0%| F|  |TAMS 0x00000000e5b00000, 0x00000000e5b00000| Untracked 
|  92|0x00000000e5c00000, 0x00000000e5c00000, 0x00000000e5d00000|  0%| F|  |TAMS 0x00000000e5c00000, 0x00000000e5c00000| Untracked 
|  93|0x00000000e5d00000, 0x00000000e5d00000, 0x00000000e5e00000|  0%| F|  |TAMS 0x00000000e5d00000, 0x00000000e5d00000| Untracked 
|  94|0x00000000e5e00000, 0x00000000e5e00000, 0x00000000e5f00000|  0%| F|  |TAMS 0x00000000e5e00000, 0x00000000e5e00000| Untracked 
|  95|0x00000000e5f00000, 0x00000000e5f00000, 0x00000000e6000000|  0%| F|  |TAMS 0x00000000e5f00000, 0x00000000e5f00000| Untracked 
|  96|0x00000000e6000000, 0x00000000e6000000, 0x00000000e6100000|  0%| F|  |TAMS 0x00000000e6000000, 0x00000000e6000000| Untracked 
|  97|0x00000000e6100000, 0x00000000e6100000, 0x00000000e6200000|  0%| F|  |TAMS 0x00000000e6100000, 0x00000000e6100000| Untracked 
|  98|0x00000000e6200000, 0x00000000e6200000, 0x00000000e6300000|  0%| F|  |TAMS 0x00000000e6200000, 0x00000000e6200000| Untracked 
|  99|0x00000000e6300000, 0x00000000e6300000, 0x00000000e6400000|  0%| F|  |TAMS 0x00000000e6300000, 0x00000000e6300000| Untracked 
| 100|0x00000000e6400000, 0x00000000e6400000, 0x00000000e6500000|  0%| F|  |TAMS 0x00000000e6400000, 0x00000000e6400000| Untracked 
| 101|0x00000000e6500000, 0x00000000e6500000, 0x00000000e6600000|  0%| F|  |TAMS 0x00000000e6500000, 0x00000000e6500000| Untracked 
| 102|0x00000000e6600000, 0x00000000e6600000, 0x00000000e6700000|  0%| F|  |TAMS 0x00000000e6600000, 0x00000000e6600000| Untracked 
| 103|0x00000000e6700000, 0x00000000e6700000, 0x00000000e6800000|  0%| F|  |TAMS 0x00000000e6700000, 0x00000000e6700000| Untracked 
| 104|0x00000000e6800000, 0x00000000e6800000, 0x00000000e6900000|  0%| F|  |TAMS 0x00000000e6800000, 0x00000000e6800000| Untracked 
| 105|0x00000000e6900000, 0x00000000e6900000, 0x00000000e6a00000|  0%| F|  |TAMS 0x00000000e6900000, 0x00000000e6900000| Untracked 
| 106|0x00000000e6a00000, 0x00000000e6a00000, 0x00000000e6b00000|  0%| F|  |TAMS 0x00000000e6a00000, 0x00000000e6a00000| Untracked 
| 107|0x00000000e6b00000, 0x00000000e6b00000, 0x00000000e6c00000|  0%| F|  |TAMS 0x00000000e6b00000, 0x00000000e6b00000| Untracked 
| 108|0x00000000e6c00000, 0x00000000e6c00000, 0x00000000e6d00000|  0%| F|  |TAMS 0x00000000e6c00000, 0x00000000e6c00000| Untracked 
| 109|0x00000000e6d00000, 0x00000000e6d00000, 0x00000000e6e00000|  0%| F|  |TAMS 0x00000000e6d00000, 0x00000000e6d00000| Untracked 
| 110|0x00000000e6e00000, 0x00000000e6e00000, 0x00000000e6f00000|  0%| F|  |TAMS 0x00000000e6e00000, 0x00000000e6e00000| Untracked 
| 111|0x00000000e6f00000, 0x00000000e6fe7118, 0x00000000e7000000| 90%| S|CS|TAMS 0x00000000e6f00000, 0x00000000e6f00000| Complete 
| 112|0x00000000e7000000, 0x00000000e7100000, 0x00000000e7100000|100%| S|CS|TAMS 0x00000000e7000000, 0x00000000e7000000| Complete 
| 113|0x00000000e7100000, 0x00000000e7200000, 0x00000000e7200000|100%| S|CS|TAMS 0x00000000e7100000, 0x00000000e7100000| Complete 
| 114|0x00000000e7200000, 0x00000000e7300000, 0x00000000e7300000|100%| S|CS|TAMS 0x00000000e7200000, 0x00000000e7200000| Complete 
| 115|0x00000000e7300000, 0x00000000e7300000, 0x00000000e7400000|  0%| F|  |TAMS 0x00000000e7300000, 0x00000000e7300000| Untracked 
| 116|0x00000000e7400000, 0x00000000e7400000, 0x00000000e7500000|  0%| F|  |TAMS 0x00000000e7400000, 0x00000000e7400000| Untracked 
| 117|0x00000000e7500000, 0x00000000e7500000, 0x00000000e7600000|  0%| F|  |TAMS 0x00000000e7500000, 0x00000000e7500000| Untracked 
| 118|0x00000000e7600000, 0x00000000e7600000, 0x00000000e7700000|  0%| F|  |TAMS 0x00000000e7600000, 0x00000000e7600000| Untracked 
| 119|0x00000000e7700000, 0x00000000e7700000, 0x00000000e7800000|  0%| F|  |TAMS 0x00000000e7700000, 0x00000000e7700000| Untracked 
| 120|0x00000000e7800000, 0x00000000e7900000, 0x00000000e7900000|100%| S|CS|TAMS 0x00000000e7800000, 0x00000000e7800000| Complete 
| 121|0x00000000e7900000, 0x00000000e7a00000, 0x00000000e7a00000|100%| S|CS|TAMS 0x00000000e7900000, 0x00000000e7900000| Complete 
| 122|0x00000000e7a00000, 0x00000000e7a00000, 0x00000000e7b00000|  0%| F|  |TAMS 0x00000000e7a00000, 0x00000000e7a00000| Untracked 
| 123|0x00000000e7b00000, 0x00000000e7b00000, 0x00000000e7c00000|  0%| F|  |TAMS 0x00000000e7b00000, 0x00000000e7b00000| Untracked 
| 124|0x00000000e7c00000, 0x00000000e7c00000, 0x00000000e7d00000|  0%| F|  |TAMS 0x00000000e7c00000, 0x00000000e7c00000| Untracked 
| 125|0x00000000e7d00000, 0x00000000e7d00000, 0x00000000e7e00000|  0%| F|  |TAMS 0x00000000e7d00000, 0x00000000e7d00000| Untracked 
| 126|0x00000000e7e00000, 0x00000000e7f00000, 0x00000000e7f00000|100%| S|CS|TAMS 0x00000000e7e00000, 0x00000000e7e00000| Complete 
| 127|0x00000000e7f00000, 0x00000000e8000000, 0x00000000e8000000|100%| S|CS|TAMS 0x00000000e7f00000, 0x00000000e7f00000| Complete 
| 128|0x00000000e8000000, 0x00000000e8100000, 0x00000000e8100000|100%| S|CS|TAMS 0x00000000e8000000, 0x00000000e8000000| Complete 
| 129|0x00000000e8100000, 0x00000000e8100000, 0x00000000e8200000|  0%| F|  |TAMS 0x00000000e8100000, 0x00000000e8100000| Untracked 
| 130|0x00000000e8200000, 0x00000000e8200000, 0x00000000e8300000|  0%| F|  |TAMS 0x00000000e8200000, 0x00000000e8200000| Untracked 
| 131|0x00000000e8300000, 0x00000000e8300000, 0x00000000e8400000|  0%| F|  |TAMS 0x00000000e8300000, 0x00000000e8300000| Untracked 
| 132|0x00000000e8400000, 0x00000000e8400000, 0x00000000e8500000|  0%| F|  |TAMS 0x00000000e8400000, 0x00000000e8400000| Untracked 
| 133|0x00000000e8500000, 0x00000000e8500000, 0x00000000e8600000|  0%| F|  |TAMS 0x00000000e8500000, 0x00000000e8500000| Untracked 
| 134|0x00000000e8600000, 0x00000000e8600000, 0x00000000e8700000|  0%| F|  |TAMS 0x00000000e8600000, 0x00000000e8600000| Untracked 
| 135|0x00000000e8700000, 0x00000000e8700000, 0x00000000e8800000|  0%| F|  |TAMS 0x00000000e8700000, 0x00000000e8700000| Untracked 
| 136|0x00000000e8800000, 0x00000000e8800000, 0x00000000e8900000|  0%| F|  |TAMS 0x00000000e8800000, 0x00000000e8800000| Untracked 
| 137|0x00000000e8900000, 0x00000000e8900000, 0x00000000e8a00000|  0%| F|  |TAMS 0x00000000e8900000, 0x00000000e8900000| Untracked 
| 138|0x00000000e8a00000, 0x00000000e8a00000, 0x00000000e8b00000|  0%| F|  |TAMS 0x00000000e8a00000, 0x00000000e8a00000| Untracked 
| 139|0x00000000e8b00000, 0x00000000e8b00000, 0x00000000e8c00000|  0%| F|  |TAMS 0x00000000e8b00000, 0x00000000e8b00000| Untracked 
| 140|0x00000000e8c00000, 0x00000000e8c00000, 0x00000000e8d00000|  0%| F|  |TAMS 0x00000000e8c00000, 0x00000000e8c00000| Untracked 
| 141|0x00000000e8d00000, 0x00000000e8d00000, 0x00000000e8e00000|  0%| F|  |TAMS 0x00000000e8d00000, 0x00000000e8d00000| Untracked 
| 142|0x00000000e8e00000, 0x00000000e8e00000, 0x00000000e8f00000|  0%| F|  |TAMS 0x00000000e8e00000, 0x00000000e8e00000| Untracked 
| 143|0x00000000e8f00000, 0x00000000e8f00000, 0x00000000e9000000|  0%| F|  |TAMS 0x00000000e8f00000, 0x00000000e8f00000| Untracked 
| 144|0x00000000e9000000, 0x00000000e9000000, 0x00000000e9100000|  0%| F|  |TAMS 0x00000000e9000000, 0x00000000e9000000| Untracked 
| 145|0x00000000e9100000, 0x00000000e9100000, 0x00000000e9200000|  0%| F|  |TAMS 0x00000000e9100000, 0x00000000e9100000| Untracked 
| 146|0x00000000e9200000, 0x00000000e9200000, 0x00000000e9300000|  0%| F|  |TAMS 0x00000000e9200000, 0x00000000e9200000| Untracked 
| 147|0x00000000e9300000, 0x00000000e9300000, 0x00000000e9400000|  0%| F|  |TAMS 0x00000000e9300000, 0x00000000e9300000| Untracked 
| 148|0x00000000e9400000, 0x00000000e9400000, 0x00000000e9500000|  0%| F|  |TAMS 0x00000000e9400000, 0x00000000e9400000| Untracked 
| 149|0x00000000e9500000, 0x00000000e9500000, 0x00000000e9600000|  0%| F|  |TAMS 0x00000000e9500000, 0x00000000e9500000| Untracked 
| 150|0x00000000e9600000, 0x00000000e9600000, 0x00000000e9700000|  0%| F|  |TAMS 0x00000000e9600000, 0x00000000e9600000| Untracked 
| 151|0x00000000e9700000, 0x00000000e9700000, 0x00000000e9800000|  0%| F|  |TAMS 0x00000000e9700000, 0x00000000e9700000| Untracked 
| 152|0x00000000e9800000, 0x00000000e9800000, 0x00000000e9900000|  0%| F|  |TAMS 0x00000000e9800000, 0x00000000e9800000| Untracked 
| 153|0x00000000e9900000, 0x00000000e9900000, 0x00000000e9a00000|  0%| F|  |TAMS 0x00000000e9900000, 0x00000000e9900000| Untracked 
| 154|0x00000000e9a00000, 0x00000000e9a00000, 0x00000000e9b00000|  0%| F|  |TAMS 0x00000000e9a00000, 0x00000000e9a00000| Untracked 
| 155|0x00000000e9b00000, 0x00000000e9b00000, 0x00000000e9c00000|  0%| F|  |TAMS 0x00000000e9b00000, 0x00000000e9b00000| Untracked 
| 156|0x00000000e9c00000, 0x00000000e9c00000, 0x00000000e9d00000|  0%| F|  |TAMS 0x00000000e9c00000, 0x00000000e9c00000| Untracked 
| 157|0x00000000e9d00000, 0x00000000e9d00000, 0x00000000e9e00000|  0%| F|  |TAMS 0x00000000e9d00000, 0x00000000e9d00000| Untracked 
| 158|0x00000000e9e00000, 0x00000000e9e00000, 0x00000000e9f00000|  0%| F|  |TAMS 0x00000000e9e00000, 0x00000000e9e00000| Untracked 
| 159|0x00000000e9f00000, 0x00000000e9f00000, 0x00000000ea000000|  0%| F|  |TAMS 0x00000000e9f00000, 0x00000000e9f00000| Untracked 
| 160|0x00000000ea000000, 0x00000000ea000000, 0x00000000ea100000|  0%| F|  |TAMS 0x00000000ea000000, 0x00000000ea000000| Untracked 
| 161|0x00000000ea100000, 0x00000000ea100000, 0x00000000ea200000|  0%| F|  |TAMS 0x00000000ea100000, 0x00000000ea100000| Untracked 
| 162|0x00000000ea200000, 0x00000000ea200000, 0x00000000ea300000|  0%| F|  |TAMS 0x00000000ea200000, 0x00000000ea200000| Untracked 
| 163|0x00000000ea300000, 0x00000000ea300000, 0x00000000ea400000|  0%| F|  |TAMS 0x00000000ea300000, 0x00000000ea300000| Untracked 
| 164|0x00000000ea400000, 0x00000000ea400000, 0x00000000ea500000|  0%| F|  |TAMS 0x00000000ea400000, 0x00000000ea400000| Untracked 
| 165|0x00000000ea500000, 0x00000000ea500000, 0x00000000ea600000|  0%| F|  |TAMS 0x00000000ea500000, 0x00000000ea500000| Untracked 
| 166|0x00000000ea600000, 0x00000000ea600000, 0x00000000ea700000|  0%| F|  |TAMS 0x00000000ea600000, 0x00000000ea600000| Untracked 
| 167|0x00000000ea700000, 0x00000000ea700000, 0x00000000ea800000|  0%| F|  |TAMS 0x00000000ea700000, 0x00000000ea700000| Untracked 
| 168|0x00000000ea800000, 0x00000000ea800000, 0x00000000ea900000|  0%| F|  |TAMS 0x00000000ea800000, 0x00000000ea800000| Untracked 
| 169|0x00000000ea900000, 0x00000000ea900000, 0x00000000eaa00000|  0%| F|  |TAMS 0x00000000ea900000, 0x00000000ea900000| Untracked 
| 170|0x00000000eaa00000, 0x00000000eaa00000, 0x00000000eab00000|  0%| F|  |TAMS 0x00000000eaa00000, 0x00000000eaa00000| Untracked 
| 171|0x00000000eab00000, 0x00000000eab00000, 0x00000000eac00000|  0%| F|  |TAMS 0x00000000eab00000, 0x00000000eab00000| Untracked 
| 172|0x00000000eac00000, 0x00000000eac00000, 0x00000000ead00000|  0%| F|  |TAMS 0x00000000eac00000, 0x00000000eac00000| Untracked 
| 173|0x00000000ead00000, 0x00000000ead00000, 0x00000000eae00000|  0%| F|  |TAMS 0x00000000ead00000, 0x00000000ead00000| Untracked 
| 174|0x00000000eae00000, 0x00000000eae00000, 0x00000000eaf00000|  0%| F|  |TAMS 0x00000000eae00000, 0x00000000eae00000| Untracked 
| 175|0x00000000eaf00000, 0x00000000eaf00000, 0x00000000eb000000|  0%| F|  |TAMS 0x00000000eaf00000, 0x00000000eaf00000| Untracked 
| 176|0x00000000eb000000, 0x00000000eb000000, 0x00000000eb100000|  0%| F|  |TAMS 0x00000000eb000000, 0x00000000eb000000| Untracked 
| 177|0x00000000eb100000, 0x00000000eb100000, 0x00000000eb200000|  0%| F|  |TAMS 0x00000000eb100000, 0x00000000eb100000| Untracked 
| 178|0x00000000eb200000, 0x00000000eb200000, 0x00000000eb300000|  0%| F|  |TAMS 0x00000000eb200000, 0x00000000eb200000| Untracked 
| 179|0x00000000eb300000, 0x00000000eb300000, 0x00000000eb400000|  0%| F|  |TAMS 0x00000000eb300000, 0x00000000eb300000| Untracked 
| 180|0x00000000eb400000, 0x00000000eb400000, 0x00000000eb500000|  0%| F|  |TAMS 0x00000000eb400000, 0x00000000eb400000| Untracked 
| 181|0x00000000eb500000, 0x00000000eb500000, 0x00000000eb600000|  0%| F|  |TAMS 0x00000000eb500000, 0x00000000eb500000| Untracked 
| 182|0x00000000eb600000, 0x00000000eb600000, 0x00000000eb700000|  0%| F|  |TAMS 0x00000000eb600000, 0x00000000eb600000| Untracked 
| 183|0x00000000eb700000, 0x00000000eb700000, 0x00000000eb800000|  0%| F|  |TAMS 0x00000000eb700000, 0x00000000eb700000| Untracked 
| 184|0x00000000eb800000, 0x00000000eb800000, 0x00000000eb900000|  0%| F|  |TAMS 0x00000000eb800000, 0x00000000eb800000| Untracked 
| 185|0x00000000eb900000, 0x00000000eb900000, 0x00000000eba00000|  0%| F|  |TAMS 0x00000000eb900000, 0x00000000eb900000| Untracked 
| 186|0x00000000eba00000, 0x00000000eba00000, 0x00000000ebb00000|  0%| F|  |TAMS 0x00000000eba00000, 0x00000000eba00000| Untracked 
| 187|0x00000000ebb00000, 0x00000000ebb00000, 0x00000000ebc00000|  0%| F|  |TAMS 0x00000000ebb00000, 0x00000000ebb00000| Untracked 
| 188|0x00000000ebc00000, 0x00000000ebc00000, 0x00000000ebd00000|  0%| F|  |TAMS 0x00000000ebc00000, 0x00000000ebc00000| Untracked 
| 189|0x00000000ebd00000, 0x00000000ebd00000, 0x00000000ebe00000|  0%| F|  |TAMS 0x00000000ebd00000, 0x00000000ebd00000| Untracked 
| 190|0x00000000ebe00000, 0x00000000ebe00000, 0x00000000ebf00000|  0%| F|  |TAMS 0x00000000ebe00000, 0x00000000ebe00000| Untracked 
| 191|0x00000000ebf00000, 0x00000000ebf00000, 0x00000000ec000000|  0%| F|  |TAMS 0x00000000ebf00000, 0x00000000ebf00000| Untracked 
| 192|0x00000000ec000000, 0x00000000ec000000, 0x00000000ec100000|  0%| F|  |TAMS 0x00000000ec000000, 0x00000000ec000000| Untracked 
| 193|0x00000000ec100000, 0x00000000ec100000, 0x00000000ec200000|  0%| F|  |TAMS 0x00000000ec100000, 0x00000000ec100000| Untracked 
| 194|0x00000000ec200000, 0x00000000ec200000, 0x00000000ec300000|  0%| F|  |TAMS 0x00000000ec200000, 0x00000000ec200000| Untracked 
| 195|0x00000000ec300000, 0x00000000ec300000, 0x00000000ec400000|  0%| F|  |TAMS 0x00000000ec300000, 0x00000000ec300000| Untracked 
| 196|0x00000000ec400000, 0x00000000ec400000, 0x00000000ec500000|  0%| F|  |TAMS 0x00000000ec400000, 0x00000000ec400000| Untracked 
| 197|0x00000000ec500000, 0x00000000ec500000, 0x00000000ec600000|  0%| F|  |TAMS 0x00000000ec500000, 0x00000000ec500000| Untracked 
| 198|0x00000000ec600000, 0x00000000ec600000, 0x00000000ec700000|  0%| F|  |TAMS 0x00000000ec600000, 0x00000000ec600000| Untracked 
| 199|0x00000000ec700000, 0x00000000ec700000, 0x00000000ec800000|  0%| F|  |TAMS 0x00000000ec700000, 0x00000000ec700000| Untracked 
| 200|0x00000000ec800000, 0x00000000ec800000, 0x00000000ec900000|  0%| F|  |TAMS 0x00000000ec800000, 0x00000000ec800000| Untracked 
| 201|0x00000000ec900000, 0x00000000ec900000, 0x00000000eca00000|  0%| F|  |TAMS 0x00000000ec900000, 0x00000000ec900000| Untracked 
| 202|0x00000000eca00000, 0x00000000eca00000, 0x00000000ecb00000|  0%| F|  |TAMS 0x00000000eca00000, 0x00000000eca00000| Untracked 
| 203|0x00000000ecb00000, 0x00000000ecb00000, 0x00000000ecc00000|  0%| F|  |TAMS 0x00000000ecb00000, 0x00000000ecb00000| Untracked 
| 204|0x00000000ecc00000, 0x00000000ecc00000, 0x00000000ecd00000|  0%| F|  |TAMS 0x00000000ecc00000, 0x00000000ecc00000| Untracked 
| 205|0x00000000ecd00000, 0x00000000ecd00000, 0x00000000ece00000|  0%| F|  |TAMS 0x00000000ecd00000, 0x00000000ecd00000| Untracked 
| 206|0x00000000ece00000, 0x00000000ece00000, 0x00000000ecf00000|  0%| F|  |TAMS 0x00000000ece00000, 0x00000000ece00000| Untracked 
| 207|0x00000000ecf00000, 0x00000000ecf00000, 0x00000000ed000000|  0%| F|  |TAMS 0x00000000ecf00000, 0x00000000ecf00000| Untracked 
| 208|0x00000000ed000000, 0x00000000ed000000, 0x00000000ed100000|  0%| F|  |TAMS 0x00000000ed000000, 0x00000000ed000000| Untracked 
| 209|0x00000000ed100000, 0x00000000ed100000, 0x00000000ed200000|  0%| F|  |TAMS 0x00000000ed100000, 0x00000000ed100000| Untracked 
| 210|0x00000000ed200000, 0x00000000ed200000, 0x00000000ed300000|  0%| F|  |TAMS 0x00000000ed200000, 0x00000000ed200000| Untracked 
| 211|0x00000000ed300000, 0x00000000ed300000, 0x00000000ed400000|  0%| F|  |TAMS 0x00000000ed300000, 0x00000000ed300000| Untracked 
| 212|0x00000000ed400000, 0x00000000ed400000, 0x00000000ed500000|  0%| F|  |TAMS 0x00000000ed400000, 0x00000000ed400000| Untracked 
| 213|0x00000000ed500000, 0x00000000ed500000, 0x00000000ed600000|  0%| F|  |TAMS 0x00000000ed500000, 0x00000000ed500000| Untracked 
| 214|0x00000000ed600000, 0x00000000ed600000, 0x00000000ed700000|  0%| F|  |TAMS 0x00000000ed600000, 0x00000000ed600000| Untracked 
| 215|0x00000000ed700000, 0x00000000ed700000, 0x00000000ed800000|  0%| F|  |TAMS 0x00000000ed700000, 0x00000000ed700000| Untracked 
| 216|0x00000000ed800000, 0x00000000ed800000, 0x00000000ed900000|  0%| F|  |TAMS 0x00000000ed800000, 0x00000000ed800000| Untracked 
| 217|0x00000000ed900000, 0x00000000ed900000, 0x00000000eda00000|  0%| F|  |TAMS 0x00000000ed900000, 0x00000000ed900000| Untracked 
| 218|0x00000000eda00000, 0x00000000eda00000, 0x00000000edb00000|  0%| F|  |TAMS 0x00000000eda00000, 0x00000000eda00000| Untracked 
| 219|0x00000000edb00000, 0x00000000edb00000, 0x00000000edc00000|  0%| F|  |TAMS 0x00000000edb00000, 0x00000000edb00000| Untracked 
| 220|0x00000000edc00000, 0x00000000edc00000, 0x00000000edd00000|  0%| F|  |TAMS 0x00000000edc00000, 0x00000000edc00000| Untracked 
| 221|0x00000000edd00000, 0x00000000edd00000, 0x00000000ede00000|  0%| F|  |TAMS 0x00000000edd00000, 0x00000000edd00000| Untracked 
| 222|0x00000000ede00000, 0x00000000ede00000, 0x00000000edf00000|  0%| F|  |TAMS 0x00000000ede00000, 0x00000000ede00000| Untracked 
| 223|0x00000000edf00000, 0x00000000edf00000, 0x00000000ee000000|  0%| F|  |TAMS 0x00000000edf00000, 0x00000000edf00000| Untracked 
| 224|0x00000000ee000000, 0x00000000ee000000, 0x00000000ee100000|  0%| F|  |TAMS 0x00000000ee000000, 0x00000000ee000000| Untracked 
| 225|0x00000000ee100000, 0x00000000ee100000, 0x00000000ee200000|  0%| F|  |TAMS 0x00000000ee100000, 0x00000000ee100000| Untracked 
| 226|0x00000000ee200000, 0x00000000ee200000, 0x00000000ee300000|  0%| F|  |TAMS 0x00000000ee200000, 0x00000000ee200000| Untracked 
| 227|0x00000000ee300000, 0x00000000ee300000, 0x00000000ee400000|  0%| F|  |TAMS 0x00000000ee300000, 0x00000000ee300000| Untracked 
| 228|0x00000000ee400000, 0x00000000ee400000, 0x00000000ee500000|  0%| F|  |TAMS 0x00000000ee400000, 0x00000000ee400000| Untracked 
| 229|0x00000000ee500000, 0x00000000ee500000, 0x00000000ee600000|  0%| F|  |TAMS 0x00000000ee500000, 0x00000000ee500000| Untracked 
| 230|0x00000000ee600000, 0x00000000ee600000, 0x00000000ee700000|  0%| F|  |TAMS 0x00000000ee600000, 0x00000000ee600000| Untracked 
| 231|0x00000000ee700000, 0x00000000ee700000, 0x00000000ee800000|  0%| F|  |TAMS 0x00000000ee700000, 0x00000000ee700000| Untracked 
| 232|0x00000000ee800000, 0x00000000ee800000, 0x00000000ee900000|  0%| F|  |TAMS 0x00000000ee800000, 0x00000000ee800000| Untracked 
| 233|0x00000000ee900000, 0x00000000ee900000, 0x00000000eea00000|  0%| F|  |TAMS 0x00000000ee900000, 0x00000000ee900000| Untracked 
| 234|0x00000000eea00000, 0x00000000eea00000, 0x00000000eeb00000|  0%| F|  |TAMS 0x00000000eea00000, 0x00000000eea00000| Untracked 
| 235|0x00000000eeb00000, 0x00000000eeb00000, 0x00000000eec00000|  0%| F|  |TAMS 0x00000000eeb00000, 0x00000000eeb00000| Untracked 
| 236|0x00000000eec00000, 0x00000000eec00000, 0x00000000eed00000|  0%| F|  |TAMS 0x00000000eec00000, 0x00000000eec00000| Untracked 
| 237|0x00000000eed00000, 0x00000000eed00000, 0x00000000eee00000|  0%| F|  |TAMS 0x00000000eed00000, 0x00000000eed00000| Untracked 
| 238|0x00000000eee00000, 0x00000000eee00000, 0x00000000eef00000|  0%| F|  |TAMS 0x00000000eee00000, 0x00000000eee00000| Untracked 
| 239|0x00000000eef00000, 0x00000000eef00000, 0x00000000ef000000|  0%| F|  |TAMS 0x00000000eef00000, 0x00000000eef00000| Untracked 
| 240|0x00000000ef000000, 0x00000000ef000000, 0x00000000ef100000|  0%| F|  |TAMS 0x00000000ef000000, 0x00000000ef000000| Untracked 
| 241|0x00000000ef100000, 0x00000000ef100000, 0x00000000ef200000|  0%| F|  |TAMS 0x00000000ef100000, 0x00000000ef100000| Untracked 
| 242|0x00000000ef200000, 0x00000000ef200000, 0x00000000ef300000|  0%| F|  |TAMS 0x00000000ef200000, 0x00000000ef200000| Untracked 
| 243|0x00000000ef300000, 0x00000000ef300000, 0x00000000ef400000|  0%| F|  |TAMS 0x00000000ef300000, 0x00000000ef300000| Untracked 
| 244|0x00000000ef400000, 0x00000000ef400000, 0x00000000ef500000|  0%| F|  |TAMS 0x00000000ef400000, 0x00000000ef400000| Untracked 
| 245|0x00000000ef500000, 0x00000000ef500000, 0x00000000ef600000|  0%| F|  |TAMS 0x00000000ef500000, 0x00000000ef500000| Untracked 
| 246|0x00000000ef600000, 0x00000000ef600000, 0x00000000ef700000|  0%| F|  |TAMS 0x00000000ef600000, 0x00000000ef600000| Untracked 
| 247|0x00000000ef700000, 0x00000000ef700000, 0x00000000ef800000|  0%| F|  |TAMS 0x00000000ef700000, 0x00000000ef700000| Untracked 
| 248|0x00000000ef800000, 0x00000000ef893da0, 0x00000000ef900000| 57%| E|  |TAMS 0x00000000ef800000, 0x00000000ef800000| Complete 
| 249|0x00000000ef900000, 0x00000000efa00000, 0x00000000efa00000|100%| E|CS|TAMS 0x00000000ef900000, 0x00000000ef900000| Complete 
| 250|0x00000000efa00000, 0x00000000efb00000, 0x00000000efb00000|100%| E|CS|TAMS 0x00000000efa00000, 0x00000000efa00000| Complete 
| 251|0x00000000efb00000, 0x00000000efc00000, 0x00000000efc00000|100%| E|CS|TAMS 0x00000000efb00000, 0x00000000efb00000| Complete 
| 252|0x00000000efc00000, 0x00000000efd00000, 0x00000000efd00000|100%| E|CS|TAMS 0x00000000efc00000, 0x00000000efc00000| Complete 
| 253|0x00000000efd00000, 0x00000000efe00000, 0x00000000efe00000|100%| E|CS|TAMS 0x00000000efd00000, 0x00000000efd00000| Complete 
| 254|0x00000000efe00000, 0x00000000eff00000, 0x00000000eff00000|100%| E|CS|TAMS 0x00000000efe00000, 0x00000000efe00000| Complete 
| 255|0x00000000eff00000, 0x00000000f0000000, 0x00000000f0000000|100%| E|CS|TAMS 0x00000000eff00000, 0x00000000eff00000| Complete 

Card table byte_map: [0x00000214fa2e0000,0x00000214fa3e0000] _byte_map_base: 0x00000214f9be0000

Marking Bits (Prev, Next): (CMBitMap*) 0x00000214f18f63e0, (CMBitMap*) 0x00000214f18f63a0
 Prev Bits: [0x00000214face0000, 0x00000214fb4e0000)
 Next Bits: [0x00000214fa4e0000, 0x00000214face0000)

Polling page: 0x00000214f1990000

Metaspace:

Usage:
  Non-class:     76.01 MB used.
      Class:     11.63 MB used.
       Both:     87.64 MB used.

Virtual space:
  Non-class space:      128.00 MB reserved,      76.56 MB ( 60%) committed,  2 nodes.
      Class space:      320.00 MB reserved,      12.06 MB (  4%) committed,  1 nodes.
             Both:      448.00 MB reserved,      88.62 MB ( 20%) committed. 

Chunk freelists:
   Non-Class:  3.23 MB
       Class:  3.92 MB
        Both:  7.16 MB

MaxMetaspaceSize: 384.00 MB
CompressedClassSpaceSize: 320.00 MB
Initial GC threshold: 21.00 MB
Current GC threshold: 97.94 MB
CDS: on
MetaspaceReclaimPolicy: balanced
 - commit_granule_bytes: 65536.
 - commit_granule_words: 8192.
 - virtual_space_node_default_size: 8388608.
 - enlarge_chunks_in_place: 1.
 - new_chunks_are_fully_committed: 0.
 - uncommit_free_chunks: 1.
 - use_allocation_guard: 0.
 - handle_deallocations: 1.


Internal statistics:

num_allocs_failed_limit: 9.
num_arena_births: 1306.
num_arena_deaths: 0.
num_vsnodes_births: 3.
num_vsnodes_deaths: 0.
num_space_committed: 1418.
num_space_uncommitted: 0.
num_chunks_returned_to_freelist: 9.
num_chunks_taken_from_freelist: 5244.
num_chunk_merges: 6.
num_chunk_splits: 3206.
num_chunks_enlarged: 1863.
num_inconsistent_stats: 0.

CodeHeap 'non-profiled nmethods': size=119168Kb used=12849Kb max_used=12849Kb free=106318Kb
 bounds [0x0000021487ba0000, 0x0000021488830000, 0x000002148f000000]
CodeHeap 'profiled nmethods': size=119104Kb used=35246Kb max_used=35246Kb free=83857Kb
 bounds [0x0000021480000000, 0x0000021482270000, 0x0000021487450000]
CodeHeap 'non-nmethods': size=7488Kb used=4119Kb max_used=4199Kb free=3368Kb
 bounds [0x0000021487450000, 0x0000021487870000, 0x0000021487ba0000]
 total_blobs=18332 nmethods=17386 adapters=854
 compilation: enabled
              stopped_count=0, restarted_count=0
 full_count=0

Compilation events (20 events):
Event: 75.719 Thread 0x00000214fe4a1120 nmethod 20950 0x0000021488820f90 code [0x00000214888212a0, 0x0000021488824308]
Event: 75.719 Thread 0x00000214fe4a1120 20969       4       com.google.common.collect.ObjectArrays::checkElementsNotNull (23 bytes)
Event: 75.720 Thread 0x00000214ad60c8f0 20984       3       org.gradle.api.internal.artifacts.ivyservice.resolveengine.result.StreamingResolutionResultBuilder::getResolutionResult (67 bytes)
Event: 75.720 Thread 0x00000214ad6108b0 20985       3       org.gradle.api.internal.artifacts.ivyservice.ResolutionExecutor::getImplicitSelectionSpec (30 bytes)
Event: 75.720 Thread 0x00000214ad60d8e0 20986       3       org.gradle.api.internal.artifacts.ivyservice.DefaultLenientConfiguration::<init> (44 bytes)
Event: 75.720 Thread 0x00000214ad60d8e0 nmethod 20986 0x000002148225f110 code [0x000002148225f2c0, 0x000002148225f6b8]
Event: 75.721 Thread 0x00000214ad6108b0 nmethod 20985 0x000002148225f790 code [0x000002148225f960, 0x000002148225fe78]
Event: 75.721 Thread 0x00000214ad60c8f0 nmethod 20984 0x0000021482260110 code [0x0000021482260340, 0x0000021482260c88]
Event: 75.721 Thread 0x00000214fe4a1120 nmethod 20969 0x0000021488825a10 code [0x0000021488825b80, 0x0000021488825cd8]
Event: 75.721 Thread 0x00000214fe4a1120 20968       4       io.spring.gradle.dependencymanagement.org.codehaus.plexus.util.xml.pull.MXParser::nextTag (83 bytes)
Event: 75.723 Thread 0x00000214ad60c8f0 20987       1       io.spring.gradle.dependencymanagement.org.apache.maven.model.Parent::getVersion (5 bytes)
Event: 75.723 Thread 0x00000214ad60c8f0 nmethod 20987 0x0000021488825e10 code [0x0000021488825fa0, 0x0000021488826078]
Event: 75.727 Thread 0x00000214ad60d8e0 20989       3       org.gradle.api.internal.artifacts.ivyservice.resolveengine.oldresult.TransientConfigurationResultsBuilder$$Lambda$1100/0x0000021490857140::write (9 bytes)
Event: 75.727 Thread 0x00000214ad60c8f0 20990       3       org.gradle.api.internal.artifacts.ivyservice.resolveengine.oldresult.TransientConfigurationResultsBuilder::lambda$done$1 (18 bytes)
Event: 75.728 Thread 0x00000214ad60d8e0 nmethod 20989 0x0000021482261010 code [0x00000214822611c0, 0x00000214822614f8]
Event: 75.728 Thread 0x00000214ad60c8f0 nmethod 20990 0x0000021482261610 code [0x00000214822617c0, 0x0000021482261a78]
Event: 75.728 Thread 0x00000214ad60c8f0 20991       3       org.gradle.api.internal.artifacts.ivyservice.ResolutionExecutor$$Lambda$1102/0x0000021490854800::create (17 bytes)
Event: 75.728 Thread 0x00000214fe4a6b50 20992       3       org.gradle.api.internal.artifacts.ivyservice.ResolutionExecutor::lambda$resolveGraph$3 (47 bytes)
Event: 75.728 Thread 0x00000214ad6108b0 20993       3       org.gradle.api.internal.artifacts.transform.DefaultTransformUpstreamDependenciesResolver::<init> (116 bytes)
Event: 75.728 Thread 0x00000214ad60d8e0 20994       3       org.gradle.api.internal.artifacts.configurations.DefaultConfiguration$ConfigurationDescription::getDisplayName (28 bytes)

GC Heap History (20 events):
Event: 7.393 GC heap before
{Heap before GC invocations=8 (full 0):
 garbage-first heap   total 262144K, used 101491K [0x00000000e0000000, 0x0000000100000000)
  region size 1024K, 78 young (79872K), 18 survivors (18432K)
 Metaspace       used 59583K, committed 60096K, reserved 393216K
  class space    used 8188K, committed 8448K, reserved 327680K
}
Event: 7.403 GC heap after
{Heap after GC invocations=9 (full 0):
 garbage-first heap   total 262144K, used 45700K [0x00000000e0000000, 0x0000000100000000)
  region size 1024K, 13 young (13312K), 13 survivors (13312K)
 Metaspace       used 59583K, committed 60096K, reserved 393216K
  class space    used 8188K, committed 8448K, reserved 327680K
}
Event: 15.982 GC heap before
{Heap before GC invocations=10 (full 0):
 garbage-first heap   total 262144K, used 189060K [0x00000000e0000000, 0x0000000100000000)
  region size 1024K, 153 young (156672K), 13 survivors (13312K)
 Metaspace       used 63961K, committed 64512K, reserved 393216K
  class space    used 8729K, committed 8960K, reserved 327680K
}
Event: 15.996 GC heap after
{Heap after GC invocations=11 (full 0):
 garbage-first heap   total 262144K, used 54473K [0x00000000e0000000, 0x0000000100000000)
  region size 1024K, 14 young (14336K), 14 survivors (14336K)
 Metaspace       used 63961K, committed 64512K, reserved 393216K
  class space    used 8729K, committed 8960K, reserved 327680K
}
Event: 16.432 GC heap before
{Heap before GC invocations=11 (full 0):
 garbage-first heap   total 262144K, used 195785K [0x00000000e0000000, 0x0000000100000000)
  region size 1024K, 153 young (156672K), 14 survivors (14336K)
 Metaspace       used 65189K, committed 65792K, reserved 393216K
  class space    used 8818K, committed 9088K, reserved 327680K
}
Event: 16.439 GC heap after
{Heap after GC invocations=12 (full 0):
 garbage-first heap   total 262144K, used 57048K [0x00000000e0000000, 0x0000000100000000)
  region size 1024K, 12 young (12288K), 12 survivors (12288K)
 Metaspace       used 65189K, committed 65792K, reserved 393216K
  class space    used 8818K, committed 9088K, reserved 327680K
}
Event: 17.251 GC heap before
{Heap before GC invocations=12 (full 0):
 garbage-first heap   total 262144K, used 201432K [0x00000000e0000000, 0x0000000100000000)
  region size 1024K, 153 young (156672K), 12 survivors (12288K)
 Metaspace       used 69171K, committed 69824K, reserved 393216K
  class space    used 9468K, committed 9792K, reserved 327680K
}
Event: 17.256 GC heap after
{Heap after GC invocations=13 (full 0):
 garbage-first heap   total 262144K, used 58361K [0x00000000e0000000, 0x0000000100000000)
  region size 1024K, 13 young (13312K), 13 survivors (13312K)
 Metaspace       used 69171K, committed 69824K, reserved 393216K
  class space    used 9468K, committed 9792K, reserved 327680K
}
Event: 19.588 GC heap before
{Heap before GC invocations=13 (full 0):
 garbage-first heap   total 262144K, used 201721K [0x00000000e0000000, 0x0000000100000000)
  region size 1024K, 153 young (156672K), 13 survivors (13312K)
 Metaspace       used 73850K, committed 74496K, reserved 393216K
  class space    used 10004K, committed 10304K, reserved 327680K
}
Event: 19.595 GC heap after
{Heap after GC invocations=14 (full 0):
 garbage-first heap   total 262144K, used 64690K [0x00000000e0000000, 0x0000000100000000)
  region size 1024K, 12 young (12288K), 12 survivors (12288K)
 Metaspace       used 73850K, committed 74496K, reserved 393216K
  class space    used 10004K, committed 10304K, reserved 327680K
}
Event: 23.699 GC heap before
{Heap before GC invocations=14 (full 0):
 garbage-first heap   total 262144K, used 208050K [0x00000000e0000000, 0x0000000100000000)
  region size 1024K, 153 young (156672K), 12 survivors (12288K)
 Metaspace       used 76365K, committed 76992K, reserved 458752K
  class space    used 10226K, committed 10496K, reserved 327680K
}
Event: 23.707 GC heap after
{Heap after GC invocations=15 (full 0):
 garbage-first heap   total 262144K, used 71553K [0x00000000e0000000, 0x0000000100000000)
  region size 1024K, 17 young (17408K), 17 survivors (17408K)
 Metaspace       used 76365K, committed 76992K, reserved 458752K
  class space    used 10226K, committed 10496K, reserved 327680K
}
Event: 28.171 GC heap before
{Heap before GC invocations=15 (full 0):
 garbage-first heap   total 262144K, used 210817K [0x00000000e0000000, 0x0000000100000000)
  region size 1024K, 153 young (156672K), 17 survivors (17408K)
 Metaspace       used 81480K, committed 82240K, reserved 458752K
  class space    used 11050K, committed 11392K, reserved 327680K
}
Event: 28.181 GC heap after
{Heap after GC invocations=16 (full 0):
 garbage-first heap   total 262144K, used 76274K [0x00000000e0000000, 0x0000000100000000)
  region size 1024K, 12 young (12288K), 12 survivors (12288K)
 Metaspace       used 81480K, committed 82240K, reserved 458752K
  class space    used 11050K, committed 11392K, reserved 327680K
}
Event: 29.340 GC heap before
{Heap before GC invocations=16 (full 0):
 garbage-first heap   total 262144K, used 212466K [0x00000000e0000000, 0x0000000100000000)
  region size 1024K, 146 young (149504K), 12 survivors (12288K)
 Metaspace       used 84412K, committed 85184K, reserved 458752K
  class space    used 11307K, committed 11648K, reserved 327680K
}
Event: 29.349 GC heap after
{Heap after GC invocations=17 (full 0):
 garbage-first heap   total 262144K, used 82153K [0x00000000e0000000, 0x0000000100000000)
  region size 1024K, 13 young (13312K), 13 survivors (13312K)
 Metaspace       used 84412K, committed 85184K, reserved 458752K
  class space    used 11307K, committed 11648K, reserved 327680K
}
Event: 30.365 GC heap before
{Heap before GC invocations=17 (full 0):
 garbage-first heap   total 262144K, used 214249K [0x00000000e0000000, 0x0000000100000000)
  region size 1024K, 143 young (146432K), 13 survivors (13312K)
 Metaspace       used 85740K, committed 86592K, reserved 458752K
  class space    used 11412K, committed 11776K, reserved 327680K
}
Event: 30.373 GC heap after
{Heap after GC invocations=18 (full 0):
 garbage-first heap   total 262144K, used 84027K [0x00000000e0000000, 0x0000000100000000)
  region size 1024K, 9 young (9216K), 9 survivors (9216K)
 Metaspace       used 85740K, committed 86592K, reserved 458752K
  class space    used 11412K, committed 11776K, reserved 327680K
}
Event: 75.647 GC heap before
{Heap before GC invocations=18 (full 0):
 garbage-first heap   total 262144K, used 213051K [0x00000000e0000000, 0x0000000100000000)
  region size 1024K, 136 young (139264K), 9 survivors (9216K)
 Metaspace       used 89629K, committed 90560K, reserved 458752K
  class space    used 11898K, committed 12288K, reserved 327680K
}
Event: 75.654 GC heap after
{Heap after GC invocations=19 (full 0):
 garbage-first heap   total 262144K, used 84247K [0x00000000e0000000, 0x0000000100000000)
  region size 1024K, 9 young (9216K), 9 survivors (9216K)
 Metaspace       used 89629K, committed 90560K, reserved 458752K
  class space    used 11898K, committed 12288K, reserved 327680K
}

Deoptimization events (20 events):
Event: 75.560 Thread 0x00000214ace628f0 DEOPT PACKING pc=0x00000214881b7df4 sp=0x000000dac92feee0
Event: 75.560 Thread 0x00000214ace628f0 DEOPT UNPACKING pc=0x00000214874a5ba3 sp=0x000000dac92fede0 mode 2
Event: 75.560 Thread 0x00000214ace628f0 Uncommon trap: trap_request=0xffffff45 fr.pc=0x00000214883f7b44 relative=0x0000000000000704
Event: 75.560 Thread 0x00000214ace628f0 Uncommon trap: reason=unstable_if action=reinterpret pc=0x00000214883f7b44 method=sun.nio.ch.SocketChannelImpl.write(Ljava/nio/ByteBuffer;)I @ 90 c2
Event: 75.560 Thread 0x00000214ace628f0 DEOPT PACKING pc=0x00000214883f7b44 sp=0x000000dac92fefb0
Event: 75.560 Thread 0x00000214ace628f0 DEOPT UNPACKING pc=0x00000214874a5ba3 sp=0x000000dac92fedd0 mode 2
Event: 75.561 Thread 0x00000214ace628f0 Uncommon trap: trap_request=0xffffff45 fr.pc=0x00000214881b09ec relative=0x000000000000018c
Event: 75.561 Thread 0x00000214ace628f0 Uncommon trap: reason=unstable_if action=reinterpret pc=0x00000214881b09ec method=sun.nio.ch.IOUtil.writeFromNativeBuffer(Ljava/io/FileDescriptor;Ljava/nio/ByteBuffer;JZZILsun/nio/ch/NativeDispatcher;)I @ 157 c2
Event: 75.561 Thread 0x00000214ace628f0 DEOPT PACKING pc=0x00000214881b09ec sp=0x000000dac92fec30
Event: 75.561 Thread 0x00000214ace628f0 DEOPT UNPACKING pc=0x00000214874a5ba3 sp=0x000000dac92febc0 mode 2
Event: 75.567 Thread 0x00000214ace628f0 Uncommon trap: trap_request=0xffffff45 fr.pc=0x00000214883eaea8 relative=0x0000000000000608
Event: 75.567 Thread 0x00000214ace628f0 Uncommon trap: reason=unstable_if action=reinterpret pc=0x00000214883eaea8 method=sun.nio.ch.SocketChannelImpl.write(Ljava/nio/ByteBuffer;)I @ 90 c2
Event: 75.568 Thread 0x00000214ace628f0 DEOPT PACKING pc=0x00000214883eaea8 sp=0x000000dac92fef40
Event: 75.568 Thread 0x00000214ace628f0 DEOPT UNPACKING pc=0x00000214874a5ba3 sp=0x000000dac92fedc0 mode 2
Event: 75.573 Thread 0x00000214ace628f0 Uncommon trap: trap_request=0xffffff45 fr.pc=0x00000214883efbec relative=0x000000000000046c
Event: 75.573 Thread 0x00000214ace628f0 Uncommon trap: reason=unstable_if action=reinterpret pc=0x00000214883efbec method=sun.nio.ch.SocketChannelImpl.write(Ljava/nio/ByteBuffer;)I @ 90 c2
Event: 75.573 Thread 0x00000214ace628f0 DEOPT PACKING pc=0x00000214883efbec sp=0x000000dac92fee70
Event: 75.573 Thread 0x00000214ace628f0 DEOPT UNPACKING pc=0x00000214874a5ba3 sp=0x000000dac92feda0 mode 2
Event: 75.597 Thread 0x00000214a811cd50 DEOPT PACKING pc=0x00000214807dd9db sp=0x000000daca0f6fc0
Event: 75.597 Thread 0x00000214a811cd50 DEOPT UNPACKING pc=0x00000214874a66e3 sp=0x000000daca0f64a0 mode 0

Classes unloaded (0 events):
No events

Classes redefined (0 events):
No events

Internal exceptions (20 events):
Event: 30.931 Thread 0x00000214a811cd50 Exception <a 'java/lang/ClassNotFoundException'{0x00000000ec4be550}: java/util/ArrayListCustomizer> (0x00000000ec4be550) 
thrown [s\open\src\hotspot\share\classfile\systemDictionary.cpp, line 256]
Event: 31.275 Thread 0x00000214a811cd50 Exception <a 'sun/nio/fs/WindowsException'{0x00000000e9bd4338}> (0x00000000e9bd4338) 
thrown [s\open\src\hotspot\share\prims\jni.cpp, line 516]
Event: 31.275 Thread 0x00000214a811cd50 Exception <a 'sun/nio/fs/WindowsException'{0x00000000e9bd4630}> (0x00000000e9bd4630) 
thrown [s\open\src\hotspot\share\prims\jni.cpp, line 516]
Event: 75.336 Thread 0x00000214a811cd50 Exception <a 'java/lang/NoSuchMethodError'{0x00000000e8f5ed20}: static Lorg/gradle/tooling/internal/consumer/connection/InternalPhasedActionAdapter;.<clinit>()V> (0x00000000e8f5ed20) 
thrown [s\open\src\hotspot\share\prims\jni.cpp, line 1112]
Event: 75.340 Thread 0x00000214a811cd50 Exception <a 'java/lang/NoSuchMethodError'{0x00000000e8f862b8}: static Lorg/gradle/tooling/internal/consumer/connection/InternalBuildActionAdapter;.<clinit>()V> (0x00000000e8f862b8) 
thrown [s\open\src\hotspot\share\prims\jni.cpp, line 1112]
Event: 75.361 Thread 0x00000214a811cd50 Exception <a 'java/lang/NoSuchMethodError'{0x00000000e8eddb40}: static Lorg/gradle/tooling/internal/consumer/versioning/VersionDetails;.<clinit>()V> (0x00000000e8eddb40) 
thrown [s\open\src\hotspot\share\prims\jni.cpp, line 1112]
Event: 75.361 Thread 0x00000214a811cd50 Exception <a 'java/lang/NoSuchMethodError'{0x00000000e8ee0500}: static Lorg/gradle/tooling/internal/consumer/versioning/VersionDetails$R26VersionDetails;.<clinit>()V> (0x00000000e8ee0500) 
thrown [s\open\src\hotspot\share\prims\jni.cpp, line 1112]
Event: 75.361 Thread 0x00000214a811cd50 Exception <a 'java/lang/NoSuchMethodError'{0x00000000e8ee1a78}: static Lorg/gradle/tooling/internal/consumer/versioning/VersionDetails$R28VersionDetails;.<clinit>()V> (0x00000000e8ee1a78) 
thrown [s\open\src\hotspot\share\prims\jni.cpp, line 1112]
Event: 75.361 Thread 0x00000214a811cd50 Exception <a 'java/lang/NoSuchMethodError'{0x00000000e8ee2f80}: static Lorg/gradle/tooling/internal/consumer/versioning/VersionDetails$R35VersionDetails;.<clinit>()V> (0x00000000e8ee2f80) 
thrown [s\open\src\hotspot\share\prims\jni.cpp, line 1112]
Event: 75.361 Thread 0x00000214a811cd50 Exception <a 'java/lang/NoSuchMethodError'{0x00000000e8ee4650}: static Lorg/gradle/tooling/internal/consumer/versioning/VersionDetails$R44VersionDetails;.<clinit>()V> (0x00000000e8ee4650) 
thrown [s\open\src\hotspot\share\prims\jni.cpp, line 1112]
Event: 75.361 Thread 0x00000214a811cd50 Exception <a 'java/lang/NoSuchMethodError'{0x00000000e8ee5c58}: static Lorg/gradle/tooling/internal/consumer/versioning/VersionDetails$R48VersionDetails;.<clinit>()V> (0x00000000e8ee5c58) 
thrown [s\open\src\hotspot\share\prims\jni.cpp, line 1112]
Event: 75.361 Thread 0x00000214a811cd50 Exception <a 'java/lang/NoSuchMethodError'{0x00000000e8ee6e58}: static Lorg/gradle/tooling/internal/consumer/versioning/VersionDetails$R51VersionDetails;.<clinit>()V> (0x00000000e8ee6e58) 
thrown [s\open\src\hotspot\share\prims\jni.cpp, line 1112]
Event: 75.362 Thread 0x00000214a811cd50 Exception <a 'java/lang/NoSuchMethodError'{0x00000000e8ef8cd0}: static [Lorg/gradle/tooling/BuildAction;.<clinit>()V> (0x00000000e8ef8cd0) 
thrown [s\open\src\hotspot\share\prims\jni.cpp, line 1112]
Event: 75.363 Thread 0x00000214a811cd50 Exception <a 'java/lang/NoSuchMethodError'{0x00000000e8d09880}: static Lorg/eclipse/buildship/core/internal/workspace/TellGradleToRunSynchronizationTasks;.<clinit>()V> (0x00000000e8d09880) 
thrown [s\open\src\hotspot\share\prims\jni.cpp, line 1112]
Event: 75.404 Thread 0x00000214a811cd50 Exception <a 'sun/nio/fs/WindowsException'{0x00000000e8c5d8d0}> (0x00000000e8c5d8d0) 
thrown [s\open\src\hotspot\share\prims\jni.cpp, line 516]
Event: 75.404 Thread 0x00000214a811cd50 Exception <a 'sun/nio/fs/WindowsException'{0x00000000e8c5f0f0}> (0x00000000e8c5f0f0) 
thrown [s\open\src\hotspot\share\prims\jni.cpp, line 516]
Event: 75.405 Thread 0x00000214a811cd50 Exception <a 'sun/nio/fs/WindowsException'{0x00000000e8c60910}> (0x00000000e8c60910) 
thrown [s\open\src\hotspot\share\prims\jni.cpp, line 516]
Event: 75.405 Thread 0x00000214a811cd50 Exception <a 'sun/nio/fs/WindowsException'{0x00000000e8c62210}> (0x00000000e8c62210) 
thrown [s\open\src\hotspot\share\prims\jni.cpp, line 516]
Event: 75.581 Thread 0x00000214a811cd50 Exception <a 'java/lang/NoClassDefFoundError'{0x00000000e83408a0}: org/jetbrains/kotlin/gradle/plugin/KotlinPluginWrapper> (0x00000000e83408a0) 
thrown [s\open\src\hotspot\share\oops\constantPool.cpp, line 837]
Event: 75.581 Thread 0x00000214a811cd50 Exception <a 'java/lang/NoClassDefFoundError'{0x00000000e8343408}: org/cyclonedx/gradle/CycloneDxPlugin> (0x00000000e8343408) 
thrown [s\open\src\hotspot\share\oops\constantPool.cpp, line 837]

VM Operations (20 events):
Event: 31.111 Executing VM operation: ICBufferFull done
Event: 31.269 Executing VM operation: HandshakeAllThreads
Event: 31.270 Executing VM operation: HandshakeAllThreads done
Event: 32.270 Executing VM operation: Cleanup
Event: 32.270 Executing VM operation: Cleanup done
Event: 33.270 Executing VM operation: Cleanup
Event: 33.271 Executing VM operation: Cleanup done
Event: 42.275 Executing VM operation: Cleanup
Event: 42.275 Executing VM operation: Cleanup done
Event: 52.280 Executing VM operation: Cleanup
Event: 52.280 Executing VM operation: Cleanup done
Event: 57.283 Executing VM operation: Cleanup
Event: 57.284 Executing VM operation: Cleanup done
Event: 60.258 Executing VM operation: HandshakeAllThreads
Event: 60.258 Executing VM operation: HandshakeAllThreads done
Event: 62.260 Executing VM operation: Cleanup
Event: 62.260 Executing VM operation: Cleanup done
Event: 75.647 Executing VM operation: G1CollectForAllocation
Event: 75.654 Executing VM operation: G1CollectForAllocation done
Event: 76.655 Executing VM operation: Cleanup

Events (20 events):
Event: 75.533 Thread 0x00000214aa2b5c40 Thread added: 0x00000214aa2b5c40
Event: 75.533 Thread 0x00000214aa2bad40 Thread added: 0x00000214aa2bad40
Event: 75.548 Thread 0x00000214aa2b8ee0 Thread added: 0x00000214aa2b8ee0
Event: 75.549 Thread 0x00000214aa2b9e10 Thread added: 0x00000214aa2b9e10
Event: 75.549 Thread 0x00000214aa2ba320 Thread added: 0x00000214aa2ba320
Event: 75.549 Thread 0x00000214aa2b93f0 Thread added: 0x00000214aa2b93f0
Event: 75.550 Thread 0x00000214aa2b7590 Thread added: 0x00000214aa2b7590
Event: 75.550 Thread 0x00000214aa2b9900 Thread added: 0x00000214aa2b9900
Event: 75.550 Thread 0x00000214aa2ba830 Thread added: 0x00000214aa2ba830
Event: 75.550 Thread 0x00000214aa2bb250 Thread added: 0x00000214aa2bb250
Event: 75.551 Thread 0x00000214aa2b7aa0 Thread added: 0x00000214aa2b7aa0
Event: 75.551 Thread 0x00000214aa2b7fb0 Thread added: 0x00000214aa2b7fb0
Event: 75.551 Thread 0x00000214aa2bd0b0 Thread added: 0x00000214aa2bd0b0
Event: 75.551 Thread 0x00000214aa2bf420 Thread added: 0x00000214aa2bf420
Event: 75.552 Thread 0x00000214aa2bef10 Thread added: 0x00000214aa2bef10
Event: 75.552 Thread 0x00000214aa2bbc70 Thread added: 0x00000214aa2bbc70
Event: 75.552 Thread 0x00000214aa2bd5c0 Thread added: 0x00000214aa2bd5c0
Event: 75.711 Thread 0x00000214aa2bcba0 Thread added: 0x00000214aa2bcba0
Event: 75.721 Thread 0x00000214aa2bf930 Thread added: 0x00000214aa2bf930
Event: 76.724 Thread 0x00000214aa2bfe40 Thread added: 0x00000214aa2bfe40


Dynamic libraries:
0x00007ff7d7070000 - 0x00007ff7d7080000 	C:\Program Files\Java\jdk-17\bin\java.exe
0x00007ffa075e0000 - 0x00007ffa07846000 	C:\WINDOWS\SYSTEM32\ntdll.dll
0x00007ffa060b0000 - 0x00007ffa06179000 	C:\WINDOWS\System32\KERNEL32.DLL
0x00007ffa04ad0000 - 0x00007ffa04e9c000 	C:\WINDOWS\System32\KERNELBASE.dll
0x00007ffa05220000 - 0x00007ffa0536b000 	C:\WINDOWS\System32\ucrtbase.dll
0x00007ff9f3630000 - 0x00007ff9f3649000 	C:\Program Files\Java\jdk-17\bin\jli.dll
0x00007ff9f3610000 - 0x00007ff9f362b000 	C:\Program Files\Java\jdk-17\bin\VCRUNTIME140.dll
0x00007ffa058e0000 - 0x00007ffa05992000 	C:\WINDOWS\System32\ADVAPI32.dll
0x00007ffa055c0000 - 0x00007ffa05669000 	C:\WINDOWS\System32\msvcrt.dll
0x00007ffa07140000 - 0x00007ffa071e6000 	C:\WINDOWS\System32\sechost.dll
0x00007ffa06410000 - 0x00007ffa06526000 	C:\WINDOWS\System32\RPCRT4.dll
0x00007ffa05ee0000 - 0x00007ffa060aa000 	C:\WINDOWS\System32\USER32.dll
0x00007ffa05370000 - 0x00007ffa05397000 	C:\WINDOWS\System32\win32u.dll
0x00007ff9ec2b0000 - 0x00007ff9ec54a000 	C:\WINDOWS\WinSxS\amd64_microsoft.windows.common-controls_6595b64144ccf1df_6.0.26100.3912_none_3e07963ce335137e\COMCTL32.dll
0x00007ffa05e20000 - 0x00007ffa05e4b000 	C:\WINDOWS\System32\GDI32.dll
0x00007ffa04ea0000 - 0x00007ffa04fd2000 	C:\WINDOWS\System32\gdi32full.dll
0x00007ffa04800000 - 0x00007ffa048a3000 	C:\WINDOWS\System32\msvcp_win.dll
0x00007ff9f1bf0000 - 0x00007ff9f1bfb000 	C:\WINDOWS\SYSTEM32\VERSION.dll
0x00007ffa059a0000 - 0x00007ffa059d0000 	C:\WINDOWS\System32\IMM32.DLL
0x00007ff9f3600000 - 0x00007ff9f360c000 	C:\Program Files\Java\jdk-17\bin\vcruntime140_1.dll
0x00007ff9df350000 - 0x00007ff9df3de000 	C:\Program Files\Java\jdk-17\bin\msvcp140.dll
0x00007ff97f2d0000 - 0x00007ff97feb0000 	C:\Program Files\Java\jdk-17\bin\server\jvm.dll
0x00007ffa07570000 - 0x00007ffa07578000 	C:\WINDOWS\System32\PSAPI.DLL
0x00007ff9e10f0000 - 0x00007ff9e10fa000 	C:\WINDOWS\SYSTEM32\WSOCK32.dll
0x00007ff9ef3a0000 - 0x00007ff9ef3d6000 	C:\WINDOWS\SYSTEM32\WINMM.dll
0x00007ffa06280000 - 0x00007ffa062f4000 	C:\WINDOWS\System32\WS2_32.dll
0x00007ffa03650000 - 0x00007ffa0366a000 	C:\WINDOWS\SYSTEM32\kernel.appcore.dll
0x00007ff9ef030000 - 0x00007ff9ef03a000 	C:\Program Files\Java\jdk-17\bin\jimage.dll
0x00007ffa01ee0000 - 0x00007ffa02121000 	C:\WINDOWS\SYSTEM32\DBGHELP.DLL
0x00007ffa05a90000 - 0x00007ffa05e14000 	C:\WINDOWS\System32\combase.dll
0x00007ffa056e0000 - 0x00007ffa057c0000 	C:\WINDOWS\System32\OLEAUT32.dll
0x00007ff9dcd00000 - 0x00007ff9dcd39000 	C:\WINDOWS\SYSTEM32\dbgcore.DLL
0x00007ffa04a30000 - 0x00007ffa04ac9000 	C:\WINDOWS\System32\bcryptPrimitives.dll
0x00007ff9ef020000 - 0x00007ff9ef02e000 	C:\Program Files\Java\jdk-17\bin\instrument.dll
0x00007ff9eeff0000 - 0x00007ff9ef015000 	C:\Program Files\Java\jdk-17\bin\java.dll
0x00007ff99a440000 - 0x00007ff99a517000 	C:\Program Files\Java\jdk-17\bin\jsvml.dll
0x00007ffa06580000 - 0x00007ffa06cad000 	C:\WINDOWS\System32\SHELL32.dll
0x00007ffa04fe0000 - 0x00007ffa05154000 	C:\WINDOWS\System32\wintypes.dll
0x00007ffa023c0000 - 0x00007ffa02c16000 	C:\WINDOWS\SYSTEM32\windows.storage.dll
0x00007ffa057e0000 - 0x00007ffa058cf000 	C:\WINDOWS\System32\SHCORE.dll
0x00007ffa05670000 - 0x00007ffa056d9000 	C:\WINDOWS\System32\shlwapi.dll
0x00007ffa04680000 - 0x00007ffa046af000 	C:\WINDOWS\SYSTEM32\profapi.dll
0x00007ff9eee00000 - 0x00007ff9eee18000 	C:\Program Files\Java\jdk-17\bin\zip.dll
0x00007ff9eec20000 - 0x00007ff9eec39000 	C:\Program Files\Java\jdk-17\bin\net.dll
0x00007ff9f4220000 - 0x00007ff9f433e000 	C:\WINDOWS\SYSTEM32\WINHTTP.dll
0x00007ffa03bc0000 - 0x00007ffa03c2a000 	C:\WINDOWS\system32\mswsock.dll
0x00007ff9ee480000 - 0x00007ff9ee496000 	C:\Program Files\Java\jdk-17\bin\nio.dll
0x00007ff9eefe0000 - 0x00007ff9eeff0000 	C:\Program Files\Java\jdk-17\bin\verify.dll
0x00007ff999560000 - 0x00007ff999587000 	C:\Users\congh\.gradle\native\1def1411415f61bf3af743bc5b6707747c0891f09f0c88961ee8f79bc544acac\windows-amd64\native-platform.dll
0x00007ff98d8b0000 - 0x00007ff98d928000 	C:\Users\congh\.gradle\native\0.2.7\x86_64-windows-gnu\gradle-fileevents.dll
0x00007ff9eec10000 - 0x00007ff9eec1a000 	C:\Program Files\Java\jdk-17\bin\management.dll
0x00007ff9edd90000 - 0x00007ff9edd9b000 	C:\Program Files\Java\jdk-17\bin\management_ext.dll
0x00007ffa02fb0000 - 0x00007ffa02fe3000 	C:\WINDOWS\SYSTEM32\IPHLPAPI.DLL
0x00007ffa053a0000 - 0x00007ffa053aa000 	C:\WINDOWS\System32\NSI.dll
0x00007ff9f7ea0000 - 0x00007ff9f7ebf000 	C:\WINDOWS\SYSTEM32\dhcpcsvc6.DLL
0x00007ff9f41f0000 - 0x00007ff9f4215000 	C:\WINDOWS\SYSTEM32\dhcpcsvc.DLL
0x00007ffa03040000 - 0x00007ffa03167000 	C:\WINDOWS\SYSTEM32\DNSAPI.dll
0x00007ffa03e70000 - 0x00007ffa03e8c000 	C:\WINDOWS\SYSTEM32\CRYPTSP.dll
0x00007ffa03590000 - 0x00007ffa035ca000 	C:\WINDOWS\system32\rsaenh.dll
0x00007ffa03c60000 - 0x00007ffa03c8b000 	C:\WINDOWS\SYSTEM32\USERENV.dll
0x00007ffa04650000 - 0x00007ffa04676000 	C:\WINDOWS\SYSTEM32\bcrypt.dll
0x00007ffa03e60000 - 0x00007ffa03e6c000 	C:\WINDOWS\SYSTEM32\CRYPTBASE.dll
0x00007ff9edd80000 - 0x00007ff9edd8e000 	C:\Program Files\Java\jdk-17\bin\sunmscapi.dll
0x00007ffa048b0000 - 0x00007ffa04a27000 	C:\WINDOWS\System32\CRYPT32.dll
0x00007ffa04070000 - 0x00007ffa040a0000 	C:\WINDOWS\SYSTEM32\ncrypt.dll
0x00007ffa04020000 - 0x00007ffa0405f000 	C:\WINDOWS\SYSTEM32\NTASN1.dll
0x00007ff9fc990000 - 0x00007ff9fc998000 	C:\WINDOWS\system32\wshunix.dll
0x00007ff9f7e90000 - 0x00007ff9f7e9b000 	C:\Windows\System32\rasadhlp.dll
0x00007ff9f38e0000 - 0x00007ff9f3966000 	C:\WINDOWS\System32\fwpuclnt.dll

dbghelp: loaded successfully - version: 4.0.5 - missing functions: none
symbol engine: initialized successfully - sym options: 0x614 - pdb path: .;C:\Program Files\Java\jdk-17\bin;C:\WINDOWS\SYSTEM32;C:\WINDOWS\WinSxS\amd64_microsoft.windows.common-controls_6595b64144ccf1df_6.0.26100.3912_none_3e07963ce335137e;C:\Program Files\Java\jdk-17\bin\server;C:\Users\congh\.gradle\native\1def1411415f61bf3af743bc5b6707747c0891f09f0c88961ee8f79bc544acac\windows-amd64;C:\Users\congh\.gradle\native\0.2.7\x86_64-windows-gnu

VM Arguments:
jvm_args: --add-opens=java.base/java.lang=ALL-UNNAMED --add-opens=java.base/java.lang.invoke=ALL-UNNAMED --add-opens=java.base/java.util=ALL-UNNAMED --add-opens=java.prefs/java.util.prefs=ALL-UNNAMED --add-exports=jdk.compiler/com.sun.tools.javac.api=ALL-UNNAMED --add-exports=jdk.compiler/com.sun.tools.javac.util=ALL-UNNAMED --add-opens=java.base/java.util=ALL-UNNAMED --add-opens=java.prefs/java.util.prefs=ALL-UNNAMED --add-opens=java.base/java.nio.charset=ALL-UNNAMED --add-opens=java.base/java.net=ALL-UNNAMED --add-opens=java.base/java.util.concurrent.atomic=ALL-UNNAMED --add-opens=java.xml/javax.xml.namespace=ALL-UNNAMED -XX:MaxMetaspaceSize=384m -XX:+HeapDumpOnOutOfMemoryError -Xms256m -Xmx512m -Dfile.encoding=UTF-8 -Duser.country=US -Duser.language=en -Duser.variant -javaagent:C:\Users\congh\.gradle\wrapper\dists\gradle-8.13-bin\5xuhj0ry160q40clulazy9h7d\gradle-8.13\lib\agents\gradle-instrumentation-agent-8.13.jar 
java_command: org.gradle.launcher.daemon.bootstrap.GradleDaemon 8.13
java_class_path (initial): C:\Users\congh\.gradle\wrapper\dists\gradle-8.13-bin\5xuhj0ry160q40clulazy9h7d\gradle-8.13\lib\gradle-daemon-main-8.13.jar
Launcher Type: SUN_STANDARD

[Global flags]
     intx CICompilerCount                          = 12                                        {product} {ergonomic}
   size_t CompressedClassSpaceSize                 = 335544320                                 {product} {ergonomic}
     uint ConcGCThreads                            = 3                                         {product} {ergonomic}
     uint G1ConcRefinementThreads                  = 13                                        {product} {ergonomic}
   size_t G1HeapRegionSize                         = 1048576                                   {product} {ergonomic}
    uintx GCDrainStackTargetSize                   = 64                                        {product} {ergonomic}
     bool HeapDumpOnOutOfMemoryError               = true                                   {manageable} {command line}
   size_t InitialHeapSize                          = 268435456                                 {product} {command line}
   size_t MarkStackSize                            = 4194304                                   {product} {ergonomic}
   size_t MaxHeapSize                              = 536870912                                 {product} {command line}
   size_t MaxMetaspaceSize                         = 402653184                                 {product} {command line}
   size_t MaxNewSize                               = 321912832                                 {product} {ergonomic}
   size_t MinHeapDeltaBytes                        = 1048576                                   {product} {ergonomic}
   size_t MinHeapSize                              = 268435456                                 {product} {command line}
    uintx NonNMethodCodeHeapSize                   = 7602480                                {pd product} {ergonomic}
    uintx NonProfiledCodeHeapSize                  = 122027880                              {pd product} {ergonomic}
    uintx ProfiledCodeHeapSize                     = 122027880                              {pd product} {ergonomic}
    uintx ReservedCodeCacheSize                    = 251658240                              {pd product} {ergonomic}
     bool SegmentedCodeCache                       = true                                      {product} {ergonomic}
   size_t SoftMaxHeapSize                          = 536870912                              {manageable} {ergonomic}
     bool UseCompressedClassPointers               = true                           {product lp64_product} {ergonomic}
     bool UseCompressedOops                        = true                           {product lp64_product} {ergonomic}
     bool UseG1GC                                  = true                                      {product} {ergonomic}
     bool UseLargePagesIndividualAllocation        = false                                  {pd product} {ergonomic}

Logging:
Log output configuration:
 #0: stdout all=warning uptime,level,tags
 #1: stderr all=off uptime,level,tags

Environment Variables:
JAVA_HOME=C:\Program Files\Java\jdk-17
PATH=C:\Program Files\Common Files\Oracle\Java\javapath;C:\Windows;C:\Windows\System32\Wbem;C:\Windows\System32\WindowsPowerShell\v1.0\;C:\Windows\System32\OpenSSH\;C:\Program Files (x86)\NVIDIA Corporation\PhysX\Common;C:\Program Files\NVIDIA Corporation\NVIDIA NvDLISR;C:\WINDOWS\system32;C:\WINDOWS;C:\WINDOWS\System32\Wbem;C:\WINDOWS\System32\WindowsPowerShell\v1.0\;C:\WINDOWS\System32\OpenSSH\;C:\Program Files (x86)\Embarcadero\Dev-Cpp\TDM-GCC-64\bin;C:\MongoDB\Server\6.0\bin;C:\mongosh-1.6.1\bin;C:\Program Files\Azure Data Studio\bin;C:\Program Files (x86)\Microsoft SQL Server\160\DTS\Binn\;C:\Program Files (x86)\Microsoft SQL Server\160\Tools\Binn\;C:\Program Files\Microsoft SQL Server\160\Tools\Binn\;C:\Program Files\Microsoft SQL Server\Client SDK\ODBC\170\Tools\Binn\;C:\Program Files\Microsoft SQL Server\160\DTS\Binn\;C:\Users\congh\AppData\Local\Programs\Python\Python312;C:\Program Files\dotnet\;C:\Program Files\Cloudflare\Cloudflare WARP\;C:\Git\cmd;C:\Program Files\nodejs;C:\Program Files\Java\jdk-17\bin;D:\WWW\payara-6.2024.9\payara6\bin;C:\Program Files\Java\jdk-17\bin;D:\WWW\apache-maven-3.9.9-src\apache-maven-3.9.9\apache-maven\src\bin;;C:\Program Files\Docker\Docker\resources\bin;C:\Users\congh\AppData\Local\Programs\Python\Launcher\;C:\Users\congh\AppData\Local\Microsoft\WindowsApps;C:\Program Files (x86)\Embarcadero\Dev-Cpp\TDM-GCC-64\bin;C:\Microsoft VS Code\bin;C:\Program Files\Azure Data Studio\bin;C:\Program Files\JetBrains\IntelliJ IDEA Community Edition 2023.3.2\bin;;C:\Users\congh\AppData\Roaming\npm;C:\Program Files\JetBrains\IntelliJ IDEA 2024.2.0.2\bin;;C:\Users\congh\AppData\Local\Microsoft\WinGet\Packages\Schniz.fnm_Microsoft.Winget.Source_8wekyb3d8bbwe;C:\Users\congh\.dotnet\tools;
USERNAME=congh
OS=Windows_NT
PROCESSOR_IDENTIFIER=Intel64 Family 6 Model 141 Stepping 1, GenuineIntel



---------------  S Y S T E M  ---------------

OS:
 Windows 11 , 64 bit Build 26100 (10.0.26100.3912)
OS uptime: 0 days 13:22 hours
Hyper-V role detected

CPU: total 16 (initial active 16) (8 cores per cpu, 2 threads per core) family 6 model 141 stepping 1 microcode 0x3c, cx8, cmov, fxsr, ht, mmx, 3dnowpref, sse, sse2, sse3, ssse3, sse4.1, sse4.2, popcnt, lzcnt, tsc, tscinvbit, avx, avx2, aes, erms, clmul, bmi1, bmi2, adx, avx512f, avx512dq, avx512cd, avx512bw, avx512vl, sha, fma, vzeroupper, avx512_vpopcntdq, avx512_vpclmulqdq, avx512_vaes, avx512_vnni, clflush, clflushopt, clwb, avx512_vbmi2, avx512_vbmi, hv

Memory: 4k page, system-wide physical 16163M (920M free)
TotalPageFile size 28451M (AvailPageFile size 20M)
current process WorkingSet (physical memory assigned to process): 506M, peak: 540M
current process commit charge ("private bytes"): 575M, peak: 612M

vm_info: Java HotSpot(TM) 64-Bit Server VM (17.0.11+7-LTS-207) for windows-amd64 JRE (17.0.11+7-LTS-207), built on Mar 11 2024 19:01:50 by "mach5one" with MS VC++ 17.6 (VS2022)

END.
