#
# There is insufficient memory for the Java Runtime Environment to continue.
# Native memory allocation (malloc) failed to allocate 1574096 bytes. Error detail: Chunk::new
# Possible reasons:
#   The system is out of physical RAM or swap space
#   This process is running with CompressedOops enabled, and the Java Heap may be blocking the growth of the native heap
# Possible solutions:
#   Reduce memory load on the system
#   Increase physical memory or swap space
#   Check if swap backing store is full
#   Decrease Java heap size (-Xmx/-Xms)
#   Decrease number of Java threads
#   Decrease Java thread stack sizes (-Xss)
#   Set larger code cache with -XX:ReservedCodeCacheSize=
#   JVM is running with Unscaled Compressed Oops mode in which the Java heap is
#     placed in the first 4GB address space. The Java Heap base address is the
#     maximum limit for the native heap growth. Please use -XX:HeapBaseMinAddress
#     to set the Java Heap base and to place the Java Heap above 4GB virtual address.
# This output file may be truncated or incomplete.
#
#  Out of Memory Error (arena.cpp:168), pid=12424, tid=1948
#
# JRE version: OpenJDK Runtime Environment Temurin-21.0.6+7 (21.0.6+7) (build 21.0.6+7-LTS)
# Java VM: OpenJDK 64-Bit Server VM Temurin-21.0.6+7 (21.0.6+7-LTS, mixed mode, sharing, tiered, compressed oops, compressed class ptrs, parallel gc, windows-amd64)
# No core dump will be written. Minidumps are not enabled by default on client versions of Windows
#

---------------  S U M M A R Y ------------

Command Line: --add-modules=ALL-SYSTEM --add-opens=java.base/java.util=ALL-UNNAMED --add-opens=java.base/java.lang=ALL-UNNAMED --add-opens=java.base/sun.nio.fs=ALL-UNNAMED -Declipse.application=org.eclipse.jdt.ls.core.id1 -Dosgi.bundles.defaultStartLevel=4 -Declipse.product=org.eclipse.jdt.ls.core.product -Djava.import.generatesMetadataFilesAtProjectRoot=false -DDetectVMInstallationsJob.disabled=true -Dfile.encoding=utf8 -XX:+UseParallelGC -XX:GCTimeRatio=4 -XX:AdaptiveSizePolicyWeight=90 -Dsun.zip.disableMemoryMapping=true -Xmx1G -Xms100m -Xlog:disable -javaagent:c:\Users\congh\.vscode\extensions\redhat.java-1.41.1-win32-x64\lombok\lombok-1.18.36.jar -XX:+HeapDumpOnOutOfMemoryError -XX:HeapDumpPath=c:\Users\congh\AppData\Roaming\Code\User\workspaceStorage\d6fd6c32df5d01ef712cebc9480e7496\redhat.java -Daether.dependencyCollector.impl=bf c:\Users\congh\.vscode\extensions\redhat.java-1.41.1-win32-x64\server\plugins\org.eclipse.equinox.launcher_1.7.0.v20250331-1702.jar -configuration c:\Users\congh\AppData\Roaming\Code\User\globalStorage\redhat.java\1.41.1\config_win -data c:\Users\congh\AppData\Roaming\Code\User\workspaceStorage\d6fd6c32df5d01ef712cebc9480e7496\redhat.java\jdt_ws --pipe=\\.\pipe\lsp-01109a89afa01cabe69604be6805f678-sock

Host: 11th Gen Intel(R) Core(TM) i7-11800H @ 2.30GHz, 16 cores, 15G,  Windows 11 , 64 bit Build 26100 (10.0.26100.3912)
Time: Tue Apr 29 12:59:31 2025 SE Asia Standard Time elapsed time: 1545.610276 seconds (0d 0h 25m 45s)

---------------  T H R E A D  ---------------

Current thread (0x000001de07c328a0):  JavaThread "C2 CompilerThread2" daemon [_thread_in_native, id=1948, stack(0x000000509ef00000,0x000000509f000000) (1024K)]


Current CompileTask:
C2:1545610 18245       4       org.eclipse.jdt.internal.compiler.parser.Parser::consumeRule (7755 bytes)

Stack: [0x000000509ef00000,0x000000509f000000]
Native frames: (J=compiled Java code, j=interpreted, Vv=VM code, C=native code)
V  [jvm.dll+0x6cdee9]
V  [jvm.dll+0x8a83d1]
V  [jvm.dll+0x8aa8fe]
V  [jvm.dll+0x8aafe3]
V  [jvm.dll+0x27f706]
V  [jvm.dll+0xc500d]
V  [jvm.dll+0xc5543]
V  [jvm.dll+0x3b6752]
V  [jvm.dll+0x382935]
V  [jvm.dll+0x381d9a]
V  [jvm.dll+0x2479f0]
V  [jvm.dll+0x246fcf]
V  [jvm.dll+0x1c75ee]
V  [jvm.dll+0x25685a]
V  [jvm.dll+0x254dfa]
V  [jvm.dll+0x3f0256]
V  [jvm.dll+0x851f8b]
V  [jvm.dll+0x6cc5ed]
C  [ucrtbase.dll+0x37b0]
C  [KERNEL32.DLL+0x2e8d7]
C  [ntdll.dll+0x9c5dc]


---------------  P R O C E S S  ---------------

Threads class SMR info:
_java_thread_list=0x000001de0bb10070, length=127, elements={
0x000001de29a84720, 0x000001de29b1ff80, 0x000001de29b23000, 0x000001de29b25b50,
0x000001de29b267a0, 0x000001de29b29fe0, 0x000001de29b31550, 0x000001de29b359f0,
0x000001de003c62e0, 0x000001de004ca270, 0x000001de060118f0, 0x000001de06ac0c90,
0x000001de004d53a0, 0x000001de069e84a0, 0x000001de06a7e420, 0x000001de071a3850,
0x000001de005aeaa0, 0x000001de06ce67c0, 0x000001de06ce5410, 0x000001de06ce6e50,
0x000001de06ce6130, 0x000001de06ce7b70, 0x000001de085cf8b0, 0x000001de085d12f0,
0x000001de085d1980, 0x000001de085ce500, 0x000001de085ceb90, 0x000001de085d05d0,
0x000001de085cf220, 0x000001de085d0c60, 0x000001de085cff40, 0x000001de084edee0,
0x000001de084ee570, 0x000001de084ef920, 0x000001de084effb0, 0x000001de084f0cd0,
0x000001de084f0640, 0x000001de084ed850, 0x000001de084f1360, 0x000001de084f19f0,
0x000001de092d8770, 0x000001de0a8be460, 0x000001de0a8beaf0, 0x000001de0a8bf180,
0x000001de0a8bbd00, 0x000001de0a8bfea0, 0x000001de0a8bca20, 0x000001de0a8c0530,
0x000001de0a8c18e0, 0x000001de0a8c1f70, 0x000001de14384e00, 0x000001de143812f0,
0x000001de143840e0, 0x000001de14385b20, 0x000001de14382d30, 0x000001de14387bf0,
0x000001de086fe4a0, 0x000001de086ffee0, 0x000001de086fca60, 0x000001de08702cd0,
0x000001de092d5980, 0x000001de092d6010, 0x000001de092d6d30, 0x000001de092d73c0,
0x000001de092d4c60, 0x000001de092d8e00, 0x000001de084f2080, 0x000001de084ef290,
0x000001de084f2710, 0x000001de084f2da0, 0x000001de084f47e0, 0x000001de084f4e70,
0x000001de07eb8830, 0x000001de07eb9550, 0x000001de07eb60d0, 0x000001de07eb81a0,
0x000001de07eb7b10, 0x000001de07eb6760, 0x000001de07eb6df0, 0x000001de0a8bf810,
0x000001de0a8bd740, 0x000001de0a8bd0b0, 0x000001de0a8c0bc0, 0x000001de0a8bddd0,
0x000001de08700570, 0x000001de086fd780, 0x000001de08701290, 0x000001de086ff1c0,
0x000001de092d2b90, 0x000001de092d80e0, 0x000001de086fd0f0, 0x000001de086fde10,
0x000001de086feb30, 0x000001de08703360, 0x000001de087039f0, 0x000001de08702640,
0x000001de08704080, 0x000001de143826a0, 0x000001de143833c0, 0x000001de14380c60,
0x000001de143861b0, 0x000001de14386840, 0x000001de14384770, 0x000001de14386ed0,
0x000001de14385490, 0x000001de092d1e70, 0x000001de092d17e0, 0x000001de092d2500,
0x000001de092d3220, 0x000001de06ce74e0, 0x000001de06ce8200, 0x000001de0a8c2c90,
0x000001de092d3f40, 0x000001de08216070, 0x000001de08217420, 0x000001de08218140,
0x000001de08216700, 0x000001de08216d90, 0x000001de08217ab0, 0x000001de08214cc0,
0x000001de19711e20, 0x000001de197103e0, 0x000001de19713860, 0x000001de19712b40,
0x000001de07c343e0, 0x000001de07c328a0, 0x000001de07c31430
}

Java Threads: ( => current thread )
  0x000001de29a84720 JavaThread "main"                              [_thread_blocked, id=23260, stack(0x000000509c700000,0x000000509c800000) (1024K)]
  0x000001de29b1ff80 JavaThread "Reference Handler"          daemon [_thread_blocked, id=29536, stack(0x000000509cb00000,0x000000509cc00000) (1024K)]
  0x000001de29b23000 JavaThread "Finalizer"                  daemon [_thread_blocked, id=29964, stack(0x000000509cc00000,0x000000509cd00000) (1024K)]
  0x000001de29b25b50 JavaThread "Signal Dispatcher"          daemon [_thread_blocked, id=20776, stack(0x000000509cd00000,0x000000509ce00000) (1024K)]
  0x000001de29b267a0 JavaThread "Attach Listener"            daemon [_thread_blocked, id=27528, stack(0x000000509ce00000,0x000000509cf00000) (1024K)]
  0x000001de29b29fe0 JavaThread "Service Thread"             daemon [_thread_blocked, id=2152, stack(0x000000509cf00000,0x000000509d000000) (1024K)]
  0x000001de29b31550 JavaThread "Monitor Deflation Thread"   daemon [_thread_blocked, id=18752, stack(0x000000509d000000,0x000000509d100000) (1024K)]
  0x000001de29b359f0 JavaThread "C2 CompilerThread0"         daemon [_thread_blocked, id=15104, stack(0x000000509d100000,0x000000509d200000) (1024K)]
  0x000001de003c62e0 JavaThread "C1 CompilerThread0"         daemon [_thread_blocked, id=25032, stack(0x000000509d200000,0x000000509d300000) (1024K)]
  0x000001de004ca270 JavaThread "Common-Cleaner"             daemon [_thread_blocked, id=14756, stack(0x000000509d300000,0x000000509d400000) (1024K)]
  0x000001de060118f0 JavaThread "Notification Thread"        daemon [_thread_blocked, id=16240, stack(0x000000509d700000,0x000000509d800000) (1024K)]
  0x000001de06ac0c90 JavaThread "Active Thread: Equinox Container: b01777b0-1baf-4342-9118-afe4a10d1d5c"        [_thread_blocked, id=21092, stack(0x000000509e100000,0x000000509e200000) (1024K)]
  0x000001de004d53a0 JavaThread "Refresh Thread: Equinox Container: b01777b0-1baf-4342-9118-afe4a10d1d5c" daemon [_thread_blocked, id=17312, stack(0x000000509d600000,0x000000509d700000) (1024K)]
  0x000001de069e84a0 JavaThread "Framework Event Dispatcher: Equinox Container: b01777b0-1baf-4342-9118-afe4a10d1d5c" daemon [_thread_blocked, id=26592, stack(0x000000509d800000,0x000000509d900000) (1024K)]
  0x000001de06a7e420 JavaThread "Start Level: Equinox Container: b01777b0-1baf-4342-9118-afe4a10d1d5c" daemon [_thread_blocked, id=16156, stack(0x000000509df00000,0x000000509e000000) (1024K)]
  0x000001de071a3850 JavaThread "Bundle File Closer"         daemon [_thread_blocked, id=12824, stack(0x000000509e200000,0x000000509e300000) (1024K)]
  0x000001de005aeaa0 JavaThread "SCR Component Actor"        daemon [_thread_blocked, id=14268, stack(0x000000509d400000,0x000000509d500000) (1024K)]
  0x000001de06ce67c0 JavaThread "Worker-JM"                         [_thread_blocked, id=23488, stack(0x000000509ec00000,0x000000509ed00000) (1024K)]
  0x000001de06ce5410 JavaThread "JNA Cleaner"                daemon [_thread_blocked, id=26208, stack(0x000000509ed00000,0x000000509ee00000) (1024K)]
  0x000001de06ce6e50 JavaThread "Java indexing"              daemon [_thread_blocked, id=6584, stack(0x000000509f200000,0x000000509f300000) (1024K)]
  0x000001de06ce6130 JavaThread "Thread-2"                   daemon [_thread_in_native, id=16344, stack(0x000000509f600000,0x000000509f700000) (1024K)]
  0x000001de06ce7b70 JavaThread "Thread-3"                   daemon [_thread_in_native, id=3956, stack(0x000000509f700000,0x000000509f800000) (1024K)]
  0x000001de085cf8b0 JavaThread "Thread-4"                   daemon [_thread_in_native, id=3388, stack(0x000000509f800000,0x000000509f900000) (1024K)]
  0x000001de085d12f0 JavaThread "Thread-5"                   daemon [_thread_in_native, id=19232, stack(0x000000509f900000,0x000000509fa00000) (1024K)]
  0x000001de085d1980 JavaThread "Thread-6"                   daemon [_thread_in_native, id=26628, stack(0x000000509fa00000,0x000000509fb00000) (1024K)]
  0x000001de085ce500 JavaThread "Thread-7"                   daemon [_thread_in_native, id=18860, stack(0x000000509fb00000,0x000000509fc00000) (1024K)]
  0x000001de085ceb90 JavaThread "Thread-8"                   daemon [_thread_in_native, id=22192, stack(0x000000509fc00000,0x000000509fd00000) (1024K)]
  0x000001de085d05d0 JavaThread "Thread-9"                   daemon [_thread_in_native, id=27508, stack(0x000000509fd00000,0x000000509fe00000) (1024K)]
  0x000001de085cf220 JavaThread "Thread-10"                  daemon [_thread_in_native, id=22556, stack(0x000000509fe00000,0x000000509ff00000) (1024K)]
  0x000001de085d0c60 JavaThread "Thread-11"                  daemon [_thread_in_native, id=25252, stack(0x000000509ff00000,0x00000050a0000000) (1024K)]
  0x000001de085cff40 JavaThread "Thread-12"                  daemon [_thread_in_native, id=30596, stack(0x00000050a0000000,0x00000050a0100000) (1024K)]
  0x000001de084edee0 JavaThread "Thread-13"                  daemon [_thread_in_native, id=14960, stack(0x00000050a0100000,0x00000050a0200000) (1024K)]
  0x000001de084ee570 JavaThread "Thread-14"                  daemon [_thread_in_native, id=7200, stack(0x00000050a0200000,0x00000050a0300000) (1024K)]
  0x000001de084ef920 JavaThread "Thread-15"                  daemon [_thread_in_native, id=21096, stack(0x00000050a0300000,0x00000050a0400000) (1024K)]
  0x000001de084effb0 JavaThread "Thread-16"                  daemon [_thread_in_native, id=20708, stack(0x00000050a0400000,0x00000050a0500000) (1024K)]
  0x000001de084f0cd0 JavaThread "Thread-17"                  daemon [_thread_in_native, id=8864, stack(0x00000050a0500000,0x00000050a0600000) (1024K)]
  0x000001de084f0640 JavaThread "Thread-18"                  daemon [_thread_in_native, id=5636, stack(0x00000050a0600000,0x00000050a0700000) (1024K)]
  0x000001de084ed850 JavaThread "pool-2-thread-1"                   [_thread_blocked, id=6808, stack(0x00000050a0700000,0x00000050a0800000) (1024K)]
  0x000001de084f1360 JavaThread "WorkspaceEventsHandler"            [_thread_blocked, id=23324, stack(0x00000050a0800000,0x00000050a0900000) (1024K)]
  0x000001de084f19f0 JavaThread "pool-1-thread-1"                   [_thread_blocked, id=11860, stack(0x00000050a0900000,0x00000050a0a00000) (1024K)]
  0x000001de092d8770 JavaThread "Timer-0"                           [_thread_blocked, id=27380, stack(0x00000050a3000000,0x00000050a3100000) (1024K)]
  0x000001de0a8be460 JavaThread "Timer-1"                           [_thread_blocked, id=2576, stack(0x00000050a3100000,0x00000050a3200000) (1024K)]
  0x000001de0a8beaf0 JavaThread "Timer-2"                           [_thread_blocked, id=27456, stack(0x00000050a3300000,0x00000050a3400000) (1024K)]
  0x000001de0a8bf180 JavaThread "Timer-3"                           [_thread_blocked, id=15344, stack(0x00000050a3400000,0x00000050a3500000) (1024K)]
  0x000001de0a8bbd00 JavaThread "Timer-4"                           [_thread_blocked, id=21872, stack(0x00000050a3500000,0x00000050a3600000) (1024K)]
  0x000001de0a8bfea0 JavaThread "Timer-5"                           [_thread_blocked, id=15456, stack(0x00000050a3900000,0x00000050a3a00000) (1024K)]
  0x000001de0a8bca20 JavaThread "Timer-6"                           [_thread_blocked, id=14020, stack(0x00000050a3a00000,0x00000050a3b00000) (1024K)]
  0x000001de0a8c0530 JavaThread "Timer-7"                           [_thread_blocked, id=30800, stack(0x000000509f000000,0x000000509f100000) (1024K)]
  0x000001de0a8c18e0 JavaThread "Timer-8"                           [_thread_blocked, id=30808, stack(0x00000050a0d00000,0x00000050a0e00000) (1024K)]
  0x000001de0a8c1f70 JavaThread "Timer-9"                           [_thread_blocked, id=30816, stack(0x00000050a3600000,0x00000050a3700000) (1024K)]
  0x000001de14384e00 JavaThread "Cleaner-0"                  daemon [_thread_blocked, id=31924, stack(0x000000509f400000,0x000000509f500000) (1024K)]
  0x000001de143812f0 JavaThread "Timer-10"                          [_thread_blocked, id=19376, stack(0x000000509c400000,0x000000509c500000) (1024K)]
  0x000001de143840e0 JavaThread "Timer-11"                          [_thread_blocked, id=23040, stack(0x000000509c500000,0x000000509c600000) (1024K)]
  0x000001de14385b20 JavaThread "Timer-12"                          [_thread_blocked, id=27968, stack(0x000000509e600000,0x000000509e700000) (1024K)]
  0x000001de14382d30 JavaThread "Timer-13"                          [_thread_blocked, id=12836, stack(0x000000509c600000,0x000000509c700000) (1024K)]
  0x000001de14387bf0 JavaThread "Timer-14"                          [_thread_blocked, id=24756, stack(0x000000509f300000,0x000000509f400000) (1024K)]
  0x000001de086fe4a0 JavaThread "Timer-15"                          [_thread_blocked, id=21908, stack(0x00000050a0a00000,0x00000050a0b00000) (1024K)]
  0x000001de086ffee0 JavaThread "Timer-16"                          [_thread_blocked, id=31852, stack(0x000000509e700000,0x000000509e800000) (1024K)]
  0x000001de086fca60 JavaThread "Timer-17"                          [_thread_blocked, id=19164, stack(0x000000509e800000,0x000000509e900000) (1024K)]
  0x000001de08702cd0 JavaThread "Timer-18"                          [_thread_blocked, id=8700, stack(0x00000050a0b00000,0x00000050a0c00000) (1024K)]
  0x000001de092d5980 JavaThread "Timer-19"                          [_thread_blocked, id=16728, stack(0x000000509f500000,0x000000509f600000) (1024K)]
  0x000001de092d6010 JavaThread "Timer-20"                          [_thread_blocked, id=27484, stack(0x00000050a1100000,0x00000050a1200000) (1024K)]
  0x000001de092d6d30 JavaThread "Timer-21"                          [_thread_blocked, id=32244, stack(0x00000050a1a00000,0x00000050a1b00000) (1024K)]
  0x000001de092d73c0 JavaThread "Timer-22"                          [_thread_blocked, id=31512, stack(0x00000050a1200000,0x00000050a1300000) (1024K)]
  0x000001de092d4c60 JavaThread "Timer-23"                          [_thread_blocked, id=984, stack(0x00000050a2300000,0x00000050a2400000) (1024K)]
  0x000001de092d8e00 JavaThread "Timer-24"                          [_thread_blocked, id=30968, stack(0x00000050a2400000,0x00000050a2500000) (1024K)]
  0x000001de084f2080 JavaThread "Timer-25"                          [_thread_blocked, id=5096, stack(0x00000050a2100000,0x00000050a2200000) (1024K)]
  0x000001de084ef290 JavaThread "Timer-26"                          [_thread_blocked, id=33568, stack(0x00000050a2500000,0x00000050a2600000) (1024K)]
  0x000001de084f2710 JavaThread "Timer-27"                          [_thread_blocked, id=4344, stack(0x00000050a2200000,0x00000050a2300000) (1024K)]
  0x000001de084f2da0 JavaThread "Timer-28"                          [_thread_blocked, id=32580, stack(0x00000050a2600000,0x00000050a2700000) (1024K)]
  0x000001de084f47e0 JavaThread "Timer-29"                          [_thread_blocked, id=31528, stack(0x00000050a2700000,0x00000050a2800000) (1024K)]
  0x000001de084f4e70 JavaThread "Timer-30"                          [_thread_blocked, id=12544, stack(0x00000050a2800000,0x00000050a2900000) (1024K)]
  0x000001de07eb8830 JavaThread "Timer-31"                          [_thread_blocked, id=31352, stack(0x00000050a2a00000,0x00000050a2b00000) (1024K)]
  0x000001de07eb9550 JavaThread "Timer-32"                          [_thread_blocked, id=27076, stack(0x00000050a2900000,0x00000050a2a00000) (1024K)]
  0x000001de07eb60d0 JavaThread "Timer-33"                          [_thread_blocked, id=29064, stack(0x00000050a2c00000,0x00000050a2d00000) (1024K)]
  0x000001de07eb81a0 JavaThread "Timer-34"                          [_thread_blocked, id=30328, stack(0x00000050a2b00000,0x00000050a2c00000) (1024K)]
  0x000001de07eb7b10 JavaThread "Timer-35"                          [_thread_blocked, id=20168, stack(0x00000050a2d00000,0x00000050a2e00000) (1024K)]
  0x000001de07eb6760 JavaThread "Timer-36"                          [_thread_blocked, id=30456, stack(0x00000050a2e00000,0x00000050a2f00000) (1024K)]
  0x000001de07eb6df0 JavaThread "Timer-37"                          [_thread_blocked, id=29904, stack(0x00000050a2f00000,0x00000050a3000000) (1024K)]
  0x000001de0a8bf810 JavaThread "Timer-38"                          [_thread_blocked, id=4868, stack(0x00000050a3700000,0x00000050a3800000) (1024K)]
  0x000001de0a8bd740 JavaThread "Timer-39"                          [_thread_blocked, id=22864, stack(0x00000050a3200000,0x00000050a3300000) (1024K)]
  0x000001de0a8bd0b0 JavaThread "Timer-40"                          [_thread_blocked, id=33268, stack(0x00000050a3800000,0x00000050a3900000) (1024K)]
  0x000001de0a8c0bc0 JavaThread "Timer-41"                          [_thread_blocked, id=28680, stack(0x000000509e500000,0x000000509e600000) (1024K)]
  0x000001de0a8bddd0 JavaThread "Timer-42"                          [_thread_blocked, id=5048, stack(0x00000050a0c00000,0x00000050a0d00000) (1024K)]
  0x000001de08700570 JavaThread "Timer-43"                          [_thread_blocked, id=26084, stack(0x00000050a0f00000,0x00000050a1000000) (1024K)]
  0x000001de086fd780 JavaThread "Timer-44"                          [_thread_blocked, id=33124, stack(0x00000050a0e00000,0x00000050a0f00000) (1024K)]
  0x000001de08701290 JavaThread "Timer-45"                          [_thread_blocked, id=3664, stack(0x00000050a1700000,0x00000050a1800000) (1024K)]
  0x000001de086ff1c0 JavaThread "Timer-46"                          [_thread_blocked, id=33172, stack(0x00000050a1c00000,0x00000050a1d00000) (1024K)]
  0x000001de092d2b90 JavaThread "Timer-47"                          [_thread_blocked, id=20988, stack(0x00000050a1400000,0x00000050a1500000) (1024K)]
  0x000001de092d80e0 JavaThread "Timer-48"                          [_thread_blocked, id=19992, stack(0x00000050a3b00000,0x00000050a3c00000) (1024K)]
  0x000001de086fd0f0 JavaThread "Timer-49"                          [_thread_blocked, id=26740, stack(0x00000050a1800000,0x00000050a1900000) (1024K)]
  0x000001de086fde10 JavaThread "ForkJoinPool.commonPool-worker-19" daemon [_thread_blocked, id=29760, stack(0x000000509e900000,0x000000509ea00000) (1024K)]
  0x000001de086feb30 JavaThread "ForkJoinPool.commonPool-worker-23" daemon [_thread_blocked, id=30768, stack(0x00000050a1600000,0x00000050a1700000) (1024K)]
  0x000001de08703360 JavaThread "ForkJoinPool.commonPool-worker-22" daemon [_thread_blocked, id=27496, stack(0x00000050a1900000,0x00000050a1a00000) (1024K)]
  0x000001de087039f0 JavaThread "ForkJoinPool.commonPool-worker-24" daemon [_thread_blocked, id=22664, stack(0x00000050a1b00000,0x00000050a1c00000) (1024K)]
  0x000001de08702640 JavaThread "ForkJoinPool.commonPool-worker-25" daemon [_thread_blocked, id=25336, stack(0x00000050a1d00000,0x00000050a1e00000) (1024K)]
  0x000001de08704080 JavaThread "ForkJoinPool.commonPool-worker-26" daemon [_thread_blocked, id=33572, stack(0x00000050a1e00000,0x00000050a1f00000) (1024K)]
  0x000001de143826a0 JavaThread "ForkJoinPool.commonPool-worker-31" daemon [_thread_blocked, id=3912, stack(0x00000050a1f00000,0x00000050a2000000) (1024K)]
  0x000001de143833c0 JavaThread "ForkJoinPool.commonPool-worker-28" daemon [_thread_blocked, id=31928, stack(0x00000050a2000000,0x00000050a2100000) (1024K)]
  0x000001de14380c60 JavaThread "ForkJoinPool.commonPool-worker-29" daemon [_thread_blocked, id=18392, stack(0x00000050a3c00000,0x00000050a3d00000) (1024K)]
  0x000001de143861b0 JavaThread "ForkJoinPool.commonPool-worker-30" daemon [_thread_blocked, id=13704, stack(0x00000050a3d00000,0x00000050a3e00000) (1024K)]
  0x000001de14386840 JavaThread "ForkJoinPool.commonPool-worker-27" daemon [_thread_blocked, id=29956, stack(0x00000050a3e00000,0x00000050a3f00000) (1024K)]
  0x000001de14384770 JavaThread "ForkJoinPool.commonPool-worker-32" daemon [_thread_blocked, id=30632, stack(0x00000050a4000000,0x00000050a4100000) (1024K)]
  0x000001de14386ed0 JavaThread "ForkJoinPool.commonPool-worker-33" daemon [_thread_blocked, id=30528, stack(0x00000050a4100000,0x00000050a4200000) (1024K)]
  0x000001de14385490 JavaThread "Timer-50"                          [_thread_blocked, id=31004, stack(0x000000509f100000,0x000000509f200000) (1024K)]
  0x000001de092d1e70 JavaThread "Timer-51"                          [_thread_blocked, id=20320, stack(0x00000050a1300000,0x00000050a1400000) (1024K)]
  0x000001de092d17e0 JavaThread "Timer-52"                          [_thread_blocked, id=3408, stack(0x00000050a1500000,0x00000050a1600000) (1024K)]
  0x000001de092d2500 JavaThread "Timer-53"                          [_thread_blocked, id=32340, stack(0x00000050a4200000,0x00000050a4300000) (1024K)]
  0x000001de092d3220 JavaThread "Timer-54"                          [_thread_blocked, id=13584, stack(0x00000050a4400000,0x00000050a4500000) (1024K)]
  0x000001de06ce74e0 JavaThread "Timer-55"                          [_thread_blocked, id=29100, stack(0x00000050a4500000,0x00000050a4600000) (1024K)]
  0x000001de06ce8200 JavaThread "Timer-56"                          [_thread_blocked, id=14292, stack(0x00000050a4600000,0x00000050a4700000) (1024K)]
  0x000001de0a8c2c90 JavaThread "Worker-20"                         [_thread_blocked, id=33480, stack(0x00000050a4900000,0x00000050a4a00000) (1024K)]
  0x000001de092d3f40 JavaThread "Worker-21"                         [_thread_blocked, id=26664, stack(0x00000050a4a00000,0x00000050a4b00000) (1024K)]
  0x000001de08216070 JavaThread "Compiler Source File Reader" daemon [_thread_blocked, id=33580, stack(0x00000050a4c00000,0x00000050a4d00000) (1024K)]
  0x000001de08217420 JavaThread "Compiler Source File Reader" daemon [_thread_blocked, id=27200, stack(0x00000050a4d00000,0x00000050a4e00000) (1024K)]
  0x000001de08218140 JavaThread "Compiler Class File Writer" daemon [_thread_blocked, id=17484, stack(0x00000050a4f00000,0x00000050a5000000) (1024K)]
  0x000001de08216700 JavaThread "Compiler Class File Writer" daemon [_thread_blocked, id=33424, stack(0x00000050a5000000,0x00000050a5100000) (1024K)]
  0x000001de08216d90 JavaThread "LocalFile Deleter"          daemon [_thread_blocked, id=31120, stack(0x00000050a5100000,0x00000050a5200000) (1024K)]
  0x000001de08217ab0 JavaThread "LocalFile Deleter"          daemon [_thread_blocked, id=25072, stack(0x00000050a5200000,0x00000050a5300000) (1024K)]
  0x000001de08214cc0 JavaThread "LocalFile Deleter"          daemon [_thread_blocked, id=4960, stack(0x00000050a5300000,0x00000050a5400000) (1024K)]
  0x000001de19711e20 JavaThread "LocalFile Deleter"          daemon [_thread_blocked, id=33400, stack(0x00000050a5400000,0x00000050a5500000) (1024K)]
  0x000001de197103e0 JavaThread "LocalFile Deleter"          daemon [_thread_blocked, id=26028, stack(0x00000050a5500000,0x00000050a5600000) (1024K)]
  0x000001de19713860 JavaThread "Compiler Source File Reader" daemon [_thread_blocked, id=20136, stack(0x00000050a5600000,0x00000050a5700000) (1024K)]
  0x000001de19712b40 JavaThread "Compiler Class File Writer" daemon [_thread_blocked, id=26676, stack(0x00000050a5700000,0x00000050a5800000) (1024K)]
  0x000001de07c343e0 JavaThread "C2 CompilerThread1"         daemon [_thread_blocked, id=23096, stack(0x000000509ee00000,0x000000509ef00000) (1024K)]
=>0x000001de07c328a0 JavaThread "C2 CompilerThread2"         daemon [_thread_in_native, id=1948, stack(0x000000509ef00000,0x000000509f000000) (1024K)]
  0x000001de07c31430 JavaThread "C1 CompilerThread1"         daemon [_thread_blocked, id=25868, stack(0x00000050a1000000,0x00000050a1100000) (1024K)]
Total: 127

Other Threads:
  0x000001de3de54150 VMThread "VM Thread"                           [id=29560, stack(0x000000509ca00000,0x000000509cb00000) (1024K)]
  0x000001de29af0490 WatcherThread "VM Periodic Task Thread"        [id=27680, stack(0x000000509c900000,0x000000509ca00000) (1024K)]
  0x000001de29aa2c00 WorkerThread "GC Thread#0"                     [id=17224, stack(0x000000509c800000,0x000000509c900000) (1024K)]
  0x000001de0681fb10 WorkerThread "GC Thread#1"                     [id=20024, stack(0x000000509d900000,0x000000509da00000) (1024K)]
  0x000001de062f52a0 WorkerThread "GC Thread#2"                     [id=25484, stack(0x000000509da00000,0x000000509db00000) (1024K)]
  0x000001de062f5640 WorkerThread "GC Thread#3"                     [id=29520, stack(0x000000509db00000,0x000000509dc00000) (1024K)]
  0x000001de062f59e0 WorkerThread "GC Thread#4"                     [id=25388, stack(0x000000509dc00000,0x000000509dd00000) (1024K)]
  0x000001de062f5d80 WorkerThread "GC Thread#5"                     [id=27216, stack(0x000000509dd00000,0x000000509de00000) (1024K)]
  0x000001de062f6120 WorkerThread "GC Thread#6"                     [id=27800, stack(0x000000509de00000,0x000000509df00000) (1024K)]
  0x000001de06b01270 WorkerThread "GC Thread#7"                     [id=9376, stack(0x000000509d500000,0x000000509d600000) (1024K)]
  0x000001de003c7160 WorkerThread "GC Thread#8"                     [id=27196, stack(0x000000509e000000,0x000000509e100000) (1024K)]
  0x000001de060618c0 WorkerThread "GC Thread#9"                     [id=27552, stack(0x000000509e300000,0x000000509e400000) (1024K)]
  0x000001de06061520 WorkerThread "GC Thread#10"                    [id=11444, stack(0x000000509e400000,0x000000509e500000) (1024K)]
  0x000001de06062000 WorkerThread "GC Thread#11"                    [id=29916, stack(0x000000509ea00000,0x000000509eb00000) (1024K)]
  0x000001de06061180 WorkerThread "GC Thread#12"                    [id=24680, stack(0x000000509eb00000,0x000000509ec00000) (1024K)]
Total: 15

Threads with active compile tasks:
C2 CompilerThread2  1545641 18245       4       org.eclipse.jdt.internal.compiler.parser.Parser::consumeRule (7755 bytes)
Total: 1

VM state: not at safepoint (normal execution)

VM Mutex/Monitor currently owned by a thread: None

Heap address: 0x00000000c0000000, size: 1024 MB, Compressed Oops mode: 32-bit

CDS archive(s) mapped at: [0x000001de3e000000-0x000001de3eba0000-0x000001de3eba0000), size 12189696, SharedBaseAddress: 0x000001de3e000000, ArchiveRelocationMode: 1.
Compressed class space mapped at: 0x000001de3f000000-0x000001de7f000000, reserved size: 1073741824
Narrow klass base: 0x000001de3e000000, Narrow klass shift: 0, Narrow klass range: 0x100000000

GC Precious Log:
 CardTable entry size: 512
 CPUs: 16 total, 16 available
 Memory: 16163M
 Large Page Support: Disabled
 NUMA Support: Disabled
 Compressed Oops: Enabled (32-bit)
 Alignments: Space 512K, Generation 512K, Heap 2M
 Heap Min Capacity: 100M
 Heap Initial Capacity: 100M
 Heap Max Capacity: 1G
 Pre-touch: Disabled
 Parallel Workers: 13

Heap:
 PSYoungGen      total 12800K, used 11256K [0x00000000eab00000, 0x00000000ebd00000, 0x0000000100000000)
  eden space 11776K, 86% used [0x00000000eab00000,0x00000000eb500ed8,0x00000000eb680000)
  from space 1024K, 98% used [0x00000000eb900000,0x00000000eb9fd498,0x00000000eba00000)
  to   space 2560K, 0% used [0x00000000eb680000,0x00000000eb680000,0x00000000eb900000)
 ParOldGen       total 498688K, used 498384K [0x00000000c0000000, 0x00000000de700000, 0x00000000eab00000)
  object space 498688K, 99% used [0x00000000c0000000,0x00000000de6b4318,0x00000000de700000)
 Metaspace       used 95146K, committed 96960K, reserved 1179648K
  class space    used 10902K, committed 11776K, reserved 1048576K

Card table byte_map: [0x000001de29420000,0x000001de29630000] _byte_map_base: 0x000001de28e20000

Marking Bits: (ParMarkBitMap*) 0x00007ffebecb3260
 Begin Bits: [0x000001de3bc70000, 0x000001de3cc70000)
 End Bits:   [0x000001de3cc70000, 0x000001de3dc70000)

Polling page: 0x000001de27880000

Metaspace:

Usage:
  Non-class:     82.27 MB used.
      Class:     10.65 MB used.
       Both:     92.92 MB used.

Virtual space:
  Non-class space:      128.00 MB reserved,      83.19 MB ( 65%) committed,  2 nodes.
      Class space:        1.00 GB reserved,      11.50 MB (  1%) committed,  1 nodes.
             Both:        1.12 GB reserved,      94.69 MB (  8%) committed. 

Chunk freelists:
   Non-Class:  12.75 MB
       Class:  4.45 MB
        Both:  17.20 MB

MaxMetaspaceSize: unlimited
CompressedClassSpaceSize: 1.00 GB
Initial GC threshold: 21.00 MB
Current GC threshold: 152.81 MB
CDS: on
 - commit_granule_bytes: 65536.
 - commit_granule_words: 8192.
 - virtual_space_node_default_size: 8388608.
 - enlarge_chunks_in_place: 1.
 - use_allocation_guard: 0.


Internal statistics:

num_allocs_failed_limit: 9.
num_arena_births: 1830.
num_arena_deaths: 20.
num_vsnodes_births: 3.
num_vsnodes_deaths: 0.
num_space_committed: 1515.
num_space_uncommitted: 0.
num_chunks_returned_to_freelist: 30.
num_chunks_taken_from_freelist: 6192.
num_chunk_merges: 12.
num_chunk_splits: 3876.
num_chunks_enlarged: 2271.
num_inconsistent_stats: 0.

CodeHeap 'non-profiled nmethods': size=119168Kb used=15300Kb max_used=15300Kb free=103867Kb
 bounds [0x000001de34810000, 0x000001de35710000, 0x000001de3bc70000]
CodeHeap 'profiled nmethods': size=119104Kb used=31941Kb max_used=32100Kb free=87162Kb
 bounds [0x000001de2cc70000, 0x000001de2ec60000, 0x000001de340c0000]
CodeHeap 'non-nmethods': size=7488Kb used=2100Kb max_used=3311Kb free=5388Kb
 bounds [0x000001de340c0000, 0x000001de34410000, 0x000001de34810000]
 total_blobs=14924 nmethods=14075 adapters=750
 compilation: enabled
              stopped_count=0, restarted_count=0
 full_count=0

Compilation events (20 events):
Event: 1544.550 Thread 0x000001de07c31430 nmethod 18249 0x000001de2e3a0090 code [0x000001de2e3a0480, 0x000001de2e3a18e0]
Event: 1544.550 Thread 0x000001de003c62e0 nmethod 18262 0x000001de2e39f990 code [0x000001de2e39fb60, 0x000001de2e39ff88]
Event: 1544.550 Thread 0x000001de07c31430 18263       3       java.lang.StringConcatHelper::newArrayWithSuffix (40 bytes)
Event: 1544.551 Thread 0x000001de07c31430 nmethod 18263 0x000001de2e39ef90 code [0x000001de2e39f1a0, 0x000001de2e39f738]
Event: 1544.567 Thread 0x000001de29b359f0 nmethod 18253 0x000001de356f7710 code [0x000001de356f7900, 0x000001de356f8360]
Event: 1544.568 Thread 0x000001de29b359f0 18252   !   4       org.eclipse.jdt.internal.core.NameLookup::isPackage (208 bytes)
Event: 1544.588 Thread 0x000001de07c343e0 nmethod 18238 0x000001de356f8890 code [0x000001de356f8b40, 0x000001de356fa900]
Event: 1544.588 Thread 0x000001de07c343e0 18254   !   4       org.eclipse.jdt.internal.compiler.parser.Scanner::pushLineSeparator (300 bytes)
Event: 1544.592 Thread 0x000001de07c343e0 nmethod 18254 0x000001de356fb810 code [0x000001de356fb9e0, 0x000001de356fbf50]
Event: 1544.592 Thread 0x000001de07c343e0 18237       4       org.eclipse.jdt.internal.compiler.env.ITypeAnnotationWalker$1::toTypeBound (2 bytes)
Event: 1544.592 Thread 0x000001de07c343e0 nmethod 18237 0x000001de356fc290 code [0x000001de356fc420, 0x000001de356fc4a8]
Event: 1544.602 Thread 0x000001de29b359f0 nmethod 18252 0x000001de356fc590 code [0x000001de356fc840, 0x000001de356fdae0]
Event: 1545.511 Thread 0x000001de07c31430 18264       3       org.eclipse.jdt.internal.core.util.PublicScanner::getNextToken (16 bytes)
Event: 1545.511 Thread 0x000001de003c62e0 18265       3       org.eclipse.jdt.internal.core.util.PublicScanner::translateTokenToTerminalSymbol (1482 bytes)
Event: 1545.512 Thread 0x000001de07c31430 nmethod 18264 0x000001de2e39ea90 code [0x000001de2e39ec40, 0x000001de2e39ee60]
Event: 1545.512 Thread 0x000001de07c31430 18270   !   3       org.eclipse.jdt.ls.core.internal.handlers.FoldingRangeHandler::getNextToken (22 bytes)
Event: 1545.512 Thread 0x000001de07c31430 nmethod 18270 0x000001de2e39e290 code [0x000001de2e39e460, 0x000001de2e39e850]
Event: 1545.512 Thread 0x000001de07c31430 18266   !   3       org.eclipse.jdt.internal.core.util.PublicScanner::$SWITCH_TABLE$org$eclipse$jdt$internal$compiler$parser$TerminalToken (2080 bytes)
Event: 1545.515 Thread 0x000001de29b359f0 18278       4       org.eclipse.jdt.internal.compiler.util.HashtableOfObjectToInt::rehash (78 bytes)
Event: 1545.518 Thread 0x000001de07c343e0 18279       4       org.eclipse.jdt.internal.core.SearchableEnvironment::getModuleDescription (85 bytes)

GC Heap History (20 events):
Event: 1389.704 GC heap before
{Heap before GC invocations=1660 (full 5):
 PSYoungGen      total 13824K, used 13823K [0x00000000eab00000, 0x00000000eba00000, 0x0000000100000000)
  eden space 13312K, 100% used [0x00000000eab00000,0x00000000eb800000,0x00000000eb800000)
  from space 512K, 99% used [0x00000000eb900000,0x00000000eb97fcc8,0x00000000eb980000)
  to   space 1024K, 0% used [0x00000000eb800000,0x00000000eb800000,0x00000000eb900000)
 ParOldGen       total 494592K, used 494249K [0x00000000c0000000, 0x00000000de300000, 0x00000000eab00000)
  object space 494592K, 99% used [0x00000000c0000000,0x00000000de2aa628,0x00000000de300000)
 Metaspace       used 95057K, committed 96896K, reserved 1179648K
  class space    used 10901K, committed 11776K, reserved 1048576K
}
Event: 1389.705 GC heap after
{Heap after GC invocations=1660 (full 5):
 PSYoungGen      total 14336K, used 525K [0x00000000eab00000, 0x00000000eba00000, 0x0000000100000000)
  eden space 13312K, 0% used [0x00000000eab00000,0x00000000eab00000,0x00000000eb800000)
  from space 1024K, 51% used [0x00000000eb800000,0x00000000eb8835b8,0x00000000eb900000)
  to   space 1024K, 0% used [0x00000000eb900000,0x00000000eb900000,0x00000000eba00000)
 ParOldGen       total 494592K, used 494441K [0x00000000c0000000, 0x00000000de300000, 0x00000000eab00000)
  object space 494592K, 99% used [0x00000000c0000000,0x00000000de2da628,0x00000000de300000)
 Metaspace       used 95057K, committed 96896K, reserved 1179648K
  class space    used 10901K, committed 11776K, reserved 1048576K
}
Event: 1389.721 GC heap before
{Heap before GC invocations=1661 (full 5):
 PSYoungGen      total 14336K, used 13837K [0x00000000eab00000, 0x00000000eba00000, 0x0000000100000000)
  eden space 13312K, 100% used [0x00000000eab00000,0x00000000eb800000,0x00000000eb800000)
  from space 1024K, 51% used [0x00000000eb800000,0x00000000eb8835b8,0x00000000eb900000)
  to   space 1024K, 0% used [0x00000000eb900000,0x00000000eb900000,0x00000000eba00000)
 ParOldGen       total 494592K, used 494441K [0x00000000c0000000, 0x00000000de300000, 0x00000000eab00000)
  object space 494592K, 99% used [0x00000000c0000000,0x00000000de2da628,0x00000000de300000)
 Metaspace       used 95057K, committed 96896K, reserved 1179648K
  class space    used 10901K, committed 11776K, reserved 1048576K
}
Event: 1389.722 GC heap after
{Heap after GC invocations=1661 (full 5):
 PSYoungGen      total 13824K, used 448K [0x00000000eab00000, 0x00000000eb980000, 0x0000000100000000)
  eden space 13312K, 0% used [0x00000000eab00000,0x00000000eab00000,0x00000000eb800000)
  from space 512K, 87% used [0x00000000eb900000,0x00000000eb970000,0x00000000eb980000)
  to   space 512K, 0% used [0x00000000eb880000,0x00000000eb880000,0x00000000eb900000)
 ParOldGen       total 495104K, used 494697K [0x00000000c0000000, 0x00000000de380000, 0x00000000eab00000)
  object space 495104K, 99% used [0x00000000c0000000,0x00000000de31a628,0x00000000de380000)
 Metaspace       used 95057K, committed 96896K, reserved 1179648K
  class space    used 10901K, committed 11776K, reserved 1048576K
}
Event: 1389.736 GC heap before
{Heap before GC invocations=1662 (full 5):
 PSYoungGen      total 13824K, used 13760K [0x00000000eab00000, 0x00000000eb980000, 0x0000000100000000)
  eden space 13312K, 100% used [0x00000000eab00000,0x00000000eb800000,0x00000000eb800000)
  from space 512K, 87% used [0x00000000eb900000,0x00000000eb970000,0x00000000eb980000)
  to   space 512K, 0% used [0x00000000eb880000,0x00000000eb880000,0x00000000eb900000)
 ParOldGen       total 495104K, used 494697K [0x00000000c0000000, 0x00000000de380000, 0x00000000eab00000)
  object space 495104K, 99% used [0x00000000c0000000,0x00000000de31a628,0x00000000de380000)
 Metaspace       used 95057K, committed 96896K, reserved 1179648K
  class space    used 10901K, committed 11776K, reserved 1048576K
}
Event: 1389.738 GC heap after
{Heap after GC invocations=1662 (full 5):
 PSYoungGen      total 13824K, used 483K [0x00000000eab00000, 0x00000000eb980000, 0x0000000100000000)
  eden space 13312K, 0% used [0x00000000eab00000,0x00000000eab00000,0x00000000eb800000)
  from space 512K, 94% used [0x00000000eb880000,0x00000000eb8f8ed0,0x00000000eb900000)
  to   space 512K, 0% used [0x00000000eb900000,0x00000000eb900000,0x00000000eb980000)
 ParOldGen       total 495616K, used 495339K [0x00000000c0000000, 0x00000000de400000, 0x00000000eab00000)
  object space 495616K, 99% used [0x00000000c0000000,0x00000000de3baee8,0x00000000de400000)
 Metaspace       used 95057K, committed 96896K, reserved 1179648K
  class space    used 10901K, committed 11776K, reserved 1048576K
}
Event: 1389.748 GC heap before
{Heap before GC invocations=1663 (full 5):
 PSYoungGen      total 13824K, used 13795K [0x00000000eab00000, 0x00000000eb980000, 0x0000000100000000)
  eden space 13312K, 100% used [0x00000000eab00000,0x00000000eb800000,0x00000000eb800000)
  from space 512K, 94% used [0x00000000eb880000,0x00000000eb8f8ed0,0x00000000eb900000)
  to   space 512K, 0% used [0x00000000eb900000,0x00000000eb900000,0x00000000eb980000)
 ParOldGen       total 495616K, used 495339K [0x00000000c0000000, 0x00000000de400000, 0x00000000eab00000)
  object space 495616K, 99% used [0x00000000c0000000,0x00000000de3baee8,0x00000000de400000)
 Metaspace       used 95057K, committed 96896K, reserved 1179648K
  class space    used 10901K, committed 11776K, reserved 1048576K
}
Event: 1389.749 GC heap after
{Heap after GC invocations=1663 (full 5):
 PSYoungGen      total 13824K, used 416K [0x00000000eab00000, 0x00000000eb980000, 0x0000000100000000)
  eden space 13312K, 0% used [0x00000000eab00000,0x00000000eab00000,0x00000000eb800000)
  from space 512K, 81% used [0x00000000eb900000,0x00000000eb968000,0x00000000eb980000)
  to   space 512K, 0% used [0x00000000eb880000,0x00000000eb880000,0x00000000eb900000)
 ParOldGen       total 495616K, used 495589K [0x00000000c0000000, 0x00000000de400000, 0x00000000eab00000)
  object space 495616K, 99% used [0x00000000c0000000,0x00000000de3f9598,0x00000000de400000)
 Metaspace       used 95057K, committed 96896K, reserved 1179648K
  class space    used 10901K, committed 11776K, reserved 1048576K
}
Event: 1389.772 GC heap before
{Heap before GC invocations=1664 (full 5):
 PSYoungGen      total 13824K, used 13728K [0x00000000eab00000, 0x00000000eb980000, 0x0000000100000000)
  eden space 13312K, 100% used [0x00000000eab00000,0x00000000eb800000,0x00000000eb800000)
  from space 512K, 81% used [0x00000000eb900000,0x00000000eb968000,0x00000000eb980000)
  to   space 512K, 0% used [0x00000000eb880000,0x00000000eb880000,0x00000000eb900000)
 ParOldGen       total 495616K, used 495589K [0x00000000c0000000, 0x00000000de400000, 0x00000000eab00000)
  object space 495616K, 99% used [0x00000000c0000000,0x00000000de3f9598,0x00000000de400000)
 Metaspace       used 95057K, committed 96896K, reserved 1179648K
  class space    used 10901K, committed 11776K, reserved 1048576K
}
Event: 1389.774 GC heap after
{Heap after GC invocations=1664 (full 5):
 PSYoungGen      total 13824K, used 464K [0x00000000eab00000, 0x00000000eb980000, 0x0000000100000000)
  eden space 13312K, 0% used [0x00000000eab00000,0x00000000eab00000,0x00000000eb800000)
  from space 512K, 90% used [0x00000000eb880000,0x00000000eb8f40d0,0x00000000eb900000)
  to   space 512K, 0% used [0x00000000eb900000,0x00000000eb900000,0x00000000eb980000)
 ParOldGen       total 496128K, used 495826K [0x00000000c0000000, 0x00000000de480000, 0x00000000eab00000)
  object space 496128K, 99% used [0x00000000c0000000,0x00000000de4348f0,0x00000000de480000)
 Metaspace       used 95057K, committed 96896K, reserved 1179648K
  class space    used 10901K, committed 11776K, reserved 1048576K
}
Event: 1389.802 GC heap before
{Heap before GC invocations=1665 (full 5):
 PSYoungGen      total 13824K, used 13776K [0x00000000eab00000, 0x00000000eb980000, 0x0000000100000000)
  eden space 13312K, 100% used [0x00000000eab00000,0x00000000eb800000,0x00000000eb800000)
  from space 512K, 90% used [0x00000000eb880000,0x00000000eb8f40d0,0x00000000eb900000)
  to   space 512K, 0% used [0x00000000eb900000,0x00000000eb900000,0x00000000eb980000)
 ParOldGen       total 496128K, used 495826K [0x00000000c0000000, 0x00000000de480000, 0x00000000eab00000)
  object space 496128K, 99% used [0x00000000c0000000,0x00000000de4348f0,0x00000000de480000)
 Metaspace       used 95057K, committed 96896K, reserved 1179648K
  class space    used 10901K, committed 11776K, reserved 1048576K
}
Event: 1389.804 GC heap after
{Heap after GC invocations=1665 (full 5):
 PSYoungGen      total 13824K, used 352K [0x00000000eab00000, 0x00000000eb980000, 0x0000000100000000)
  eden space 13312K, 0% used [0x00000000eab00000,0x00000000eab00000,0x00000000eb800000)
  from space 512K, 68% used [0x00000000eb900000,0x00000000eb958000,0x00000000eb980000)
  to   space 512K, 0% used [0x00000000eb880000,0x00000000eb880000,0x00000000eb900000)
 ParOldGen       total 496128K, used 495938K [0x00000000c0000000, 0x00000000de480000, 0x00000000eab00000)
  object space 496128K, 99% used [0x00000000c0000000,0x00000000de4508f0,0x00000000de480000)
 Metaspace       used 95057K, committed 96896K, reserved 1179648K
  class space    used 10901K, committed 11776K, reserved 1048576K
}
Event: 1389.853 GC heap before
{Heap before GC invocations=1666 (full 5):
 PSYoungGen      total 13824K, used 13664K [0x00000000eab00000, 0x00000000eb980000, 0x0000000100000000)
  eden space 13312K, 100% used [0x00000000eab00000,0x00000000eb800000,0x00000000eb800000)
  from space 512K, 68% used [0x00000000eb900000,0x00000000eb958000,0x00000000eb980000)
  to   space 512K, 0% used [0x00000000eb880000,0x00000000eb880000,0x00000000eb900000)
 ParOldGen       total 496128K, used 495938K [0x00000000c0000000, 0x00000000de480000, 0x00000000eab00000)
  object space 496128K, 99% used [0x00000000c0000000,0x00000000de4508f0,0x00000000de480000)
 Metaspace       used 95061K, committed 96896K, reserved 1179648K
  class space    used 10901K, committed 11776K, reserved 1048576K
}
Event: 1389.855 GC heap after
{Heap after GC invocations=1666 (full 5):
 PSYoungGen      total 13824K, used 490K [0x00000000eab00000, 0x00000000eba00000, 0x0000000100000000)
  eden space 13312K, 0% used [0x00000000eab00000,0x00000000eab00000,0x00000000eb800000)
  from space 512K, 95% used [0x00000000eb880000,0x00000000eb8fa910,0x00000000eb900000)
  to   space 1024K, 0% used [0x00000000eb900000,0x00000000eb900000,0x00000000eba00000)
 ParOldGen       total 496640K, used 496276K [0x00000000c0000000, 0x00000000de500000, 0x00000000eab00000)
  object space 496640K, 99% used [0x00000000c0000000,0x00000000de4a51f0,0x00000000de500000)
 Metaspace       used 95061K, committed 96896K, reserved 1179648K
  class space    used 10901K, committed 11776K, reserved 1048576K
}
Event: 1401.034 GC heap before
{Heap before GC invocations=1667 (full 5):
 PSYoungGen      total 13824K, used 13802K [0x00000000eab00000, 0x00000000eba00000, 0x0000000100000000)
  eden space 13312K, 100% used [0x00000000eab00000,0x00000000eb800000,0x00000000eb800000)
  from space 512K, 95% used [0x00000000eb880000,0x00000000eb8fa910,0x00000000eb900000)
  to   space 1024K, 0% used [0x00000000eb900000,0x00000000eb900000,0x00000000eba00000)
 ParOldGen       total 496640K, used 496276K [0x00000000c0000000, 0x00000000de500000, 0x00000000eab00000)
  object space 496640K, 99% used [0x00000000c0000000,0x00000000de4a51f0,0x00000000de500000)
 Metaspace       used 95066K, committed 96896K, reserved 1179648K
  class space    used 10901K, committed 11776K, reserved 1048576K
}
Event: 1401.036 GC heap after
{Heap after GC invocations=1667 (full 5):
 PSYoungGen      total 14336K, used 496K [0x00000000eab00000, 0x00000000eba00000, 0x0000000100000000)
  eden space 13312K, 0% used [0x00000000eab00000,0x00000000eab00000,0x00000000eb800000)
  from space 1024K, 48% used [0x00000000eb900000,0x00000000eb97c030,0x00000000eba00000)
  to   space 1024K, 0% used [0x00000000eb800000,0x00000000eb800000,0x00000000eb900000)
 ParOldGen       total 497152K, used 496756K [0x00000000c0000000, 0x00000000de580000, 0x00000000eab00000)
  object space 497152K, 99% used [0x00000000c0000000,0x00000000de51d0d0,0x00000000de580000)
 Metaspace       used 95066K, committed 96896K, reserved 1179648K
  class space    used 10901K, committed 11776K, reserved 1048576K
}
Event: 1542.474 GC heap before
{Heap before GC invocations=1668 (full 5):
 PSYoungGen      total 14336K, used 13808K [0x00000000eab00000, 0x00000000eba00000, 0x0000000100000000)
  eden space 13312K, 100% used [0x00000000eab00000,0x00000000eb800000,0x00000000eb800000)
  from space 1024K, 48% used [0x00000000eb900000,0x00000000eb97c030,0x00000000eba00000)
  to   space 1024K, 0% used [0x00000000eb800000,0x00000000eb800000,0x00000000eb900000)
 ParOldGen       total 497152K, used 496756K [0x00000000c0000000, 0x00000000de580000, 0x00000000eab00000)
  object space 497152K, 99% used [0x00000000c0000000,0x00000000de51d0d0,0x00000000de580000)
 Metaspace       used 95106K, committed 96960K, reserved 1179648K
  class space    used 10901K, committed 11776K, reserved 1048576K
}
Event: 1544.499 GC heap after
{Heap after GC invocations=1668 (full 5):
 PSYoungGen      total 14336K, used 1017K [0x00000000eab00000, 0x00000000eba00000, 0x0000000100000000)
  eden space 13312K, 0% used [0x00000000eab00000,0x00000000eab00000,0x00000000eb800000)
  from space 1024K, 99% used [0x00000000eb800000,0x00000000eb8fe430,0x00000000eb900000)
  to   space 1024K, 0% used [0x00000000eb900000,0x00000000eb900000,0x00000000eba00000)
 ParOldGen       total 497664K, used 497228K [0x00000000c0000000, 0x00000000de600000, 0x00000000eab00000)
  object space 497664K, 99% used [0x00000000c0000000,0x00000000de5930d0,0x00000000de600000)
 Metaspace       used 95106K, committed 96960K, reserved 1179648K
  class space    used 10901K, committed 11776K, reserved 1048576K
}
Event: 1544.528 GC heap before
{Heap before GC invocations=1669 (full 5):
 PSYoungGen      total 14336K, used 14329K [0x00000000eab00000, 0x00000000eba00000, 0x0000000100000000)
  eden space 13312K, 100% used [0x00000000eab00000,0x00000000eb800000,0x00000000eb800000)
  from space 1024K, 99% used [0x00000000eb800000,0x00000000eb8fe430,0x00000000eb900000)
  to   space 1024K, 0% used [0x00000000eb900000,0x00000000eb900000,0x00000000eba00000)
 ParOldGen       total 497664K, used 497228K [0x00000000c0000000, 0x00000000de600000, 0x00000000eab00000)
  object space 497664K, 99% used [0x00000000c0000000,0x00000000de5930d0,0x00000000de600000)
 Metaspace       used 95111K, committed 96960K, reserved 1179648K
  class space    used 10901K, committed 11776K, reserved 1048576K
}
Event: 1544.531 GC heap after
{Heap after GC invocations=1669 (full 5):
 PSYoungGen      total 12800K, used 1013K [0x00000000eab00000, 0x00000000ebd00000, 0x0000000100000000)
  eden space 11776K, 0% used [0x00000000eab00000,0x00000000eab00000,0x00000000eb680000)
  from space 1024K, 98% used [0x00000000eb900000,0x00000000eb9fd498,0x00000000eba00000)
  to   space 2560K, 0% used [0x00000000eb680000,0x00000000eb680000,0x00000000eb900000)
 ParOldGen       total 498688K, used 498384K [0x00000000c0000000, 0x00000000de700000, 0x00000000eab00000)
  object space 498688K, 99% used [0x00000000c0000000,0x00000000de6b4318,0x00000000de700000)
 Metaspace       used 95111K, committed 96960K, reserved 1179648K
  class space    used 10901K, committed 11776K, reserved 1048576K
}

Dll operation events (15 events):
Event: 0.017 Loaded shared library c:\Users\congh\.vscode\extensions\redhat.java-1.41.1-win32-x64\jre\21.0.6-win32-x86_64\bin\java.dll
Event: 0.140 Loaded shared library c:\Users\congh\.vscode\extensions\redhat.java-1.41.1-win32-x64\jre\21.0.6-win32-x86_64\bin\zip.dll
Event: 0.171 Loaded shared library C:\Users\congh\.vscode\extensions\redhat.java-1.41.1-win32-x64\jre\21.0.6-win32-x86_64\bin\instrument.dll
Event: 0.178 Loaded shared library C:\Users\congh\.vscode\extensions\redhat.java-1.41.1-win32-x64\jre\21.0.6-win32-x86_64\bin\net.dll
Event: 0.183 Loaded shared library C:\Users\congh\.vscode\extensions\redhat.java-1.41.1-win32-x64\jre\21.0.6-win32-x86_64\bin\nio.dll
Event: 0.189 Loaded shared library C:\Users\congh\.vscode\extensions\redhat.java-1.41.1-win32-x64\jre\21.0.6-win32-x86_64\bin\zip.dll
Event: 0.213 Loaded shared library C:\Users\congh\.vscode\extensions\redhat.java-1.41.1-win32-x64\jre\21.0.6-win32-x86_64\bin\jimage.dll
Event: 0.327 Loaded shared library c:\Users\congh\.vscode\extensions\redhat.java-1.41.1-win32-x64\jre\21.0.6-win32-x86_64\bin\verify.dll
Event: 3.496 Loaded shared library C:\Users\congh\AppData\Roaming\Code\User\globalStorage\redhat.java\1.41.1\config_win\org.eclipse.equinox.launcher\org.eclipse.equinox.launcher.win32.win32.x86_64_1.2.1300.v20250331-1702\eclipse_11911.dll
Event: 10.106 Loaded shared library C:\Users\congh\AppData\Local\Temp\jna-94844387\jna5071972478508644200.dll
Event: 11.423 Loaded shared library C:\Users\congh\.vscode\extensions\redhat.java-1.41.1-win32-x64\jre\21.0.6-win32-x86_64\bin\sunmscapi.dll
Event: 11.835 Loaded shared library C:\Users\congh\.vscode\extensions\redhat.java-1.41.1-win32-x64\jre\21.0.6-win32-x86_64\bin\extnet.dll
Event: 16.680 Loaded shared library C:\Users\congh\.gradle\native\1def1411415f61bf3af743bc5b6707747c0891f09f0c88961ee8f79bc544acac\windows-amd64\native-platform.dll
Event: 18.394 Loaded shared library C:\Users\congh\.vscode\extensions\redhat.java-1.41.1-win32-x64\jre\21.0.6-win32-x86_64\bin\management.dll
Event: 18.397 Loaded shared library C:\Users\congh\.vscode\extensions\redhat.java-1.41.1-win32-x64\jre\21.0.6-win32-x86_64\bin\management_ext.dll

Deoptimization events (20 events):
Event: 1542.444 Thread 0x000001de14380c60 Uncommon trap: trap_request=0xffffffd6 fr.pc=0x000001de356a23ec relative=0x000000000000132c
Event: 1542.445 Thread 0x000001de14380c60 Uncommon trap: reason=array_check action=maybe_recompile pc=0x000001de356a23ec method=java.util.TimSort.mergeHi(IIII)V @ 282 c2
Event: 1542.445 Thread 0x000001de14380c60 DEOPT PACKING pc=0x000001de356a23ec sp=0x00000050a3cfd640
Event: 1542.445 Thread 0x000001de14380c60 DEOPT UNPACKING pc=0x000001de34116da2 sp=0x00000050a3cfd628 mode 2
Event: 1542.445 Thread 0x000001de14380c60 Uncommon trap: trap_request=0xffffff76 fr.pc=0x000001de356a2974 relative=0x00000000000018b4
Event: 1542.445 Thread 0x000001de14380c60 Uncommon trap: reason=predicate action=maybe_recompile pc=0x000001de356a2974 method=java.util.TimSort.mergeHi(IIII)V @ 308 c2
Event: 1542.445 Thread 0x000001de14380c60 DEOPT PACKING pc=0x000001de356a2974 sp=0x00000050a3cfd640
Event: 1542.445 Thread 0x000001de14380c60 DEOPT UNPACKING pc=0x000001de34116da2 sp=0x00000050a3cfd630 mode 2
Event: 1544.517 Thread 0x000001de143826a0 Uncommon trap: trap_request=0xffffff6e fr.pc=0x000001de356c1078 relative=0x00000000000007b8
Event: 1544.517 Thread 0x000001de143826a0 Uncommon trap: reason=loop_limit_check action=maybe_recompile pc=0x000001de356c1078 method=org.eclipse.jdt.internal.compiler.util.HashtableOfObjectToInt.rehash()V @ 50 c2
Event: 1544.517 Thread 0x000001de143826a0 DEOPT PACKING pc=0x000001de356c1078 sp=0x00000050a1ffd8f0
Event: 1544.517 Thread 0x000001de143826a0 DEOPT UNPACKING pc=0x000001de34116da2 sp=0x00000050a1ffd8a0 mode 2
Event: 1544.517 Thread 0x000001de0a8c2c90 Uncommon trap: trap_request=0xffffffd6 fr.pc=0x000001de3563dee0 relative=0x00000000000010c0
Event: 1544.517 Thread 0x000001de0a8c2c90 Uncommon trap: reason=array_check action=maybe_recompile pc=0x000001de3563dee0 method=java.util.TimSort.mergeHi(IIII)V @ 250 c2
Event: 1544.517 Thread 0x000001de0a8c2c90 DEOPT PACKING pc=0x000001de3563dee0 sp=0x00000050a49fe2e0
Event: 1544.517 Thread 0x000001de0a8c2c90 DEOPT UNPACKING pc=0x000001de34116da2 sp=0x00000050a49fe298 mode 2
Event: 1545.526 Thread 0x000001de14380c60 Uncommon trap: trap_request=0xffffffd6 fr.pc=0x000001de356fa3e0 relative=0x00000000000018a0
Event: 1545.526 Thread 0x000001de14380c60 Uncommon trap: reason=array_check action=maybe_recompile pc=0x000001de356fa3e0 method=java.util.TimSort.mergeHi(IIII)V @ 419 c2
Event: 1545.526 Thread 0x000001de14380c60 DEOPT PACKING pc=0x000001de356fa3e0 sp=0x00000050a3cfd5e0
Event: 1545.526 Thread 0x000001de14380c60 DEOPT UNPACKING pc=0x000001de34116da2 sp=0x00000050a3cfd5c8 mode 2

Classes loaded (20 events):
Event: 625.461 Loading class javax/xml/transform/TransformerConfigurationException
Event: 625.462 Loading class javax/xml/transform/TransformerConfigurationException done
Event: 626.161 Loading class jdk/internal/ref/CleanerImpl$InnocuousThreadFactory
Event: 626.161 Loading class jdk/internal/ref/CleanerImpl$InnocuousThreadFactory done
Event: 627.962 Loading class java/util/stream/ReduceOps$5
Event: 627.962 Loading class java/util/stream/ReduceOps$5 done
Event: 627.962 Loading class java/util/stream/ReduceOps$CountingSink$OfRef
Event: 627.963 Loading class java/util/stream/ReduceOps$CountingSink
Event: 627.963 Loading class java/util/stream/ReduceOps$CountingSink done
Event: 627.963 Loading class java/util/stream/ReduceOps$CountingSink$OfRef done
Event: 628.273 Loading class jdk/internal/module/IllegalAccessLogger
Event: 628.273 Loading class jdk/internal/module/IllegalAccessLogger done
Event: 822.237 Loading class jdk/internal/module/IllegalAccessLogger
Event: 822.237 Loading class jdk/internal/module/IllegalAccessLogger done
Event: 822.310 Loading class jdk/internal/module/IllegalAccessLogger
Event: 822.310 Loading class jdk/internal/module/IllegalAccessLogger done
Event: 1376.917 Loading class jdk/internal/module/IllegalAccessLogger
Event: 1376.917 Loading class jdk/internal/module/IllegalAccessLogger done
Event: 1376.974 Loading class jdk/internal/module/IllegalAccessLogger
Event: 1376.974 Loading class jdk/internal/module/IllegalAccessLogger done

Classes unloaded (10 events):
Event: 10.488 Thread 0x000001de3de54150 Unloading class 0x000001de3f19bc00 'java/lang/invoke/LambdaForm$MH+0x000001de3f19bc00'
Event: 10.488 Thread 0x000001de3de54150 Unloading class 0x000001de3f19b800 'java/lang/invoke/LambdaForm$MH+0x000001de3f19b800'
Event: 10.488 Thread 0x000001de3de54150 Unloading class 0x000001de3f19b400 'java/lang/invoke/LambdaForm$MH+0x000001de3f19b400'
Event: 10.488 Thread 0x000001de3de54150 Unloading class 0x000001de3f19b000 'java/lang/invoke/LambdaForm$MH+0x000001de3f19b000'
Event: 10.488 Thread 0x000001de3de54150 Unloading class 0x000001de3f19ac00 'java/lang/invoke/LambdaForm$BMH+0x000001de3f19ac00'
Event: 10.488 Thread 0x000001de3de54150 Unloading class 0x000001de3f19a800 'java/lang/invoke/LambdaForm$DMH+0x000001de3f19a800'
Event: 10.488 Thread 0x000001de3de54150 Unloading class 0x000001de3f199400 'java/lang/invoke/LambdaForm$DMH+0x000001de3f199400'
Event: 628.071 Thread 0x000001de3de54150 Unloading class 0x000001de3fae5400 'java/lang/invoke/LambdaForm$MH+0x000001de3fae5400'
Event: 628.071 Thread 0x000001de3de54150 Unloading class 0x000001de3fae4c00 'java/lang/invoke/LambdaForm$DMH+0x000001de3fae4c00'
Event: 628.071 Thread 0x000001de3de54150 Unloading class 0x000001de3fae4000 'java/lang/invoke/LambdaForm$DMH+0x000001de3fae4000'

Classes redefined (0 events):
No events

Internal exceptions (20 events):
Event: 1377.526 Thread 0x000001de092d7a50 Exception <a 'sun/nio/fs/WindowsException'{0x00000000eae28b50}> (0x00000000eae28b50) 
thrown [s\src\hotspot\share\prims\jni.cpp, line 520]
Event: 1377.527 Thread 0x000001de092d7a50 Exception <a 'sun/nio/fs/WindowsException'{0x00000000eae2a3a0}> (0x00000000eae2a3a0) 
thrown [s\src\hotspot\share\prims\jni.cpp, line 520]
Event: 1377.527 Thread 0x000001de092d7a50 Exception <a 'sun/nio/fs/WindowsException'{0x00000000eae2ac08}> (0x00000000eae2ac08) 
thrown [s\src\hotspot\share\prims\jni.cpp, line 520]
Event: 1377.539 Thread 0x000001de092d7a50 Exception <a 'sun/nio/fs/WindowsException'{0x00000000eb34b2f8}> (0x00000000eb34b2f8) 
thrown [s\src\hotspot\share\prims\jni.cpp, line 520]
Event: 1377.539 Thread 0x000001de092d7a50 Exception <a 'sun/nio/fs/WindowsException'{0x00000000eb34bb58}> (0x00000000eb34bb58) 
thrown [s\src\hotspot\share\prims\jni.cpp, line 520]
Event: 1377.539 Thread 0x000001de092d7a50 Exception <a 'sun/nio/fs/WindowsException'{0x00000000eb34c808}> (0x00000000eb34c808) 
thrown [s\src\hotspot\share\prims\jni.cpp, line 520]
Event: 1377.539 Thread 0x000001de092d7a50 Exception <a 'sun/nio/fs/WindowsException'{0x00000000eb34d068}> (0x00000000eb34d068) 
thrown [s\src\hotspot\share\prims\jni.cpp, line 520]
Event: 1377.539 Thread 0x000001de092d7a50 Exception <a 'sun/nio/fs/WindowsException'{0x00000000eb34e8d0}> (0x00000000eb34e8d0) 
thrown [s\src\hotspot\share\prims\jni.cpp, line 520]
Event: 1377.539 Thread 0x000001de092d7a50 Exception <a 'sun/nio/fs/WindowsException'{0x00000000eb34f138}> (0x00000000eb34f138) 
thrown [s\src\hotspot\share\prims\jni.cpp, line 520]
Event: 1377.541 Thread 0x000001de092d7a50 Exception <a 'sun/nio/fs/WindowsException'{0x00000000eb4ce8a8}> (0x00000000eb4ce8a8) 
thrown [s\src\hotspot\share\prims\jni.cpp, line 520]
Event: 1377.541 Thread 0x000001de092d7a50 Exception <a 'sun/nio/fs/WindowsException'{0x00000000eb4cf108}> (0x00000000eb4cf108) 
thrown [s\src\hotspot\share\prims\jni.cpp, line 520]
Event: 1377.542 Thread 0x000001de092d7a50 Exception <a 'sun/nio/fs/WindowsException'{0x00000000eb4cfdb8}> (0x00000000eb4cfdb8) 
thrown [s\src\hotspot\share\prims\jni.cpp, line 520]
Event: 1377.542 Thread 0x000001de092d7a50 Exception <a 'sun/nio/fs/WindowsException'{0x00000000eb4d0618}> (0x00000000eb4d0618) 
thrown [s\src\hotspot\share\prims\jni.cpp, line 520]
Event: 1377.542 Thread 0x000001de092d7a50 Exception <a 'sun/nio/fs/WindowsException'{0x00000000eb4d1e80}> (0x00000000eb4d1e80) 
thrown [s\src\hotspot\share\prims\jni.cpp, line 520]
Event: 1377.542 Thread 0x000001de092d7a50 Exception <a 'sun/nio/fs/WindowsException'{0x00000000eb4d26e8}> (0x00000000eb4d26e8) 
thrown [s\src\hotspot\share\prims\jni.cpp, line 520]
Event: 1401.016 Thread 0x000001de0a8c2c90 Exception <a 'sun/nio/fs/WindowsException'{0x00000000eb562e70}> (0x00000000eb562e70) 
thrown [s\src\hotspot\share\prims\jni.cpp, line 520]
Event: 1401.016 Thread 0x000001de0a8c2c90 Exception <a 'sun/nio/fs/WindowsException'{0x00000000eb5636d0}> (0x00000000eb5636d0) 
thrown [s\src\hotspot\share\prims\jni.cpp, line 520]
Event: 1401.020 Thread 0x000001de0a8c2c90 Exception <a 'sun/nio/fs/WindowsException'{0x00000000eb5d5800}> (0x00000000eb5d5800) 
thrown [s\src\hotspot\share\prims\jni.cpp, line 520]
Event: 1401.020 Thread 0x000001de0a8c2c90 Exception <a 'sun/nio/fs/WindowsException'{0x00000000eb5d60c8}> (0x00000000eb5d60c8) 
thrown [s\src\hotspot\share\prims\jni.cpp, line 520]
Event: 1401.033 Thread 0x000001de0a8c2c90 Exception <a 'sun/nio/fs/WindowsException'{0x00000000eb7ff4d0}> (0x00000000eb7ff4d0) 
thrown [s\src\hotspot\share\prims\jni.cpp, line 520]

ZGC Phase Switch (0 events):
No events

VM Operations (20 events):
Event: 1389.772 Executing VM operation: ParallelGCFailedAllocation (Allocation Failure)
Event: 1389.774 Executing VM operation: ParallelGCFailedAllocation (Allocation Failure) done
Event: 1389.802 Executing VM operation: ParallelGCFailedAllocation (Allocation Failure)
Event: 1389.804 Executing VM operation: ParallelGCFailedAllocation (Allocation Failure) done
Event: 1389.853 Executing VM operation: ParallelGCFailedAllocation (Allocation Failure)
Event: 1389.855 Executing VM operation: ParallelGCFailedAllocation (Allocation Failure) done
Event: 1391.855 Executing VM operation: Cleanup
Event: 1391.855 Executing VM operation: Cleanup done
Event: 1401.033 Executing VM operation: ParallelGCFailedAllocation (Allocation Failure)
Event: 1401.036 Executing VM operation: ParallelGCFailedAllocation (Allocation Failure) done
Event: 1443.200 Executing VM operation: HandshakeAllThreads (HandshakeForDeflation)
Event: 1443.201 Executing VM operation: HandshakeAllThreads (HandshakeForDeflation) done
Event: 1443.201 Executing VM operation: RendezvousGCThreads
Event: 1443.201 Executing VM operation: RendezvousGCThreads done
Event: 1451.202 Executing VM operation: Cleanup
Event: 1451.202 Executing VM operation: Cleanup done
Event: 1542.473 Executing VM operation: ParallelGCFailedAllocation (Allocation Failure)
Event: 1544.499 Executing VM operation: ParallelGCFailedAllocation (Allocation Failure) done
Event: 1544.527 Executing VM operation: ParallelGCFailedAllocation (Allocation Failure)
Event: 1544.531 Executing VM operation: ParallelGCFailedAllocation (Allocation Failure) done

Memory protections (0 events):
No events

Nmethod flushes (20 events):
Event: 628.122 Thread 0x000001de3de54150 flushing  nmethod 0x000001de2e6ff890
Event: 628.122 Thread 0x000001de3de54150 flushing  nmethod 0x000001de2e704890
Event: 628.122 Thread 0x000001de3de54150 flushing  nmethod 0x000001de2e707890
Event: 628.122 Thread 0x000001de3de54150 flushing  nmethod 0x000001de2e729990
Event: 628.122 Thread 0x000001de3de54150 flushing  nmethod 0x000001de2e734690
Event: 628.122 Thread 0x000001de3de54150 flushing  nmethod 0x000001de2e735710
Event: 628.122 Thread 0x000001de3de54150 flushing  nmethod 0x000001de2e735e10
Event: 628.123 Thread 0x000001de3de54150 flushing  nmethod 0x000001de2e73a990
Event: 628.123 Thread 0x000001de3de54150 flushing  nmethod 0x000001de2e73ff90
Event: 628.123 Thread 0x000001de3de54150 flushing  nmethod 0x000001de2e742790
Event: 628.123 Thread 0x000001de3de54150 flushing  nmethod 0x000001de2e745610
Event: 628.123 Thread 0x000001de3de54150 flushing  nmethod 0x000001de2e745c90
Event: 628.123 Thread 0x000001de3de54150 flushing  nmethod 0x000001de2e773b90
Event: 628.123 Thread 0x000001de3de54150 flushing  nmethod 0x000001de2e7e0710
Event: 628.123 Thread 0x000001de3de54150 flushing  nmethod 0x000001de2e808010
Event: 628.123 Thread 0x000001de3de54150 flushing  nmethod 0x000001de2e809390
Event: 628.123 Thread 0x000001de3de54150 flushing  nmethod 0x000001de2e843010
Event: 628.123 Thread 0x000001de3de54150 flushing  nmethod 0x000001de2e859e90
Event: 628.123 Thread 0x000001de3de54150 flushing  nmethod 0x000001de2e8e1990
Event: 628.123 Thread 0x000001de3de54150 flushing osr nmethod 0x000001de2e8e6610

Events (20 events):
Event: 1377.396 Thread 0x000001de07c343e0 Thread exited: 0x000001de07c343e0
Event: 1389.862 Thread 0x000001de003c62e0 Thread added: 0x000001de07c321d0
Event: 1394.889 Thread 0x000001de07c321d0 Thread exited: 0x000001de07c321d0
Event: 1401.040 Thread 0x000001de003c62e0 Thread added: 0x000001de07c343e0
Event: 1401.040 Thread 0x000001de003c62e0 Thread added: 0x000001de07c31430
Event: 1401.041 Thread 0x000001de003c62e0 Thread added: 0x000001de07c35850
Event: 1406.043 Thread 0x000001de07c35850 Thread exited: 0x000001de07c35850
Event: 1411.043 Thread 0x000001de07c31430 Thread exited: 0x000001de07c31430
Event: 1416.044 Thread 0x000001de07c343e0 Thread exited: 0x000001de07c343e0
Event: 1436.943 Thread 0x000001de084f4150 Thread exited: 0x000001de084f4150
Event: 1436.975 Thread 0x000001de08215350 Thread exited: 0x000001de08215350
Event: 1438.546 Thread 0x000001de14387560 Thread exited: 0x000001de14387560
Event: 1438.597 Thread 0x000001de0a8c3320 Thread exited: 0x000001de0a8c3320
Event: 1449.889 Thread 0x000001de08701fb0 Thread exited: 0x000001de08701fb0
Event: 1461.015 Thread 0x000001de092d7a50 Thread exited: 0x000001de092d7a50
Event: 1496.943 Thread 0x000001de082159e0 Thread exited: 0x000001de082159e0
Event: 1509.891 Thread 0x000001de08701920 Thread exited: 0x000001de08701920
Event: 1544.526 Thread 0x000001de003c62e0 Thread added: 0x000001de07c343e0
Event: 1544.535 Thread 0x000001de003c62e0 Thread added: 0x000001de07c328a0
Event: 1544.545 Thread 0x000001de003c62e0 Thread added: 0x000001de07c31430


Dynamic libraries:
0x00007ff79f9c0000 - 0x00007ff79f9ce000 	c:\Users\congh\.vscode\extensions\redhat.java-1.41.1-win32-x64\jre\21.0.6-win32-x86_64\bin\java.exe
0x00007fff70dc0000 - 0x00007fff71026000 	C:\WINDOWS\SYSTEM32\ntdll.dll
0x00007fff6f0a0000 - 0x00007fff6f169000 	C:\WINDOWS\System32\KERNEL32.DLL
0x00007fff6e320000 - 0x00007fff6e6ec000 	C:\WINDOWS\System32\KERNELBASE.dll
0x00007fff6e1d0000 - 0x00007fff6e31b000 	C:\WINDOWS\System32\ucrtbase.dll
0x00007fff2a9a0000 - 0x00007fff2a9b8000 	c:\Users\congh\.vscode\extensions\redhat.java-1.41.1-win32-x64\jre\21.0.6-win32-x86_64\bin\jli.dll
0x00007fff35040000 - 0x00007fff3505e000 	c:\Users\congh\.vscode\extensions\redhat.java-1.41.1-win32-x64\jre\21.0.6-win32-x86_64\bin\VCRUNTIME140.dll
0x00007fff6ed90000 - 0x00007fff6ef5a000 	C:\WINDOWS\System32\USER32.dll
0x00007fff572d0000 - 0x00007fff5756a000 	C:\WINDOWS\WinSxS\amd64_microsoft.windows.common-controls_6595b64144ccf1df_6.0.26100.3912_none_3e07963ce335137e\COMCTL32.dll
0x00007fff6ea90000 - 0x00007fff6eab7000 	C:\WINDOWS\System32\win32u.dll
0x00007fff6eb80000 - 0x00007fff6ec29000 	C:\WINDOWS\System32\msvcrt.dll
0x00007fff70d10000 - 0x00007fff70d3b000 	C:\WINDOWS\System32\GDI32.dll
0x00007fff6e000000 - 0x00007fff6e132000 	C:\WINDOWS\System32\gdi32full.dll
0x00007fff6df50000 - 0x00007fff6dff3000 	C:\WINDOWS\System32\msvcp_win.dll
0x00007fff70d40000 - 0x00007fff70d70000 	C:\WINDOWS\System32\IMM32.DLL
0x00007fff55160000 - 0x00007fff5516c000 	c:\Users\congh\.vscode\extensions\redhat.java-1.41.1-win32-x64\jre\21.0.6-win32-x86_64\bin\vcruntime140_1.dll
0x00007fff21cf0000 - 0x00007fff21d7d000 	c:\Users\congh\.vscode\extensions\redhat.java-1.41.1-win32-x64\jre\21.0.6-win32-x86_64\bin\msvcp140.dll
0x00007ffebe000000 - 0x00007ffebed90000 	c:\Users\congh\.vscode\extensions\redhat.java-1.41.1-win32-x64\jre\21.0.6-win32-x86_64\bin\server\jvm.dll
0x00007fff70b10000 - 0x00007fff70bc2000 	C:\WINDOWS\System32\ADVAPI32.dll
0x00007fff6f990000 - 0x00007fff6fa36000 	C:\WINDOWS\System32\sechost.dll
0x00007fff6f320000 - 0x00007fff6f436000 	C:\WINDOWS\System32\RPCRT4.dll
0x00007fff70960000 - 0x00007fff709d4000 	C:\WINDOWS\System32\WS2_32.dll
0x00007fff6cb50000 - 0x00007fff6cbae000 	C:\WINDOWS\SYSTEM32\POWRPROF.dll
0x00007fff5b500000 - 0x00007fff5b50b000 	C:\WINDOWS\SYSTEM32\VERSION.dll
0x00007fff5b310000 - 0x00007fff5b346000 	C:\WINDOWS\SYSTEM32\WINMM.dll
0x00007fff6cb30000 - 0x00007fff6cb44000 	C:\WINDOWS\SYSTEM32\UMPDC.dll
0x00007fff6ce30000 - 0x00007fff6ce4a000 	C:\WINDOWS\SYSTEM32\kernel.appcore.dll
0x00007fff30b30000 - 0x00007fff30b3a000 	c:\Users\congh\.vscode\extensions\redhat.java-1.41.1-win32-x64\jre\21.0.6-win32-x86_64\bin\jimage.dll
0x00007fff6b670000 - 0x00007fff6b8b1000 	C:\WINDOWS\SYSTEM32\DBGHELP.DLL
0x00007fff6f440000 - 0x00007fff6f7c4000 	C:\WINDOWS\System32\combase.dll
0x00007fff6ec30000 - 0x00007fff6ed10000 	C:\WINDOWS\System32\OLEAUT32.dll
0x00007fff4ced0000 - 0x00007fff4cf09000 	C:\WINDOWS\SYSTEM32\dbgcore.DLL
0x00007fff6e870000 - 0x00007fff6e909000 	C:\WINDOWS\System32\bcryptPrimitives.dll
0x00007fff255a0000 - 0x00007fff255af000 	c:\Users\congh\.vscode\extensions\redhat.java-1.41.1-win32-x64\jre\21.0.6-win32-x86_64\bin\instrument.dll
0x00007fff279d0000 - 0x00007fff279ef000 	c:\Users\congh\.vscode\extensions\redhat.java-1.41.1-win32-x64\jre\21.0.6-win32-x86_64\bin\java.dll
0x00007fff70230000 - 0x00007fff7095d000 	C:\WINDOWS\System32\SHELL32.dll
0x00007fff6e910000 - 0x00007fff6ea84000 	C:\WINDOWS\System32\wintypes.dll
0x00007fff6bbd0000 - 0x00007fff6c426000 	C:\WINDOWS\SYSTEM32\windows.storage.dll
0x00007fff6f220000 - 0x00007fff6f30f000 	C:\WINDOWS\System32\SHCORE.dll
0x00007fff6ed20000 - 0x00007fff6ed89000 	C:\WINDOWS\System32\shlwapi.dll
0x00007fff6de60000 - 0x00007fff6de8f000 	C:\WINDOWS\SYSTEM32\profapi.dll
0x00007fff254e0000 - 0x00007fff254f8000 	c:\Users\congh\.vscode\extensions\redhat.java-1.41.1-win32-x64\jre\21.0.6-win32-x86_64\bin\zip.dll
0x00007fff28220000 - 0x00007fff28230000 	C:\Users\congh\.vscode\extensions\redhat.java-1.41.1-win32-x64\jre\21.0.6-win32-x86_64\bin\net.dll
0x00007fff5cdc0000 - 0x00007fff5cede000 	C:\WINDOWS\SYSTEM32\WINHTTP.dll
0x00007fff6d3a0000 - 0x00007fff6d40a000 	C:\WINDOWS\system32\mswsock.dll
0x00007fff255b0000 - 0x00007fff255c6000 	C:\Users\congh\.vscode\extensions\redhat.java-1.41.1-win32-x64\jre\21.0.6-win32-x86_64\bin\nio.dll
0x00007fff25590000 - 0x00007fff255a0000 	c:\Users\congh\.vscode\extensions\redhat.java-1.41.1-win32-x64\jre\21.0.6-win32-x86_64\bin\verify.dll
0x00007fff255e0000 - 0x00007fff25625000 	C:\Users\congh\AppData\Roaming\Code\User\globalStorage\redhat.java\1.41.1\config_win\org.eclipse.equinox.launcher\org.eclipse.equinox.launcher.win32.win32.x86_64_1.2.1300.v20250331-1702\eclipse_11911.dll
0x00007fff6f7e0000 - 0x00007fff6f97f000 	C:\WINDOWS\System32\ole32.dll
0x00007fff6d650000 - 0x00007fff6d66c000 	C:\WINDOWS\SYSTEM32\CRYPTSP.dll
0x00007fff6cd70000 - 0x00007fff6cdaa000 	C:\WINDOWS\system32\rsaenh.dll
0x00007fff6d440000 - 0x00007fff6d46b000 	C:\WINDOWS\SYSTEM32\USERENV.dll
0x00007fff6de30000 - 0x00007fff6de56000 	C:\WINDOWS\SYSTEM32\bcrypt.dll
0x00007fff6d640000 - 0x00007fff6d64c000 	C:\WINDOWS\SYSTEM32\CRYPTBASE.dll
0x00007fff6c790000 - 0x00007fff6c7c3000 	C:\WINDOWS\SYSTEM32\IPHLPAPI.DLL
0x00007fff70220000 - 0x00007fff7022a000 	C:\WINDOWS\System32\NSI.dll
0x00007ffef7dd0000 - 0x00007ffef7e19000 	C:\Users\congh\AppData\Local\Temp\jna-94844387\jna5071972478508644200.dll
0x00007fff70b00000 - 0x00007fff70b08000 	C:\WINDOWS\System32\PSAPI.DLL
0x00007fff5ccf0000 - 0x00007fff5cd0f000 	C:\WINDOWS\SYSTEM32\dhcpcsvc6.DLL
0x00007fff5ccc0000 - 0x00007fff5cce5000 	C:\WINDOWS\SYSTEM32\dhcpcsvc.DLL
0x00007fff25520000 - 0x00007fff2552e000 	C:\Users\congh\.vscode\extensions\redhat.java-1.41.1-win32-x64\jre\21.0.6-win32-x86_64\bin\sunmscapi.dll
0x00007fff6e6f0000 - 0x00007fff6e867000 	C:\WINDOWS\System32\CRYPT32.dll
0x00007fff6d850000 - 0x00007fff6d880000 	C:\WINDOWS\SYSTEM32\ncrypt.dll
0x00007fff6d800000 - 0x00007fff6d83f000 	C:\WINDOWS\SYSTEM32\NTASN1.dll
0x00007fff6c880000 - 0x00007fff6c9a7000 	C:\WINDOWS\SYSTEM32\DNSAPI.dll
0x00007fff5d080000 - 0x00007fff5d08b000 	C:\Windows\System32\rasadhlp.dll
0x00007fff5c5c0000 - 0x00007fff5c646000 	C:\WINDOWS\System32\fwpuclnt.dll
0x00007fff25510000 - 0x00007fff25519000 	C:\Users\congh\.vscode\extensions\redhat.java-1.41.1-win32-x64\jre\21.0.6-win32-x86_64\bin\extnet.dll
0x00007fff28270000 - 0x00007fff28297000 	C:\Users\congh\.gradle\native\1def1411415f61bf3af743bc5b6707747c0891f09f0c88961ee8f79bc544acac\windows-amd64\native-platform.dll
0x00007fff25540000 - 0x00007fff2554a000 	C:\Users\congh\.vscode\extensions\redhat.java-1.41.1-win32-x64\jre\21.0.6-win32-x86_64\bin\management.dll
0x00007fff25530000 - 0x00007fff2553b000 	C:\Users\congh\.vscode\extensions\redhat.java-1.41.1-win32-x64\jre\21.0.6-win32-x86_64\bin\management_ext.dll
0x00007fff45ba0000 - 0x00007fff45ba8000 	C:\WINDOWS\system32\wshunix.dll

dbghelp: loaded successfully - version: 4.0.5 - missing functions: none
symbol engine: initialized successfully - sym options: 0x614 - pdb path: .;c:\Users\congh\.vscode\extensions\redhat.java-1.41.1-win32-x64\jre\21.0.6-win32-x86_64\bin;C:\WINDOWS\SYSTEM32;C:\WINDOWS\WinSxS\amd64_microsoft.windows.common-controls_6595b64144ccf1df_6.0.26100.3912_none_3e07963ce335137e;c:\Users\congh\.vscode\extensions\redhat.java-1.41.1-win32-x64\jre\21.0.6-win32-x86_64\bin\server;C:\Users\congh\AppData\Roaming\Code\User\globalStorage\redhat.java\1.41.1\config_win\org.eclipse.equinox.launcher\org.eclipse.equinox.launcher.win32.win32.x86_64_1.2.1300.v20250331-1702;C:\Users\congh\AppData\Local\Temp\jna-94844387;C:\Users\congh\.gradle\native\1def1411415f61bf3af743bc5b6707747c0891f09f0c88961ee8f79bc544acac\windows-amd64

VM Arguments:
jvm_args: --add-modules=ALL-SYSTEM --add-opens=java.base/java.util=ALL-UNNAMED --add-opens=java.base/java.lang=ALL-UNNAMED --add-opens=java.base/sun.nio.fs=ALL-UNNAMED -Declipse.application=org.eclipse.jdt.ls.core.id1 -Dosgi.bundles.defaultStartLevel=4 -Declipse.product=org.eclipse.jdt.ls.core.product -Djava.import.generatesMetadataFilesAtProjectRoot=false -DDetectVMInstallationsJob.disabled=true -Dfile.encoding=utf8 -XX:+UseParallelGC -XX:GCTimeRatio=4 -XX:AdaptiveSizePolicyWeight=90 -Dsun.zip.disableMemoryMapping=true -Xmx1G -Xms100m -Xlog:disable -javaagent:c:\Users\congh\.vscode\extensions\redhat.java-1.41.1-win32-x64\lombok\lombok-1.18.36.jar -XX:+HeapDumpOnOutOfMemoryError -XX:HeapDumpPath=c:\Users\congh\AppData\Roaming\Code\User\workspaceStorage\d6fd6c32df5d01ef712cebc9480e7496\redhat.java -Daether.dependencyCollector.impl=bf 
java_command: c:\Users\congh\.vscode\extensions\redhat.java-1.41.1-win32-x64\server\plugins\org.eclipse.equinox.launcher_1.7.0.v20250331-1702.jar -configuration c:\Users\congh\AppData\Roaming\Code\User\globalStorage\redhat.java\1.41.1\config_win -data c:\Users\congh\AppData\Roaming\Code\User\workspaceStorage\d6fd6c32df5d01ef712cebc9480e7496\redhat.java\jdt_ws --pipe=\\.\pipe\lsp-01109a89afa01cabe69604be6805f678-sock
java_class_path (initial): c:\Users\congh\.vscode\extensions\redhat.java-1.41.1-win32-x64\server\plugins\org.eclipse.equinox.launcher_1.7.0.v20250331-1702.jar
Launcher Type: SUN_STANDARD

[Global flags]
    uintx AdaptiveSizePolicyWeight                 = 90                                        {product} {command line}
     intx CICompilerCount                          = 12                                        {product} {ergonomic}
    uintx GCTimeRatio                              = 4                                         {product} {command line}
     bool HeapDumpOnOutOfMemoryError               = true                                   {manageable} {command line}
    ccstr HeapDumpPath                             = c:\Users\congh\AppData\Roaming\Code\User\workspaceStorage\d6fd6c32df5d01ef712cebc9480e7496\redhat.java         {manageable} {command line}
   size_t InitialHeapSize                          = 104857600                                 {product} {command line}
   size_t MaxHeapSize                              = 1073741824                                {product} {command line}
   size_t MaxNewSize                               = 357564416                                 {product} {ergonomic}
   size_t MinHeapDeltaBytes                        = 524288                                    {product} {ergonomic}
   size_t MinHeapSize                              = 104857600                                 {product} {command line}
   size_t NewSize                                  = 34603008                                  {product} {ergonomic}
    uintx NonNMethodCodeHeapSize                   = 7602480                                {pd product} {ergonomic}
    uintx NonProfiledCodeHeapSize                  = 122027880                              {pd product} {ergonomic}
   size_t OldSize                                  = 70254592                                  {product} {ergonomic}
    uintx ProfiledCodeHeapSize                     = 122027880                              {pd product} {ergonomic}
    uintx ReservedCodeCacheSize                    = 251658240                              {pd product} {ergonomic}
     bool SegmentedCodeCache                       = true                                      {product} {ergonomic}
   size_t SoftMaxHeapSize                          = 1073741824                             {manageable} {ergonomic}
     bool UseCompressedOops                        = true                           {product lp64_product} {ergonomic}
     bool UseLargePagesIndividualAllocation        = false                                  {pd product} {ergonomic}
     bool UseParallelGC                            = true                                      {product} {command line}

Logging:
Log output configuration:
 #0: stdout all=off uptime,level,tags foldmultilines=false
 #1: stderr all=off uptime,level,tags foldmultilines=false

Environment Variables:
JAVA_HOME=C:\Program Files\Java\jdk-17
PATH=C:\Program Files\Common Files\Oracle\Java\javapath;C:\Windows;C:\Windows\System32\Wbem;C:\Windows\System32\WindowsPowerShell\v1.0\;C:\Windows\System32\OpenSSH\;C:\Program Files (x86)\NVIDIA Corporation\PhysX\Common;C:\Program Files\NVIDIA Corporation\NVIDIA NvDLISR;C:\WINDOWS\system32;C:\WINDOWS;C:\WINDOWS\System32\Wbem;C:\WINDOWS\System32\WindowsPowerShell\v1.0\;C:\WINDOWS\System32\OpenSSH\;C:\Program Files (x86)\Embarcadero\Dev-Cpp\TDM-GCC-64\bin;C:\MongoDB\Server\6.0\bin;C:\mongosh-1.6.1\bin;C:\Program Files\Azure Data Studio\bin;C:\Program Files (x86)\Microsoft SQL Server\160\DTS\Binn\;C:\Program Files (x86)\Microsoft SQL Server\160\Tools\Binn\;C:\Program Files\Microsoft SQL Server\160\Tools\Binn\;C:\Program Files\Microsoft SQL Server\Client SDK\ODBC\170\Tools\Binn\;C:\Program Files\Microsoft SQL Server\160\DTS\Binn\;C:\Users\congh\AppData\Local\Programs\Python\Python312;C:\Program Files\dotnet\;C:\Program Files\Cloudflare\Cloudflare WARP\;C:\Git\cmd;C:\Program Files\nodejs;C:\Program Files\Java\jdk-17\bin;D:\WWW\payara-6.2024.9\payara6\bin;C:\Program Files\Java\jdk-17\bin;D:\WWW\apache-maven-3.9.9-src\apache-maven-3.9.9\apache-maven\src\bin;;C:\Program Files\Docker\Docker\resources\bin;C:\Users\congh\AppData\Local\Programs\Python\Launcher\;C:\Users\congh\AppData\Local\Microsoft\WindowsApps;C:\Program Files (x86)\Embarcadero\Dev-Cpp\TDM-GCC-64\bin;C:\Microsoft VS Code\bin;C:\Program Files\Azure Data Studio\bin;C:\Program Files\JetBrains\IntelliJ IDEA Community Edition 2023.3.2\bin;;C:\Users\congh\AppData\Roaming\npm;C:\Program Files\JetBrains\IntelliJ IDEA 2024.2.0.2\bin;;C:\Users\congh\AppData\Local\Microsoft\WinGet\Packages\Schniz.fnm_Microsoft.Winget.Source_8wekyb3d8bbwe;C:\Users\congh\.dotnet\tools;
USERNAME=congh
OS=Windows_NT
PROCESSOR_IDENTIFIER=Intel64 Family 6 Model 141 Stepping 1, GenuineIntel
TMP=C:\Users\congh\AppData\Local\Temp
TEMP=C:\Users\congh\AppData\Local\Temp




Periodic native trim disabled

---------------  S Y S T E M  ---------------

OS:
 Windows 11 , 64 bit Build 26100 (10.0.26100.3912)
OS uptime: 0 days 13:50 hours
Hyper-V role detected

CPU: total 16 (initial active 16) (8 cores per cpu, 2 threads per core) family 6 model 141 stepping 1 microcode 0x3c, cx8, cmov, fxsr, ht, mmx, 3dnowpref, sse, sse2, sse3, ssse3, sse4.1, sse4.2, popcnt, lzcnt, tsc, tscinvbit, avx, avx2, aes, erms, clmul, bmi1, bmi2, adx, avx512f, avx512dq, avx512cd, avx512bw, avx512vl, sha, fma, vzeroupper, avx512_vpopcntdq, avx512_vpclmulqdq, avx512_vaes, avx512_vnni, clflush, clflushopt, clwb, avx512_vbmi2, avx512_vbmi, hv, rdtscp, rdpid, fsrm, gfni, avx512_bitalg, f16c, cet_ibt, cet_ss, avx512_ifma
Processor Information for the first 16 processors :
  Max Mhz: 2304, Current Mhz: 2304, Mhz Limit: 2304

Memory: 4k page, system-wide physical 16163M (769M free)
TotalPageFile size 32307M (AvailPageFile size 1M)
current process WorkingSet (physical memory assigned to process): 156M, peak: 1123M
current process commit charge ("private bytes"): 901M, peak: 1060M

vm_info: OpenJDK 64-Bit Server VM (21.0.6+7-LTS) for windows-amd64 JRE (21.0.6+7-LTS), built on 2025-01-21T00:00:00Z by "admin" with MS VC++ 17.7 (VS2022)

END.
