#
# There is insufficient memory for the Java Runtime Environment to continue.
# Native memory allocation (malloc) failed to allocate 1127296 bytes for Chunk::new
# Possible reasons:
#   The system is out of physical RAM or swap space
#   The process is running with CompressedOops enabled, and the Java Heap may be blocking the growth of the native heap
# Possible solutions:
#   Reduce memory load on the system
#   Increase physical memory or swap space
#   Check if swap backing store is full
#   Decrease Java heap size (-Xmx/-Xms)
#   Decrease number of Java threads
#   Decrease Java thread stack sizes (-Xss)
#   Set larger code cache with -XX:ReservedCodeCacheSize=
#   JVM is running with Unscaled Compressed Oops mode in which the Java heap is
#     placed in the first 4GB address space. The Java Heap base address is the
#     maximum limit for the native heap growth. Please use -XX:HeapBaseMinAddress
#     to set the Java Heap base and to place the Java Heap above 4GB virtual address.
# This output file may be truncated or incomplete.
#
#  Out of Memory Error (arena.cpp:189), pid=15016, tid=16288
#
# JRE version: Java(TM) SE Runtime Environment (17.0.11+7) (build 17.0.11+7-LTS-207)
# Java VM: Java HotSpot(TM) 64-Bit Server VM (17.0.11+7-LTS-207, mixed mode, sharing, tiered, compressed oops, compressed class ptrs, g1 gc, windows-amd64)
# No core dump will be written. Minidumps are not enabled by default on client versions of Windows
#

---------------  S U M M A R Y ------------

Command Line: --add-opens=java.base/java.lang=ALL-UNNAMED --add-opens=java.base/java.lang.invoke=ALL-UNNAMED --add-opens=java.base/java.util=ALL-UNNAMED --add-opens=java.prefs/java.util.prefs=ALL-UNNAMED --add-exports=jdk.compiler/com.sun.tools.javac.api=ALL-UNNAMED --add-exports=jdk.compiler/com.sun.tools.javac.util=ALL-UNNAMED --add-opens=java.base/java.util=ALL-UNNAMED --add-opens=java.prefs/java.util.prefs=ALL-UNNAMED --add-opens=java.base/java.nio.charset=ALL-UNNAMED --add-opens=java.base/java.net=ALL-UNNAMED --add-opens=java.base/java.util.concurrent.atomic=ALL-UNNAMED --add-opens=java.xml/javax.xml.namespace=ALL-UNNAMED -XX:MaxMetaspaceSize=384m -XX:+HeapDumpOnOutOfMemoryError -Xms256m -Xmx512m -Dfile.encoding=UTF-8 -Duser.country=US -Duser.language=en -Duser.variant -javaagent:C:\Users\congh\.gradle\wrapper\dists\gradle-8.13-bin\5xuhj0ry160q40clulazy9h7d\gradle-8.13\lib\agents\gradle-instrumentation-agent-8.13.jar org.gradle.launcher.daemon.bootstrap.GradleDaemon 8.13

Host: 11th Gen Intel(R) Core(TM) i7-11800H @ 2.30GHz, 16 cores, 15G,  Windows 11 , 64 bit Build 26100 (10.0.26100.3912)
Time: Mon Apr 28 14:28:33 2025 SE Asia Standard Time elapsed time: 4.979723 seconds (0d 0h 0m 4s)

---------------  T H R E A D  ---------------

Current thread (0x00000212e9c80cf0):  JavaThread "C2 CompilerThread0" daemon [_thread_in_native, id=16288, stack(0x0000007780300000,0x0000007780400000)]


Current CompileTask:
C2:   4979 3117       4       java.lang.invoke.MethodType::makeImpl (109 bytes)

Stack: [0x0000007780300000,0x0000007780400000]
Native frames: (J=compiled Java code, j=interpreted, Vv=VM code, C=native code)
V  [jvm.dll+0x679cca]
V  [jvm.dll+0x7da13d]
V  [jvm.dll+0x7dba83]
V  [jvm.dll+0x7dc0f3]
V  [jvm.dll+0x2449af]
V  [jvm.dll+0xab83b]
V  [jvm.dll+0xabe1c]
V  [jvm.dll+0x3615ae]
V  [jvm.dll+0x1b9dda]
V  [jvm.dll+0x216337]
V  [jvm.dll+0x21560f]
V  [jvm.dll+0x1a2040]
V  [jvm.dll+0x225a2b]
V  [jvm.dll+0x223bcb]
V  [jvm.dll+0x7903ec]
V  [jvm.dll+0x78a85a]
V  [jvm.dll+0x678bb5]
C  [ucrtbase.dll+0x37b0]
C  [KERNEL32.DLL+0x2e8d7]
C  [ntdll.dll+0x9c5dc]


---------------  P R O C E S S  ---------------

Threads class SMR info:
_java_thread_list=0x0000021286257e40, length=35, elements={
0x00000212ce0a5c00, 0x00000212e9c64480, 0x00000212e9c65ac0, 0x00000212e9c77b60,
0x00000212e9c7a440, 0x00000212e9c7b880, 0x00000212e9c7dcd0, 0x00000212e9c80cf0,
0x00000212e9c93970, 0x00000212ff008070, 0x00000212ff0fb240, 0x00000212ff104230,
0x00000212ff104750, 0x00000212ff12d230, 0x00000212ff0fdfd0, 0x00000212ff0fd0a0,
0x00000212ff0fb750, 0x00000212ff0fe4e0, 0x00000212ff0fcb90, 0x00000212ff0fd5b0,
0x00000212ff0fdac0, 0x00000212ff0fbc60, 0x00000212ff0fc680, 0x00000212ff0fe9f0,
0x0000021285b81120, 0x0000021285b7edb0, 0x0000021285b7e8a0, 0x0000021285b82a70,
0x00000212865d95a0, 0x0000021287aac410, 0x00000212882fe350, 0x0000021285b80c10,
0x0000021285b81b40, 0x0000021285b81630, 0x0000021285b82050
}

Java Threads: ( => current thread )
  0x00000212ce0a5c00 JavaThread "main" [_thread_blocked, id=9680, stack(0x00000077ff600000,0x00000077ff700000)]
  0x00000212e9c64480 JavaThread "Reference Handler" daemon [_thread_blocked, id=28432, stack(0x00000077ffd00000,0x00000077ffe00000)]
  0x00000212e9c65ac0 JavaThread "Finalizer" daemon [_thread_blocked, id=13912, stack(0x00000077ffe00000,0x00000077fff00000)]
  0x00000212e9c77b60 JavaThread "Signal Dispatcher" daemon [_thread_blocked, id=3612, stack(0x00000077fff00000,0x0000007800000000)]
  0x00000212e9c7a440 JavaThread "Attach Listener" daemon [_thread_blocked, id=3252, stack(0x0000007780000000,0x0000007780100000)]
  0x00000212e9c7b880 JavaThread "Service Thread" daemon [_thread_blocked, id=4128, stack(0x0000007780100000,0x0000007780200000)]
  0x00000212e9c7dcd0 JavaThread "Monitor Deflation Thread" daemon [_thread_blocked, id=14508, stack(0x0000007780200000,0x0000007780300000)]
=>0x00000212e9c80cf0 JavaThread "C2 CompilerThread0" daemon [_thread_in_native, id=16288, stack(0x0000007780300000,0x0000007780400000)]
  0x00000212e9c93970 JavaThread "C1 CompilerThread0" daemon [_thread_blocked, id=26596, stack(0x0000007780400000,0x0000007780500000)]
  0x00000212ff008070 JavaThread "Sweeper thread" daemon [_thread_blocked, id=27588, stack(0x0000007780500000,0x0000007780600000)]
  0x00000212ff0fb240 JavaThread "Common-Cleaner" daemon [_thread_blocked, id=5880, stack(0x0000007780600000,0x0000007780700000)]
  0x00000212ff104230 JavaThread "C1 CompilerThread1" daemon [_thread_blocked, id=18924, stack(0x0000007780700000,0x0000007780800000)]
  0x00000212ff104750 JavaThread "C1 CompilerThread2" daemon [_thread_blocked, id=11916, stack(0x0000007780800000,0x0000007780900000)]
  0x00000212ff12d230 JavaThread "C1 CompilerThread3" daemon [_thread_blocked, id=27768, stack(0x0000007780900000,0x0000007780a00000)]
  0x00000212ff0fdfd0 JavaThread "Notification Thread" daemon [_thread_blocked, id=27060, stack(0x0000007780b00000,0x0000007780c00000)]
  0x00000212ff0fd0a0 JavaThread "Daemon health stats" [_thread_blocked, id=16680, stack(0x0000007780e00000,0x0000007780f00000)]
  0x00000212ff0fb750 JavaThread "Incoming local TCP Connector on port 56919" [_thread_in_native, id=26792, stack(0x0000007780d00000,0x0000007780e00000)]
  0x00000212ff0fe4e0 JavaThread "Daemon periodic checks" [_thread_blocked, id=28024, stack(0x0000007780f00000,0x0000007781000000)]
  0x00000212ff0fcb90 JavaThread "Daemon" [_thread_blocked, id=4948, stack(0x0000007781500000,0x0000007781600000)]
  0x00000212ff0fd5b0 JavaThread "Handler for socket connection from /127.0.0.1:56919 to /127.0.0.1:56920" [_thread_in_native, id=15964, stack(0x0000007781600000,0x0000007781700000)]
  0x00000212ff0fdac0 JavaThread "Cancel handler" [_thread_blocked, id=23704, stack(0x0000007781700000,0x0000007781800000)]
  0x00000212ff0fbc60 JavaThread "Daemon worker" [_thread_in_vm, id=15044, stack(0x0000007781800000,0x0000007781900000)]
  0x00000212ff0fc680 JavaThread "Asynchronous log dispatcher for DefaultDaemonConnection: socket connection from /127.0.0.1:56919 to /127.0.0.1:56920" [_thread_blocked, id=14512, stack(0x0000007781900000,0x0000007781a00000)]
  0x00000212ff0fe9f0 JavaThread "Stdin handler" [_thread_blocked, id=28404, stack(0x0000007781a00000,0x0000007781b00000)]
  0x0000021285b81120 JavaThread "Daemon client event forwarder" [_thread_blocked, id=21384, stack(0x0000007781b00000,0x0000007781c00000)]
  0x0000021285b7edb0 JavaThread "Cache worker for journal cache (C:\Users\congh\.gradle\caches\journal-1)" [_thread_blocked, id=6904, stack(0x0000007780a00000,0x0000007780b00000)]
  0x0000021285b7e8a0 JavaThread "File lock request listener" [_thread_in_native, id=12556, stack(0x0000007781c00000,0x0000007781d00000)]
  0x0000021285b82a70 JavaThread "Cache worker for file hash cache (C:\Users\congh\.gradle\caches\8.13\fileHashes)" [_thread_blocked, id=13408, stack(0x0000007781d00000,0x0000007781e00000)]
  0x00000212865d95a0 JavaThread "C2 CompilerThread1" daemon [_thread_in_native, id=28448, stack(0x0000007781e00000,0x0000007781f00000)]
  0x0000021287aac410 JavaThread "C2 CompilerThread2" daemon [_thread_in_native, id=23124, stack(0x0000007781f00000,0x0000007782000000)]
  0x00000212882fe350 JavaThread "C2 CompilerThread3" daemon [_thread_blocked, id=23868, stack(0x0000007782000000,0x0000007782100000)]
  0x0000021285b80c10 JavaThread "Cache worker for file hash cache (D:\MicroserviceLab\backend\customer-services\.gradle\8.13\fileHashes)" [_thread_blocked, id=19524, stack(0x0000007782100000,0x0000007782200000)]
  0x0000021285b81b40 JavaThread "Cache worker for Build Output Cleanup Cache (D:\MicroserviceLab\backend\customer-services\.gradle\buildOutputCleanup)" [_thread_blocked, id=26368, stack(0x0000007782200000,0x0000007782300000)]
  0x0000021285b81630 JavaThread "File watcher server" daemon [_thread_in_native, id=15788, stack(0x0000007782c00000,0x0000007782d00000)]
  0x0000021285b82050 JavaThread "File watcher consumer" daemon [_thread_blocked, id=3988, stack(0x0000007782d00000,0x0000007782e00000)]

Other Threads:
  0x00000212e9c60f90 VMThread "VM Thread" [stack: 0x00000077ffc00000,0x00000077ffd00000] [id=16984]
  0x00000212e9b271e0 WatcherThread [stack: 0x0000007780c00000,0x0000007780d00000] [id=21664]
  0x00000212ce0d3810 GCTaskThread "GC Thread#0" [stack: 0x00000077ff700000,0x00000077ff800000] [id=14200]
  0x00000212ff502a80 GCTaskThread "GC Thread#1" [stack: 0x0000007781000000,0x0000007781100000] [id=24516]
  0x00000212ffbc16c0 GCTaskThread "GC Thread#2" [stack: 0x0000007781100000,0x0000007781200000] [id=25960]
  0x00000212ffbc1980 GCTaskThread "GC Thread#3" [stack: 0x0000007781200000,0x0000007781300000] [id=7592]
  0x00000212ff72f400 GCTaskThread "GC Thread#4" [stack: 0x0000007781300000,0x0000007781400000] [id=2776]
  0x00000212ff72f6c0 GCTaskThread "GC Thread#5" [stack: 0x0000007781400000,0x0000007781500000] [id=22172]
  0x0000021285f60bf0 GCTaskThread "GC Thread#6" [stack: 0x0000007782300000,0x0000007782400000] [id=3520]
  0x0000021285f60670 GCTaskThread "GC Thread#7" [stack: 0x0000007782400000,0x0000007782500000] [id=22164]
  0x0000021285f60930 GCTaskThread "GC Thread#8" [stack: 0x0000007782500000,0x0000007782600000] [id=27956]
  0x0000021285f5f070 GCTaskThread "GC Thread#9" [stack: 0x0000007782600000,0x0000007782700000] [id=15740]
  0x0000021285f5f330 GCTaskThread "GC Thread#10" [stack: 0x0000007782700000,0x0000007782800000] [id=26248]
  0x0000021285f5f5f0 GCTaskThread "GC Thread#11" [stack: 0x0000007782800000,0x0000007782900000] [id=22240]
  0x0000021285f5f8b0 GCTaskThread "GC Thread#12" [stack: 0x0000007782900000,0x0000007782a00000] [id=24668]
  0x00000212ce0d9680 ConcurrentGCThread "G1 Main Marker" [stack: 0x00000077ff800000,0x00000077ff900000] [id=3368]
  0x00000212ce0dac70 ConcurrentGCThread "G1 Conc#0" [stack: 0x00000077ff900000,0x00000077ffa00000] [id=10140]
  0x0000021285f5fb70 ConcurrentGCThread "G1 Conc#1" [stack: 0x0000007782a00000,0x0000007782b00000] [id=16892]
  0x0000021285f600f0 ConcurrentGCThread "G1 Conc#2" [stack: 0x0000007782b00000,0x0000007782c00000] [id=27344]
  0x00000212ce16d900 ConcurrentGCThread "G1 Refine#0" [stack: 0x00000077ffa00000,0x00000077ffb00000] [id=2092]
  0x00000212ce16e0e0 ConcurrentGCThread "G1 Service" [stack: 0x00000077ffb00000,0x00000077ffc00000] [id=18164]

Threads with active compile tasks:
C2 CompilerThread0     5004 3117       4       java.lang.invoke.MethodType::makeImpl (109 bytes)
C2 CompilerThread1     5004 3172       4       jdk.internal.org.objectweb.asm.SymbolTable::addConstantMemberReference (147 bytes)
C2 CompilerThread2     5004 3192       4       java.util.zip.ZipFile$InflaterCleanupAction::run (12 bytes)

VM state: not at safepoint (normal execution)

VM Mutex/Monitor currently owned by a thread: None

Heap address: 0x00000000e0000000, size: 512 MB, Compressed Oops mode: 32-bit

CDS archive(s) mapped at: [0x00000212ea000000-0x00000212eabd0000-0x00000212eabd0000), size 12386304, SharedBaseAddress: 0x00000212ea000000, ArchiveRelocationMode: 1.
Compressed class space mapped at: 0x00000212eb000000-0x00000212ff000000, reserved size: 335544320
Narrow klass base: 0x00000212ea000000, Narrow klass shift: 0, Narrow klass range: 0x100000000

GC Precious Log:
 CPUs: 16 total, 16 available
 Memory: 16163M
 Large Page Support: Disabled
 NUMA Support: Disabled
 Compressed Oops: Enabled (32-bit)
 Heap Region Size: 1M
 Heap Min Capacity: 256M
 Heap Initial Capacity: 256M
 Heap Max Capacity: 512M
 Pre-touch: Disabled
 Parallel Workers: 13
 Concurrent Workers: 3
 Concurrent Refinement Workers: 13
 Periodic GC: Disabled

Heap:
 garbage-first heap   total 262144K, used 39285K [0x00000000e0000000, 0x0000000100000000)
  region size 1024K, 28 young (28672K), 12 survivors (12288K)
 Metaspace       used 23048K, committed 23488K, reserved 393216K
  class space    used 3404K, committed 3648K, reserved 327680K

Heap Regions: E=young(eden), S=young(survivor), O=old, HS=humongous(starts), HC=humongous(continues), CS=collection set, F=free, OA=open archive, CA=closed archive, TAMS=top-at-mark-start (previous, next)
|   0|0x00000000e0000000, 0x00000000e0100000, 0x00000000e0100000|100%|HS|  |TAMS 0x00000000e0100000, 0x00000000e0000000| Complete 
|   1|0x00000000e0100000, 0x00000000e0200000, 0x00000000e0200000|100%|HC|  |TAMS 0x00000000e0200000, 0x00000000e0100000| Complete 
|   2|0x00000000e0200000, 0x00000000e0300000, 0x00000000e0300000|100%|HC|  |TAMS 0x00000000e0300000, 0x00000000e0200000| Complete 
|   3|0x00000000e0300000, 0x00000000e0400000, 0x00000000e0400000|100%| O|  |TAMS 0x00000000e0400000, 0x00000000e0300000| Untracked 
|   4|0x00000000e0400000, 0x00000000e0500000, 0x00000000e0500000|100%| O|  |TAMS 0x00000000e0500000, 0x00000000e0400000| Untracked 
|   5|0x00000000e0500000, 0x00000000e0600000, 0x00000000e0600000|100%| O|  |TAMS 0x00000000e0600000, 0x00000000e0500000| Untracked 
|   6|0x00000000e0600000, 0x00000000e0700000, 0x00000000e0700000|100%|HS|  |TAMS 0x00000000e0700000, 0x00000000e0600000| Complete 
|   7|0x00000000e0700000, 0x00000000e0700000, 0x00000000e0800000|  0%| F|  |TAMS 0x00000000e0700000, 0x00000000e0700000| Untracked 
|   8|0x00000000e0800000, 0x00000000e0900000, 0x00000000e0900000|100%| O|  |TAMS 0x00000000e0900000, 0x00000000e0800000| Untracked 
|   9|0x00000000e0900000, 0x00000000e0a00000, 0x00000000e0a00000|100%| O|  |TAMS 0x00000000e0a00000, 0x00000000e0900000| Untracked 
|  10|0x00000000e0a00000, 0x00000000e0b00000, 0x00000000e0b00000|100%| O|  |TAMS 0x00000000e0b00000, 0x00000000e0a00000| Untracked 
|  11|0x00000000e0b00000, 0x00000000e0c00000, 0x00000000e0c00000|100%| O|  |TAMS 0x00000000e0c00000, 0x00000000e0b00000| Untracked 
|  12|0x00000000e0c00000, 0x00000000e0cb2200, 0x00000000e0d00000| 69%| O|  |TAMS 0x00000000e0cb2200, 0x00000000e0c00000| Untracked 
|  13|0x00000000e0d00000, 0x00000000e0d00000, 0x00000000e0e00000|  0%| F|  |TAMS 0x00000000e0d00000, 0x00000000e0d00000| Untracked 
|  14|0x00000000e0e00000, 0x00000000e0e00000, 0x00000000e0f00000|  0%| F|  |TAMS 0x00000000e0e00000, 0x00000000e0e00000| Untracked 
|  15|0x00000000e0f00000, 0x00000000e0f00000, 0x00000000e1000000|  0%| F|  |TAMS 0x00000000e0f00000, 0x00000000e0f00000| Untracked 
|  16|0x00000000e1000000, 0x00000000e1000000, 0x00000000e1100000|  0%| F|  |TAMS 0x00000000e1000000, 0x00000000e1000000| Untracked 
|  17|0x00000000e1100000, 0x00000000e1100000, 0x00000000e1200000|  0%| F|  |TAMS 0x00000000e1100000, 0x00000000e1100000| Untracked 
|  18|0x00000000e1200000, 0x00000000e1200000, 0x00000000e1300000|  0%| F|  |TAMS 0x00000000e1200000, 0x00000000e1200000| Untracked 
|  19|0x00000000e1300000, 0x00000000e1300000, 0x00000000e1400000|  0%| F|  |TAMS 0x00000000e1300000, 0x00000000e1300000| Untracked 
|  20|0x00000000e1400000, 0x00000000e1400000, 0x00000000e1500000|  0%| F|  |TAMS 0x00000000e1400000, 0x00000000e1400000| Untracked 
|  21|0x00000000e1500000, 0x00000000e1500000, 0x00000000e1600000|  0%| F|  |TAMS 0x00000000e1500000, 0x00000000e1500000| Untracked 
|  22|0x00000000e1600000, 0x00000000e1600000, 0x00000000e1700000|  0%| F|  |TAMS 0x00000000e1600000, 0x00000000e1600000| Untracked 
|  23|0x00000000e1700000, 0x00000000e1700000, 0x00000000e1800000|  0%| F|  |TAMS 0x00000000e1700000, 0x00000000e1700000| Untracked 
|  24|0x00000000e1800000, 0x00000000e1800000, 0x00000000e1900000|  0%| F|  |TAMS 0x00000000e1800000, 0x00000000e1800000| Untracked 
|  25|0x00000000e1900000, 0x00000000e1900000, 0x00000000e1a00000|  0%| F|  |TAMS 0x00000000e1900000, 0x00000000e1900000| Untracked 
|  26|0x00000000e1a00000, 0x00000000e1a00000, 0x00000000e1b00000|  0%| F|  |TAMS 0x00000000e1a00000, 0x00000000e1a00000| Untracked 
|  27|0x00000000e1b00000, 0x00000000e1b00000, 0x00000000e1c00000|  0%| F|  |TAMS 0x00000000e1b00000, 0x00000000e1b00000| Untracked 
|  28|0x00000000e1c00000, 0x00000000e1c00000, 0x00000000e1d00000|  0%| F|  |TAMS 0x00000000e1c00000, 0x00000000e1c00000| Untracked 
|  29|0x00000000e1d00000, 0x00000000e1d00000, 0x00000000e1e00000|  0%| F|  |TAMS 0x00000000e1d00000, 0x00000000e1d00000| Untracked 
|  30|0x00000000e1e00000, 0x00000000e1e00000, 0x00000000e1f00000|  0%| F|  |TAMS 0x00000000e1e00000, 0x00000000e1e00000| Untracked 
|  31|0x00000000e1f00000, 0x00000000e1f00000, 0x00000000e2000000|  0%| F|  |TAMS 0x00000000e1f00000, 0x00000000e1f00000| Untracked 
|  32|0x00000000e2000000, 0x00000000e2000000, 0x00000000e2100000|  0%| F|  |TAMS 0x00000000e2000000, 0x00000000e2000000| Untracked 
|  33|0x00000000e2100000, 0x00000000e2100000, 0x00000000e2200000|  0%| F|  |TAMS 0x00000000e2100000, 0x00000000e2100000| Untracked 
|  34|0x00000000e2200000, 0x00000000e2200000, 0x00000000e2300000|  0%| F|  |TAMS 0x00000000e2200000, 0x00000000e2200000| Untracked 
|  35|0x00000000e2300000, 0x00000000e2300000, 0x00000000e2400000|  0%| F|  |TAMS 0x00000000e2300000, 0x00000000e2300000| Untracked 
|  36|0x00000000e2400000, 0x00000000e2400000, 0x00000000e2500000|  0%| F|  |TAMS 0x00000000e2400000, 0x00000000e2400000| Untracked 
|  37|0x00000000e2500000, 0x00000000e2500000, 0x00000000e2600000|  0%| F|  |TAMS 0x00000000e2500000, 0x00000000e2500000| Untracked 
|  38|0x00000000e2600000, 0x00000000e2600000, 0x00000000e2700000|  0%| F|  |TAMS 0x00000000e2600000, 0x00000000e2600000| Untracked 
|  39|0x00000000e2700000, 0x00000000e2700000, 0x00000000e2800000|  0%| F|  |TAMS 0x00000000e2700000, 0x00000000e2700000| Untracked 
|  40|0x00000000e2800000, 0x00000000e2800000, 0x00000000e2900000|  0%| F|  |TAMS 0x00000000e2800000, 0x00000000e2800000| Untracked 
|  41|0x00000000e2900000, 0x00000000e2900000, 0x00000000e2a00000|  0%| F|  |TAMS 0x00000000e2900000, 0x00000000e2900000| Untracked 
|  42|0x00000000e2a00000, 0x00000000e2a00000, 0x00000000e2b00000|  0%| F|  |TAMS 0x00000000e2a00000, 0x00000000e2a00000| Untracked 
|  43|0x00000000e2b00000, 0x00000000e2b00000, 0x00000000e2c00000|  0%| F|  |TAMS 0x00000000e2b00000, 0x00000000e2b00000| Untracked 
|  44|0x00000000e2c00000, 0x00000000e2c00000, 0x00000000e2d00000|  0%| F|  |TAMS 0x00000000e2c00000, 0x00000000e2c00000| Untracked 
|  45|0x00000000e2d00000, 0x00000000e2d00000, 0x00000000e2e00000|  0%| F|  |TAMS 0x00000000e2d00000, 0x00000000e2d00000| Untracked 
|  46|0x00000000e2e00000, 0x00000000e2e00000, 0x00000000e2f00000|  0%| F|  |TAMS 0x00000000e2e00000, 0x00000000e2e00000| Untracked 
|  47|0x00000000e2f00000, 0x00000000e2f00000, 0x00000000e3000000|  0%| F|  |TAMS 0x00000000e2f00000, 0x00000000e2f00000| Untracked 
|  48|0x00000000e3000000, 0x00000000e3000000, 0x00000000e3100000|  0%| F|  |TAMS 0x00000000e3000000, 0x00000000e3000000| Untracked 
|  49|0x00000000e3100000, 0x00000000e3100000, 0x00000000e3200000|  0%| F|  |TAMS 0x00000000e3100000, 0x00000000e3100000| Untracked 
|  50|0x00000000e3200000, 0x00000000e3200000, 0x00000000e3300000|  0%| F|  |TAMS 0x00000000e3200000, 0x00000000e3200000| Untracked 
|  51|0x00000000e3300000, 0x00000000e3300000, 0x00000000e3400000|  0%| F|  |TAMS 0x00000000e3300000, 0x00000000e3300000| Untracked 
|  52|0x00000000e3400000, 0x00000000e3400000, 0x00000000e3500000|  0%| F|  |TAMS 0x00000000e3400000, 0x00000000e3400000| Untracked 
|  53|0x00000000e3500000, 0x00000000e3500000, 0x00000000e3600000|  0%| F|  |TAMS 0x00000000e3500000, 0x00000000e3500000| Untracked 
|  54|0x00000000e3600000, 0x00000000e3600000, 0x00000000e3700000|  0%| F|  |TAMS 0x00000000e3600000, 0x00000000e3600000| Untracked 
|  55|0x00000000e3700000, 0x00000000e3700000, 0x00000000e3800000|  0%| F|  |TAMS 0x00000000e3700000, 0x00000000e3700000| Untracked 
|  56|0x00000000e3800000, 0x00000000e3800000, 0x00000000e3900000|  0%| F|  |TAMS 0x00000000e3800000, 0x00000000e3800000| Untracked 
|  57|0x00000000e3900000, 0x00000000e3900000, 0x00000000e3a00000|  0%| F|  |TAMS 0x00000000e3900000, 0x00000000e3900000| Untracked 
|  58|0x00000000e3a00000, 0x00000000e3a00000, 0x00000000e3b00000|  0%| F|  |TAMS 0x00000000e3a00000, 0x00000000e3a00000| Untracked 
|  59|0x00000000e3b00000, 0x00000000e3b00000, 0x00000000e3c00000|  0%| F|  |TAMS 0x00000000e3b00000, 0x00000000e3b00000| Untracked 
|  60|0x00000000e3c00000, 0x00000000e3c00000, 0x00000000e3d00000|  0%| F|  |TAMS 0x00000000e3c00000, 0x00000000e3c00000| Untracked 
|  61|0x00000000e3d00000, 0x00000000e3d00000, 0x00000000e3e00000|  0%| F|  |TAMS 0x00000000e3d00000, 0x00000000e3d00000| Untracked 
|  62|0x00000000e3e00000, 0x00000000e3e00000, 0x00000000e3f00000|  0%| F|  |TAMS 0x00000000e3e00000, 0x00000000e3e00000| Untracked 
|  63|0x00000000e3f00000, 0x00000000e3f00000, 0x00000000e4000000|  0%| F|  |TAMS 0x00000000e3f00000, 0x00000000e3f00000| Untracked 
|  64|0x00000000e4000000, 0x00000000e4000000, 0x00000000e4100000|  0%| F|  |TAMS 0x00000000e4000000, 0x00000000e4000000| Untracked 
|  65|0x00000000e4100000, 0x00000000e4100000, 0x00000000e4200000|  0%| F|  |TAMS 0x00000000e4100000, 0x00000000e4100000| Untracked 
|  66|0x00000000e4200000, 0x00000000e4200000, 0x00000000e4300000|  0%| F|  |TAMS 0x00000000e4200000, 0x00000000e4200000| Untracked 
|  67|0x00000000e4300000, 0x00000000e4300000, 0x00000000e4400000|  0%| F|  |TAMS 0x00000000e4300000, 0x00000000e4300000| Untracked 
|  68|0x00000000e4400000, 0x00000000e4400000, 0x00000000e4500000|  0%| F|  |TAMS 0x00000000e4400000, 0x00000000e4400000| Untracked 
|  69|0x00000000e4500000, 0x00000000e4500000, 0x00000000e4600000|  0%| F|  |TAMS 0x00000000e4500000, 0x00000000e4500000| Untracked 
|  70|0x00000000e4600000, 0x00000000e4600000, 0x00000000e4700000|  0%| F|  |TAMS 0x00000000e4600000, 0x00000000e4600000| Untracked 
|  71|0x00000000e4700000, 0x00000000e4700000, 0x00000000e4800000|  0%| F|  |TAMS 0x00000000e4700000, 0x00000000e4700000| Untracked 
|  72|0x00000000e4800000, 0x00000000e4800000, 0x00000000e4900000|  0%| F|  |TAMS 0x00000000e4800000, 0x00000000e4800000| Untracked 
|  73|0x00000000e4900000, 0x00000000e4900000, 0x00000000e4a00000|  0%| F|  |TAMS 0x00000000e4900000, 0x00000000e4900000| Untracked 
|  74|0x00000000e4a00000, 0x00000000e4a00000, 0x00000000e4b00000|  0%| F|  |TAMS 0x00000000e4a00000, 0x00000000e4a00000| Untracked 
|  75|0x00000000e4b00000, 0x00000000e4b00000, 0x00000000e4c00000|  0%| F|  |TAMS 0x00000000e4b00000, 0x00000000e4b00000| Untracked 
|  76|0x00000000e4c00000, 0x00000000e4c00000, 0x00000000e4d00000|  0%| F|  |TAMS 0x00000000e4c00000, 0x00000000e4c00000| Untracked 
|  77|0x00000000e4d00000, 0x00000000e4d00000, 0x00000000e4e00000|  0%| F|  |TAMS 0x00000000e4d00000, 0x00000000e4d00000| Untracked 
|  78|0x00000000e4e00000, 0x00000000e4e00000, 0x00000000e4f00000|  0%| F|  |TAMS 0x00000000e4e00000, 0x00000000e4e00000| Untracked 
|  79|0x00000000e4f00000, 0x00000000e4f00000, 0x00000000e5000000|  0%| F|  |TAMS 0x00000000e4f00000, 0x00000000e4f00000| Untracked 
|  80|0x00000000e5000000, 0x00000000e5000000, 0x00000000e5100000|  0%| F|  |TAMS 0x00000000e5000000, 0x00000000e5000000| Untracked 
|  81|0x00000000e5100000, 0x00000000e5100000, 0x00000000e5200000|  0%| F|  |TAMS 0x00000000e5100000, 0x00000000e5100000| Untracked 
|  82|0x00000000e5200000, 0x00000000e5200000, 0x00000000e5300000|  0%| F|  |TAMS 0x00000000e5200000, 0x00000000e5200000| Untracked 
|  83|0x00000000e5300000, 0x00000000e5300000, 0x00000000e5400000|  0%| F|  |TAMS 0x00000000e5300000, 0x00000000e5300000| Untracked 
|  84|0x00000000e5400000, 0x00000000e5400000, 0x00000000e5500000|  0%| F|  |TAMS 0x00000000e5400000, 0x00000000e5400000| Untracked 
|  85|0x00000000e5500000, 0x00000000e5500000, 0x00000000e5600000|  0%| F|  |TAMS 0x00000000e5500000, 0x00000000e5500000| Untracked 
|  86|0x00000000e5600000, 0x00000000e5600000, 0x00000000e5700000|  0%| F|  |TAMS 0x00000000e5600000, 0x00000000e5600000| Untracked 
|  87|0x00000000e5700000, 0x00000000e5700000, 0x00000000e5800000|  0%| F|  |TAMS 0x00000000e5700000, 0x00000000e5700000| Untracked 
|  88|0x00000000e5800000, 0x00000000e5800000, 0x00000000e5900000|  0%| F|  |TAMS 0x00000000e5800000, 0x00000000e5800000| Untracked 
|  89|0x00000000e5900000, 0x00000000e5900000, 0x00000000e5a00000|  0%| F|  |TAMS 0x00000000e5900000, 0x00000000e5900000| Untracked 
|  90|0x00000000e5a00000, 0x00000000e5a00000, 0x00000000e5b00000|  0%| F|  |TAMS 0x00000000e5a00000, 0x00000000e5a00000| Untracked 
|  91|0x00000000e5b00000, 0x00000000e5b00000, 0x00000000e5c00000|  0%| F|  |TAMS 0x00000000e5b00000, 0x00000000e5b00000| Untracked 
|  92|0x00000000e5c00000, 0x00000000e5c00000, 0x00000000e5d00000|  0%| F|  |TAMS 0x00000000e5c00000, 0x00000000e5c00000| Untracked 
|  93|0x00000000e5d00000, 0x00000000e5d00000, 0x00000000e5e00000|  0%| F|  |TAMS 0x00000000e5d00000, 0x00000000e5d00000| Untracked 
|  94|0x00000000e5e00000, 0x00000000e5e00000, 0x00000000e5f00000|  0%| F|  |TAMS 0x00000000e5e00000, 0x00000000e5e00000| Untracked 
|  95|0x00000000e5f00000, 0x00000000e5f00000, 0x00000000e6000000|  0%| F|  |TAMS 0x00000000e5f00000, 0x00000000e5f00000| Untracked 
|  96|0x00000000e6000000, 0x00000000e6000000, 0x00000000e6100000|  0%| F|  |TAMS 0x00000000e6000000, 0x00000000e6000000| Untracked 
|  97|0x00000000e6100000, 0x00000000e6100000, 0x00000000e6200000|  0%| F|  |TAMS 0x00000000e6100000, 0x00000000e6100000| Untracked 
|  98|0x00000000e6200000, 0x00000000e6200000, 0x00000000e6300000|  0%| F|  |TAMS 0x00000000e6200000, 0x00000000e6200000| Untracked 
|  99|0x00000000e6300000, 0x00000000e6300000, 0x00000000e6400000|  0%| F|  |TAMS 0x00000000e6300000, 0x00000000e6300000| Untracked 
| 100|0x00000000e6400000, 0x00000000e6400000, 0x00000000e6500000|  0%| F|  |TAMS 0x00000000e6400000, 0x00000000e6400000| Untracked 
| 101|0x00000000e6500000, 0x00000000e6500000, 0x00000000e6600000|  0%| F|  |TAMS 0x00000000e6500000, 0x00000000e6500000| Untracked 
| 102|0x00000000e6600000, 0x00000000e6600000, 0x00000000e6700000|  0%| F|  |TAMS 0x00000000e6600000, 0x00000000e6600000| Untracked 
| 103|0x00000000e6700000, 0x00000000e6700000, 0x00000000e6800000|  0%| F|  |TAMS 0x00000000e6700000, 0x00000000e6700000| Untracked 
| 104|0x00000000e6800000, 0x00000000e6800000, 0x00000000e6900000|  0%| F|  |TAMS 0x00000000e6800000, 0x00000000e6800000| Untracked 
| 105|0x00000000e6900000, 0x00000000e6900000, 0x00000000e6a00000|  0%| F|  |TAMS 0x00000000e6900000, 0x00000000e6900000| Untracked 
| 106|0x00000000e6a00000, 0x00000000e6a00000, 0x00000000e6b00000|  0%| F|  |TAMS 0x00000000e6a00000, 0x00000000e6a00000| Untracked 
| 107|0x00000000e6b00000, 0x00000000e6b00000, 0x00000000e6c00000|  0%| F|  |TAMS 0x00000000e6b00000, 0x00000000e6b00000| Untracked 
| 108|0x00000000e6c00000, 0x00000000e6c00000, 0x00000000e6d00000|  0%| F|  |TAMS 0x00000000e6c00000, 0x00000000e6c00000| Untracked 
| 109|0x00000000e6d00000, 0x00000000e6d00000, 0x00000000e6e00000|  0%| F|  |TAMS 0x00000000e6d00000, 0x00000000e6d00000| Untracked 
| 110|0x00000000e6e00000, 0x00000000e6e00000, 0x00000000e6f00000|  0%| F|  |TAMS 0x00000000e6e00000, 0x00000000e6e00000| Untracked 
| 111|0x00000000e6f00000, 0x00000000e6f00000, 0x00000000e7000000|  0%| F|  |TAMS 0x00000000e6f00000, 0x00000000e6f00000| Untracked 
| 112|0x00000000e7000000, 0x00000000e7000000, 0x00000000e7100000|  0%| F|  |TAMS 0x00000000e7000000, 0x00000000e7000000| Untracked 
| 113|0x00000000e7100000, 0x00000000e7100000, 0x00000000e7200000|  0%| F|  |TAMS 0x00000000e7100000, 0x00000000e7100000| Untracked 
| 114|0x00000000e7200000, 0x00000000e7200000, 0x00000000e7300000|  0%| F|  |TAMS 0x00000000e7200000, 0x00000000e7200000| Untracked 
| 115|0x00000000e7300000, 0x00000000e7300000, 0x00000000e7400000|  0%| F|  |TAMS 0x00000000e7300000, 0x00000000e7300000| Untracked 
| 116|0x00000000e7400000, 0x00000000e7400000, 0x00000000e7500000|  0%| F|  |TAMS 0x00000000e7400000, 0x00000000e7400000| Untracked 
| 117|0x00000000e7500000, 0x00000000e7500000, 0x00000000e7600000|  0%| F|  |TAMS 0x00000000e7500000, 0x00000000e7500000| Untracked 
| 118|0x00000000e7600000, 0x00000000e7600000, 0x00000000e7700000|  0%| F|  |TAMS 0x00000000e7600000, 0x00000000e7600000| Untracked 
| 119|0x00000000e7700000, 0x00000000e7700000, 0x00000000e7800000|  0%| F|  |TAMS 0x00000000e7700000, 0x00000000e7700000| Untracked 
| 120|0x00000000e7800000, 0x00000000e7800000, 0x00000000e7900000|  0%| F|  |TAMS 0x00000000e7800000, 0x00000000e7800000| Untracked 
| 121|0x00000000e7900000, 0x00000000e7900000, 0x00000000e7a00000|  0%| F|  |TAMS 0x00000000e7900000, 0x00000000e7900000| Untracked 
| 122|0x00000000e7a00000, 0x00000000e7a00000, 0x00000000e7b00000|  0%| F|  |TAMS 0x00000000e7a00000, 0x00000000e7a00000| Untracked 
| 123|0x00000000e7b00000, 0x00000000e7b00000, 0x00000000e7c00000|  0%| F|  |TAMS 0x00000000e7b00000, 0x00000000e7b00000| Untracked 
| 124|0x00000000e7c00000, 0x00000000e7c00000, 0x00000000e7d00000|  0%| F|  |TAMS 0x00000000e7c00000, 0x00000000e7c00000| Untracked 
| 125|0x00000000e7d00000, 0x00000000e7d00000, 0x00000000e7e00000|  0%| F|  |TAMS 0x00000000e7d00000, 0x00000000e7d00000| Untracked 
| 126|0x00000000e7e00000, 0x00000000e7e00000, 0x00000000e7f00000|  0%| F|  |TAMS 0x00000000e7e00000, 0x00000000e7e00000| Untracked 
| 127|0x00000000e7f00000, 0x00000000e7f00000, 0x00000000e8000000|  0%| F|  |TAMS 0x00000000e7f00000, 0x00000000e7f00000| Untracked 
| 128|0x00000000e8000000, 0x00000000e8000000, 0x00000000e8100000|  0%| F|  |TAMS 0x00000000e8000000, 0x00000000e8000000| Untracked 
| 129|0x00000000e8100000, 0x00000000e8100000, 0x00000000e8200000|  0%| F|  |TAMS 0x00000000e8100000, 0x00000000e8100000| Untracked 
| 130|0x00000000e8200000, 0x00000000e8200000, 0x00000000e8300000|  0%| F|  |TAMS 0x00000000e8200000, 0x00000000e8200000| Untracked 
| 131|0x00000000e8300000, 0x00000000e8300000, 0x00000000e8400000|  0%| F|  |TAMS 0x00000000e8300000, 0x00000000e8300000| Untracked 
| 132|0x00000000e8400000, 0x00000000e8400000, 0x00000000e8500000|  0%| F|  |TAMS 0x00000000e8400000, 0x00000000e8400000| Untracked 
| 133|0x00000000e8500000, 0x00000000e8500000, 0x00000000e8600000|  0%| F|  |TAMS 0x00000000e8500000, 0x00000000e8500000| Untracked 
| 134|0x00000000e8600000, 0x00000000e8600000, 0x00000000e8700000|  0%| F|  |TAMS 0x00000000e8600000, 0x00000000e8600000| Untracked 
| 135|0x00000000e8700000, 0x00000000e8700000, 0x00000000e8800000|  0%| F|  |TAMS 0x00000000e8700000, 0x00000000e8700000| Untracked 
| 136|0x00000000e8800000, 0x00000000e8800000, 0x00000000e8900000|  0%| F|  |TAMS 0x00000000e8800000, 0x00000000e8800000| Untracked 
| 137|0x00000000e8900000, 0x00000000e8900000, 0x00000000e8a00000|  0%| F|  |TAMS 0x00000000e8900000, 0x00000000e8900000| Untracked 
| 138|0x00000000e8a00000, 0x00000000e8aab560, 0x00000000e8b00000| 66%| S|CS|TAMS 0x00000000e8a00000, 0x00000000e8a00000| Complete 
| 139|0x00000000e8b00000, 0x00000000e8c00000, 0x00000000e8c00000|100%| S|CS|TAMS 0x00000000e8b00000, 0x00000000e8b00000| Complete 
| 140|0x00000000e8c00000, 0x00000000e8d00000, 0x00000000e8d00000|100%| S|CS|TAMS 0x00000000e8c00000, 0x00000000e8c00000| Complete 
| 141|0x00000000e8d00000, 0x00000000e8e00000, 0x00000000e8e00000|100%| S|CS|TAMS 0x00000000e8d00000, 0x00000000e8d00000| Complete 
| 142|0x00000000e8e00000, 0x00000000e8f00000, 0x00000000e8f00000|100%| S|CS|TAMS 0x00000000e8e00000, 0x00000000e8e00000| Complete 
| 143|0x00000000e8f00000, 0x00000000e9000000, 0x00000000e9000000|100%| S|CS|TAMS 0x00000000e8f00000, 0x00000000e8f00000| Complete 
| 144|0x00000000e9000000, 0x00000000e9100000, 0x00000000e9100000|100%| S|CS|TAMS 0x00000000e9000000, 0x00000000e9000000| Complete 
| 145|0x00000000e9100000, 0x00000000e9200000, 0x00000000e9200000|100%| S|CS|TAMS 0x00000000e9100000, 0x00000000e9100000| Complete 
| 146|0x00000000e9200000, 0x00000000e9300000, 0x00000000e9300000|100%| S|CS|TAMS 0x00000000e9200000, 0x00000000e9200000| Complete 
| 147|0x00000000e9300000, 0x00000000e9400000, 0x00000000e9400000|100%| S|CS|TAMS 0x00000000e9300000, 0x00000000e9300000| Complete 
| 148|0x00000000e9400000, 0x00000000e9500000, 0x00000000e9500000|100%| S|CS|TAMS 0x00000000e9400000, 0x00000000e9400000| Complete 
| 149|0x00000000e9500000, 0x00000000e9600000, 0x00000000e9600000|100%| S|CS|TAMS 0x00000000e9500000, 0x00000000e9500000| Complete 
| 150|0x00000000e9600000, 0x00000000e9600000, 0x00000000e9700000|  0%| F|  |TAMS 0x00000000e9600000, 0x00000000e9600000| Untracked 
| 151|0x00000000e9700000, 0x00000000e9700000, 0x00000000e9800000|  0%| F|  |TAMS 0x00000000e9700000, 0x00000000e9700000| Untracked 
| 152|0x00000000e9800000, 0x00000000e9800000, 0x00000000e9900000|  0%| F|  |TAMS 0x00000000e9800000, 0x00000000e9800000| Untracked 
| 153|0x00000000e9900000, 0x00000000e9900000, 0x00000000e9a00000|  0%| F|  |TAMS 0x00000000e9900000, 0x00000000e9900000| Untracked 
| 154|0x00000000e9a00000, 0x00000000e9a00000, 0x00000000e9b00000|  0%| F|  |TAMS 0x00000000e9a00000, 0x00000000e9a00000| Untracked 
| 155|0x00000000e9b00000, 0x00000000e9b00000, 0x00000000e9c00000|  0%| F|  |TAMS 0x00000000e9b00000, 0x00000000e9b00000| Untracked 
| 156|0x00000000e9c00000, 0x00000000e9c00000, 0x00000000e9d00000|  0%| F|  |TAMS 0x00000000e9c00000, 0x00000000e9c00000| Untracked 
| 157|0x00000000e9d00000, 0x00000000e9d00000, 0x00000000e9e00000|  0%| F|  |TAMS 0x00000000e9d00000, 0x00000000e9d00000| Untracked 
| 158|0x00000000e9e00000, 0x00000000e9e00000, 0x00000000e9f00000|  0%| F|  |TAMS 0x00000000e9e00000, 0x00000000e9e00000| Untracked 
| 159|0x00000000e9f00000, 0x00000000e9f00000, 0x00000000ea000000|  0%| F|  |TAMS 0x00000000e9f00000, 0x00000000e9f00000| Untracked 
| 160|0x00000000ea000000, 0x00000000ea000000, 0x00000000ea100000|  0%| F|  |TAMS 0x00000000ea000000, 0x00000000ea000000| Untracked 
| 161|0x00000000ea100000, 0x00000000ea100000, 0x00000000ea200000|  0%| F|  |TAMS 0x00000000ea100000, 0x00000000ea100000| Untracked 
| 162|0x00000000ea200000, 0x00000000ea200000, 0x00000000ea300000|  0%| F|  |TAMS 0x00000000ea200000, 0x00000000ea200000| Untracked 
| 163|0x00000000ea300000, 0x00000000ea300000, 0x00000000ea400000|  0%| F|  |TAMS 0x00000000ea300000, 0x00000000ea300000| Untracked 
| 164|0x00000000ea400000, 0x00000000ea400000, 0x00000000ea500000|  0%| F|  |TAMS 0x00000000ea400000, 0x00000000ea400000| Untracked 
| 165|0x00000000ea500000, 0x00000000ea500000, 0x00000000ea600000|  0%| F|  |TAMS 0x00000000ea500000, 0x00000000ea500000| Untracked 
| 166|0x00000000ea600000, 0x00000000ea600000, 0x00000000ea700000|  0%| F|  |TAMS 0x00000000ea600000, 0x00000000ea600000| Untracked 
| 167|0x00000000ea700000, 0x00000000ea700000, 0x00000000ea800000|  0%| F|  |TAMS 0x00000000ea700000, 0x00000000ea700000| Untracked 
| 168|0x00000000ea800000, 0x00000000ea800000, 0x00000000ea900000|  0%| F|  |TAMS 0x00000000ea800000, 0x00000000ea800000| Untracked 
| 169|0x00000000ea900000, 0x00000000ea900000, 0x00000000eaa00000|  0%| F|  |TAMS 0x00000000ea900000, 0x00000000ea900000| Untracked 
| 170|0x00000000eaa00000, 0x00000000eaa00000, 0x00000000eab00000|  0%| F|  |TAMS 0x00000000eaa00000, 0x00000000eaa00000| Untracked 
| 171|0x00000000eab00000, 0x00000000eab00000, 0x00000000eac00000|  0%| F|  |TAMS 0x00000000eab00000, 0x00000000eab00000| Untracked 
| 172|0x00000000eac00000, 0x00000000eac00000, 0x00000000ead00000|  0%| F|  |TAMS 0x00000000eac00000, 0x00000000eac00000| Untracked 
| 173|0x00000000ead00000, 0x00000000ead00000, 0x00000000eae00000|  0%| F|  |TAMS 0x00000000ead00000, 0x00000000ead00000| Untracked 
| 174|0x00000000eae00000, 0x00000000eae00000, 0x00000000eaf00000|  0%| F|  |TAMS 0x00000000eae00000, 0x00000000eae00000| Untracked 
| 175|0x00000000eaf00000, 0x00000000eaf00000, 0x00000000eb000000|  0%| F|  |TAMS 0x00000000eaf00000, 0x00000000eaf00000| Untracked 
| 176|0x00000000eb000000, 0x00000000eb000000, 0x00000000eb100000|  0%| F|  |TAMS 0x00000000eb000000, 0x00000000eb000000| Untracked 
| 177|0x00000000eb100000, 0x00000000eb100000, 0x00000000eb200000|  0%| F|  |TAMS 0x00000000eb100000, 0x00000000eb100000| Untracked 
| 178|0x00000000eb200000, 0x00000000eb200000, 0x00000000eb300000|  0%| F|  |TAMS 0x00000000eb200000, 0x00000000eb200000| Untracked 
| 179|0x00000000eb300000, 0x00000000eb300000, 0x00000000eb400000|  0%| F|  |TAMS 0x00000000eb300000, 0x00000000eb300000| Untracked 
| 180|0x00000000eb400000, 0x00000000eb400000, 0x00000000eb500000|  0%| F|  |TAMS 0x00000000eb400000, 0x00000000eb400000| Untracked 
| 181|0x00000000eb500000, 0x00000000eb500000, 0x00000000eb600000|  0%| F|  |TAMS 0x00000000eb500000, 0x00000000eb500000| Untracked 
| 182|0x00000000eb600000, 0x00000000eb600000, 0x00000000eb700000|  0%| F|  |TAMS 0x00000000eb600000, 0x00000000eb600000| Untracked 
| 183|0x00000000eb700000, 0x00000000eb700000, 0x00000000eb800000|  0%| F|  |TAMS 0x00000000eb700000, 0x00000000eb700000| Untracked 
| 184|0x00000000eb800000, 0x00000000eb800000, 0x00000000eb900000|  0%| F|  |TAMS 0x00000000eb800000, 0x00000000eb800000| Untracked 
| 185|0x00000000eb900000, 0x00000000eb900000, 0x00000000eba00000|  0%| F|  |TAMS 0x00000000eb900000, 0x00000000eb900000| Untracked 
| 186|0x00000000eba00000, 0x00000000eba00000, 0x00000000ebb00000|  0%| F|  |TAMS 0x00000000eba00000, 0x00000000eba00000| Untracked 
| 187|0x00000000ebb00000, 0x00000000ebb00000, 0x00000000ebc00000|  0%| F|  |TAMS 0x00000000ebb00000, 0x00000000ebb00000| Untracked 
| 188|0x00000000ebc00000, 0x00000000ebc00000, 0x00000000ebd00000|  0%| F|  |TAMS 0x00000000ebc00000, 0x00000000ebc00000| Untracked 
| 189|0x00000000ebd00000, 0x00000000ebd00000, 0x00000000ebe00000|  0%| F|  |TAMS 0x00000000ebd00000, 0x00000000ebd00000| Untracked 
| 190|0x00000000ebe00000, 0x00000000ebe00000, 0x00000000ebf00000|  0%| F|  |TAMS 0x00000000ebe00000, 0x00000000ebe00000| Untracked 
| 191|0x00000000ebf00000, 0x00000000ebf00000, 0x00000000ec000000|  0%| F|  |TAMS 0x00000000ebf00000, 0x00000000ebf00000| Untracked 
| 192|0x00000000ec000000, 0x00000000ec000000, 0x00000000ec100000|  0%| F|  |TAMS 0x00000000ec000000, 0x00000000ec000000| Untracked 
| 193|0x00000000ec100000, 0x00000000ec100000, 0x00000000ec200000|  0%| F|  |TAMS 0x00000000ec100000, 0x00000000ec100000| Untracked 
| 194|0x00000000ec200000, 0x00000000ec200000, 0x00000000ec300000|  0%| F|  |TAMS 0x00000000ec200000, 0x00000000ec200000| Untracked 
| 195|0x00000000ec300000, 0x00000000ec300000, 0x00000000ec400000|  0%| F|  |TAMS 0x00000000ec300000, 0x00000000ec300000| Untracked 
| 196|0x00000000ec400000, 0x00000000ec400000, 0x00000000ec500000|  0%| F|  |TAMS 0x00000000ec400000, 0x00000000ec400000| Untracked 
| 197|0x00000000ec500000, 0x00000000ec500000, 0x00000000ec600000|  0%| F|  |TAMS 0x00000000ec500000, 0x00000000ec500000| Untracked 
| 198|0x00000000ec600000, 0x00000000ec600000, 0x00000000ec700000|  0%| F|  |TAMS 0x00000000ec600000, 0x00000000ec600000| Untracked 
| 199|0x00000000ec700000, 0x00000000ec700000, 0x00000000ec800000|  0%| F|  |TAMS 0x00000000ec700000, 0x00000000ec700000| Untracked 
| 200|0x00000000ec800000, 0x00000000ec800000, 0x00000000ec900000|  0%| F|  |TAMS 0x00000000ec800000, 0x00000000ec800000| Untracked 
| 201|0x00000000ec900000, 0x00000000ec900000, 0x00000000eca00000|  0%| F|  |TAMS 0x00000000ec900000, 0x00000000ec900000| Untracked 
| 202|0x00000000eca00000, 0x00000000eca00000, 0x00000000ecb00000|  0%| F|  |TAMS 0x00000000eca00000, 0x00000000eca00000| Untracked 
| 203|0x00000000ecb00000, 0x00000000ecb00000, 0x00000000ecc00000|  0%| F|  |TAMS 0x00000000ecb00000, 0x00000000ecb00000| Untracked 
| 204|0x00000000ecc00000, 0x00000000ecc00000, 0x00000000ecd00000|  0%| F|  |TAMS 0x00000000ecc00000, 0x00000000ecc00000| Untracked 
| 205|0x00000000ecd00000, 0x00000000ecd00000, 0x00000000ece00000|  0%| F|  |TAMS 0x00000000ecd00000, 0x00000000ecd00000| Untracked 
| 206|0x00000000ece00000, 0x00000000ece00000, 0x00000000ecf00000|  0%| F|  |TAMS 0x00000000ece00000, 0x00000000ece00000| Untracked 
| 207|0x00000000ecf00000, 0x00000000ecf00000, 0x00000000ed000000|  0%| F|  |TAMS 0x00000000ecf00000, 0x00000000ecf00000| Untracked 
| 208|0x00000000ed000000, 0x00000000ed000000, 0x00000000ed100000|  0%| F|  |TAMS 0x00000000ed000000, 0x00000000ed000000| Untracked 
| 209|0x00000000ed100000, 0x00000000ed100000, 0x00000000ed200000|  0%| F|  |TAMS 0x00000000ed100000, 0x00000000ed100000| Untracked 
| 210|0x00000000ed200000, 0x00000000ed200000, 0x00000000ed300000|  0%| F|  |TAMS 0x00000000ed200000, 0x00000000ed200000| Untracked 
| 211|0x00000000ed300000, 0x00000000ed300000, 0x00000000ed400000|  0%| F|  |TAMS 0x00000000ed300000, 0x00000000ed300000| Untracked 
| 212|0x00000000ed400000, 0x00000000ed400000, 0x00000000ed500000|  0%| F|  |TAMS 0x00000000ed400000, 0x00000000ed400000| Untracked 
| 213|0x00000000ed500000, 0x00000000ed500000, 0x00000000ed600000|  0%| F|  |TAMS 0x00000000ed500000, 0x00000000ed500000| Untracked 
| 214|0x00000000ed600000, 0x00000000ed600000, 0x00000000ed700000|  0%| F|  |TAMS 0x00000000ed600000, 0x00000000ed600000| Untracked 
| 215|0x00000000ed700000, 0x00000000ed700000, 0x00000000ed800000|  0%| F|  |TAMS 0x00000000ed700000, 0x00000000ed700000| Untracked 
| 216|0x00000000ed800000, 0x00000000ed800000, 0x00000000ed900000|  0%| F|  |TAMS 0x00000000ed800000, 0x00000000ed800000| Untracked 
| 217|0x00000000ed900000, 0x00000000ed900000, 0x00000000eda00000|  0%| F|  |TAMS 0x00000000ed900000, 0x00000000ed900000| Untracked 
| 218|0x00000000eda00000, 0x00000000eda00000, 0x00000000edb00000|  0%| F|  |TAMS 0x00000000eda00000, 0x00000000eda00000| Untracked 
| 219|0x00000000edb00000, 0x00000000edb00000, 0x00000000edc00000|  0%| F|  |TAMS 0x00000000edb00000, 0x00000000edb00000| Untracked 
| 220|0x00000000edc00000, 0x00000000edc00000, 0x00000000edd00000|  0%| F|  |TAMS 0x00000000edc00000, 0x00000000edc00000| Untracked 
| 221|0x00000000edd00000, 0x00000000edd00000, 0x00000000ede00000|  0%| F|  |TAMS 0x00000000edd00000, 0x00000000edd00000| Untracked 
| 222|0x00000000ede00000, 0x00000000ede00000, 0x00000000edf00000|  0%| F|  |TAMS 0x00000000ede00000, 0x00000000ede00000| Untracked 
| 223|0x00000000edf00000, 0x00000000edf00000, 0x00000000ee000000|  0%| F|  |TAMS 0x00000000edf00000, 0x00000000edf00000| Untracked 
| 224|0x00000000ee000000, 0x00000000ee000000, 0x00000000ee100000|  0%| F|  |TAMS 0x00000000ee000000, 0x00000000ee000000| Untracked 
| 225|0x00000000ee100000, 0x00000000ee100000, 0x00000000ee200000|  0%| F|  |TAMS 0x00000000ee100000, 0x00000000ee100000| Untracked 
| 226|0x00000000ee200000, 0x00000000ee200000, 0x00000000ee300000|  0%| F|  |TAMS 0x00000000ee200000, 0x00000000ee200000| Untracked 
| 227|0x00000000ee300000, 0x00000000ee300000, 0x00000000ee400000|  0%| F|  |TAMS 0x00000000ee300000, 0x00000000ee300000| Untracked 
| 228|0x00000000ee400000, 0x00000000ee400000, 0x00000000ee500000|  0%| F|  |TAMS 0x00000000ee400000, 0x00000000ee400000| Untracked 
| 229|0x00000000ee500000, 0x00000000ee500000, 0x00000000ee600000|  0%| F|  |TAMS 0x00000000ee500000, 0x00000000ee500000| Untracked 
| 230|0x00000000ee600000, 0x00000000ee600000, 0x00000000ee700000|  0%| F|  |TAMS 0x00000000ee600000, 0x00000000ee600000| Untracked 
| 231|0x00000000ee700000, 0x00000000ee700000, 0x00000000ee800000|  0%| F|  |TAMS 0x00000000ee700000, 0x00000000ee700000| Untracked 
| 232|0x00000000ee800000, 0x00000000ee800000, 0x00000000ee900000|  0%| F|  |TAMS 0x00000000ee800000, 0x00000000ee800000| Untracked 
| 233|0x00000000ee900000, 0x00000000ee900000, 0x00000000eea00000|  0%| F|  |TAMS 0x00000000ee900000, 0x00000000ee900000| Untracked 
| 234|0x00000000eea00000, 0x00000000eea00000, 0x00000000eeb00000|  0%| F|  |TAMS 0x00000000eea00000, 0x00000000eea00000| Untracked 
| 235|0x00000000eeb00000, 0x00000000eeb00000, 0x00000000eec00000|  0%| F|  |TAMS 0x00000000eeb00000, 0x00000000eeb00000| Untracked 
| 236|0x00000000eec00000, 0x00000000eec00000, 0x00000000eed00000|  0%| F|  |TAMS 0x00000000eec00000, 0x00000000eec00000| Untracked 
| 237|0x00000000eed00000, 0x00000000eed00000, 0x00000000eee00000|  0%| F|  |TAMS 0x00000000eed00000, 0x00000000eed00000| Untracked 
| 238|0x00000000eee00000, 0x00000000eee00000, 0x00000000eef00000|  0%| F|  |TAMS 0x00000000eee00000, 0x00000000eee00000| Untracked 
| 239|0x00000000eef00000, 0x00000000eef00000, 0x00000000ef000000|  0%| F|  |TAMS 0x00000000eef00000, 0x00000000eef00000| Untracked 
| 240|0x00000000ef000000, 0x00000000ef100000, 0x00000000ef100000|100%| E|  |TAMS 0x00000000ef000000, 0x00000000ef000000| Complete 
| 241|0x00000000ef100000, 0x00000000ef200000, 0x00000000ef200000|100%| E|CS|TAMS 0x00000000ef100000, 0x00000000ef100000| Complete 
| 242|0x00000000ef200000, 0x00000000ef300000, 0x00000000ef300000|100%| E|CS|TAMS 0x00000000ef200000, 0x00000000ef200000| Complete 
| 243|0x00000000ef300000, 0x00000000ef400000, 0x00000000ef400000|100%| E|CS|TAMS 0x00000000ef300000, 0x00000000ef300000| Complete 
| 244|0x00000000ef400000, 0x00000000ef500000, 0x00000000ef500000|100%| E|CS|TAMS 0x00000000ef400000, 0x00000000ef400000| Complete 
| 245|0x00000000ef500000, 0x00000000ef600000, 0x00000000ef600000|100%| E|CS|TAMS 0x00000000ef500000, 0x00000000ef500000| Complete 
| 246|0x00000000ef600000, 0x00000000ef700000, 0x00000000ef700000|100%| E|CS|TAMS 0x00000000ef600000, 0x00000000ef600000| Complete 
| 247|0x00000000ef700000, 0x00000000ef800000, 0x00000000ef800000|100%| E|CS|TAMS 0x00000000ef700000, 0x00000000ef700000| Complete 
| 248|0x00000000ef800000, 0x00000000ef900000, 0x00000000ef900000|100%| E|CS|TAMS 0x00000000ef800000, 0x00000000ef800000| Complete 
| 249|0x00000000ef900000, 0x00000000efa00000, 0x00000000efa00000|100%| E|CS|TAMS 0x00000000ef900000, 0x00000000ef900000| Complete 
| 250|0x00000000efa00000, 0x00000000efb00000, 0x00000000efb00000|100%| E|CS|TAMS 0x00000000efa00000, 0x00000000efa00000| Complete 
| 251|0x00000000efb00000, 0x00000000efc00000, 0x00000000efc00000|100%| E|CS|TAMS 0x00000000efb00000, 0x00000000efb00000| Complete 
| 252|0x00000000efc00000, 0x00000000efd00000, 0x00000000efd00000|100%| E|CS|TAMS 0x00000000efc00000, 0x00000000efc00000| Complete 
| 253|0x00000000efd00000, 0x00000000efe00000, 0x00000000efe00000|100%| E|CS|TAMS 0x00000000efd00000, 0x00000000efd00000| Complete 
| 254|0x00000000efe00000, 0x00000000eff00000, 0x00000000eff00000|100%| E|CS|TAMS 0x00000000efe00000, 0x00000000efe00000| Complete 
| 255|0x00000000eff00000, 0x00000000f0000000, 0x00000000f0000000|100%| E|CS|TAMS 0x00000000eff00000, 0x00000000eff00000| Complete 

Card table byte_map: [0x00000212e5ad0000,0x00000212e5bd0000] _byte_map_base: 0x00000212e53d0000

Marking Bits (Prev, Next): (CMBitMap*) 0x00000212ce0d3d80, (CMBitMap*) 0x00000212ce0d3d40
 Prev Bits: [0x00000212e64d0000, 0x00000212e6cd0000)
 Next Bits: [0x00000212e5cd0000, 0x00000212e64d0000)

Polling page: 0x00000212cc830000

Metaspace:

Usage:
  Non-class:     19.22 MB used.
      Class:      3.34 MB used.
       Both:     22.56 MB used.

Virtual space:
  Non-class space:       64.00 MB reserved,      19.44 MB ( 30%) committed,  1 nodes.
      Class space:      320.00 MB reserved,       3.56 MB (  1%) committed,  1 nodes.
             Both:      384.00 MB reserved,      23.00 MB (  6%) committed. 

Chunk freelists:
   Non-Class:  12.47 MB
       Class:  12.29 MB
        Both:  24.76 MB

MaxMetaspaceSize: 384.00 MB
CompressedClassSpaceSize: 320.00 MB
Initial GC threshold: 21.00 MB
Current GC threshold: 35.12 MB
CDS: on
MetaspaceReclaimPolicy: balanced
 - commit_granule_bytes: 65536.
 - commit_granule_words: 8192.
 - virtual_space_node_default_size: 8388608.
 - enlarge_chunks_in_place: 1.
 - new_chunks_are_fully_committed: 0.
 - uncommit_free_chunks: 1.
 - use_allocation_guard: 0.
 - handle_deallocations: 1.


Internal statistics:

num_allocs_failed_limit: 3.
num_arena_births: 374.
num_arena_deaths: 0.
num_vsnodes_births: 2.
num_vsnodes_deaths: 0.
num_space_committed: 368.
num_space_uncommitted: 0.
num_chunks_returned_to_freelist: 3.
num_chunks_taken_from_freelist: 1253.
num_chunk_merges: 3.
num_chunk_splits: 807.
num_chunks_enlarged: 549.
num_inconsistent_stats: 0.

CodeHeap 'non-profiled nmethods': size=119168Kb used=1866Kb max_used=1866Kb free=117301Kb
 bounds [0x00000212dd5c0000, 0x00000212dd830000, 0x00000212e4a20000]
CodeHeap 'profiled nmethods': size=119104Kb used=6765Kb max_used=6765Kb free=112338Kb
 bounds [0x00000212d5a20000, 0x00000212d60c0000, 0x00000212dce70000]
CodeHeap 'non-nmethods': size=7488Kb used=2948Kb max_used=3007Kb free=4539Kb
 bounds [0x00000212dce70000, 0x00000212dd170000, 0x00000212dd5c0000]
 total_blobs=3754 nmethods=3196 adapters=467
 compilation: enabled
              stopped_count=0, restarted_count=0
 full_count=0

Compilation events (20 events):
Event: 3.947 Thread 0x00000212865d95a0 nmethod 3159% 0x00000212dd77fa10 code [0x00000212dd77fba0, 0x00000212dd780178]
Event: 3.947 Thread 0x00000212ff12d230 3164       3       com.google.common.collect.ImmutableList::<init> (5 bytes)
Event: 3.948 Thread 0x00000212ff12d230 nmethod 3164 0x00000212d60b2110 code [0x00000212d60b22c0, 0x00000212d60b24f8]
Event: 3.951 Thread 0x00000212ff12d230 3165       3       java.lang.Short::<init> (10 bytes)
Event: 3.951 Thread 0x00000212ff12d230 nmethod 3165 0x00000212d60b2610 code [0x00000212d60b27c0, 0x00000212d60b2998]
Event: 3.955 Thread 0x00000212ff12d230 3166       3       java.util.HashMap::removeNode (291 bytes)
Event: 3.956 Thread 0x00000212ff12d230 nmethod 3166 0x00000212d60b2a90 code [0x00000212d60b2d20, 0x00000212d60b4058]
Event: 3.959 Thread 0x00000212ff104750 3167       3       java.lang.Class::protectionDomain (48 bytes)
Event: 3.960 Thread 0x00000212ff12d230 3168       1       java.lang.invoke.MethodHandle::internalForm (5 bytes)
Event: 3.960 Thread 0x00000212ff12d230 nmethod 3168 0x00000212dd780390 code [0x00000212dd780520, 0x00000212dd7805f8]
Event: 3.960 Thread 0x00000212ff104750 nmethod 3167 0x00000212d60b4510 code [0x00000212d60b4740, 0x00000212d60b4dd8]
Event: 3.962 Thread 0x00000212e9c93970 3169       3       java.lang.reflect.Constructor::setAccessible (21 bytes)
Event: 3.962 Thread 0x00000212ff104230 3170       3       java.lang.reflect.Constructor::checkCanSetAccessible (29 bytes)
Event: 3.963 Thread 0x00000212ff104230 nmethod 3170 0x00000212d60b5010 code [0x00000212d60b51e0, 0x00000212d60b5498]
Event: 3.963 Thread 0x00000212e9c93970 nmethod 3169 0x00000212d60b5610 code [0x00000212d60b5820, 0x00000212d60b5f18]
Event: 3.963 Thread 0x00000212865d95a0 3172       4       jdk.internal.org.objectweb.asm.SymbolTable::addConstantMemberReference (147 bytes)
Event: 3.964 Thread 0x00000212ff104750 3173       3       java.lang.invoke.DirectMethodHandle::make (21 bytes)
Event: 3.964 Thread 0x00000212ff104750 nmethod 3173 0x00000212d60b6190 code [0x00000212d60b6360, 0x00000212d60b66b8]
Event: 4.178 Thread 0x00000212e9c93970 3176       3       java.util.concurrent.locks.ReentrantLock$Sync::isHeldExclusively (16 bytes)
Event: 4.616 Thread 0x00000212ff12d230 3177       3       java.util.concurrent.TimeUnit::toNanos (45 bytes)

GC Heap History (8 events):
Event: 0.349 GC heap before
{Heap before GC invocations=0 (full 0):
 garbage-first heap   total 262144K, used 23552K [0x00000000e0000000, 0x0000000100000000)
  region size 1024K, 23 young (23552K), 0 survivors (0K)
 Metaspace       used 1089K, committed 1216K, reserved 393216K
  class space    used 73K, committed 128K, reserved 327680K
}
Event: 0.351 GC heap after
{Heap after GC invocations=1 (full 0):
 garbage-first heap   total 262144K, used 2463K [0x00000000e0000000, 0x0000000100000000)
  region size 1024K, 3 young (3072K), 3 survivors (3072K)
 Metaspace       used 1089K, committed 1216K, reserved 393216K
  class space    used 73K, committed 128K, reserved 327680K
}
Event: 0.919 GC heap before
{Heap before GC invocations=1 (full 0):
 garbage-first heap   total 262144K, used 41375K [0x00000000e0000000, 0x0000000100000000)
  region size 1024K, 39 young (39936K), 3 survivors (3072K)
 Metaspace       used 4457K, committed 4608K, reserved 393216K
  class space    used 549K, committed 640K, reserved 327680K
}
Event: 0.923 GC heap after
{Heap after GC invocations=2 (full 0):
 garbage-first heap   total 262144K, used 10759K [0x00000000e0000000, 0x0000000100000000)
  region size 1024K, 5 young (5120K), 5 survivors (5120K)
 Metaspace       used 4457K, committed 4608K, reserved 393216K
  class space    used 549K, committed 640K, reserved 327680K
}
Event: 1.537 GC heap before
{Heap before GC invocations=2 (full 0):
 garbage-first heap   total 262144K, used 61959K [0x00000000e0000000, 0x0000000100000000)
  region size 1024K, 53 young (54272K), 5 survivors (5120K)
 Metaspace       used 5398K, committed 5568K, reserved 393216K
  class space    used 709K, committed 768K, reserved 327680K
}
Event: 1.542 GC heap after
{Heap after GC invocations=3 (full 0):
 garbage-first heap   total 262144K, used 16666K [0x00000000e0000000, 0x0000000100000000)
  region size 1024K, 5 young (5120K), 5 survivors (5120K)
 Metaspace       used 5398K, committed 5568K, reserved 393216K
  class space    used 709K, committed 768K, reserved 327680K
}
Event: 3.637 GC heap before
{Heap before GC invocations=3 (full 0):
 garbage-first heap   total 262144K, used 119066K [0x00000000e0000000, 0x0000000100000000)
  region size 1024K, 106 young (108544K), 5 survivors (5120K)
 Metaspace       used 21161K, committed 21504K, reserved 393216K
  class space    used 3069K, committed 3264K, reserved 327680K
}
Event: 3.648 GC heap after
{Heap after GC invocations=4 (full 0):
 garbage-first heap   total 262144K, used 23925K [0x00000000e0000000, 0x0000000100000000)
  region size 1024K, 12 young (12288K), 12 survivors (12288K)
 Metaspace       used 21161K, committed 21504K, reserved 393216K
  class space    used 3069K, committed 3264K, reserved 327680K
}

Deoptimization events (20 events):
Event: 2.680 Thread 0x00000212ff0fbc60 DEOPT PACKING pc=0x00000212dd5ddf94 sp=0x00000077818fab80
Event: 2.680 Thread 0x00000212ff0fbc60 DEOPT UNPACKING pc=0x00000212dcec5ba3 sp=0x00000077818fab28 mode 2
Event: 2.681 Thread 0x00000212ff0fbc60 Uncommon trap: trap_request=0xffffff45 fr.pc=0x00000212dd6649cc relative=0x000000000000060c
Event: 2.681 Thread 0x00000212ff0fbc60 Uncommon trap: reason=unstable_if action=reinterpret pc=0x00000212dd6649cc method=java.io.File.getName()Ljava/lang/String; @ 16 c2
Event: 2.681 Thread 0x00000212ff0fbc60 DEOPT PACKING pc=0x00000212dd6649cc sp=0x00000077818fab30
Event: 2.681 Thread 0x00000212ff0fbc60 DEOPT UNPACKING pc=0x00000212dcec5ba3 sp=0x00000077818fab00 mode 2
Event: 2.928 Thread 0x00000212ff0fbc60 DEOPT PACKING pc=0x00000212d5e6d9ea sp=0x00000077818f8fa0
Event: 2.928 Thread 0x00000212ff0fbc60 DEOPT UNPACKING pc=0x00000212dcec66e3 sp=0x00000077818f84b0 mode 0
Event: 3.578 Thread 0x00000212ff0fbc60 Uncommon trap: trap_request=0xffffffde fr.pc=0x00000212dd5cbd24 relative=0x00000000000001a4
Event: 3.578 Thread 0x00000212ff0fbc60 Uncommon trap: reason=class_check action=maybe_recompile pc=0x00000212dd5cbd24 method=java.lang.String.equals(Ljava/lang/Object;)Z @ 8 c2
Event: 3.578 Thread 0x00000212ff0fbc60 DEOPT PACKING pc=0x00000212dd5cbd24 sp=0x00000077818f8d80
Event: 3.578 Thread 0x00000212ff0fbc60 DEOPT UNPACKING pc=0x00000212dcec5ba3 sp=0x00000077818f8d28 mode 2
Event: 3.607 Thread 0x00000212ff0fbc60 Uncommon trap: trap_request=0xffffff45 fr.pc=0x00000212dd703d60 relative=0x0000000000007200
Event: 3.607 Thread 0x00000212ff0fbc60 Uncommon trap: reason=unstable_if action=reinterpret pc=0x00000212dd703d60 method=jdk.internal.org.objectweb.asm.Frame.execute(IILjdk/internal/org/objectweb/asm/Symbol;Ljdk/internal/org/objectweb/asm/SymbolTable;)V @ 1 c2
Event: 3.607 Thread 0x00000212ff0fbc60 DEOPT PACKING pc=0x00000212dd703d60 sp=0x00000077818f9540
Event: 3.607 Thread 0x00000212ff0fbc60 DEOPT UNPACKING pc=0x00000212dcec5ba3 sp=0x00000077818f94f8 mode 2
Event: 3.871 Thread 0x00000212ff0fbc60 Uncommon trap: trap_request=0xffffff76 fr.pc=0x00000212dd741800 relative=0x0000000000000160
Event: 3.871 Thread 0x00000212ff0fbc60 Uncommon trap: reason=predicate action=maybe_recompile pc=0x00000212dd741800 method=com.google.common.base.CharMatcher.indexIn(Ljava/lang/CharSequence;I)I @ 19 c2
Event: 3.871 Thread 0x00000212ff0fbc60 DEOPT PACKING pc=0x00000212dd741800 sp=0x00000077818fa030
Event: 3.871 Thread 0x00000212ff0fbc60 DEOPT UNPACKING pc=0x00000212dcec5ba3 sp=0x00000077818f9fc0 mode 2

Classes unloaded (0 events):
No events

Classes redefined (0 events):
No events

Internal exceptions (20 events):
Event: 3.617 Thread 0x00000212ff0fbc60 Exception <a 'java/lang/NoSuchMethodError'{0x00000000e98fa3e0}: 'java.lang.Object java.lang.invoke.DirectMethodHandle$Holder.invokeStatic(java.lang.Object, java.lang.Object, java.lang.Object, java.lang.Object, java.lang.Object, java.lang.Object, java.lang.Object, java.lang.Object, java.lang.Object, java.lang.Object, java.lang.Object, java.lang.Object, java.lang.Object, java.lang.Object, java.lang.Object, java.lang.Object, java.lang.Object, java.lang.Object, java.lang.Object, java.lang.Object)'> (0x00000000
Event: 3.620 Thread 0x00000212ff0fbc60 Exception <a 'java/lang/NoSuchMethodError'{0x00000000e9726ca0}: 'java.lang.Object java.lang.invoke.DirectMethodHandle$Holder.invokeStatic(java.lang.Object, java.lang.Object, java.lang.Object, java.lang.Object, java.lang.Object, java.lang.Object, java.lang.Object, java.lang.Object, java.lang.Object, java.lang.Object, java.lang.Object, java.lang.Object, java.lang.Object, java.lang.Object, java.lang.Object, java.lang.Object, java.lang.Object, java.lang.Object, java.lang.Object, java.lang.Object, java.lang.Obj
Event: 3.622 Thread 0x00000212ff0fbc60 Exception <a 'java/lang/NoSuchMethodError'{0x00000000e9754178}: 'java.lang.Object java.lang.invoke.DirectMethodHandle$Holder.invokeStatic(java.lang.Object, java.lang.Object, java.lang.Object, java.lang.Object, java.lang.Object, java.lang.Object, java.lang.Object, java.lang.Object, java.lang.Object, java.lang.Object, java.lang.Object, java.lang.Object, java.lang.Object, java.lang.Object, java.lang.Object, java.lang.Object, java.lang.Object, java.lang.Object, java.lang.Object, java.lang.Object, java.lang.Obj
Event: 3.624 Thread 0x00000212ff0fbc60 Exception <a 'java/lang/NoSuchMethodError'{0x00000000e9782d58}: 'java.lang.Object java.lang.invoke.DirectMethodHandle$Holder.invokeStatic(java.lang.Object, java.lang.Object, java.lang.Object, java.lang.Object, java.lang.Object, java.lang.Object, java.lang.Object, java.lang.Object, java.lang.Object, java.lang.Object, java.lang.Object, java.lang.Object, java.lang.Object, java.lang.Object, java.lang.Object, java.lang.Object, java.lang.Object, java.lang.Object, java.lang.Object, java.lang.Object, java.lang.Obj
Event: 3.627 Thread 0x00000212ff0fbc60 Exception <a 'java/lang/NoSuchMethodError'{0x00000000e97b1d88}: 'java.lang.Object java.lang.invoke.DirectMethodHandle$Holder.invokeStatic(java.lang.Object, java.lang.Object, java.lang.Object, java.lang.Object, java.lang.Object, java.lang.Object, java.lang.Object, java.lang.Object, java.lang.Object, java.lang.Object, java.lang.Object, java.lang.Object, java.lang.Object, java.lang.Object, java.lang.Object, java.lang.Object, java.lang.Object, java.lang.Object, java.lang.Object, java.lang.Object, java.lang.Obj
Event: 3.628 Thread 0x00000212ff0fbc60 Exception <a 'java/lang/NoSuchMethodError'{0x00000000e97e2a20}: 'java.lang.Object java.lang.invoke.DirectMethodHandle$Holder.invokeStatic(java.lang.Object, java.lang.Object, java.lang.Object, java.lang.Object, java.lang.Object, java.lang.Object, java.lang.Object, java.lang.Object, java.lang.Object, java.lang.Object, java.lang.Object, java.lang.Object, java.lang.Object, java.lang.Object, java.lang.Object, java.lang.Object, java.lang.Object, java.lang.Object, java.lang.Object, java.lang.Object, java.lang.Obj
Event: 3.630 Thread 0x00000212ff0fbc60 Exception <a 'java/lang/NoSuchMethodError'{0x00000000e9614900}: 'java.lang.Object java.lang.invoke.DirectMethodHandle$Holder.invokeStatic(java.lang.Object, java.lang.Object, java.lang.Object, java.lang.Object, java.lang.Object, java.lang.Object, java.lang.Object, java.lang.Object, java.lang.Object, java.lang.Object, java.lang.Object, java.lang.Object, java.lang.Object, java.lang.Object, java.lang.Object, java.lang.Object, java.lang.Object, java.lang.Object, java.lang.Object, java.lang.Object, java.lang.Obj
Event: 3.669 Thread 0x00000212ff0fbc60 Exception <a 'java/lang/NoSuchMethodError'{0x00000000efeba0d8}: 'java.lang.Object java.lang.invoke.DirectMethodHandle$Holder.invokeStaticInit(java.lang.Object, java.lang.Object, java.lang.Object, java.lang.Object)'> (0x00000000efeba0d8) 
thrown [s\open\src\hotspot\share\interpreter\linkResolver.cpp, line 759]
Event: 3.691 Thread 0x00000212ff0fbc60 Exception <a 'java/lang/NoSuchMethodError'{0x00000000efc794e0}: 'java.lang.Object java.lang.invoke.DirectMethodHandle$Holder.newInvokeSpecial(java.lang.Object, java.lang.Object, java.lang.Object, java.lang.Object, java.lang.Object, java.lang.Object, java.lang.Object, java.lang.Object)'> (0x00000000efc794e0) 
thrown [s\open\src\hotspot\share\interpreter\linkResolver.cpp, line 759]
Event: 3.692 Thread 0x00000212ff0fbc60 Exception <a 'java/lang/NoSuchMethodError'{0x00000000efc7eee8}: 'java.lang.Object java.lang.invoke.DirectMethodHandle$Holder.invokeSpecial(java.lang.Object, java.lang.Object, java.lang.Object, java.lang.Object, java.lang.Object, java.lang.Object, java.lang.Object, java.lang.Object, java.lang.Object)'> (0x00000000efc7eee8) 
thrown [s\open\src\hotspot\share\interpreter\linkResolver.cpp, line 759]
Event: 3.692 Thread 0x00000212ff0fbc60 Exception <a 'java/lang/NoSuchMethodError'{0x00000000efc84500}: 'java.lang.Object java.lang.invoke.Invokers$Holder.linkToTargetMethod(java.lang.Object, java.lang.Object, java.lang.Object, java.lang.Object, java.lang.Object, java.lang.Object, java.lang.Object, java.lang.Object)'> (0x00000000efc84500) 
thrown [s\open\src\hotspot\share\interpreter\linkResolver.cpp, line 759]
Event: 3.699 Thread 0x00000212ff0fbc60 Exception <a 'java/lang/NoSuchMethodError'{0x00000000efcd2d50}: 'void java.lang.invoke.DirectMethodHandle$Holder.invokeStatic(java.lang.Object, java.lang.Object, java.lang.Object, java.lang.Object)'> (0x00000000efcd2d50) 
thrown [s\open\src\hotspot\share\interpreter\linkResolver.cpp, line 759]
Event: 3.746 Thread 0x00000212ff0fbc60 Exception <a 'java/lang/NoSuchMethodError'{0x00000000efaf8668}: 'void java.lang.invoke.DirectMethodHandle$Holder.invokeStaticInit(java.lang.Object, java.lang.Object)'> (0x00000000efaf8668) 
thrown [s\open\src\hotspot\share\interpreter\linkResolver.cpp, line 759]
Event: 3.919 Thread 0x00000212ff0fbc60 Exception <a 'java/lang/NoSuchMethodError'{0x00000000ef318a10}: 'int java.lang.invoke.DirectMethodHandle$Holder.invokeVirtual(java.lang.Object, java.lang.Object)'> (0x00000000ef318a10) 
thrown [s\open\src\hotspot\share\interpreter\linkResolver.cpp, line 759]
Event: 3.938 Thread 0x0000021285b81120 Exception <a 'java/lang/NoSuchMethodError'{0x00000000eff08a98}: static Lorg/gradle/internal/build/event/types/DefaultOperationFinishedProgressEvent;.<clinit>()V> (0x00000000eff08a98) 
thrown [s\open\src\hotspot\share\prims\jni.cpp, line 1112]
Event: 3.940 Thread 0x0000021285b81120 Exception <a 'java/lang/NoSuchMethodError'{0x00000000eff20a90}: static Lorg/gradle/internal/build/event/types/DefaultSuccessResult;.<clinit>()V> (0x00000000eff20a90) 
thrown [s\open\src\hotspot\share\prims\jni.cpp, line 1112]
Event: 3.941 Thread 0x0000021285b81120 Exception <a 'java/lang/NoSuchMethodError'{0x00000000eff21780}: static Lorg/gradle/internal/build/event/types/AbstractOperationResult;.<clinit>()V> (0x00000000eff21780) 
thrown [s\open\src\hotspot\share\prims\jni.cpp, line 1112]
Event: 3.941 Thread 0x0000021285b81120 Exception <a 'java/lang/NoSuchMethodError'{0x00000000eff22740}: static Lorg/gradle/internal/build/event/types/AbstractResult;.<clinit>()V> (0x00000000eff22740) 
thrown [s\open\src\hotspot\share\prims\jni.cpp, line 1112]
Event: 3.964 Thread 0x00000212ff0fbc60 Exception <a 'java/lang/NoSuchMethodError'{0x00000000ef2b8ae8}: 'java.lang.Object java.lang.invoke.DirectMethodHandle$Holder.newInvokeSpecial(java.lang.Object, java.lang.Object, long)'> (0x00000000ef2b8ae8) 
thrown [s\open\src\hotspot\share\interpreter\linkResolver.cpp, line 759]
Event: 3.964 Thread 0x00000212ff0fbc60 Exception <a 'java/lang/NoSuchMethodError'{0x00000000ef2bce50}: 'java.lang.Object java.lang.invoke.Invokers$Holder.linkToTargetMethod(java.lang.Object, long, java.lang.Object)'> (0x00000000ef2bce50) 
thrown [s\open\src\hotspot\share\interpreter\linkResolver.cpp, line 759]

VM Operations (20 events):
Event: 2.039 Executing VM operation: HandshakeAllThreads done
Event: 2.126 Executing VM operation: HandshakeAllThreads
Event: 2.126 Executing VM operation: HandshakeAllThreads done
Event: 2.248 Executing VM operation: ICBufferFull
Event: 2.248 Executing VM operation: ICBufferFull done
Event: 2.813 Executing VM operation: HandshakeAllThreads
Event: 2.813 Executing VM operation: HandshakeAllThreads done
Event: 2.814 Executing VM operation: HandshakeAllThreads
Event: 2.814 Executing VM operation: HandshakeAllThreads done
Event: 2.954 Executing VM operation: HandshakeAllThreads
Event: 2.954 Executing VM operation: HandshakeAllThreads done
Event: 2.958 Executing VM operation: ICBufferFull
Event: 2.959 Executing VM operation: ICBufferFull done
Event: 3.637 Executing VM operation: CollectForMetadataAllocation
Event: 3.648 Executing VM operation: CollectForMetadataAllocation done
Event: 3.654 Executing VM operation: G1Concurrent
Event: 3.656 Executing VM operation: G1Concurrent done
Event: 3.657 Executing VM operation: G1Concurrent
Event: 3.657 Executing VM operation: G1Concurrent done
Event: 4.657 Executing VM operation: Cleanup

Events (20 events):
Event: 3.625 loading class java/lang/invoke/BoundMethodHandle$Species_LLLLLLLLLLLLLLLLLLLLL
Event: 3.625 loading class java/lang/invoke/BoundMethodHandle$Species_LLLLLLLLLLLLLLLLLLLLL done
Event: 3.627 loading class java/lang/invoke/BoundMethodHandle$Species_LLLLLLLLLLLLLLLLLLLLLL
Event: 3.627 loading class java/lang/invoke/BoundMethodHandle$Species_LLLLLLLLLLLLLLLLLLLLLL done
Event: 3.629 loading class java/lang/invoke/BoundMethodHandle$Species_LLLLLLLLLLLLLLLLLLLLLLL
Event: 3.629 loading class java/lang/invoke/BoundMethodHandle$Species_LLLLLLLLLLLLLLLLLLLLLLL done
Event: 3.864 loading class java/util/concurrent/CancellationException
Event: 3.865 loading class java/util/concurrent/CancellationException done
Event: 3.866 loading class java/util/concurrent/TimeoutException
Event: 3.866 loading class java/util/concurrent/TimeoutException done
Event: 3.908 Thread 0x0000021285b81630 Thread added: 0x0000021285b81630
Event: 3.908 loading class java/util/concurrent/locks/AbstractQueuedSynchronizer$SharedNode
Event: 3.908 loading class java/util/concurrent/locks/AbstractQueuedSynchronizer$SharedNode done
Event: 3.915 loading class java/io/InterruptedIOException
Event: 3.915 loading class java/io/InterruptedIOException done
Event: 3.917 Thread 0x0000021285b82050 Thread added: 0x0000021285b82050
Event: 3.924 loading class java/util/ArrayDeque$DeqSpliterator
Event: 3.924 loading class java/util/ArrayDeque$DeqSpliterator done
Event: 3.951 loading class java/lang/Short$ShortCache
Event: 3.951 loading class java/lang/Short$ShortCache done


Dynamic libraries:
0x00007ff7d7070000 - 0x00007ff7d7080000 	C:\Program Files\Java\jdk-17\bin\java.exe
0x00007ffa075e0000 - 0x00007ffa07846000 	C:\WINDOWS\SYSTEM32\ntdll.dll
0x00007ffa060b0000 - 0x00007ffa06179000 	C:\WINDOWS\System32\KERNEL32.DLL
0x00007ffa04ad0000 - 0x00007ffa04e9c000 	C:\WINDOWS\System32\KERNELBASE.dll
0x00007ffa05220000 - 0x00007ffa0536b000 	C:\WINDOWS\System32\ucrtbase.dll
0x00007ff9f3610000 - 0x00007ff9f362b000 	C:\Program Files\Java\jdk-17\bin\VCRUNTIME140.dll
0x00007ff9f3630000 - 0x00007ff9f3649000 	C:\Program Files\Java\jdk-17\bin\jli.dll
0x00007ffa058e0000 - 0x00007ffa05992000 	C:\WINDOWS\System32\ADVAPI32.dll
0x00007ffa055c0000 - 0x00007ffa05669000 	C:\WINDOWS\System32\msvcrt.dll
0x00007ffa07140000 - 0x00007ffa071e6000 	C:\WINDOWS\System32\sechost.dll
0x00007ffa06410000 - 0x00007ffa06526000 	C:\WINDOWS\System32\RPCRT4.dll
0x00007ffa05ee0000 - 0x00007ffa060aa000 	C:\WINDOWS\System32\USER32.dll
0x00007ffa05370000 - 0x00007ffa05397000 	C:\WINDOWS\System32\win32u.dll
0x00007ff9ec2b0000 - 0x00007ff9ec54a000 	C:\WINDOWS\WinSxS\amd64_microsoft.windows.common-controls_6595b64144ccf1df_6.0.26100.3912_none_3e07963ce335137e\COMCTL32.dll
0x00007ffa05e20000 - 0x00007ffa05e4b000 	C:\WINDOWS\System32\GDI32.dll
0x00007ffa04ea0000 - 0x00007ffa04fd2000 	C:\WINDOWS\System32\gdi32full.dll
0x00007ffa04800000 - 0x00007ffa048a3000 	C:\WINDOWS\System32\msvcp_win.dll
0x00007ff9f1bf0000 - 0x00007ff9f1bfb000 	C:\WINDOWS\SYSTEM32\VERSION.dll
0x00007ffa059a0000 - 0x00007ffa059d0000 	C:\WINDOWS\System32\IMM32.DLL
0x00007ff9f3600000 - 0x00007ff9f360c000 	C:\Program Files\Java\jdk-17\bin\vcruntime140_1.dll
0x00007ff9df350000 - 0x00007ff9df3de000 	C:\Program Files\Java\jdk-17\bin\msvcp140.dll
0x00007ff97f2d0000 - 0x00007ff97feb0000 	C:\Program Files\Java\jdk-17\bin\server\jvm.dll
0x00007ffa07570000 - 0x00007ffa07578000 	C:\WINDOWS\System32\PSAPI.DLL
0x00007ff9ef3a0000 - 0x00007ff9ef3d6000 	C:\WINDOWS\SYSTEM32\WINMM.dll
0x00007ff9e10f0000 - 0x00007ff9e10fa000 	C:\WINDOWS\SYSTEM32\WSOCK32.dll
0x00007ffa06280000 - 0x00007ffa062f4000 	C:\WINDOWS\System32\WS2_32.dll
0x00007ffa03650000 - 0x00007ffa0366a000 	C:\WINDOWS\SYSTEM32\kernel.appcore.dll
0x00007ff9ef030000 - 0x00007ff9ef03a000 	C:\Program Files\Java\jdk-17\bin\jimage.dll
0x00007ffa01ee0000 - 0x00007ffa02121000 	C:\WINDOWS\SYSTEM32\DBGHELP.DLL
0x00007ffa05a90000 - 0x00007ffa05e14000 	C:\WINDOWS\System32\combase.dll
0x00007ffa056e0000 - 0x00007ffa057c0000 	C:\WINDOWS\System32\OLEAUT32.dll
0x00007ff9dcd00000 - 0x00007ff9dcd39000 	C:\WINDOWS\SYSTEM32\dbgcore.DLL
0x00007ffa04a30000 - 0x00007ffa04ac9000 	C:\WINDOWS\System32\bcryptPrimitives.dll
0x00007ff9ef020000 - 0x00007ff9ef02e000 	C:\Program Files\Java\jdk-17\bin\instrument.dll
0x00007ff9eeff0000 - 0x00007ff9ef015000 	C:\Program Files\Java\jdk-17\bin\java.dll
0x00007ff99a440000 - 0x00007ff99a517000 	C:\Program Files\Java\jdk-17\bin\jsvml.dll
0x00007ffa06580000 - 0x00007ffa06cad000 	C:\WINDOWS\System32\SHELL32.dll
0x00007ffa04fe0000 - 0x00007ffa05154000 	C:\WINDOWS\System32\wintypes.dll
0x00007ffa023c0000 - 0x00007ffa02c16000 	C:\WINDOWS\SYSTEM32\windows.storage.dll
0x00007ffa057e0000 - 0x00007ffa058cf000 	C:\WINDOWS\System32\SHCORE.dll
0x00007ffa05670000 - 0x00007ffa056d9000 	C:\WINDOWS\System32\shlwapi.dll
0x00007ffa04680000 - 0x00007ffa046af000 	C:\WINDOWS\SYSTEM32\profapi.dll
0x00007ff9eee00000 - 0x00007ff9eee18000 	C:\Program Files\Java\jdk-17\bin\zip.dll
0x00007ff9eec20000 - 0x00007ff9eec39000 	C:\Program Files\Java\jdk-17\bin\net.dll
0x00007ff9f4220000 - 0x00007ff9f433e000 	C:\WINDOWS\SYSTEM32\WINHTTP.dll
0x00007ffa03bc0000 - 0x00007ffa03c2a000 	C:\WINDOWS\system32\mswsock.dll
0x00007ff9ee480000 - 0x00007ff9ee496000 	C:\Program Files\Java\jdk-17\bin\nio.dll
0x00007ff9eefe0000 - 0x00007ff9eeff0000 	C:\Program Files\Java\jdk-17\bin\verify.dll
0x00007ff999560000 - 0x00007ff999587000 	C:\Users\congh\.gradle\native\1def1411415f61bf3af743bc5b6707747c0891f09f0c88961ee8f79bc544acac\windows-amd64\native-platform.dll
0x00007ff99aa70000 - 0x00007ff99aae8000 	C:\Users\congh\.gradle\native\0.2.7\x86_64-windows-gnu\gradle-fileevents.dll
0x00007ff9eec10000 - 0x00007ff9eec1a000 	C:\Program Files\Java\jdk-17\bin\management.dll
0x00007ff9edd90000 - 0x00007ff9edd9b000 	C:\Program Files\Java\jdk-17\bin\management_ext.dll
0x00007ffa02fb0000 - 0x00007ffa02fe3000 	C:\WINDOWS\SYSTEM32\IPHLPAPI.DLL
0x00007ffa053a0000 - 0x00007ffa053aa000 	C:\WINDOWS\System32\NSI.dll
0x00007ff9f7ea0000 - 0x00007ff9f7ebf000 	C:\WINDOWS\SYSTEM32\dhcpcsvc6.DLL
0x00007ff9f41f0000 - 0x00007ff9f4215000 	C:\WINDOWS\SYSTEM32\dhcpcsvc.DLL
0x00007ffa03040000 - 0x00007ffa03167000 	C:\WINDOWS\SYSTEM32\DNSAPI.dll
0x00007ffa03e70000 - 0x00007ffa03e8c000 	C:\WINDOWS\SYSTEM32\CRYPTSP.dll
0x00007ffa03590000 - 0x00007ffa035ca000 	C:\WINDOWS\system32\rsaenh.dll
0x00007ffa03c60000 - 0x00007ffa03c8b000 	C:\WINDOWS\SYSTEM32\USERENV.dll
0x00007ffa04650000 - 0x00007ffa04676000 	C:\WINDOWS\SYSTEM32\bcrypt.dll
0x00007ffa03e60000 - 0x00007ffa03e6c000 	C:\WINDOWS\SYSTEM32\CRYPTBASE.dll
0x00007ff9edd80000 - 0x00007ff9edd8e000 	C:\Program Files\Java\jdk-17\bin\sunmscapi.dll
0x00007ffa048b0000 - 0x00007ffa04a27000 	C:\WINDOWS\System32\CRYPT32.dll
0x00007ffa04070000 - 0x00007ffa040a0000 	C:\WINDOWS\SYSTEM32\ncrypt.dll
0x00007ffa04020000 - 0x00007ffa0405f000 	C:\WINDOWS\SYSTEM32\NTASN1.dll
0x00007ff9fc990000 - 0x00007ff9fc998000 	C:\WINDOWS\system32\wshunix.dll

dbghelp: loaded successfully - version: 4.0.5 - missing functions: none
symbol engine: initialized successfully - sym options: 0x614 - pdb path: .;C:\Program Files\Java\jdk-17\bin;C:\WINDOWS\SYSTEM32;C:\WINDOWS\WinSxS\amd64_microsoft.windows.common-controls_6595b64144ccf1df_6.0.26100.3912_none_3e07963ce335137e;C:\Program Files\Java\jdk-17\bin\server;C:\Users\congh\.gradle\native\1def1411415f61bf3af743bc5b6707747c0891f09f0c88961ee8f79bc544acac\windows-amd64;C:\Users\congh\.gradle\native\0.2.7\x86_64-windows-gnu

VM Arguments:
jvm_args: --add-opens=java.base/java.lang=ALL-UNNAMED --add-opens=java.base/java.lang.invoke=ALL-UNNAMED --add-opens=java.base/java.util=ALL-UNNAMED --add-opens=java.prefs/java.util.prefs=ALL-UNNAMED --add-exports=jdk.compiler/com.sun.tools.javac.api=ALL-UNNAMED --add-exports=jdk.compiler/com.sun.tools.javac.util=ALL-UNNAMED --add-opens=java.base/java.util=ALL-UNNAMED --add-opens=java.prefs/java.util.prefs=ALL-UNNAMED --add-opens=java.base/java.nio.charset=ALL-UNNAMED --add-opens=java.base/java.net=ALL-UNNAMED --add-opens=java.base/java.util.concurrent.atomic=ALL-UNNAMED --add-opens=java.xml/javax.xml.namespace=ALL-UNNAMED -XX:MaxMetaspaceSize=384m -XX:+HeapDumpOnOutOfMemoryError -Xms256m -Xmx512m -Dfile.encoding=UTF-8 -Duser.country=US -Duser.language=en -Duser.variant -javaagent:C:\Users\congh\.gradle\wrapper\dists\gradle-8.13-bin\5xuhj0ry160q40clulazy9h7d\gradle-8.13\lib\agents\gradle-instrumentation-agent-8.13.jar 
java_command: org.gradle.launcher.daemon.bootstrap.GradleDaemon 8.13
java_class_path (initial): C:\Users\congh\.gradle\wrapper\dists\gradle-8.13-bin\5xuhj0ry160q40clulazy9h7d\gradle-8.13\lib\gradle-daemon-main-8.13.jar
Launcher Type: SUN_STANDARD

[Global flags]
     intx CICompilerCount                          = 12                                        {product} {ergonomic}
   size_t CompressedClassSpaceSize                 = 335544320                                 {product} {ergonomic}
     uint ConcGCThreads                            = 3                                         {product} {ergonomic}
     uint G1ConcRefinementThreads                  = 13                                        {product} {ergonomic}
   size_t G1HeapRegionSize                         = 1048576                                   {product} {ergonomic}
    uintx GCDrainStackTargetSize                   = 64                                        {product} {ergonomic}
     bool HeapDumpOnOutOfMemoryError               = true                                   {manageable} {command line}
   size_t InitialHeapSize                          = 268435456                                 {product} {command line}
   size_t MarkStackSize                            = 4194304                                   {product} {ergonomic}
   size_t MaxHeapSize                              = 536870912                                 {product} {command line}
   size_t MaxMetaspaceSize                         = 402653184                                 {product} {command line}
   size_t MaxNewSize                               = 321912832                                 {product} {ergonomic}
   size_t MinHeapDeltaBytes                        = 1048576                                   {product} {ergonomic}
   size_t MinHeapSize                              = 268435456                                 {product} {command line}
    uintx NonNMethodCodeHeapSize                   = 7602480                                {pd product} {ergonomic}
    uintx NonProfiledCodeHeapSize                  = 122027880                              {pd product} {ergonomic}
    uintx ProfiledCodeHeapSize                     = 122027880                              {pd product} {ergonomic}
    uintx ReservedCodeCacheSize                    = 251658240                              {pd product} {ergonomic}
     bool SegmentedCodeCache                       = true                                      {product} {ergonomic}
   size_t SoftMaxHeapSize                          = 536870912                              {manageable} {ergonomic}
     bool UseCompressedClassPointers               = true                           {product lp64_product} {ergonomic}
     bool UseCompressedOops                        = true                           {product lp64_product} {ergonomic}
     bool UseG1GC                                  = true                                      {product} {ergonomic}
     bool UseLargePagesIndividualAllocation        = false                                  {pd product} {ergonomic}

Logging:
Log output configuration:
 #0: stdout all=warning uptime,level,tags
 #1: stderr all=off uptime,level,tags

Environment Variables:
JAVA_HOME=C:\Program Files\Java\jdk-17
PATH=C:\Program Files\Common Files\Oracle\Java\javapath;C:\Windows;C:\Windows\System32\Wbem;C:\Windows\System32\WindowsPowerShell\v1.0\;C:\Windows\System32\OpenSSH\;C:\Program Files (x86)\NVIDIA Corporation\PhysX\Common;C:\Program Files\NVIDIA Corporation\NVIDIA NvDLISR;C:\WINDOWS\system32;C:\WINDOWS;C:\WINDOWS\System32\Wbem;C:\WINDOWS\System32\WindowsPowerShell\v1.0\;C:\WINDOWS\System32\OpenSSH\;C:\Program Files (x86)\Embarcadero\Dev-Cpp\TDM-GCC-64\bin;C:\MongoDB\Server\6.0\bin;C:\mongosh-1.6.1\bin;C:\Program Files\Azure Data Studio\bin;C:\Program Files (x86)\Microsoft SQL Server\160\DTS\Binn\;C:\Program Files (x86)\Microsoft SQL Server\160\Tools\Binn\;C:\Program Files\Microsoft SQL Server\160\Tools\Binn\;C:\Program Files\Microsoft SQL Server\Client SDK\ODBC\170\Tools\Binn\;C:\Program Files\Microsoft SQL Server\160\DTS\Binn\;C:\Users\congh\AppData\Local\Programs\Python\Python312;C:\Program Files\dotnet\;C:\Program Files\Cloudflare\Cloudflare WARP\;C:\Git\cmd;C:\Program Files\nodejs;C:\Program Files\Java\jdk-17\bin;D:\WWW\payara-6.2024.9\payara6\bin;C:\Program Files\Java\jdk-17\bin;D:\WWW\apache-maven-3.9.9-src\apache-maven-3.9.9\apache-maven\src\bin;;C:\Program Files\Docker\Docker\resources\bin;C:\Users\congh\AppData\Local\Programs\Python\Launcher\;C:\Users\congh\AppData\Local\Microsoft\WindowsApps;C:\Program Files (x86)\Embarcadero\Dev-Cpp\TDM-GCC-64\bin;C:\Microsoft VS Code\bin;C:\Program Files\Azure Data Studio\bin;C:\Program Files\JetBrains\IntelliJ IDEA Community Edition 2023.3.2\bin;;C:\Users\congh\AppData\Roaming\npm;C:\Program Files\JetBrains\IntelliJ IDEA 2024.2.0.2\bin;;C:\Users\congh\AppData\Local\Microsoft\WinGet\Packages\Schniz.fnm_Microsoft.Winget.Source_8wekyb3d8bbwe;C:\Users\congh\.dotnet\tools;
USERNAME=congh
OS=Windows_NT
PROCESSOR_IDENTIFIER=Intel64 Family 6 Model 141 Stepping 1, GenuineIntel



---------------  S Y S T E M  ---------------

OS:
 Windows 11 , 64 bit Build 26100 (10.0.26100.3912)
OS uptime: 0 days 13:23 hours
Hyper-V role detected

CPU: total 16 (initial active 16) (8 cores per cpu, 2 threads per core) family 6 model 141 stepping 1 microcode 0x3c, cx8, cmov, fxsr, ht, mmx, 3dnowpref, sse, sse2, sse3, ssse3, sse4.1, sse4.2, popcnt, lzcnt, tsc, tscinvbit, avx, avx2, aes, erms, clmul, bmi1, bmi2, adx, avx512f, avx512dq, avx512cd, avx512bw, avx512vl, sha, fma, vzeroupper, avx512_vpopcntdq, avx512_vpclmulqdq, avx512_vaes, avx512_vnni, clflush, clflushopt, clwb, avx512_vbmi2, avx512_vbmi, hv

Memory: 4k page, system-wide physical 16163M (932M free)
TotalPageFile size 28451M (AvailPageFile size 22M)
current process WorkingSet (physical memory assigned to process): 277M, peak: 279M
current process commit charge ("private bytes"): 461M, peak: 463M

vm_info: Java HotSpot(TM) 64-Bit Server VM (17.0.11+7-LTS-207) for windows-amd64 JRE (17.0.11+7-LTS-207), built on Mar 11 2024 19:01:50 by "mach5one" with MS VC++ 17.6 (VS2022)

END.
