#
# There is insufficient memory for the Java Runtime Environment to continue.
# Native memory allocation (malloc) failed to allocate 1126416 bytes. Error detail: Chunk::new
# Possible reasons:
#   The system is out of physical RAM or swap space
#   This process is running with CompressedOops enabled, and the Java Heap may be blocking the growth of the native heap
# Possible solutions:
#   Reduce memory load on the system
#   Increase physical memory or swap space
#   Check if swap backing store is full
#   Decrease Java heap size (-Xmx/-Xms)
#   Decrease number of Java threads
#   Decrease Java thread stack sizes (-Xss)
#   Set larger code cache with -XX:ReservedCodeCacheSize=
#   JVM is running with Unscaled Compressed Oops mode in which the Java heap is
#     placed in the first 4GB address space. The Java Heap base address is the
#     maximum limit for the native heap growth. Please use -XX:HeapBaseMinAddress
#     to set the Java Heap base and to place the Java Heap above 4GB virtual address.
# This output file may be truncated or incomplete.
#
#  Out of Memory Error (arena.cpp:168), pid=7224, tid=2100
#
# JRE version: OpenJDK Runtime Environment Temurin-21.0.6+7 (21.0.6+7) (build 21.0.6+7-LTS)
# Java VM: OpenJDK 64-Bit Server VM Temurin-21.0.6+7 (21.0.6+7-LTS, mixed mode, sharing, tiered, compressed oops, compressed class ptrs, parallel gc, windows-amd64)
# No core dump will be written. Minidumps are not enabled by default on client versions of Windows
#

---------------  S U M M A R Y ------------

Command Line: --add-modules=ALL-SYSTEM --add-opens=java.base/java.util=ALL-UNNAMED --add-opens=java.base/java.lang=ALL-UNNAMED --add-opens=java.base/sun.nio.fs=ALL-UNNAMED -Declipse.application=org.eclipse.jdt.ls.core.id1 -Dosgi.bundles.defaultStartLevel=4 -Declipse.product=org.eclipse.jdt.ls.core.product -Djava.import.generatesMetadataFilesAtProjectRoot=false -DDetectVMInstallationsJob.disabled=true -Dfile.encoding=utf8 -XX:+UseParallelGC -XX:GCTimeRatio=4 -XX:AdaptiveSizePolicyWeight=90 -Dsun.zip.disableMemoryMapping=true -Xmx1G -Xms100m -Xlog:disable -javaagent:c:\Users\congh\.vscode\extensions\redhat.java-1.41.1-win32-x64\lombok\lombok-1.18.36.jar -XX:+HeapDumpOnOutOfMemoryError -XX:HeapDumpPath=c:\Users\congh\AppData\Roaming\Code\User\workspaceStorage\d6fd6c32df5d01ef712cebc9480e7496\redhat.java -Daether.dependencyCollector.impl=bf c:\Users\congh\.vscode\extensions\redhat.java-1.41.1-win32-x64\server\plugins\org.eclipse.equinox.launcher_1.7.0.v20250331-1702.jar -configuration c:\Users\congh\AppData\Roaming\Code\User\globalStorage\redhat.java\1.41.1\config_win -data c:\Users\congh\AppData\Roaming\Code\User\workspaceStorage\d6fd6c32df5d01ef712cebc9480e7496\redhat.java\jdt_ws --pipe=\\.\pipe\lsp-f3f046727e0b2a8ab213d652c6425093-sock

Host: 11th Gen Intel(R) Core(TM) i7-11800H @ 2.30GHz, 16 cores, 15G,  Windows 11 , 64 bit Build 26100 (10.0.26100.3912)
Time: Mon Apr 28 14:27:44 2025 SE Asia Standard Time elapsed time: 55.007637 seconds (0d 0h 0m 55s)

---------------  T H R E A D  ---------------

Current thread (0x000001c47679afd0):  JavaThread "C2 CompilerThread0" daemon [_thread_in_native, id=2100, stack(0x000000b0e4f00000,0x000000b0e5000000) (1024K)]


Current CompileTask:
C2:55007 12898 %     4       org.lombokweb.asm.SymbolTable::<init> @ 98 (536 bytes)

Stack: [0x000000b0e4f00000,0x000000b0e5000000]
Native frames: (J=compiled Java code, j=interpreted, Vv=VM code, C=native code)
V  [jvm.dll+0x6cdee9]
V  [jvm.dll+0x8a83d1]
V  [jvm.dll+0x8aa8fe]
V  [jvm.dll+0x8aafe3]
V  [jvm.dll+0x27f706]
V  [jvm.dll+0xc500d]
V  [jvm.dll+0xc5543]
V  [jvm.dll+0x3b678c]
V  [jvm.dll+0x1dfc8a]
V  [jvm.dll+0x247b42]
V  [jvm.dll+0x246fcf]
V  [jvm.dll+0x1c75ee]
V  [jvm.dll+0x25685a]
V  [jvm.dll+0x254dfa]
V  [jvm.dll+0x3f0256]
V  [jvm.dll+0x851f8b]
V  [jvm.dll+0x6cc5ed]
C  [ucrtbase.dll+0x37b0]
C  [KERNEL32.DLL+0x2e8d7]
C  [ntdll.dll+0x9c5dc]


---------------  P R O C E S S  ---------------

Threads class SMR info:
_java_thread_list=0x000001c45577ed70, length=85, elements={
0x000001c4766df280, 0x000001c47bace6f0, 0x000001c476782a40, 0x000001c476783ca0,
0x000001c476786fd0, 0x000001c4767892b0, 0x000001c47678e9f0, 0x000001c47679afd0,
0x000001c47cf8d730, 0x000001c47d051a30, 0x000001c47e9f2ca0, 0x000001c454116a70,
0x000001c4540a5f50, 0x000001c47e872e40, 0x000001c47e8734a0, 0x000001c47cfc6920,
0x000001c45419bfe0, 0x000001c47ed37f10, 0x000001c47ed385a0, 0x000001c47ed38c30,
0x000001c47ed39950, 0x000001c47ed392c0, 0x000001c47ed36b60, 0x000001c47ed364d0,
0x000001c47ed371f0, 0x000001c47ed37880, 0x000001c454f6afa0, 0x000001c454f6b630,
0x000001c454f6a280, 0x000001c454f69560, 0x000001c454f6a910, 0x000001c454f6bcc0,
0x000001c454f68840, 0x000001c454f6c350, 0x000001c454f68ed0, 0x000001c454f6c9e0,
0x000001c454f6d070, 0x000001c454f69bf0, 0x000001c454f6e420, 0x000001c454f6dd90,
0x000001c454f6eab0, 0x000001c454f6f140, 0x000001c454f6d700, 0x000001c454f6f7d0,
0x000001c454f6fe60, 0x000001c45608f5c0, 0x000001c45608ef30, 0x000001c45608fc50,
0x000001c45608ce60, 0x000001c456091000, 0x000001c456090970, 0x000001c456091d20,
0x000001c45608e8a0, 0x000001c4560923b0, 0x000001c45608db80, 0x000001c456093760,
0x000001c4560930d0, 0x000001c456091690, 0x000001c4554024a0, 0x000001c455401780,
0x000001c45a111cb0, 0x000001c455401e10, 0x000001c455400a60, 0x000001c4554003d0,
0x000001c4554010f0, 0x000001c455402b30, 0x000001c4554031c0, 0x000001c4553ffd40,
0x000001c455405920, 0x000001c455405fb0, 0x000001c455406640, 0x000001c455406cd0,
0x000001c455404570, 0x000001c455404c00, 0x000001c45a115330, 0x000001c45a1137f0,
0x000001c455403850, 0x000001c455407360, 0x000001c455403ee0, 0x000001c4592af750,
0x000001c4592add10, 0x000001c45a113ec0, 0x000001c45a1160d0, 0x000001c4592ae3a0,
0x000001c4592ac960
}

Java Threads: ( => current thread )
  0x000001c4766df280 JavaThread "main"                              [_thread_blocked, id=9680, stack(0x000000b0e4500000,0x000000b0e4600000) (1024K)]
  0x000001c47bace6f0 JavaThread "Reference Handler"          daemon [_thread_blocked, id=25480, stack(0x000000b0e4900000,0x000000b0e4a00000) (1024K)]
  0x000001c476782a40 JavaThread "Finalizer"                  daemon [_thread_blocked, id=21996, stack(0x000000b0e4a00000,0x000000b0e4b00000) (1024K)]
  0x000001c476783ca0 JavaThread "Signal Dispatcher"          daemon [_thread_blocked, id=19612, stack(0x000000b0e4b00000,0x000000b0e4c00000) (1024K)]
  0x000001c476786fd0 JavaThread "Attach Listener"            daemon [_thread_blocked, id=27232, stack(0x000000b0e4c00000,0x000000b0e4d00000) (1024K)]
  0x000001c4767892b0 JavaThread "Service Thread"             daemon [_thread_blocked, id=22568, stack(0x000000b0e4d00000,0x000000b0e4e00000) (1024K)]
  0x000001c47678e9f0 JavaThread "Monitor Deflation Thread"   daemon [_thread_blocked, id=4380, stack(0x000000b0e4e00000,0x000000b0e4f00000) (1024K)]
=>0x000001c47679afd0 JavaThread "C2 CompilerThread0"         daemon [_thread_in_native, id=2100, stack(0x000000b0e4f00000,0x000000b0e5000000) (1024K)]
  0x000001c47cf8d730 JavaThread "C1 CompilerThread0"         daemon [_thread_blocked, id=27056, stack(0x000000b0e5000000,0x000000b0e5100000) (1024K)]
  0x000001c47d051a30 JavaThread "Common-Cleaner"             daemon [_thread_blocked, id=4148, stack(0x000000b0e5100000,0x000000b0e5200000) (1024K)]
  0x000001c47e9f2ca0 JavaThread "Notification Thread"        daemon [_thread_blocked, id=8896, stack(0x000000b0e5600000,0x000000b0e5700000) (1024K)]
  0x000001c454116a70 JavaThread "Active Thread: Equinox Container: 8eb19462-2887-4e50-95bc-08ef12719938"        [_thread_blocked, id=16936, stack(0x000000b0e5e00000,0x000000b0e5f00000) (1024K)]
  0x000001c4540a5f50 JavaThread "Refresh Thread: Equinox Container: 8eb19462-2887-4e50-95bc-08ef12719938" daemon [_thread_blocked, id=3752, stack(0x000000b0e5200000,0x000000b0e5300000) (1024K)]
  0x000001c47e872e40 JavaThread "Framework Event Dispatcher: Equinox Container: 8eb19462-2887-4e50-95bc-08ef12719938" daemon [_thread_blocked, id=18164, stack(0x000000b0e5400000,0x000000b0e5500000) (1024K)]
  0x000001c47e8734a0 JavaThread "Start Level: Equinox Container: 8eb19462-2887-4e50-95bc-08ef12719938" daemon [_thread_blocked, id=8668, stack(0x000000b0e5500000,0x000000b0e5600000) (1024K)]
  0x000001c47cfc6920 JavaThread "Bundle File Closer"         daemon [_thread_blocked, id=17004, stack(0x000000b0e5700000,0x000000b0e5800000) (1024K)]
  0x000001c45419bfe0 JavaThread "SCR Component Actor"        daemon [_thread_blocked, id=15600, stack(0x000000b0e6200000,0x000000b0e6300000) (1024K)]
  0x000001c47ed37f10 JavaThread "Worker-JM"                         [_thread_blocked, id=27720, stack(0x000000b0e6a00000,0x000000b0e6b00000) (1024K)]
  0x000001c47ed385a0 JavaThread "JNA Cleaner"                daemon [_thread_blocked, id=22340, stack(0x000000b0e6b00000,0x000000b0e6c00000) (1024K)]
  0x000001c47ed38c30 JavaThread "Worker-0"                          [_thread_blocked, id=3296, stack(0x000000b0e6c00000,0x000000b0e6d00000) (1024K)]
  0x000001c47ed39950 JavaThread "Worker-1"                          [_thread_blocked, id=27812, stack(0x000000b0e6d00000,0x000000b0e6e00000) (1024K)]
  0x000001c47ed392c0 JavaThread "Java indexing"              daemon [_thread_blocked, id=28508, stack(0x000000b0e6f00000,0x000000b0e7000000) (1024K)]
  0x000001c47ed36b60 JavaThread "Worker-2: Building"                [_thread_blocked, id=28604, stack(0x000000b0e7200000,0x000000b0e7300000) (1024K)]
  0x000001c47ed364d0 JavaThread "Worker-3"                          [_thread_blocked, id=17680, stack(0x000000b0e7300000,0x000000b0e7400000) (1024K)]
  0x000001c47ed371f0 JavaThread "Thread-2"                   daemon [_thread_in_native, id=23364, stack(0x000000b0e7400000,0x000000b0e7500000) (1024K)]
  0x000001c47ed37880 JavaThread "Thread-3"                   daemon [_thread_in_native, id=27904, stack(0x000000b0e7500000,0x000000b0e7600000) (1024K)]
  0x000001c454f6afa0 JavaThread "Thread-4"                   daemon [_thread_in_native, id=7284, stack(0x000000b0e7600000,0x000000b0e7700000) (1024K)]
  0x000001c454f6b630 JavaThread "Thread-5"                   daemon [_thread_in_native, id=15296, stack(0x000000b0e7700000,0x000000b0e7800000) (1024K)]
  0x000001c454f6a280 JavaThread "Thread-6"                   daemon [_thread_in_native, id=23096, stack(0x000000b0e7800000,0x000000b0e7900000) (1024K)]
  0x000001c454f69560 JavaThread "Thread-7"                   daemon [_thread_in_native, id=27228, stack(0x000000b0e7900000,0x000000b0e7a00000) (1024K)]
  0x000001c454f6a910 JavaThread "Thread-8"                   daemon [_thread_in_native, id=24492, stack(0x000000b0e7a00000,0x000000b0e7b00000) (1024K)]
  0x000001c454f6bcc0 JavaThread "Thread-9"                   daemon [_thread_in_native, id=14008, stack(0x000000b0e7b00000,0x000000b0e7c00000) (1024K)]
  0x000001c454f68840 JavaThread "Thread-10"                  daemon [_thread_in_native, id=25196, stack(0x000000b0e7c00000,0x000000b0e7d00000) (1024K)]
  0x000001c454f6c350 JavaThread "Thread-11"                  daemon [_thread_in_native, id=27640, stack(0x000000b0e7d00000,0x000000b0e7e00000) (1024K)]
  0x000001c454f68ed0 JavaThread "Thread-12"                  daemon [_thread_in_native, id=10116, stack(0x000000b0e7e00000,0x000000b0e7f00000) (1024K)]
  0x000001c454f6c9e0 JavaThread "Thread-13"                  daemon [_thread_in_native, id=7896, stack(0x000000b0e7f00000,0x000000b0e8000000) (1024K)]
  0x000001c454f6d070 JavaThread "Thread-14"                  daemon [_thread_in_native, id=27096, stack(0x000000b0e8000000,0x000000b0e8100000) (1024K)]
  0x000001c454f69bf0 JavaThread "Thread-15"                  daemon [_thread_in_native, id=28388, stack(0x000000b0e8100000,0x000000b0e8200000) (1024K)]
  0x000001c454f6e420 JavaThread "Thread-16"                  daemon [_thread_in_native, id=26288, stack(0x000000b0e8200000,0x000000b0e8300000) (1024K)]
  0x000001c454f6dd90 JavaThread "Thread-17"                  daemon [_thread_in_native, id=9820, stack(0x000000b0e8300000,0x000000b0e8400000) (1024K)]
  0x000001c454f6eab0 JavaThread "Thread-18"                  daemon [_thread_in_native, id=21576, stack(0x000000b0e8400000,0x000000b0e8500000) (1024K)]
  0x000001c454f6f140 JavaThread "pool-2-thread-1"                   [_thread_blocked, id=24628, stack(0x000000b0e8500000,0x000000b0e8600000) (1024K)]
  0x000001c454f6d700 JavaThread "WorkspaceEventsHandler"            [_thread_blocked, id=5352, stack(0x000000b0e8700000,0x000000b0e8800000) (1024K)]
  0x000001c454f6f7d0 JavaThread "pool-1-thread-1"                   [_thread_blocked, id=28052, stack(0x000000b0e8800000,0x000000b0e8900000) (1024K)]
  0x000001c454f6fe60 JavaThread "Worker-4"                          [_thread_blocked, id=12140, stack(0x000000b0e8900000,0x000000b0e8a00000) (1024K)]
  0x000001c45608f5c0 JavaThread "Worker-5"                          [_thread_blocked, id=27088, stack(0x000000b0e8a00000,0x000000b0e8b00000) (1024K)]
  0x000001c45608ef30 JavaThread "Timer-0"                           [_thread_blocked, id=1956, stack(0x000000b0e8b00000,0x000000b0e8c00000) (1024K)]
  0x000001c45608fc50 JavaThread "Timer-1"                           [_thread_blocked, id=16856, stack(0x000000b0e8c00000,0x000000b0e8d00000) (1024K)]
  0x000001c45608ce60 JavaThread "Timer-2"                           [_thread_blocked, id=28244, stack(0x000000b0e8d00000,0x000000b0e8e00000) (1024K)]
  0x000001c456091000 JavaThread "Timer-3"                           [_thread_blocked, id=9560, stack(0x000000b0e8e00000,0x000000b0e8f00000) (1024K)]
  0x000001c456090970 JavaThread "Timer-4"                           [_thread_blocked, id=2592, stack(0x000000b0e8f00000,0x000000b0e9000000) (1024K)]
  0x000001c456091d20 JavaThread "Exec process"                      [_thread_blocked, id=21804, stack(0x000000b0e9100000,0x000000b0e9200000) (1024K)]
  0x000001c45608e8a0 JavaThread "Exec process Thread 2"             [_thread_blocked, id=11572, stack(0x000000b0e9200000,0x000000b0e9300000) (1024K)]
  0x000001c4560923b0 JavaThread "Exec process Thread 3"             [_thread_blocked, id=15192, stack(0x000000b0e9300000,0x000000b0e9400000) (1024K)]
  0x000001c45608db80 JavaThread "Timer-5"                           [_thread_blocked, id=22912, stack(0x000000b0e8600000,0x000000b0e8700000) (1024K)]
  0x000001c456093760 JavaThread "Timer-6"                           [_thread_blocked, id=6624, stack(0x000000b0e9000000,0x000000b0e9100000) (1024K)]
  0x000001c4560930d0 JavaThread "Timer-7"                           [_thread_blocked, id=15976, stack(0x000000b0e9400000,0x000000b0e9500000) (1024K)]
  0x000001c456091690 JavaThread "Timer-8"                           [_thread_blocked, id=14808, stack(0x000000b0e9500000,0x000000b0e9600000) (1024K)]
  0x000001c4554024a0 JavaThread "Timer-9"                           [_thread_blocked, id=27380, stack(0x000000b0e9600000,0x000000b0e9700000) (1024K)]
  0x000001c455401780 JavaThread "Timer-10"                          [_thread_blocked, id=6972, stack(0x000000b0e9800000,0x000000b0e9900000) (1024K)]
  0x000001c45a111cb0 JavaThread "C1 CompilerThread1"         daemon [_thread_blocked, id=25992, stack(0x000000b0e6300000,0x000000b0e6400000) (1024K)]
  0x000001c455401e10 JavaThread "Timer-11"                          [_thread_blocked, id=24192, stack(0x000000b0e6600000,0x000000b0e6700000) (1024K)]
  0x000001c455400a60 JavaThread "Timer-12"                          [_thread_blocked, id=19812, stack(0x000000b0e6e00000,0x000000b0e6f00000) (1024K)]
  0x000001c4554003d0 JavaThread "Timer-13"                          [_thread_blocked, id=14108, stack(0x000000b0e6700000,0x000000b0e6800000) (1024K)]
  0x000001c4554010f0 JavaThread "Timer-14"                          [_thread_blocked, id=7192, stack(0x000000b0e9700000,0x000000b0e9800000) (1024K)]
  0x000001c455402b30 JavaThread "Timer-15"                          [_thread_blocked, id=12096, stack(0x000000b0e9900000,0x000000b0e9a00000) (1024K)]
  0x000001c4554031c0 JavaThread "Timer-16"                          [_thread_blocked, id=2152, stack(0x000000b0e9b00000,0x000000b0e9c00000) (1024K)]
  0x000001c4553ffd40 JavaThread "Timer-17"                          [_thread_blocked, id=18892, stack(0x000000b0e9a00000,0x000000b0e9b00000) (1024K)]
  0x000001c455405920 JavaThread "Timer-18"                          [_thread_blocked, id=26140, stack(0x000000b0e9d00000,0x000000b0e9e00000) (1024K)]
  0x000001c455405fb0 JavaThread "Worker-6: Initialize workspace"        [_thread_blocked, id=22220, stack(0x000000b0e9c00000,0x000000b0e9d00000) (1024K)]
  0x000001c455406640 JavaThread "Worker-7"                          [_thread_blocked, id=15952, stack(0x000000b0e9e00000,0x000000b0e9f00000) (1024K)]
  0x000001c455406cd0 JavaThread "Worker-8: Java indexing... "        [_thread_blocked, id=16328, stack(0x000000b0e9f00000,0x000000b0ea000000) (1024K)]
  0x000001c455404570 JavaThread "Worker-9: Updating workspace"        [_thread_blocked, id=28380, stack(0x000000b0ea000000,0x000000b0ea100000) (1024K)]
  0x000001c455404c00 JavaThread "Timer-19"                          [_thread_blocked, id=4508, stack(0x000000b0ea100000,0x000000b0ea200000) (1024K)]
  0x000001c45a115330 JavaThread "C2 CompilerThread1"         daemon [_thread_blocked, id=24516, stack(0x000000b0e6500000,0x000000b0e6600000) (1024K)]
  0x000001c45a1137f0 JavaThread "C2 CompilerThread2"         daemon [_thread_in_native, id=17496, stack(0x000000b0ea400000,0x000000b0ea500000) (1024K)]
  0x000001c455403850 JavaThread "Compiler Source File Reader" daemon [_thread_blocked, id=13652, stack(0x000000b0ea500000,0x000000b0ea600000) (1024K)]
  0x000001c455407360 JavaThread "Compiler Processing Task"   daemon [_thread_blocked, id=22776, stack(0x000000b0ea600000,0x000000b0ea700000) (1024K)]
  0x000001c455403ee0 JavaThread "Compiler Class File Writer" daemon [_thread_blocked, id=7084, stack(0x000000b0ea700000,0x000000b0ea800000) (1024K)]
  0x000001c4592af750 JavaThread "Compiler Source File Reader" daemon [_thread_blocked, id=13792, stack(0x000000b0ea800000,0x000000b0ea900000) (1024K)]
  0x000001c4592add10 JavaThread "Worker-10"                         [_thread_blocked, id=21820, stack(0x000000b0ea900000,0x000000b0eaa00000) (1024K)]
  0x000001c45a113ec0 JavaThread "C2 CompilerThread3"         daemon [_thread_in_native, id=17448, stack(0x000000b0eaa00000,0x000000b0eab00000) (1024K)]
  0x000001c45a1160d0 JavaThread "C2 CompilerThread4"         daemon [_thread_in_native, id=28552, stack(0x000000b0ea300000,0x000000b0ea400000) (1024K)]
  0x000001c4592ae3a0 JavaThread "ForkJoinPool.commonPool-worker-1" daemon [_thread_in_native, id=21020, stack(0x000000b0ea200000,0x000000b0ea300000) (1024K)]
  0x000001c4592ac960 JavaThread "ForkJoinPool.commonPool-worker-2" daemon [_thread_blocked, id=12648, stack(0x000000b0eab00000,0x000000b0eac00000) (1024K)]
Total: 85

Other Threads:
  0x000001c47bab4940 VMThread "VM Thread"                           [id=3480, stack(0x000000b0e4800000,0x000000b0e4900000) (1024K)]
  0x000001c47674afe0 WatcherThread "VM Periodic Task Thread"        [id=13132, stack(0x000000b0e4700000,0x000000b0e4800000) (1024K)]
  0x000001c4766fd690 WorkerThread "GC Thread#0"                     [id=26220, stack(0x000000b0e4600000,0x000000b0e4700000) (1024K)]
  0x000001c47ef67950 WorkerThread "GC Thread#1"                     [id=22680, stack(0x000000b0e5800000,0x000000b0e5900000) (1024K)]
  0x000001c4540bbd50 WorkerThread "GC Thread#2"                     [id=20168, stack(0x000000b0e5900000,0x000000b0e5a00000) (1024K)]
  0x000001c4540bc0f0 WorkerThread "GC Thread#3"                     [id=13508, stack(0x000000b0e5a00000,0x000000b0e5b00000) (1024K)]
  0x000001c4540bc490 WorkerThread "GC Thread#4"                     [id=13912, stack(0x000000b0e5b00000,0x000000b0e5c00000) (1024K)]
  0x000001c47f03db20 WorkerThread "GC Thread#5"                     [id=14636, stack(0x000000b0e5c00000,0x000000b0e5d00000) (1024K)]
  0x000001c47f03dec0 WorkerThread "GC Thread#6"                     [id=19840, stack(0x000000b0e5d00000,0x000000b0e5e00000) (1024K)]
  0x000001c47d27fee0 WorkerThread "GC Thread#7"                     [id=19736, stack(0x000000b0e5300000,0x000000b0e5400000) (1024K)]
  0x000001c4540fb4e0 WorkerThread "GC Thread#8"                     [id=1728, stack(0x000000b0e5f00000,0x000000b0e6000000) (1024K)]
  0x000001c4540fbc20 WorkerThread "GC Thread#9"                     [id=26608, stack(0x000000b0e6000000,0x000000b0e6100000) (1024K)]
  0x000001c4540fc360 WorkerThread "GC Thread#10"                    [id=5048, stack(0x000000b0e6100000,0x000000b0e6200000) (1024K)]
  0x000001c4540fbfc0 WorkerThread "GC Thread#11"                    [id=11884, stack(0x000000b0e6800000,0x000000b0e6900000) (1024K)]
  0x000001c47ee0bb50 WorkerThread "GC Thread#12"                    [id=22576, stack(0x000000b0e6900000,0x000000b0e6a00000) (1024K)]
Total: 15

Threads with active compile tasks:
C2 CompilerThread0  55056 12898 %     4       org.lombokweb.asm.SymbolTable::<init> @ 98 (536 bytes)
C2 CompilerThread1  55056 12968   !   4       org.eclipse.jdt.internal.core.search.indexing.BinaryIndexer::indexDocument (1204 bytes)
C2 CompilerThread2  55056 12842 % !   4       org.eclipse.jdt.internal.core.search.indexing.AddJarFileToIndex::execute @ 1001 (1557 bytes)
C2 CompilerThread3  55056 12988   !   4       org.eclipse.jdt.internal.compiler.classfmt.ClassFileReader::<init> (2135 bytes)
C2 CompilerThread4  55056 12987       4       org.eclipse.jdt.internal.compiler.parser.Scanner::internalScanIdentifierOrKeyword (5081 bytes)
Total: 5

VM state: not at safepoint (normal execution)

VM Mutex/Monitor currently owned by a thread: None

Heap address: 0x00000000c0000000, size: 1024 MB, Compressed Oops mode: 32-bit

CDS archive(s) mapped at: [0x000001c40f000000-0x000001c40fba0000-0x000001c40fba0000), size 12189696, SharedBaseAddress: 0x000001c40f000000, ArchiveRelocationMode: 1.
Compressed class space mapped at: 0x000001c410000000-0x000001c450000000, reserved size: 1073741824
Narrow klass base: 0x000001c40f000000, Narrow klass shift: 0, Narrow klass range: 0x100000000

GC Precious Log:
 CardTable entry size: 512
 CPUs: 16 total, 16 available
 Memory: 16163M
 Large Page Support: Disabled
 NUMA Support: Disabled
 Compressed Oops: Enabled (32-bit)
 Alignments: Space 512K, Generation 512K, Heap 2M
 Heap Min Capacity: 100M
 Heap Initial Capacity: 100M
 Heap Max Capacity: 1G
 Pre-touch: Disabled
 Parallel Workers: 13

Heap:
 PSYoungGen      total 5120K, used 1561K [0x00000000eab00000, 0x00000000eb180000, 0x0000000100000000)
  eden space 4096K, 17% used [0x00000000eab00000,0x00000000eabb0878,0x00000000eaf00000)
  from space 1024K, 84% used [0x00000000eaf00000,0x00000000eafd9438,0x00000000eb000000)
  to   space 1024K, 0% used [0x00000000eb080000,0x00000000eb080000,0x00000000eb180000)
 ParOldGen       total 267776K, used 267271K [0x00000000c0000000, 0x00000000d0580000, 0x00000000eab00000)
  object space 267776K, 99% used [0x00000000c0000000,0x00000000d0501e30,0x00000000d0580000)
 Metaspace       used 83755K, committed 85440K, reserved 1179648K
  class space    used 9857K, committed 10624K, reserved 1048576K

Card table byte_map: [0x000001c476080000,0x000001c476290000] _byte_map_base: 0x000001c475a80000

Marking Bits: (ParMarkBitMap*) 0x00007ff92db83260
 Begin Bits: [0x000001c4798d0000, 0x000001c47a8d0000)
 End Bits:   [0x000001c47a8d0000, 0x000001c47b8d0000)

Polling page: 0x000001c475de0000

Metaspace:

Usage:
  Non-class:     72.17 MB used.
      Class:      9.63 MB used.
       Both:     81.79 MB used.

Virtual space:
  Non-class space:      128.00 MB reserved,      73.06 MB ( 57%) committed,  2 nodes.
      Class space:        1.00 GB reserved,      10.38 MB (  1%) committed,  1 nodes.
             Both:        1.12 GB reserved,      83.44 MB (  7%) committed. 

Chunk freelists:
   Non-Class:  6.22 MB
       Class:  5.67 MB
        Both:  11.89 MB

MaxMetaspaceSize: unlimited
CompressedClassSpaceSize: 1.00 GB
Initial GC threshold: 21.00 MB
Current GC threshold: 98.88 MB
CDS: on
 - commit_granule_bytes: 65536.
 - commit_granule_words: 8192.
 - virtual_space_node_default_size: 8388608.
 - enlarge_chunks_in_place: 1.
 - use_allocation_guard: 0.


Internal statistics:

num_allocs_failed_limit: 13.
num_arena_births: 1526.
num_arena_deaths: 14.
num_vsnodes_births: 3.
num_vsnodes_deaths: 0.
num_space_committed: 1335.
num_space_uncommitted: 0.
num_chunks_returned_to_freelist: 27.
num_chunks_taken_from_freelist: 5178.
num_chunk_merges: 16.
num_chunk_splits: 3288.
num_chunks_enlarged: 1942.
num_inconsistent_stats: 0.

CodeHeap 'non-profiled nmethods': size=119168Kb used=11131Kb max_used=11131Kb free=108036Kb
 bounds [0x000001c407ba0000, 0x000001c408680000, 0x000001c40f000000]
CodeHeap 'profiled nmethods': size=119104Kb used=28563Kb max_used=28563Kb free=90540Kb
 bounds [0x000001c400000000, 0x000001c401bf0000, 0x000001c407450000]
CodeHeap 'non-nmethods': size=7488Kb used=2058Kb max_used=3254Kb free=5429Kb
 bounds [0x000001c407450000, 0x000001c407780000, 0x000001c407ba0000]
 total_blobs=13013 nmethods=12208 adapters=709
 compilation: enabled
              stopped_count=0, restarted_count=0
 full_count=0

Compilation events (20 events):
Event: 53.997 Thread 0x000001c45a115a00 nmethod 13022 0x000001c401bb0210 code [0x000001c401bb04a0, 0x000001c401bb0f30]
Event: 53.997 Thread 0x000001c45a115a00 13025       3       lombok.eclipse.EclipseAST::drill (80 bytes)
Event: 53.997 Thread 0x000001c47cf8d730 13026       3       lombok.core.AST::fieldsOf (69 bytes)
Event: 53.997 Thread 0x000001c45a111cb0 nmethod 13024 0x000001c401bb1410 code [0x000001c401bb1640, 0x000001c401bb1f50]
Event: 53.997 Thread 0x000001c45a111cb0 13027       3       lombok.eclipse.Eclipse::toQualifiedName (128 bytes)
Event: 53.998 Thread 0x000001c47cf8d730 nmethod 13026 0x000001c401bb2110 code [0x000001c401bb2360, 0x000001c401bb2cd8]
Event: 53.998 Thread 0x000001c45a111cb0 nmethod 13027 0x000001c401bb2f90 code [0x000001c401bb31a0, 0x000001c401bb3848]
Event: 53.998 Thread 0x000001c45a115a00 nmethod 13025 0x000001c401bb3b10 code [0x000001c401bb3d60, 0x000001c401bb49b8]
Event: 53.999 Thread 0x000001c45a115a00 13028       3       com.google.gson.stream.JsonReader::doPeek (748 bytes)
Event: 54.000 Thread 0x000001c45a1160d0 13030       3       com.google.gson.JsonPrimitive::isBoolean (8 bytes)
Event: 54.000 Thread 0x000001c47cf8d730 13029       3       com.google.gson.internal.bind.ObjectTypeAdapter::readTerminal (97 bytes)
Event: 54.001 Thread 0x000001c45a115a00 nmethod 13028 0x000001c401bb4d90 code [0x000001c401bb5260, 0x000001c401bb6ce8]
Event: 54.001 Thread 0x000001c45a115a00 13031       3       com.google.gson.internal.bind.JsonTreeReader::nextName (71 bytes)
Event: 54.001 Thread 0x000001c45a1160d0 nmethod 13030 0x000001c401bb7510 code [0x000001c401bb76c0, 0x000001c401bb78c8]
Event: 54.001 Thread 0x000001c45a115a00 nmethod 13031 0x000001c401bb7990 code [0x000001c401bb7bc0, 0x000001c401bb8538]
Event: 54.001 Thread 0x000001c47cf8d730 nmethod 13029 0x000001c401bb8810 code [0x000001c401bb8ae0, 0x000001c401bb97c8]
Event: 54.001 Thread 0x000001c47cf8d730 13032       3       org.apache.commons.lang3.text.StrMatcher$StringMatcher::isMatch (58 bytes)
Event: 54.002 Thread 0x000001c47cf8d730 nmethod 13032 0x000001c401bb9c10 code [0x000001c401bb9de0, 0x000001c401bba090]
Event: 54.002 Thread 0x000001c47cf8d730 13033       3       org.eclipse.jdt.internal.compiler.classfmt.MethodInfo::createMethod (710 bytes)
Event: 54.003 Thread 0x000001c47cf8d730 nmethod 13033 0x000001c401bba210 code [0x000001c401bba700, 0x000001c401bbd5f0]

GC Heap History (20 events):
Event: 53.899 GC heap before
{Heap before GC invocations=630 (full 3):
 PSYoungGen      total 7168K, used 6958K [0x00000000eab00000, 0x00000000eb400000, 0x0000000100000000)
  eden space 5632K, 100% used [0x00000000eab00000,0x00000000eb080000,0x00000000eb080000)
  from space 1536K, 86% used [0x00000000eb200000,0x00000000eb34b978,0x00000000eb380000)
  to   space 1536K, 0% used [0x00000000eb080000,0x00000000eb080000,0x00000000eb200000)
 ParOldGen       total 257536K, used 257328K [0x00000000c0000000, 0x00000000cfb80000, 0x00000000eab00000)
  object space 257536K, 99% used [0x00000000c0000000,0x00000000cfb4c0c8,0x00000000cfb80000)
 Metaspace       used 81878K, committed 83520K, reserved 1179648K
  class space    used 9648K, committed 10368K, reserved 1048576K
}
Event: 53.901 GC heap after
{Heap after GC invocations=630 (full 3):
 PSYoungGen      total 7168K, used 704K [0x00000000eab00000, 0x00000000eb400000, 0x0000000100000000)
  eden space 5632K, 0% used [0x00000000eab00000,0x00000000eab00000,0x00000000eb080000)
  from space 1536K, 45% used [0x00000000eb080000,0x00000000eb130000,0x00000000eb200000)
  to   space 1024K, 0% used [0x00000000eb300000,0x00000000eb300000,0x00000000eb400000)
 ParOldGen       total 258048K, used 257656K [0x00000000c0000000, 0x00000000cfc00000, 0x00000000eab00000)
  object space 258048K, 99% used [0x00000000c0000000,0x00000000cfb9e0c8,0x00000000cfc00000)
 Metaspace       used 81878K, committed 83520K, reserved 1179648K
  class space    used 9648K, committed 10368K, reserved 1048576K
}
Event: 53.911 GC heap before
{Heap before GC invocations=631 (full 3):
 PSYoungGen      total 7168K, used 6336K [0x00000000eab00000, 0x00000000eb400000, 0x0000000100000000)
  eden space 5632K, 100% used [0x00000000eab00000,0x00000000eb080000,0x00000000eb080000)
  from space 1536K, 45% used [0x00000000eb080000,0x00000000eb130000,0x00000000eb200000)
  to   space 1024K, 0% used [0x00000000eb300000,0x00000000eb300000,0x00000000eb400000)
 ParOldGen       total 258048K, used 257656K [0x00000000c0000000, 0x00000000cfc00000, 0x00000000eab00000)
  object space 258048K, 99% used [0x00000000c0000000,0x00000000cfb9e0c8,0x00000000cfc00000)
 Metaspace       used 82111K, committed 83776K, reserved 1179648K
  class space    used 9676K, committed 10432K, reserved 1048576K
}
Event: 53.912 GC heap after
{Heap after GC invocations=631 (full 3):
 PSYoungGen      total 6656K, used 672K [0x00000000eab00000, 0x00000000eb400000, 0x0000000100000000)
  eden space 5632K, 0% used [0x00000000eab00000,0x00000000eab00000,0x00000000eb080000)
  from space 1024K, 65% used [0x00000000eb300000,0x00000000eb3a8000,0x00000000eb400000)
  to   space 1024K, 0% used [0x00000000eb200000,0x00000000eb200000,0x00000000eb300000)
 ParOldGen       total 258560K, used 258176K [0x00000000c0000000, 0x00000000cfc80000, 0x00000000eab00000)
  object space 258560K, 99% used [0x00000000c0000000,0x00000000cfc200c8,0x00000000cfc80000)
 Metaspace       used 82111K, committed 83776K, reserved 1179648K
  class space    used 9676K, committed 10432K, reserved 1048576K
}
Event: 53.923 GC heap before
{Heap before GC invocations=632 (full 3):
 PSYoungGen      total 6656K, used 6304K [0x00000000eab00000, 0x00000000eb400000, 0x0000000100000000)
  eden space 5632K, 100% used [0x00000000eab00000,0x00000000eb080000,0x00000000eb080000)
  from space 1024K, 65% used [0x00000000eb300000,0x00000000eb3a8000,0x00000000eb400000)
  to   space 1024K, 0% used [0x00000000eb200000,0x00000000eb200000,0x00000000eb300000)
 ParOldGen       total 258560K, used 258176K [0x00000000c0000000, 0x00000000cfc80000, 0x00000000eab00000)
  object space 258560K, 99% used [0x00000000c0000000,0x00000000cfc200c8,0x00000000cfc80000)
 Metaspace       used 82315K, committed 83968K, reserved 1179648K
  class space    used 9700K, committed 10432K, reserved 1048576K
}
Event: 53.924 GC heap after
{Heap after GC invocations=632 (full 3):
 PSYoungGen      total 6656K, used 768K [0x00000000eab00000, 0x00000000eb380000, 0x0000000100000000)
  eden space 5632K, 0% used [0x00000000eab00000,0x00000000eab00000,0x00000000eb080000)
  from space 1024K, 75% used [0x00000000eb200000,0x00000000eb2c0000,0x00000000eb300000)
  to   space 512K, 0% used [0x00000000eb300000,0x00000000eb300000,0x00000000eb380000)
 ParOldGen       total 259072K, used 258688K [0x00000000c0000000, 0x00000000cfd00000, 0x00000000eab00000)
  object space 259072K, 99% used [0x00000000c0000000,0x00000000cfca00c8,0x00000000cfd00000)
 Metaspace       used 82315K, committed 83968K, reserved 1179648K
  class space    used 9700K, committed 10432K, reserved 1048576K
}
Event: 53.936 GC heap before
{Heap before GC invocations=633 (full 3):
 PSYoungGen      total 6656K, used 6400K [0x00000000eab00000, 0x00000000eb380000, 0x0000000100000000)
  eden space 5632K, 100% used [0x00000000eab00000,0x00000000eb080000,0x00000000eb080000)
  from space 1024K, 75% used [0x00000000eb200000,0x00000000eb2c0000,0x00000000eb300000)
  to   space 512K, 0% used [0x00000000eb300000,0x00000000eb300000,0x00000000eb380000)
 ParOldGen       total 259072K, used 258688K [0x00000000c0000000, 0x00000000cfd00000, 0x00000000eab00000)
  object space 259072K, 99% used [0x00000000c0000000,0x00000000cfca00c8,0x00000000cfd00000)
 Metaspace       used 82643K, committed 84352K, reserved 1179648K
  class space    used 9733K, committed 10496K, reserved 1048576K
}
Event: 53.937 GC heap after
{Heap after GC invocations=633 (full 3):
 PSYoungGen      total 6144K, used 512K [0x00000000eab00000, 0x00000000eb380000, 0x0000000100000000)
  eden space 5632K, 0% used [0x00000000eab00000,0x00000000eab00000,0x00000000eb080000)
  from space 512K, 100% used [0x00000000eb300000,0x00000000eb380000,0x00000000eb380000)
  to   space 1536K, 0% used [0x00000000eb080000,0x00000000eb080000,0x00000000eb200000)
 ParOldGen       total 259584K, used 259352K [0x00000000c0000000, 0x00000000cfd80000, 0x00000000eab00000)
  object space 259584K, 99% used [0x00000000c0000000,0x00000000cfd460c8,0x00000000cfd80000)
 Metaspace       used 82643K, committed 84352K, reserved 1179648K
  class space    used 9733K, committed 10496K, reserved 1048576K
}
Event: 53.945 GC heap before
{Heap before GC invocations=634 (full 3):
 PSYoungGen      total 6144K, used 6144K [0x00000000eab00000, 0x00000000eb380000, 0x0000000100000000)
  eden space 5632K, 100% used [0x00000000eab00000,0x00000000eb080000,0x00000000eb080000)
  from space 512K, 100% used [0x00000000eb300000,0x00000000eb380000,0x00000000eb380000)
  to   space 1536K, 0% used [0x00000000eb080000,0x00000000eb080000,0x00000000eb200000)
 ParOldGen       total 259584K, used 259352K [0x00000000c0000000, 0x00000000cfd80000, 0x00000000eab00000)
  object space 259584K, 99% used [0x00000000c0000000,0x00000000cfd460c8,0x00000000cfd80000)
 Metaspace       used 82896K, committed 84544K, reserved 1179648K
  class space    used 9774K, committed 10496K, reserved 1048576K
}
Event: 53.946 GC heap after
{Heap after GC invocations=634 (full 3):
 PSYoungGen      total 7168K, used 736K [0x00000000eab00000, 0x00000000eb380000, 0x0000000100000000)
  eden space 5632K, 0% used [0x00000000eab00000,0x00000000eab00000,0x00000000eb080000)
  from space 1536K, 47% used [0x00000000eb080000,0x00000000eb138000,0x00000000eb200000)
  to   space 1024K, 0% used [0x00000000eb280000,0x00000000eb280000,0x00000000eb380000)
 ParOldGen       total 260096K, used 259784K [0x00000000c0000000, 0x00000000cfe00000, 0x00000000eab00000)
  object space 260096K, 99% used [0x00000000c0000000,0x00000000cfdb20c8,0x00000000cfe00000)
 Metaspace       used 82896K, committed 84544K, reserved 1179648K
  class space    used 9774K, committed 10496K, reserved 1048576K
}
Event: 53.957 GC heap before
{Heap before GC invocations=635 (full 3):
 PSYoungGen      total 7168K, used 6368K [0x00000000eab00000, 0x00000000eb380000, 0x0000000100000000)
  eden space 5632K, 100% used [0x00000000eab00000,0x00000000eb080000,0x00000000eb080000)
  from space 1536K, 47% used [0x00000000eb080000,0x00000000eb138000,0x00000000eb200000)
  to   space 1024K, 0% used [0x00000000eb280000,0x00000000eb280000,0x00000000eb380000)
 ParOldGen       total 260096K, used 259784K [0x00000000c0000000, 0x00000000cfe00000, 0x00000000eab00000)
  object space 260096K, 99% used [0x00000000c0000000,0x00000000cfdb20c8,0x00000000cfe00000)
 Metaspace       used 83065K, committed 84736K, reserved 1179648K
  class space    used 9791K, committed 10560K, reserved 1048576K
}
Event: 53.958 GC heap after
{Heap after GC invocations=635 (full 3):
 PSYoungGen      total 6656K, used 896K [0x00000000eab00000, 0x00000000eb380000, 0x0000000100000000)
  eden space 5632K, 0% used [0x00000000eab00000,0x00000000eab00000,0x00000000eb080000)
  from space 1024K, 87% used [0x00000000eb280000,0x00000000eb360010,0x00000000eb380000)
  to   space 1024K, 0% used [0x00000000eb180000,0x00000000eb180000,0x00000000eb280000)
 ParOldGen       total 260608K, used 260320K [0x00000000c0000000, 0x00000000cfe80000, 0x00000000eab00000)
  object space 260608K, 99% used [0x00000000c0000000,0x00000000cfe380c8,0x00000000cfe80000)
 Metaspace       used 83065K, committed 84736K, reserved 1179648K
  class space    used 9791K, committed 10560K, reserved 1048576K
}
Event: 53.969 GC heap before
{Heap before GC invocations=636 (full 3):
 PSYoungGen      total 6656K, used 6528K [0x00000000eab00000, 0x00000000eb380000, 0x0000000100000000)
  eden space 5632K, 100% used [0x00000000eab00000,0x00000000eb080000,0x00000000eb080000)
  from space 1024K, 87% used [0x00000000eb280000,0x00000000eb360010,0x00000000eb380000)
  to   space 1024K, 0% used [0x00000000eb180000,0x00000000eb180000,0x00000000eb280000)
 ParOldGen       total 260608K, used 260320K [0x00000000c0000000, 0x00000000cfe80000, 0x00000000eab00000)
  object space 260608K, 99% used [0x00000000c0000000,0x00000000cfe380c8,0x00000000cfe80000)
 Metaspace       used 83206K, committed 84864K, reserved 1179648K
  class space    used 9799K, committed 10560K, reserved 1048576K
}
Event: 53.971 GC heap after
{Heap after GC invocations=636 (full 3):
 PSYoungGen      total 6656K, used 832K [0x00000000eab00000, 0x00000000eb300000, 0x0000000100000000)
  eden space 5632K, 0% used [0x00000000eab00000,0x00000000eab00000,0x00000000eb080000)
  from space 1024K, 81% used [0x00000000eb180000,0x00000000eb250000,0x00000000eb280000)
  to   space 512K, 0% used [0x00000000eb280000,0x00000000eb280000,0x00000000eb300000)
 ParOldGen       total 261120K, used 260960K [0x00000000c0000000, 0x00000000cff00000, 0x00000000eab00000)
  object space 261120K, 99% used [0x00000000c0000000,0x00000000cfed80c8,0x00000000cff00000)
 Metaspace       used 83206K, committed 84864K, reserved 1179648K
  class space    used 9799K, committed 10560K, reserved 1048576K
}
Event: 53.982 GC heap before
{Heap before GC invocations=637 (full 3):
 PSYoungGen      total 6656K, used 6464K [0x00000000eab00000, 0x00000000eb300000, 0x0000000100000000)
  eden space 5632K, 100% used [0x00000000eab00000,0x00000000eb080000,0x00000000eb080000)
  from space 1024K, 81% used [0x00000000eb180000,0x00000000eb250000,0x00000000eb280000)
  to   space 512K, 0% used [0x00000000eb280000,0x00000000eb280000,0x00000000eb300000)
 ParOldGen       total 261120K, used 260960K [0x00000000c0000000, 0x00000000cff00000, 0x00000000eab00000)
  object space 261120K, 99% used [0x00000000c0000000,0x00000000cfed80c8,0x00000000cff00000)
 Metaspace       used 83306K, committed 84992K, reserved 1179648K
  class space    used 9820K, committed 10560K, reserved 1048576K
}
Event: 53.984 GC heap after
{Heap after GC invocations=637 (full 3):
 PSYoungGen      total 6144K, used 512K [0x00000000eab00000, 0x00000000eb380000, 0x0000000100000000)
  eden space 5632K, 0% used [0x00000000eab00000,0x00000000eab00000,0x00000000eb080000)
  from space 512K, 100% used [0x00000000eb280000,0x00000000eb300000,0x00000000eb300000)
  to   space 1536K, 0% used [0x00000000eb080000,0x00000000eb080000,0x00000000eb200000)
 ParOldGen       total 262144K, used 261696K [0x00000000c0000000, 0x00000000d0000000, 0x00000000eab00000)
  object space 262144K, 99% used [0x00000000c0000000,0x00000000cff900c8,0x00000000d0000000)
 Metaspace       used 83306K, committed 84992K, reserved 1179648K
  class space    used 9820K, committed 10560K, reserved 1048576K
}
Event: 53.994 GC heap before
{Heap before GC invocations=638 (full 3):
 PSYoungGen      total 6144K, used 6144K [0x00000000eab00000, 0x00000000eb380000, 0x0000000100000000)
  eden space 5632K, 100% used [0x00000000eab00000,0x00000000eb080000,0x00000000eb080000)
  from space 512K, 100% used [0x00000000eb280000,0x00000000eb300000,0x00000000eb300000)
  to   space 1536K, 0% used [0x00000000eb080000,0x00000000eb080000,0x00000000eb200000)
 ParOldGen       total 262144K, used 261696K [0x00000000c0000000, 0x00000000d0000000, 0x00000000eab00000)
  object space 262144K, 99% used [0x00000000c0000000,0x00000000cff900e8,0x00000000d0000000)
 Metaspace       used 83322K, committed 84992K, reserved 1179648K
  class space    used 9822K, committed 10560K, reserved 1048576K
}
Event: 53.996 GC heap after
{Heap after GC invocations=638 (full 3):
 PSYoungGen      total 7168K, used 1150K [0x00000000eab00000, 0x00000000eb380000, 0x0000000100000000)
  eden space 5632K, 0% used [0x00000000eab00000,0x00000000eab00000,0x00000000eb080000)
  from space 1536K, 74% used [0x00000000eb080000,0x00000000eb19f8f8,0x00000000eb200000)
  to   space 1536K, 0% used [0x00000000eb200000,0x00000000eb200000,0x00000000eb380000)
 ParOldGen       total 262656K, used 262176K [0x00000000c0000000, 0x00000000d0080000, 0x00000000eab00000)
  object space 262656K, 99% used [0x00000000c0000000,0x00000000d00080e8,0x00000000d0080000)
 Metaspace       used 83322K, committed 84992K, reserved 1179648K
  class space    used 9822K, committed 10560K, reserved 1048576K
}
Event: 54.003 GC heap before
{Heap before GC invocations=639 (full 3):
 PSYoungGen      total 7168K, used 6782K [0x00000000eab00000, 0x00000000eb380000, 0x0000000100000000)
  eden space 5632K, 100% used [0x00000000eab00000,0x00000000eb080000,0x00000000eb080000)
  from space 1536K, 74% used [0x00000000eb080000,0x00000000eb19f8f8,0x00000000eb200000)
  to   space 1536K, 0% used [0x00000000eb200000,0x00000000eb200000,0x00000000eb380000)
 ParOldGen       total 262656K, used 262180K [0x00000000c0000000, 0x00000000d0080000, 0x00000000eab00000)
  object space 262656K, 99% used [0x00000000c0000000,0x00000000d0009370,0x00000000d0080000)
 Metaspace       used 83334K, committed 84992K, reserved 1179648K
  class space    used 9822K, committed 10560K, reserved 1048576K
}
Event: 55.005 GC heap after
{Heap after GC invocations=639 (full 3):
 PSYoungGen      total 5632K, used 1535K [0x00000000eab00000, 0x00000000eb680000, 0x0000000100000000)
  eden space 4096K, 0% used [0x00000000eab00000,0x00000000eab00000,0x00000000eaf00000)
  from space 1536K, 99% used [0x00000000eb200000,0x00000000eb37fce8,0x00000000eb380000)
  to   space 3072K, 0% used [0x00000000eaf00000,0x00000000eaf00000,0x00000000eb200000)
 ParOldGen       total 263168K, used 263141K [0x00000000c0000000, 0x00000000d0100000, 0x00000000eab00000)
  object space 263168K, 99% used [0x00000000c0000000,0x00000000d00f95a8,0x00000000d0100000)
 Metaspace       used 83334K, committed 84992K, reserved 1179648K
  class space    used 9822K, committed 10560K, reserved 1048576K
}

Dll operation events (15 events):
Event: 0.008 Loaded shared library c:\Users\congh\.vscode\extensions\redhat.java-1.41.1-win32-x64\jre\21.0.6-win32-x86_64\bin\java.dll
Event: 0.069 Loaded shared library c:\Users\congh\.vscode\extensions\redhat.java-1.41.1-win32-x64\jre\21.0.6-win32-x86_64\bin\zip.dll
Event: 0.089 Loaded shared library C:\Users\congh\.vscode\extensions\redhat.java-1.41.1-win32-x64\jre\21.0.6-win32-x86_64\bin\instrument.dll
Event: 0.095 Loaded shared library C:\Users\congh\.vscode\extensions\redhat.java-1.41.1-win32-x64\jre\21.0.6-win32-x86_64\bin\net.dll
Event: 0.097 Loaded shared library C:\Users\congh\.vscode\extensions\redhat.java-1.41.1-win32-x64\jre\21.0.6-win32-x86_64\bin\nio.dll
Event: 0.100 Loaded shared library C:\Users\congh\.vscode\extensions\redhat.java-1.41.1-win32-x64\jre\21.0.6-win32-x86_64\bin\zip.dll
Event: 0.116 Loaded shared library C:\Users\congh\.vscode\extensions\redhat.java-1.41.1-win32-x64\jre\21.0.6-win32-x86_64\bin\jimage.dll
Event: 0.192 Loaded shared library c:\Users\congh\.vscode\extensions\redhat.java-1.41.1-win32-x64\jre\21.0.6-win32-x86_64\bin\verify.dll
Event: 5.295 Loaded shared library C:\Users\congh\AppData\Roaming\Code\User\globalStorage\redhat.java\1.41.1\config_win\org.eclipse.equinox.launcher\org.eclipse.equinox.launcher.win32.win32.x86_64_1.2.1300.v20250331-1702\eclipse_11911.dll
Event: 14.386 Loaded shared library C:\Users\congh\AppData\Local\Temp\jna-94844387\jna1582438201686388300.dll
Event: 17.797 Loaded shared library C:\Users\congh\.gradle\native\1def1411415f61bf3af743bc5b6707747c0891f09f0c88961ee8f79bc544acac\windows-amd64\native-platform.dll
Event: 18.771 Loaded shared library C:\Users\congh\.vscode\extensions\redhat.java-1.41.1-win32-x64\jre\21.0.6-win32-x86_64\bin\management.dll
Event: 18.777 Loaded shared library C:\Users\congh\.vscode\extensions\redhat.java-1.41.1-win32-x64\jre\21.0.6-win32-x86_64\bin\management_ext.dll
Event: 20.347 Loaded shared library C:\Users\congh\.vscode\extensions\redhat.java-1.41.1-win32-x64\jre\21.0.6-win32-x86_64\bin\extnet.dll
Event: 22.595 Loaded shared library C:\Users\congh\.vscode\extensions\redhat.java-1.41.1-win32-x64\jre\21.0.6-win32-x86_64\bin\sunmscapi.dll

Deoptimization events (20 events):
Event: 53.993 Thread 0x000001c47ed392c0 DEOPT PACKING pc=0x000001c401b6b72a sp=0x000000b0e6ffee10
Event: 53.993 Thread 0x000001c47ed392c0 DEOPT UNPACKING pc=0x000001c4074a78e2 sp=0x000000b0e6ffe398 mode 0
Event: 53.999 Thread 0x000001c454f6f7d0 Uncommon trap: trap_request=0xffffff45 fr.pc=0x000001c40847d990 relative=0x0000000000000510
Event: 53.999 Thread 0x000001c454f6f7d0 Uncommon trap: reason=unstable_if action=reinterpret pc=0x000001c40847d990 method=com.google.gson.stream.JsonReader.doPeek()I @ 528 c2
Event: 53.999 Thread 0x000001c454f6f7d0 DEOPT PACKING pc=0x000001c40847d990 sp=0x000000b0e88fe540
Event: 53.999 Thread 0x000001c454f6f7d0 DEOPT UNPACKING pc=0x000001c4074a6da2 sp=0x000000b0e88fe4d0 mode 2
Event: 54.000 Thread 0x000001c454f6f7d0 Uncommon trap: trap_request=0xffffffbe fr.pc=0x000001c40857ff40 relative=0x0000000000001640
Event: 54.000 Thread 0x000001c454f6f7d0 Uncommon trap: reason=profile_predicate action=maybe_recompile pc=0x000001c40857ff40 method=com.google.gson.internal.bind.MapTypeAdapterFactory$Adapter.read(Lcom/google/gson/stream/JsonReader;)Ljava/util/Map; @ 140 c2
Event: 54.000 Thread 0x000001c454f6f7d0 DEOPT PACKING pc=0x000001c40857ff40 sp=0x000000b0e88fe680
Event: 54.000 Thread 0x000001c454f6f7d0 DEOPT UNPACKING pc=0x000001c4074a6da2 sp=0x000000b0e88fe648 mode 2
Event: 54.002 Thread 0x000001c47ed392c0 Uncommon trap: trap_request=0xffffff45 fr.pc=0x000001c40867a0f0 relative=0x0000000000001db0
Event: 54.002 Thread 0x000001c47ed392c0 Uncommon trap: reason=unstable_if action=reinterpret pc=0x000001c40867a0f0 method=org.eclipse.jdt.internal.compiler.classfmt.MethodInfo.createMethod([B[IIJ)Lorg/eclipse/jdt/internal/compiler/classfmt/MethodInfo; @ 426 c2
Event: 54.002 Thread 0x000001c47ed392c0 DEOPT PACKING pc=0x000001c40867a0f0 sp=0x000000b0e6ffed70
Event: 54.002 Thread 0x000001c47ed392c0 DEOPT UNPACKING pc=0x000001c4074a6da2 sp=0x000000b0e6ffecd0 mode 2
Event: 54.003 Thread 0x000001c47ed392c0 DEOPT PACKING pc=0x000001c401b6b72a sp=0x000000b0e6ffee10
Event: 54.003 Thread 0x000001c47ed392c0 DEOPT UNPACKING pc=0x000001c4074a78e2 sp=0x000000b0e6ffe398 mode 0
Event: 54.003 Thread 0x000001c454f6f7d0 Uncommon trap: trap_request=0xfffffff4 fr.pc=0x000001c408027294 relative=0x0000000000000454
Event: 54.003 Thread 0x000001c454f6f7d0 Uncommon trap: reason=null_check action=make_not_entrant pc=0x000001c408027294 method=java.io.File.equals(Ljava/lang/Object;)Z @ 1 c2
Event: 54.003 Thread 0x000001c454f6f7d0 DEOPT PACKING pc=0x000001c408027294 sp=0x000000b0e88fe700
Event: 54.003 Thread 0x000001c454f6f7d0 DEOPT UNPACKING pc=0x000001c4074a6da2 sp=0x000000b0e88fe6b8 mode 2

Classes loaded (20 events):
Event: 53.768 Loading class jdk/internal/module/IllegalAccessLogger
Event: 53.768 Loading class jdk/internal/module/IllegalAccessLogger done
Event: 53.947 Loading class java/util/concurrent/ConcurrentHashMap$KeySpliterator
Event: 53.947 Loading class java/util/concurrent/ConcurrentHashMap$KeySpliterator done
Event: 53.974 Loading class java/util/stream/ReferencePipeline$4
Event: 53.974 Loading class java/util/stream/IntPipeline$StatelessOp
Event: 53.974 Loading class java/util/stream/IntPipeline
Event: 53.975 Loading class java/util/stream/IntPipeline done
Event: 53.975 Loading class java/util/stream/IntPipeline$StatelessOp done
Event: 53.975 Loading class java/util/stream/ReferencePipeline$4 done
Event: 53.975 Loading class java/util/stream/Nodes$IntFixedNodeBuilder
Event: 53.975 Loading class java/util/stream/Node$Builder$OfInt
Event: 53.975 Loading class java/util/stream/Sink$OfInt
Event: 53.975 Loading class java/util/stream/Sink$OfInt done
Event: 53.975 Loading class java/util/stream/Node$Builder$OfInt done
Event: 53.975 Loading class java/util/stream/Nodes$IntArrayNode
Event: 53.975 Loading class java/util/stream/Nodes$IntArrayNode done
Event: 53.975 Loading class java/util/stream/Nodes$IntFixedNodeBuilder done
Event: 53.976 Loading class java/util/stream/ReferencePipeline$4$1
Event: 53.976 Loading class java/util/stream/ReferencePipeline$4$1 done

Classes unloaded (7 events):
Event: 14.840 Thread 0x000001c47bab4940 Unloading class 0x000001c4101a1c00 'java/lang/invoke/LambdaForm$MH+0x000001c4101a1c00'
Event: 14.840 Thread 0x000001c47bab4940 Unloading class 0x000001c4101a1800 'java/lang/invoke/LambdaForm$MH+0x000001c4101a1800'
Event: 14.840 Thread 0x000001c47bab4940 Unloading class 0x000001c4101a1400 'java/lang/invoke/LambdaForm$MH+0x000001c4101a1400'
Event: 14.840 Thread 0x000001c47bab4940 Unloading class 0x000001c4101a1000 'java/lang/invoke/LambdaForm$MH+0x000001c4101a1000'
Event: 14.840 Thread 0x000001c47bab4940 Unloading class 0x000001c4101a0c00 'java/lang/invoke/LambdaForm$BMH+0x000001c4101a0c00'
Event: 14.840 Thread 0x000001c47bab4940 Unloading class 0x000001c4101a0800 'java/lang/invoke/LambdaForm$DMH+0x000001c4101a0800'
Event: 14.840 Thread 0x000001c47bab4940 Unloading class 0x000001c41019f400 'java/lang/invoke/LambdaForm$DMH+0x000001c41019f400'

Classes redefined (0 events):
No events

Internal exceptions (20 events):
Event: 53.113 Thread 0x000001c47ed36b60 Exception <a 'sun/nio/fs/WindowsException'{0x00000000eae11770}> (0x00000000eae11770) 
thrown [s\src\hotspot\share\prims\jni.cpp, line 520]
Event: 53.114 Thread 0x000001c47ed36b60 Exception <a 'sun/nio/fs/WindowsException'{0x00000000eaea6fd8}> (0x00000000eaea6fd8) 
thrown [s\src\hotspot\share\prims\jni.cpp, line 520]
Event: 53.114 Thread 0x000001c47ed36b60 Exception <a 'sun/nio/fs/WindowsException'{0x00000000eaea7608}> (0x00000000eaea7608) 
thrown [s\src\hotspot\share\prims\jni.cpp, line 520]
Event: 53.122 Thread 0x000001c47ed36b60 Exception <a 'sun/nio/fs/WindowsException'{0x00000000eac421f0}> (0x00000000eac421f0) 
thrown [s\src\hotspot\share\prims\jni.cpp, line 520]
Event: 53.122 Thread 0x000001c47ed36b60 Exception <a 'sun/nio/fs/WindowsException'{0x00000000eac42ad0}> (0x00000000eac42ad0) 
thrown [s\src\hotspot\share\prims\jni.cpp, line 520]
Event: 53.124 Thread 0x000001c47ed36b60 Exception <a 'sun/nio/fs/WindowsException'{0x00000000eadbd2f8}> (0x00000000eadbd2f8) 
thrown [s\src\hotspot\share\prims\jni.cpp, line 520]
Event: 53.124 Thread 0x000001c47ed36b60 Exception <a 'sun/nio/fs/WindowsException'{0x00000000eadbd928}> (0x00000000eadbd928) 
thrown [s\src\hotspot\share\prims\jni.cpp, line 520]
Event: 53.130 Thread 0x000001c47ed36b60 Exception <a 'sun/nio/fs/WindowsException'{0x00000000eac92c98}> (0x00000000eac92c98) 
thrown [s\src\hotspot\share\prims\jni.cpp, line 520]
Event: 53.130 Thread 0x000001c47ed36b60 Exception <a 'sun/nio/fs/WindowsException'{0x00000000eac93578}> (0x00000000eac93578) 
thrown [s\src\hotspot\share\prims\jni.cpp, line 520]
Event: 53.139 Thread 0x000001c47ed36b60 Exception <a 'java/lang/NoSuchMethodError'{0x00000000eadc1158}: 'int java.lang.invoke.DirectMethodHandle$Holder.invokeStatic(java.lang.Object)'> (0x00000000eadc1158) 
thrown [s\src\hotspot\share\interpreter\linkResolver.cpp, line 773]
Event: 53.335 Thread 0x000001c47ed36b60 Exception <a 'sun/nio/fs/WindowsException'{0x00000000eab406e0}> (0x00000000eab406e0) 
thrown [s\src\hotspot\share\prims\jni.cpp, line 520]
Event: 53.398 Thread 0x000001c47ed392c0 Exception <a 'sun/nio/fs/WindowsException'{0x00000000eab2a208}> (0x00000000eab2a208) 
thrown [s\src\hotspot\share\prims\jni.cpp, line 520]
Event: 53.593 Thread 0x000001c47ed36b60 Exception <a 'java/lang/NoSuchMethodError'{0x00000000eabebb88}: 'int java.lang.invoke.DirectMethodHandle$Holder.invokeSpecialIFC(java.lang.Object, java.lang.Object, java.lang.Object)'> (0x00000000eabebb88) 
thrown [s\src\hotspot\share\interpreter\linkResolver.cpp, line 773]
Event: 53.607 Thread 0x000001c47ed392c0 Exception <a 'sun/nio/fs/WindowsException'{0x00000000ead5d4e0}> (0x00000000ead5d4e0) 
thrown [s\src\hotspot\share\prims\jni.cpp, line 520]
Event: 53.646 Thread 0x000001c47ed392c0 Exception <a 'sun/nio/fs/WindowsException'{0x00000000ead03a18}> (0x00000000ead03a18) 
thrown [s\src\hotspot\share\prims\jni.cpp, line 520]
Event: 53.926 Thread 0x000001c455407360 Exception <a 'java/lang/NoSuchMethodError'{0x00000000eab3e8a8}: 'void java.lang.invoke.DirectMethodHandle$Holder.invokeStatic(java.lang.Object, int, java.lang.Object)'> (0x00000000eab3e8a8) 
thrown [s\src\hotspot\share\interpreter\linkResolver.cpp, line 773]
Event: 53.949 Thread 0x000001c47ed36b60 Exception <a 'java/lang/NoSuchMethodError'{0x00000000eaccae40}: 'java.lang.Object java.lang.invoke.DirectMethodHandle$Holder.newInvokeSpecial(java.lang.Object, java.lang.Object, int, int, java.lang.Object)'> (0x00000000eaccae40) 
thrown [s\src\hotspot\share\interpreter\linkResolver.cpp, line 773]
Event: 54.003 Thread 0x000001c454f6f7d0 Implicit null exception at 0x000001c408026e80 to 0x000001c408027284
Event: 54.003 Thread 0x000001c454f6f7d0 Exception <a 'sun/nio/fs/WindowsException'{0x00000000eafe7448}> (0x00000000eafe7448) 
thrown [s\src\hotspot\share\prims\jni.cpp, line 520]
Event: 54.003 Thread 0x000001c454f6f7d0 Exception <a 'sun/nio/fs/WindowsException'{0x00000000eafe7a78}> (0x00000000eafe7a78) 
thrown [s\src\hotspot\share\prims\jni.cpp, line 520]

ZGC Phase Switch (0 events):
No events

VM Operations (20 events):
Event: 53.923 Executing VM operation: ParallelGCFailedAllocation (Allocation Failure)
Event: 53.924 Executing VM operation: ParallelGCFailedAllocation (Allocation Failure) done
Event: 53.933 Executing VM operation: ParallelGCFailedAllocation (Allocation Failure)
Event: 53.937 Executing VM operation: ParallelGCFailedAllocation (Allocation Failure) done
Event: 53.945 Executing VM operation: ParallelGCFailedAllocation (Allocation Failure)
Event: 53.946 Executing VM operation: ParallelGCFailedAllocation (Allocation Failure) done
Event: 53.957 Executing VM operation: ParallelGCFailedAllocation (Allocation Failure)
Event: 53.958 Executing VM operation: ParallelGCFailedAllocation (Allocation Failure) done
Event: 53.968 Executing VM operation: HandshakeAllThreads (Deoptimize)
Event: 53.969 Executing VM operation: HandshakeAllThreads (Deoptimize) done
Event: 53.969 Executing VM operation: ParallelGCFailedAllocation (Allocation Failure)
Event: 53.971 Executing VM operation: ParallelGCFailedAllocation (Allocation Failure) done
Event: 53.982 Executing VM operation: ParallelGCFailedAllocation (Allocation Failure)
Event: 53.984 Executing VM operation: ParallelGCFailedAllocation (Allocation Failure) done
Event: 53.994 Executing VM operation: ParallelGCFailedAllocation (Allocation Failure)
Event: 53.994 Executing VM operation: ParallelGCFailedAllocation (Allocation Failure) done
Event: 53.994 Executing VM operation: ParallelGCSystemGC (GCLocker Initiated GC)
Event: 53.996 Executing VM operation: ParallelGCSystemGC (GCLocker Initiated GC) done
Event: 54.003 Executing VM operation: ParallelGCFailedAllocation (Allocation Failure)
Event: 55.005 Executing VM operation: ParallelGCFailedAllocation (Allocation Failure) done

Memory protections (0 events):
No events

Nmethod flushes (20 events):
Event: 19.375 Thread 0x000001c47bab4940 flushing  nmethod 0x000001c4009c2c90
Event: 19.375 Thread 0x000001c47bab4940 flushing  nmethod 0x000001c4009d2790
Event: 19.375 Thread 0x000001c47bab4940 flushing  nmethod 0x000001c4009d9210
Event: 19.375 Thread 0x000001c47bab4940 flushing  nmethod 0x000001c4009dec10
Event: 19.375 Thread 0x000001c47bab4940 flushing  nmethod 0x000001c4009fff10
Event: 19.375 Thread 0x000001c47bab4940 flushing osr nmethod 0x000001c400a05710
Event: 19.375 Thread 0x000001c47bab4940 flushing  nmethod 0x000001c400a0bb10
Event: 19.375 Thread 0x000001c47bab4940 flushing  nmethod 0x000001c400a45290
Event: 19.375 Thread 0x000001c47bab4940 flushing  nmethod 0x000001c400a54610
Event: 19.375 Thread 0x000001c47bab4940 flushing  nmethod 0x000001c400a5c790
Event: 19.375 Thread 0x000001c47bab4940 flushing  nmethod 0x000001c400a5e090
Event: 19.375 Thread 0x000001c47bab4940 flushing  nmethod 0x000001c400a68c90
Event: 19.375 Thread 0x000001c47bab4940 flushing  nmethod 0x000001c400a71090
Event: 19.375 Thread 0x000001c47bab4940 flushing  nmethod 0x000001c400a72e10
Event: 19.375 Thread 0x000001c47bab4940 flushing  nmethod 0x000001c400a76f10
Event: 19.375 Thread 0x000001c47bab4940 flushing  nmethod 0x000001c400a95a90
Event: 19.375 Thread 0x000001c47bab4940 flushing  nmethod 0x000001c400ac8690
Event: 19.375 Thread 0x000001c47bab4940 flushing  nmethod 0x000001c400b03610
Event: 19.375 Thread 0x000001c47bab4940 flushing  nmethod 0x000001c400b30e90
Event: 19.375 Thread 0x000001c47bab4940 flushing  nmethod 0x000001c400b72510

Events (20 events):
Event: 51.881 Thread 0x000001c47cf8d730 Thread added: 0x000001c45a115330
Event: 51.892 Thread 0x000001c455406cd0 Thread added: 0x000001c455407360
Event: 51.893 Thread 0x000001c455407360 Thread exited: 0x000001c455407360
Event: 51.914 Thread 0x000001c455406640 Thread added: 0x000001c455407360
Event: 51.914 Thread 0x000001c455407360 Thread exited: 0x000001c455407360
Event: 51.998 Thread 0x000001c455406cd0 Thread added: 0x000001c455407360
Event: 51.998 Thread 0x000001c455407360 Thread exited: 0x000001c455407360
Event: 52.011 Thread 0x000001c455406640 Thread added: 0x000001c455407360
Event: 52.011 Thread 0x000001c455407360 Thread exited: 0x000001c455407360
Event: 52.312 Thread 0x000001c455403850 Thread exited: 0x000001c455403850
Event: 52.312 Thread 0x000001c455405290 Thread exited: 0x000001c455405290
Event: 52.623 Thread 0x000001c47cf8d730 Thread added: 0x000001c45a115a00
Event: 52.623 Thread 0x000001c47cf8d730 Thread added: 0x000001c45a1160d0
Event: 52.747 Thread 0x000001c47ed36b60 Thread added: 0x000001c455403850
Event: 52.752 Thread 0x000001c455403850 Thread exited: 0x000001c455403850
Event: 52.936 Thread 0x000001c45a111cb0 Thread added: 0x000001c45a1137f0
Event: 53.351 Thread 0x000001c47ed36b60 Thread added: 0x000001c455403850
Event: 53.776 Thread 0x000001c47ed36b60 Thread added: 0x000001c455407360
Event: 53.950 Thread 0x000001c47ed36b60 Thread added: 0x000001c455403ee0
Event: 53.990 Thread 0x000001c47ed36b60 Thread added: 0x000001c4592af750


Dynamic libraries:
0x00007ff687320000 - 0x00007ff68732e000 	c:\Users\congh\.vscode\extensions\redhat.java-1.41.1-win32-x64\jre\21.0.6-win32-x86_64\bin\java.exe
0x00007ffa075e0000 - 0x00007ffa07846000 	C:\WINDOWS\SYSTEM32\ntdll.dll
0x00007ffa060b0000 - 0x00007ffa06179000 	C:\WINDOWS\System32\KERNEL32.DLL
0x00007ffa04ad0000 - 0x00007ffa04e9c000 	C:\WINDOWS\System32\KERNELBASE.dll
0x00007ffa05220000 - 0x00007ffa0536b000 	C:\WINDOWS\System32\ucrtbase.dll
0x00007ff9e2810000 - 0x00007ff9e282e000 	c:\Users\congh\.vscode\extensions\redhat.java-1.41.1-win32-x64\jre\21.0.6-win32-x86_64\bin\VCRUNTIME140.dll
0x00007ff9ae7c0000 - 0x00007ff9ae7d8000 	c:\Users\congh\.vscode\extensions\redhat.java-1.41.1-win32-x64\jre\21.0.6-win32-x86_64\bin\jli.dll
0x00007ffa05ee0000 - 0x00007ffa060aa000 	C:\WINDOWS\System32\USER32.dll
0x00007ffa05370000 - 0x00007ffa05397000 	C:\WINDOWS\System32\win32u.dll
0x00007ff9ec2b0000 - 0x00007ff9ec54a000 	C:\WINDOWS\WinSxS\amd64_microsoft.windows.common-controls_6595b64144ccf1df_6.0.26100.3912_none_3e07963ce335137e\COMCTL32.dll
0x00007ffa05e20000 - 0x00007ffa05e4b000 	C:\WINDOWS\System32\GDI32.dll
0x00007ffa055c0000 - 0x00007ffa05669000 	C:\WINDOWS\System32\msvcrt.dll
0x00007ffa04ea0000 - 0x00007ffa04fd2000 	C:\WINDOWS\System32\gdi32full.dll
0x00007ffa04800000 - 0x00007ffa048a3000 	C:\WINDOWS\System32\msvcp_win.dll
0x00007ffa059a0000 - 0x00007ffa059d0000 	C:\WINDOWS\System32\IMM32.DLL
0x00007ff9e66f0000 - 0x00007ff9e66fc000 	c:\Users\congh\.vscode\extensions\redhat.java-1.41.1-win32-x64\jre\21.0.6-win32-x86_64\bin\vcruntime140_1.dll
0x00007ff98fe50000 - 0x00007ff98fedd000 	c:\Users\congh\.vscode\extensions\redhat.java-1.41.1-win32-x64\jre\21.0.6-win32-x86_64\bin\msvcp140.dll
0x00007ff92ced0000 - 0x00007ff92dc60000 	c:\Users\congh\.vscode\extensions\redhat.java-1.41.1-win32-x64\jre\21.0.6-win32-x86_64\bin\server\jvm.dll
0x00007ffa058e0000 - 0x00007ffa05992000 	C:\WINDOWS\System32\ADVAPI32.dll
0x00007ffa07140000 - 0x00007ffa071e6000 	C:\WINDOWS\System32\sechost.dll
0x00007ffa06410000 - 0x00007ffa06526000 	C:\WINDOWS\System32\RPCRT4.dll
0x00007ffa06280000 - 0x00007ffa062f4000 	C:\WINDOWS\System32\WS2_32.dll
0x00007ffa03370000 - 0x00007ffa033ce000 	C:\WINDOWS\SYSTEM32\POWRPROF.dll
0x00007ff9f1bf0000 - 0x00007ff9f1bfb000 	C:\WINDOWS\SYSTEM32\VERSION.dll
0x00007ff9ef3a0000 - 0x00007ff9ef3d6000 	C:\WINDOWS\SYSTEM32\WINMM.dll
0x00007ffa03350000 - 0x00007ffa03364000 	C:\WINDOWS\SYSTEM32\UMPDC.dll
0x00007ffa03650000 - 0x00007ffa0366a000 	C:\WINDOWS\SYSTEM32\kernel.appcore.dll
0x00007ff9d4e10000 - 0x00007ff9d4e1a000 	c:\Users\congh\.vscode\extensions\redhat.java-1.41.1-win32-x64\jre\21.0.6-win32-x86_64\bin\jimage.dll
0x00007ffa01ee0000 - 0x00007ffa02121000 	C:\WINDOWS\SYSTEM32\DBGHELP.DLL
0x00007ffa05a90000 - 0x00007ffa05e14000 	C:\WINDOWS\System32\combase.dll
0x00007ffa056e0000 - 0x00007ffa057c0000 	C:\WINDOWS\System32\OLEAUT32.dll
0x00007ff9dcd00000 - 0x00007ff9dcd39000 	C:\WINDOWS\SYSTEM32\dbgcore.DLL
0x00007ffa04a30000 - 0x00007ffa04ac9000 	C:\WINDOWS\System32\bcryptPrimitives.dll
0x00007ff9d4b00000 - 0x00007ff9d4b0f000 	c:\Users\congh\.vscode\extensions\redhat.java-1.41.1-win32-x64\jre\21.0.6-win32-x86_64\bin\instrument.dll
0x00007ff99d790000 - 0x00007ff99d7af000 	c:\Users\congh\.vscode\extensions\redhat.java-1.41.1-win32-x64\jre\21.0.6-win32-x86_64\bin\java.dll
0x00007ffa06580000 - 0x00007ffa06cad000 	C:\WINDOWS\System32\SHELL32.dll
0x00007ffa04fe0000 - 0x00007ffa05154000 	C:\WINDOWS\System32\wintypes.dll
0x00007ffa023c0000 - 0x00007ffa02c16000 	C:\WINDOWS\SYSTEM32\windows.storage.dll
0x00007ffa057e0000 - 0x00007ffa058cf000 	C:\WINDOWS\System32\SHCORE.dll
0x00007ffa05670000 - 0x00007ffa056d9000 	C:\WINDOWS\System32\shlwapi.dll
0x00007ffa04680000 - 0x00007ffa046af000 	C:\WINDOWS\SYSTEM32\profapi.dll
0x00007ff99ce70000 - 0x00007ff99ce88000 	c:\Users\congh\.vscode\extensions\redhat.java-1.41.1-win32-x64\jre\21.0.6-win32-x86_64\bin\zip.dll
0x00007ff9d2320000 - 0x00007ff9d2330000 	C:\Users\congh\.vscode\extensions\redhat.java-1.41.1-win32-x64\jre\21.0.6-win32-x86_64\bin\net.dll
0x00007ff9f4220000 - 0x00007ff9f433e000 	C:\WINDOWS\SYSTEM32\WINHTTP.dll
0x00007ffa03bc0000 - 0x00007ffa03c2a000 	C:\WINDOWS\system32\mswsock.dll
0x00007ff99cbc0000 - 0x00007ff99cbd6000 	C:\Users\congh\.vscode\extensions\redhat.java-1.41.1-win32-x64\jre\21.0.6-win32-x86_64\bin\nio.dll
0x00007ff9d00f0000 - 0x00007ff9d0100000 	c:\Users\congh\.vscode\extensions\redhat.java-1.41.1-win32-x64\jre\21.0.6-win32-x86_64\bin\verify.dll
0x00007ff9943f0000 - 0x00007ff994435000 	C:\Users\congh\AppData\Roaming\Code\User\globalStorage\redhat.java\1.41.1\config_win\org.eclipse.equinox.launcher\org.eclipse.equinox.launcher.win32.win32.x86_64_1.2.1300.v20250331-1702\eclipse_11911.dll
0x00007ffa071f0000 - 0x00007ffa0738f000 	C:\WINDOWS\System32\ole32.dll
0x00007ffa03e70000 - 0x00007ffa03e8c000 	C:\WINDOWS\SYSTEM32\CRYPTSP.dll
0x00007ffa03590000 - 0x00007ffa035ca000 	C:\WINDOWS\system32\rsaenh.dll
0x00007ffa03c60000 - 0x00007ffa03c8b000 	C:\WINDOWS\SYSTEM32\USERENV.dll
0x00007ffa04650000 - 0x00007ffa04676000 	C:\WINDOWS\SYSTEM32\bcrypt.dll
0x00007ffa03e60000 - 0x00007ffa03e6c000 	C:\WINDOWS\SYSTEM32\CRYPTBASE.dll
0x00007ffa02fb0000 - 0x00007ffa02fe3000 	C:\WINDOWS\SYSTEM32\IPHLPAPI.DLL
0x00007ffa053a0000 - 0x00007ffa053aa000 	C:\WINDOWS\System32\NSI.dll
0x00007ff98e280000 - 0x00007ff98e2c9000 	C:\Users\congh\AppData\Local\Temp\jna-94844387\jna1582438201686388300.dll
0x00007ffa07570000 - 0x00007ffa07578000 	C:\WINDOWS\System32\PSAPI.DLL
0x00007ff9f7ea0000 - 0x00007ff9f7ebf000 	C:\WINDOWS\SYSTEM32\dhcpcsvc6.DLL
0x00007ff9f41f0000 - 0x00007ff9f4215000 	C:\WINDOWS\SYSTEM32\dhcpcsvc.DLL
0x00007ff999560000 - 0x00007ff999587000 	C:\Users\congh\.gradle\native\1def1411415f61bf3af743bc5b6707747c0891f09f0c88961ee8f79bc544acac\windows-amd64\native-platform.dll
0x00007ff9f3650000 - 0x00007ff9f365a000 	C:\Users\congh\.vscode\extensions\redhat.java-1.41.1-win32-x64\jre\21.0.6-win32-x86_64\bin\management.dll
0x00007ff9edb80000 - 0x00007ff9edb8b000 	C:\Users\congh\.vscode\extensions\redhat.java-1.41.1-win32-x64\jre\21.0.6-win32-x86_64\bin\management_ext.dll
0x00007ff9edb70000 - 0x00007ff9edb79000 	C:\Users\congh\.vscode\extensions\redhat.java-1.41.1-win32-x64\jre\21.0.6-win32-x86_64\bin\extnet.dll
0x00007ff9eb930000 - 0x00007ff9eb93e000 	C:\Users\congh\.vscode\extensions\redhat.java-1.41.1-win32-x64\jre\21.0.6-win32-x86_64\bin\sunmscapi.dll
0x00007ffa048b0000 - 0x00007ffa04a27000 	C:\WINDOWS\System32\CRYPT32.dll
0x00007ffa04070000 - 0x00007ffa040a0000 	C:\WINDOWS\SYSTEM32\ncrypt.dll
0x00007ffa04020000 - 0x00007ffa0405f000 	C:\WINDOWS\SYSTEM32\NTASN1.dll
0x00007ff9fc990000 - 0x00007ff9fc998000 	C:\WINDOWS\system32\wshunix.dll
0x00007ffa03040000 - 0x00007ffa03167000 	C:\WINDOWS\SYSTEM32\DNSAPI.dll
0x00007ff9f7e90000 - 0x00007ff9f7e9b000 	C:\Windows\System32\rasadhlp.dll
0x00007ff9f38e0000 - 0x00007ff9f3966000 	C:\WINDOWS\System32\fwpuclnt.dll

dbghelp: loaded successfully - version: 4.0.5 - missing functions: none
symbol engine: initialized successfully - sym options: 0x614 - pdb path: .;c:\Users\congh\.vscode\extensions\redhat.java-1.41.1-win32-x64\jre\21.0.6-win32-x86_64\bin;C:\WINDOWS\SYSTEM32;C:\WINDOWS\WinSxS\amd64_microsoft.windows.common-controls_6595b64144ccf1df_6.0.26100.3912_none_3e07963ce335137e;c:\Users\congh\.vscode\extensions\redhat.java-1.41.1-win32-x64\jre\21.0.6-win32-x86_64\bin\server;C:\Users\congh\AppData\Roaming\Code\User\globalStorage\redhat.java\1.41.1\config_win\org.eclipse.equinox.launcher\org.eclipse.equinox.launcher.win32.win32.x86_64_1.2.1300.v20250331-1702;C:\Users\congh\AppData\Local\Temp\jna-94844387;C:\Users\congh\.gradle\native\1def1411415f61bf3af743bc5b6707747c0891f09f0c88961ee8f79bc544acac\windows-amd64

VM Arguments:
jvm_args: --add-modules=ALL-SYSTEM --add-opens=java.base/java.util=ALL-UNNAMED --add-opens=java.base/java.lang=ALL-UNNAMED --add-opens=java.base/sun.nio.fs=ALL-UNNAMED -Declipse.application=org.eclipse.jdt.ls.core.id1 -Dosgi.bundles.defaultStartLevel=4 -Declipse.product=org.eclipse.jdt.ls.core.product -Djava.import.generatesMetadataFilesAtProjectRoot=false -DDetectVMInstallationsJob.disabled=true -Dfile.encoding=utf8 -XX:+UseParallelGC -XX:GCTimeRatio=4 -XX:AdaptiveSizePolicyWeight=90 -Dsun.zip.disableMemoryMapping=true -Xmx1G -Xms100m -Xlog:disable -javaagent:c:\Users\congh\.vscode\extensions\redhat.java-1.41.1-win32-x64\lombok\lombok-1.18.36.jar -XX:+HeapDumpOnOutOfMemoryError -XX:HeapDumpPath=c:\Users\congh\AppData\Roaming\Code\User\workspaceStorage\d6fd6c32df5d01ef712cebc9480e7496\redhat.java -Daether.dependencyCollector.impl=bf 
java_command: c:\Users\congh\.vscode\extensions\redhat.java-1.41.1-win32-x64\server\plugins\org.eclipse.equinox.launcher_1.7.0.v20250331-1702.jar -configuration c:\Users\congh\AppData\Roaming\Code\User\globalStorage\redhat.java\1.41.1\config_win -data c:\Users\congh\AppData\Roaming\Code\User\workspaceStorage\d6fd6c32df5d01ef712cebc9480e7496\redhat.java\jdt_ws --pipe=\\.\pipe\lsp-f3f046727e0b2a8ab213d652c6425093-sock
java_class_path (initial): c:\Users\congh\.vscode\extensions\redhat.java-1.41.1-win32-x64\server\plugins\org.eclipse.equinox.launcher_1.7.0.v20250331-1702.jar
Launcher Type: SUN_STANDARD

[Global flags]
    uintx AdaptiveSizePolicyWeight                 = 90                                        {product} {command line}
     intx CICompilerCount                          = 12                                        {product} {ergonomic}
    uintx GCTimeRatio                              = 4                                         {product} {command line}
     bool HeapDumpOnOutOfMemoryError               = true                                   {manageable} {command line}
    ccstr HeapDumpPath                             = c:\Users\congh\AppData\Roaming\Code\User\workspaceStorage\d6fd6c32df5d01ef712cebc9480e7496\redhat.java         {manageable} {command line}
   size_t InitialHeapSize                          = 104857600                                 {product} {command line}
   size_t MaxHeapSize                              = 1073741824                                {product} {command line}
   size_t MaxNewSize                               = 357564416                                 {product} {ergonomic}
   size_t MinHeapDeltaBytes                        = 524288                                    {product} {ergonomic}
   size_t MinHeapSize                              = 104857600                                 {product} {command line}
   size_t NewSize                                  = 34603008                                  {product} {ergonomic}
    uintx NonNMethodCodeHeapSize                   = 7602480                                {pd product} {ergonomic}
    uintx NonProfiledCodeHeapSize                  = 122027880                              {pd product} {ergonomic}
   size_t OldSize                                  = 70254592                                  {product} {ergonomic}
    uintx ProfiledCodeHeapSize                     = 122027880                              {pd product} {ergonomic}
    uintx ReservedCodeCacheSize                    = 251658240                              {pd product} {ergonomic}
     bool SegmentedCodeCache                       = true                                      {product} {ergonomic}
   size_t SoftMaxHeapSize                          = 1073741824                             {manageable} {ergonomic}
     bool UseCompressedOops                        = true                           {product lp64_product} {ergonomic}
     bool UseLargePagesIndividualAllocation        = false                                  {pd product} {ergonomic}
     bool UseParallelGC                            = true                                      {product} {command line}

Logging:
Log output configuration:
 #0: stdout all=off uptime,level,tags foldmultilines=false
 #1: stderr all=off uptime,level,tags foldmultilines=false

Environment Variables:
JAVA_HOME=C:\Program Files\Java\jdk-17
PATH=C:\Program Files\Common Files\Oracle\Java\javapath;C:\Windows;C:\Windows\System32\Wbem;C:\Windows\System32\WindowsPowerShell\v1.0\;C:\Windows\System32\OpenSSH\;C:\Program Files (x86)\NVIDIA Corporation\PhysX\Common;C:\Program Files\NVIDIA Corporation\NVIDIA NvDLISR;C:\WINDOWS\system32;C:\WINDOWS;C:\WINDOWS\System32\Wbem;C:\WINDOWS\System32\WindowsPowerShell\v1.0\;C:\WINDOWS\System32\OpenSSH\;C:\Program Files (x86)\Embarcadero\Dev-Cpp\TDM-GCC-64\bin;C:\MongoDB\Server\6.0\bin;C:\mongosh-1.6.1\bin;C:\Program Files\Azure Data Studio\bin;C:\Program Files (x86)\Microsoft SQL Server\160\DTS\Binn\;C:\Program Files (x86)\Microsoft SQL Server\160\Tools\Binn\;C:\Program Files\Microsoft SQL Server\160\Tools\Binn\;C:\Program Files\Microsoft SQL Server\Client SDK\ODBC\170\Tools\Binn\;C:\Program Files\Microsoft SQL Server\160\DTS\Binn\;C:\Users\congh\AppData\Local\Programs\Python\Python312;C:\Program Files\dotnet\;C:\Program Files\Cloudflare\Cloudflare WARP\;C:\Git\cmd;C:\Program Files\nodejs;C:\Program Files\Java\jdk-17\bin;D:\WWW\payara-6.2024.9\payara6\bin;C:\Program Files\Java\jdk-17\bin;D:\WWW\apache-maven-3.9.9-src\apache-maven-3.9.9\apache-maven\src\bin;;C:\Program Files\Docker\Docker\resources\bin;C:\Users\congh\AppData\Local\Programs\Python\Launcher\;C:\Users\congh\AppData\Local\Microsoft\WindowsApps;C:\Program Files (x86)\Embarcadero\Dev-Cpp\TDM-GCC-64\bin;C:\Microsoft VS Code\bin;C:\Program Files\Azure Data Studio\bin;C:\Program Files\JetBrains\IntelliJ IDEA Community Edition 2023.3.2\bin;;C:\Users\congh\AppData\Roaming\npm;C:\Program Files\JetBrains\IntelliJ IDEA 2024.2.0.2\bin;;C:\Users\congh\AppData\Local\Microsoft\WinGet\Packages\Schniz.fnm_Microsoft.Winget.Source_8wekyb3d8bbwe;C:\Users\congh\.dotnet\tools;
USERNAME=congh
OS=Windows_NT
PROCESSOR_IDENTIFIER=Intel64 Family 6 Model 141 Stepping 1, GenuineIntel
TMP=C:\Users\congh\AppData\Local\Temp
TEMP=C:\Users\congh\AppData\Local\Temp




Periodic native trim disabled

---------------  S Y S T E M  ---------------

OS:
 Windows 11 , 64 bit Build 26100 (10.0.26100.3912)
OS uptime: 0 days 13:22 hours
Hyper-V role detected

CPU: total 16 (initial active 16) (8 cores per cpu, 2 threads per core) family 6 model 141 stepping 1 microcode 0x3c, cx8, cmov, fxsr, ht, mmx, 3dnowpref, sse, sse2, sse3, ssse3, sse4.1, sse4.2, popcnt, lzcnt, tsc, tscinvbit, avx, avx2, aes, erms, clmul, bmi1, bmi2, adx, avx512f, avx512dq, avx512cd, avx512bw, avx512vl, sha, fma, vzeroupper, avx512_vpopcntdq, avx512_vpclmulqdq, avx512_vaes, avx512_vnni, clflush, clflushopt, clwb, avx512_vbmi2, avx512_vbmi, hv, rdtscp, rdpid, fsrm, gfni, avx512_bitalg, f16c, cet_ibt, cet_ss, avx512_ifma
Processor Information for the first 16 processors :
  Max Mhz: 2304, Current Mhz: 2304, Mhz Limit: 2304

Memory: 4k page, system-wide physical 16163M (1058M free)
TotalPageFile size 28451M (AvailPageFile size 87M)
current process WorkingSet (physical memory assigned to process): 596M, peak: 596M
current process commit charge ("private bytes"): 653M, peak: 653M

vm_info: OpenJDK 64-Bit Server VM (21.0.6+7-LTS) for windows-amd64 JRE (21.0.6+7-LTS), built on 2025-01-21T00:00:00Z by "admin" with MS VC++ 17.7 (VS2022)

END.
