#
# There is insufficient memory for the Java Runtime Environment to continue.
# Native memory allocation (malloc) failed to allocate 1927376 bytes for Chunk::new
# Possible reasons:
#   The system is out of physical RAM or swap space
#   The process is running with CompressedOops enabled, and the Java Heap may be blocking the growth of the native heap
# Possible solutions:
#   Reduce memory load on the system
#   Increase physical memory or swap space
#   Check if swap backing store is full
#   Decrease Java heap size (-Xmx/-Xms)
#   Decrease number of Java threads
#   Decrease Java thread stack sizes (-Xss)
#   Set larger code cache with -XX:ReservedCodeCacheSize=
#   JVM is running with Unscaled Compressed Oops mode in which the Java heap is
#     placed in the first 4GB address space. The Java Heap base address is the
#     maximum limit for the native heap growth. Please use -XX:HeapBaseMinAddress
#     to set the Java Heap base and to place the Java Heap above 4GB virtual address.
# This output file may be truncated or incomplete.
#
#  Out of Memory Error (arena.cpp:189), pid=26732, tid=15460
#
# JRE version: Java(TM) SE Runtime Environment (17.0.11+7) (build 17.0.11+7-LTS-207)
# Java VM: Java HotSpot(TM) 64-Bit Server VM (17.0.11+7-LTS-207, mixed mode, sharing, tiered, compressed oops, compressed class ptrs, g1 gc, windows-amd64)
# No core dump will be written. Minidumps are not enabled by default on client versions of Windows
#

---------------  S U M M A R Y ------------

Command Line: --add-opens=java.base/java.util=ALL-UNNAMED --add-opens=java.base/java.lang=ALL-UNNAMED --add-opens=java.base/java.lang.invoke=ALL-UNNAMED --add-opens=java.prefs/java.util.prefs=ALL-UNNAMED --add-exports=jdk.compiler/com.sun.tools.javac.api=ALL-UNNAMED --add-exports=jdk.compiler/com.sun.tools.javac.util=ALL-UNNAMED --add-opens=java.base/java.nio.charset=ALL-UNNAMED --add-opens=java.base/java.net=ALL-UNNAMED --add-opens=java.base/java.util.concurrent.atomic=ALL-UNNAMED -XX:MaxMetaspaceSize=384m -XX:+HeapDumpOnOutOfMemoryError -Xms256m -Xmx512m -Dfile.encoding=UTF-8 -Duser.country=US -Duser.language=en -Duser.variant -javaagent:D:\WWW\gradle-8.10-bin\gradle-8.10\lib\agents\gradle-instrumentation-agent-8.10.jar org.gradle.launcher.daemon.bootstrap.GradleDaemon 8.10

Host: 11th Gen Intel(R) Core(TM) i7-11800H @ 2.30GHz, 16 cores, 15G,  Windows 11 , 64 bit Build 26100 (10.0.26100.3912)
Time: Tue Apr 29 12:52:25 2025 SE Asia Standard Time elapsed time: 7.322090 seconds (0d 0h 0m 7s)

---------------  T H R E A D  ---------------

Current thread (0x000002467a8985c0):  JavaThread "C2 CompilerThread1" daemon [_thread_in_native, id=15460, stack(0x000000ff3ff00000,0x000000ff40000000)]


Current CompileTask:
C2:   7322 3158       4       java.lang.invoke.MethodType::makeImpl (109 bytes)

Stack: [0x000000ff3ff00000,0x000000ff40000000]
Native frames: (J=compiled Java code, j=interpreted, Vv=VM code, C=native code)
V  [jvm.dll+0x679cca]
V  [jvm.dll+0x7da13d]
V  [jvm.dll+0x7dba83]
V  [jvm.dll+0x7dc0f3]
V  [jvm.dll+0x2449af]
V  [jvm.dll+0xab83b]
V  [jvm.dll+0xabe1c]
V  [jvm.dll+0x36155f]
V  [jvm.dll+0x32bd61]
V  [jvm.dll+0x32b1fa]
V  [jvm.dll+0x2161df]
V  [jvm.dll+0x21560f]
V  [jvm.dll+0x1a2040]
V  [jvm.dll+0x225a2b]
V  [jvm.dll+0x223bcb]
V  [jvm.dll+0x7903ec]
V  [jvm.dll+0x78a85a]
V  [jvm.dll+0x678bb5]
C  [ucrtbase.dll+0x37b0]
C  [KERNEL32.DLL+0x2e8d7]
C  [ntdll.dll+0x9c5dc]


---------------  P R O C E S S  ---------------

Threads class SMR info:
_java_thread_list=0x000002467aba4320, length=31, elements={
0x0000024656cd3d20, 0x0000024674034950, 0x0000024674035420, 0x000002467405db70,
0x000002467405e540, 0x00000246741a2090, 0x00000246741a2960, 0x00000246741a5570,
0x00000246741b1440, 0x00000246741b3d60, 0x0000024674023a90, 0x0000024674383e40,
0x0000024679c626e0, 0x00000246744f9fa0, 0x000002467a857ca0, 0x0000024679cc06c0,
0x0000024679cc0ba0, 0x000002467ab344f0, 0x000002467ab33ad0, 0x000002467ab32ba0,
0x000002467ab32180, 0x000002467ab34a00, 0x000002467ab34f10, 0x000002467ab35420,
0x000002467ab32690, 0x000002467ab330b0, 0x000002467adbd4a0, 0x000002467adbf810,
0x000002467a8985c0, 0x000002467adbfd20, 0x000002467adbe3d0
}

Java Threads: ( => current thread )
  0x0000024656cd3d20 JavaThread "main" [_thread_blocked, id=29016, stack(0x000000ff3cb00000,0x000000ff3cc00000)]
  0x0000024674034950 JavaThread "Reference Handler" daemon [_thread_blocked, id=13640, stack(0x000000ff3d200000,0x000000ff3d300000)]
  0x0000024674035420 JavaThread "Finalizer" daemon [_thread_blocked, id=1992, stack(0x000000ff3d300000,0x000000ff3d400000)]
  0x000002467405db70 JavaThread "Signal Dispatcher" daemon [_thread_blocked, id=15948, stack(0x000000ff3d400000,0x000000ff3d500000)]
  0x000002467405e540 JavaThread "Attach Listener" daemon [_thread_blocked, id=32292, stack(0x000000ff3d500000,0x000000ff3d600000)]
  0x00000246741a2090 JavaThread "Service Thread" daemon [_thread_blocked, id=5660, stack(0x000000ff3d600000,0x000000ff3d700000)]
  0x00000246741a2960 JavaThread "Monitor Deflation Thread" daemon [_thread_blocked, id=14624, stack(0x000000ff3d700000,0x000000ff3d800000)]
  0x00000246741a5570 JavaThread "C2 CompilerThread0" daemon [_thread_blocked, id=19444, stack(0x000000ff3d800000,0x000000ff3d900000)]
  0x00000246741b1440 JavaThread "C1 CompilerThread0" daemon [_thread_blocked, id=5248, stack(0x000000ff3d900000,0x000000ff3da00000)]
  0x00000246741b3d60 JavaThread "Sweeper thread" daemon [_thread_blocked, id=32916, stack(0x000000ff3da00000,0x000000ff3db00000)]
  0x0000024674023a90 JavaThread "Common-Cleaner" daemon [_thread_blocked, id=27688, stack(0x000000ff3db00000,0x000000ff3dc00000)]
  0x0000024674383e40 JavaThread "Notification Thread" daemon [_thread_blocked, id=13948, stack(0x000000ff3e000000,0x000000ff3e100000)]
  0x0000024679c626e0 JavaThread "Daemon health stats" [_thread_blocked, id=5560, stack(0x000000ff3e900000,0x000000ff3ea00000)]
  0x00000246744f9fa0 JavaThread "Incoming local TCP Connector on port 54672" [_thread_in_native, id=30916, stack(0x000000ff3df00000,0x000000ff3e000000)]
  0x000002467a857ca0 JavaThread "Daemon periodic checks" [_thread_blocked, id=8696, stack(0x000000ff3e200000,0x000000ff3e300000)]
  0x0000024679cc06c0 JavaThread "Daemon" [_thread_blocked, id=22920, stack(0x000000ff3e300000,0x000000ff3e400000)]
  0x0000024679cc0ba0 JavaThread "Handler for socket connection from /127.0.0.1:54672 to /127.0.0.1:54675" [_thread_in_native, id=1088, stack(0x000000ff3ea00000,0x000000ff3eb00000)]
  0x000002467ab344f0 JavaThread "Cancel handler" [_thread_blocked, id=27292, stack(0x000000ff3eb00000,0x000000ff3ec00000)]
  0x000002467ab33ad0 JavaThread "Daemon worker" [_thread_blocked, id=29104, stack(0x000000ff3ec00000,0x000000ff3ed00000)]
  0x000002467ab32ba0 JavaThread "Asynchronous log dispatcher for DefaultDaemonConnection: socket connection from /127.0.0.1:54672 to /127.0.0.1:54675" [_thread_blocked, id=28196, stack(0x000000ff3ed00000,0x000000ff3ee00000)]
  0x000002467ab32180 JavaThread "Stdin handler" [_thread_blocked, id=30936, stack(0x000000ff3ee00000,0x000000ff3ef00000)]
  0x000002467ab34a00 JavaThread "Daemon client event forwarder" [_thread_blocked, id=13936, stack(0x000000ff3ef00000,0x000000ff3f000000)]
  0x000002467ab34f10 JavaThread "Cache worker for journal cache (D:\WWW\gradle-8.10\bin\caches\journal-1)" [_thread_blocked, id=20612, stack(0x000000ff3f000000,0x000000ff3f100000)]
  0x000002467ab35420 JavaThread "File lock request listener" [_thread_in_native, id=19892, stack(0x000000ff3f100000,0x000000ff3f200000)]
  0x000002467ab32690 JavaThread "File lock release action executor" [_thread_blocked, id=28016, stack(0x000000ff3f200000,0x000000ff3f300000)]
  0x000002467ab330b0 JavaThread "Cache worker for file hash cache (D:\WWW\gradle-8.10\bin\caches\8.10\fileHashes)" [_thread_blocked, id=9592, stack(0x000000ff3f300000,0x000000ff3f400000)]
  0x000002467adbd4a0 JavaThread "Cache worker for file hash cache (D:\MicroserviceLab\backend\product-services\.gradle\8.10\fileHashes)" [_thread_blocked, id=5092, stack(0x000000ff3f500000,0x000000ff3f600000)]
  0x000002467adbf810 JavaThread "Cache worker for Build Output Cleanup Cache (D:\MicroserviceLab\backend\product-services\.gradle\buildOutputCleanup)" [_thread_blocked, id=33724, stack(0x000000ff3f400000,0x000000ff3f500000)]
=>0x000002467a8985c0 JavaThread "C2 CompilerThread1" daemon [_thread_in_native, id=15460, stack(0x000000ff3ff00000,0x000000ff40000000)]
  0x000002467adbfd20 JavaThread "File watcher server" daemon [_thread_in_native, id=20532, stack(0x000000ff40000000,0x000000ff40100000)]
  0x000002467adbe3d0 JavaThread "File watcher consumer" daemon [_thread_blocked, id=16756, stack(0x000000ff40100000,0x000000ff40200000)]

Other Threads:
  0x0000024674033310 VMThread "VM Thread" [stack: 0x000000ff3d100000,0x000000ff3d200000] [id=25520]
  0x0000024656d1f160 WatcherThread [stack: 0x000000ff3e100000,0x000000ff3e200000] [id=9328]
  0x0000024656d07450 GCTaskThread "GC Thread#0" [stack: 0x000000ff3cc00000,0x000000ff3cd00000] [id=29740]
  0x000002467974e770 GCTaskThread "GC Thread#1" [stack: 0x000000ff3e400000,0x000000ff3e500000] [id=32560]
  0x000002467926dd60 GCTaskThread "GC Thread#2" [stack: 0x000000ff3e500000,0x000000ff3e600000] [id=24848]
  0x0000024679d70350 GCTaskThread "GC Thread#3" [stack: 0x000000ff3e600000,0x000000ff3e700000] [id=28240]
  0x0000024679ad35a0 GCTaskThread "GC Thread#4" [stack: 0x000000ff3e700000,0x000000ff3e800000] [id=9380]
  0x0000024674887ac0 GCTaskThread "GC Thread#5" [stack: 0x000000ff3e800000,0x000000ff3e900000] [id=25504]
  0x000002467c2b6e00 GCTaskThread "GC Thread#6" [stack: 0x000000ff3f600000,0x000000ff3f700000] [id=17912]
  0x000002467c2b70c0 GCTaskThread "GC Thread#7" [stack: 0x000000ff3f700000,0x000000ff3f800000] [id=9108]
  0x000002467c2b6300 GCTaskThread "GC Thread#8" [stack: 0x000000ff3f800000,0x000000ff3f900000] [id=33728]
  0x000002467c2b65c0 GCTaskThread "GC Thread#9" [stack: 0x000000ff3f900000,0x000000ff3fa00000] [id=23044]
  0x000002467c2b5540 GCTaskThread "GC Thread#10" [stack: 0x000000ff3fa00000,0x000000ff3fb00000] [id=21540]
  0x000002467c2b5d80 GCTaskThread "GC Thread#11" [stack: 0x000000ff3fb00000,0x000000ff3fc00000] [id=19256]
  0x000002467c2b5800 GCTaskThread "GC Thread#12" [stack: 0x000000ff3fc00000,0x000000ff3fd00000] [id=32748]
  0x0000024656d0cf80 ConcurrentGCThread "G1 Main Marker" [stack: 0x000000ff3cd00000,0x000000ff3ce00000] [id=28096]
  0x0000024656d0eef0 ConcurrentGCThread "G1 Conc#0" [stack: 0x000000ff3ce00000,0x000000ff3cf00000] [id=11892]
  0x000002467c2b6880 ConcurrentGCThread "G1 Conc#1" [stack: 0x000000ff3fd00000,0x000000ff3fe00000] [id=23356]
  0x000002467c2b5ac0 ConcurrentGCThread "G1 Conc#2" [stack: 0x000000ff3fe00000,0x000000ff3ff00000] [id=30636]
  0x0000024673eec5b0 ConcurrentGCThread "G1 Refine#0" [stack: 0x000000ff3cf00000,0x000000ff3d000000] [id=26052]
  0x0000024673eecc90 ConcurrentGCThread "G1 Service" [stack: 0x000000ff3d000000,0x000000ff3d100000] [id=12216]

Threads with active compile tasks:
C2 CompilerThread1     7336 3158       4       java.lang.invoke.MethodType::makeImpl (109 bytes)

VM state: not at safepoint (normal execution)

VM Mutex/Monitor currently owned by a thread: None

Heap address: 0x00000000e0000000, size: 512 MB, Compressed Oops mode: 32-bit

CDS archive(s) mapped at: [0x0000024600000000-0x0000024600bd0000-0x0000024600bd0000), size 12386304, SharedBaseAddress: 0x0000024600000000, ArchiveRelocationMode: 1.
Compressed class space mapped at: 0x0000024601000000-0x0000024615000000, reserved size: 335544320
Narrow klass base: 0x0000024600000000, Narrow klass shift: 0, Narrow klass range: 0x100000000

GC Precious Log:
 CPUs: 16 total, 16 available
 Memory: 16163M
 Large Page Support: Disabled
 NUMA Support: Disabled
 Compressed Oops: Enabled (32-bit)
 Heap Region Size: 1M
 Heap Min Capacity: 256M
 Heap Initial Capacity: 256M
 Heap Max Capacity: 512M
 Pre-touch: Disabled
 Parallel Workers: 13
 Concurrent Workers: 3
 Concurrent Refinement Workers: 13
 Periodic GC: Disabled

Heap:
 garbage-first heap   total 262144K, used 35334K [0x00000000e0000000, 0x0000000100000000)
  region size 1024K, 25 young (25600K), 13 survivors (13312K)
 Metaspace       used 22439K, committed 22784K, reserved 393216K
  class space    used 3300K, committed 3456K, reserved 327680K

Heap Regions: E=young(eden), S=young(survivor), O=old, HS=humongous(starts), HC=humongous(continues), CS=collection set, F=free, OA=open archive, CA=closed archive, TAMS=top-at-mark-start (previous, next)
|   0|0x00000000e0000000, 0x00000000e0100000, 0x00000000e0100000|100%|HS|  |TAMS 0x00000000e0100000, 0x00000000e0000000| Complete 
|   1|0x00000000e0100000, 0x00000000e0200000, 0x00000000e0200000|100%|HC|  |TAMS 0x00000000e0200000, 0x00000000e0100000| Complete 
|   2|0x00000000e0200000, 0x00000000e0300000, 0x00000000e0300000|100%|HC|  |TAMS 0x00000000e0300000, 0x00000000e0200000| Complete 
|   3|0x00000000e0300000, 0x00000000e0400000, 0x00000000e0400000|100%|HC|  |TAMS 0x00000000e0400000, 0x00000000e0300000| Complete 
|   4|0x00000000e0400000, 0x00000000e0500000, 0x00000000e0500000|100%| O|  |TAMS 0x00000000e0500000, 0x00000000e0400000| Untracked 
|   5|0x00000000e0500000, 0x00000000e0600000, 0x00000000e0600000|100%| O|  |TAMS 0x00000000e0600000, 0x00000000e0500000| Complete 
|   6|0x00000000e0600000, 0x00000000e0700000, 0x00000000e0700000|100%| O|  |TAMS 0x00000000e0700000, 0x00000000e0600000| Untracked 
|   7|0x00000000e0700000, 0x00000000e0800000, 0x00000000e0800000|100%| O|  |TAMS 0x00000000e0800000, 0x00000000e0700000| Untracked 
|   8|0x00000000e0800000, 0x00000000e0900000, 0x00000000e0900000|100%| O|  |TAMS 0x00000000e0900000, 0x00000000e0800000| Untracked 
|   9|0x00000000e0900000, 0x00000000e0a00000, 0x00000000e0a00000|100%| O|  |TAMS 0x00000000e0a00000, 0x00000000e0900000| Untracked 
|  10|0x00000000e0a00000, 0x00000000e0a0bc00, 0x00000000e0b00000|  4%| O|  |TAMS 0x00000000e0a0bc00, 0x00000000e0a00000| Untracked 
|  11|0x00000000e0b00000, 0x00000000e0c00000, 0x00000000e0c00000|100%|HS|  |TAMS 0x00000000e0c00000, 0x00000000e0b00000| Complete 
|  12|0x00000000e0c00000, 0x00000000e0c00000, 0x00000000e0d00000|  0%| F|  |TAMS 0x00000000e0c00000, 0x00000000e0c00000| Untracked 
|  13|0x00000000e0d00000, 0x00000000e0d00000, 0x00000000e0e00000|  0%| F|  |TAMS 0x00000000e0d00000, 0x00000000e0d00000| Untracked 
|  14|0x00000000e0e00000, 0x00000000e0e00000, 0x00000000e0f00000|  0%| F|  |TAMS 0x00000000e0e00000, 0x00000000e0e00000| Untracked 
|  15|0x00000000e0f00000, 0x00000000e0f00000, 0x00000000e1000000|  0%| F|  |TAMS 0x00000000e0f00000, 0x00000000e0f00000| Untracked 
|  16|0x00000000e1000000, 0x00000000e1000000, 0x00000000e1100000|  0%| F|  |TAMS 0x00000000e1000000, 0x00000000e1000000| Untracked 
|  17|0x00000000e1100000, 0x00000000e1100000, 0x00000000e1200000|  0%| F|  |TAMS 0x00000000e1100000, 0x00000000e1100000| Untracked 
|  18|0x00000000e1200000, 0x00000000e1200000, 0x00000000e1300000|  0%| F|  |TAMS 0x00000000e1200000, 0x00000000e1200000| Untracked 
|  19|0x00000000e1300000, 0x00000000e1300000, 0x00000000e1400000|  0%| F|  |TAMS 0x00000000e1300000, 0x00000000e1300000| Untracked 
|  20|0x00000000e1400000, 0x00000000e1400000, 0x00000000e1500000|  0%| F|  |TAMS 0x00000000e1400000, 0x00000000e1400000| Untracked 
|  21|0x00000000e1500000, 0x00000000e1500000, 0x00000000e1600000|  0%| F|  |TAMS 0x00000000e1500000, 0x00000000e1500000| Untracked 
|  22|0x00000000e1600000, 0x00000000e1600000, 0x00000000e1700000|  0%| F|  |TAMS 0x00000000e1600000, 0x00000000e1600000| Untracked 
|  23|0x00000000e1700000, 0x00000000e1700000, 0x00000000e1800000|  0%| F|  |TAMS 0x00000000e1700000, 0x00000000e1700000| Untracked 
|  24|0x00000000e1800000, 0x00000000e1800000, 0x00000000e1900000|  0%| F|  |TAMS 0x00000000e1800000, 0x00000000e1800000| Untracked 
|  25|0x00000000e1900000, 0x00000000e1900000, 0x00000000e1a00000|  0%| F|  |TAMS 0x00000000e1900000, 0x00000000e1900000| Untracked 
|  26|0x00000000e1a00000, 0x00000000e1a00000, 0x00000000e1b00000|  0%| F|  |TAMS 0x00000000e1a00000, 0x00000000e1a00000| Untracked 
|  27|0x00000000e1b00000, 0x00000000e1b00000, 0x00000000e1c00000|  0%| F|  |TAMS 0x00000000e1b00000, 0x00000000e1b00000| Untracked 
|  28|0x00000000e1c00000, 0x00000000e1c00000, 0x00000000e1d00000|  0%| F|  |TAMS 0x00000000e1c00000, 0x00000000e1c00000| Untracked 
|  29|0x00000000e1d00000, 0x00000000e1d00000, 0x00000000e1e00000|  0%| F|  |TAMS 0x00000000e1d00000, 0x00000000e1d00000| Untracked 
|  30|0x00000000e1e00000, 0x00000000e1e00000, 0x00000000e1f00000|  0%| F|  |TAMS 0x00000000e1e00000, 0x00000000e1e00000| Untracked 
|  31|0x00000000e1f00000, 0x00000000e1f00000, 0x00000000e2000000|  0%| F|  |TAMS 0x00000000e1f00000, 0x00000000e1f00000| Untracked 
|  32|0x00000000e2000000, 0x00000000e2000000, 0x00000000e2100000|  0%| F|  |TAMS 0x00000000e2000000, 0x00000000e2000000| Untracked 
|  33|0x00000000e2100000, 0x00000000e2100000, 0x00000000e2200000|  0%| F|  |TAMS 0x00000000e2100000, 0x00000000e2100000| Untracked 
|  34|0x00000000e2200000, 0x00000000e2200000, 0x00000000e2300000|  0%| F|  |TAMS 0x00000000e2200000, 0x00000000e2200000| Untracked 
|  35|0x00000000e2300000, 0x00000000e2300000, 0x00000000e2400000|  0%| F|  |TAMS 0x00000000e2300000, 0x00000000e2300000| Untracked 
|  36|0x00000000e2400000, 0x00000000e2400000, 0x00000000e2500000|  0%| F|  |TAMS 0x00000000e2400000, 0x00000000e2400000| Untracked 
|  37|0x00000000e2500000, 0x00000000e2500000, 0x00000000e2600000|  0%| F|  |TAMS 0x00000000e2500000, 0x00000000e2500000| Untracked 
|  38|0x00000000e2600000, 0x00000000e2600000, 0x00000000e2700000|  0%| F|  |TAMS 0x00000000e2600000, 0x00000000e2600000| Untracked 
|  39|0x00000000e2700000, 0x00000000e2700000, 0x00000000e2800000|  0%| F|  |TAMS 0x00000000e2700000, 0x00000000e2700000| Untracked 
|  40|0x00000000e2800000, 0x00000000e2800000, 0x00000000e2900000|  0%| F|  |TAMS 0x00000000e2800000, 0x00000000e2800000| Untracked 
|  41|0x00000000e2900000, 0x00000000e2900000, 0x00000000e2a00000|  0%| F|  |TAMS 0x00000000e2900000, 0x00000000e2900000| Untracked 
|  42|0x00000000e2a00000, 0x00000000e2a00000, 0x00000000e2b00000|  0%| F|  |TAMS 0x00000000e2a00000, 0x00000000e2a00000| Untracked 
|  43|0x00000000e2b00000, 0x00000000e2b00000, 0x00000000e2c00000|  0%| F|  |TAMS 0x00000000e2b00000, 0x00000000e2b00000| Untracked 
|  44|0x00000000e2c00000, 0x00000000e2c00000, 0x00000000e2d00000|  0%| F|  |TAMS 0x00000000e2c00000, 0x00000000e2c00000| Untracked 
|  45|0x00000000e2d00000, 0x00000000e2d00000, 0x00000000e2e00000|  0%| F|  |TAMS 0x00000000e2d00000, 0x00000000e2d00000| Untracked 
|  46|0x00000000e2e00000, 0x00000000e2e00000, 0x00000000e2f00000|  0%| F|  |TAMS 0x00000000e2e00000, 0x00000000e2e00000| Untracked 
|  47|0x00000000e2f00000, 0x00000000e2f00000, 0x00000000e3000000|  0%| F|  |TAMS 0x00000000e2f00000, 0x00000000e2f00000| Untracked 
|  48|0x00000000e3000000, 0x00000000e3000000, 0x00000000e3100000|  0%| F|  |TAMS 0x00000000e3000000, 0x00000000e3000000| Untracked 
|  49|0x00000000e3100000, 0x00000000e3100000, 0x00000000e3200000|  0%| F|  |TAMS 0x00000000e3100000, 0x00000000e3100000| Untracked 
|  50|0x00000000e3200000, 0x00000000e3200000, 0x00000000e3300000|  0%| F|  |TAMS 0x00000000e3200000, 0x00000000e3200000| Untracked 
|  51|0x00000000e3300000, 0x00000000e3300000, 0x00000000e3400000|  0%| F|  |TAMS 0x00000000e3300000, 0x00000000e3300000| Untracked 
|  52|0x00000000e3400000, 0x00000000e3400000, 0x00000000e3500000|  0%| F|  |TAMS 0x00000000e3400000, 0x00000000e3400000| Untracked 
|  53|0x00000000e3500000, 0x00000000e3500000, 0x00000000e3600000|  0%| F|  |TAMS 0x00000000e3500000, 0x00000000e3500000| Untracked 
|  54|0x00000000e3600000, 0x00000000e3600000, 0x00000000e3700000|  0%| F|  |TAMS 0x00000000e3600000, 0x00000000e3600000| Untracked 
|  55|0x00000000e3700000, 0x00000000e3700000, 0x00000000e3800000|  0%| F|  |TAMS 0x00000000e3700000, 0x00000000e3700000| Untracked 
|  56|0x00000000e3800000, 0x00000000e3800000, 0x00000000e3900000|  0%| F|  |TAMS 0x00000000e3800000, 0x00000000e3800000| Untracked 
|  57|0x00000000e3900000, 0x00000000e3900000, 0x00000000e3a00000|  0%| F|  |TAMS 0x00000000e3900000, 0x00000000e3900000| Untracked 
|  58|0x00000000e3a00000, 0x00000000e3a00000, 0x00000000e3b00000|  0%| F|  |TAMS 0x00000000e3a00000, 0x00000000e3a00000| Untracked 
|  59|0x00000000e3b00000, 0x00000000e3b00000, 0x00000000e3c00000|  0%| F|  |TAMS 0x00000000e3b00000, 0x00000000e3b00000| Untracked 
|  60|0x00000000e3c00000, 0x00000000e3c00000, 0x00000000e3d00000|  0%| F|  |TAMS 0x00000000e3c00000, 0x00000000e3c00000| Untracked 
|  61|0x00000000e3d00000, 0x00000000e3d00000, 0x00000000e3e00000|  0%| F|  |TAMS 0x00000000e3d00000, 0x00000000e3d00000| Untracked 
|  62|0x00000000e3e00000, 0x00000000e3e00000, 0x00000000e3f00000|  0%| F|  |TAMS 0x00000000e3e00000, 0x00000000e3e00000| Untracked 
|  63|0x00000000e3f00000, 0x00000000e3f00000, 0x00000000e4000000|  0%| F|  |TAMS 0x00000000e3f00000, 0x00000000e3f00000| Untracked 
|  64|0x00000000e4000000, 0x00000000e4000000, 0x00000000e4100000|  0%| F|  |TAMS 0x00000000e4000000, 0x00000000e4000000| Untracked 
|  65|0x00000000e4100000, 0x00000000e4100000, 0x00000000e4200000|  0%| F|  |TAMS 0x00000000e4100000, 0x00000000e4100000| Untracked 
|  66|0x00000000e4200000, 0x00000000e4200000, 0x00000000e4300000|  0%| F|  |TAMS 0x00000000e4200000, 0x00000000e4200000| Untracked 
|  67|0x00000000e4300000, 0x00000000e4300000, 0x00000000e4400000|  0%| F|  |TAMS 0x00000000e4300000, 0x00000000e4300000| Untracked 
|  68|0x00000000e4400000, 0x00000000e4400000, 0x00000000e4500000|  0%| F|  |TAMS 0x00000000e4400000, 0x00000000e4400000| Untracked 
|  69|0x00000000e4500000, 0x00000000e4500000, 0x00000000e4600000|  0%| F|  |TAMS 0x00000000e4500000, 0x00000000e4500000| Untracked 
|  70|0x00000000e4600000, 0x00000000e4600000, 0x00000000e4700000|  0%| F|  |TAMS 0x00000000e4600000, 0x00000000e4600000| Untracked 
|  71|0x00000000e4700000, 0x00000000e4700000, 0x00000000e4800000|  0%| F|  |TAMS 0x00000000e4700000, 0x00000000e4700000| Untracked 
|  72|0x00000000e4800000, 0x00000000e4800000, 0x00000000e4900000|  0%| F|  |TAMS 0x00000000e4800000, 0x00000000e4800000| Untracked 
|  73|0x00000000e4900000, 0x00000000e4900000, 0x00000000e4a00000|  0%| F|  |TAMS 0x00000000e4900000, 0x00000000e4900000| Untracked 
|  74|0x00000000e4a00000, 0x00000000e4a00000, 0x00000000e4b00000|  0%| F|  |TAMS 0x00000000e4a00000, 0x00000000e4a00000| Untracked 
|  75|0x00000000e4b00000, 0x00000000e4b00000, 0x00000000e4c00000|  0%| F|  |TAMS 0x00000000e4b00000, 0x00000000e4b00000| Untracked 
|  76|0x00000000e4c00000, 0x00000000e4c00000, 0x00000000e4d00000|  0%| F|  |TAMS 0x00000000e4c00000, 0x00000000e4c00000| Untracked 
|  77|0x00000000e4d00000, 0x00000000e4d00000, 0x00000000e4e00000|  0%| F|  |TAMS 0x00000000e4d00000, 0x00000000e4d00000| Untracked 
|  78|0x00000000e4e00000, 0x00000000e4e00000, 0x00000000e4f00000|  0%| F|  |TAMS 0x00000000e4e00000, 0x00000000e4e00000| Untracked 
|  79|0x00000000e4f00000, 0x00000000e4f00000, 0x00000000e5000000|  0%| F|  |TAMS 0x00000000e4f00000, 0x00000000e4f00000| Untracked 
|  80|0x00000000e5000000, 0x00000000e5000000, 0x00000000e5100000|  0%| F|  |TAMS 0x00000000e5000000, 0x00000000e5000000| Untracked 
|  81|0x00000000e5100000, 0x00000000e5100000, 0x00000000e5200000|  0%| F|  |TAMS 0x00000000e5100000, 0x00000000e5100000| Untracked 
|  82|0x00000000e5200000, 0x00000000e5200000, 0x00000000e5300000|  0%| F|  |TAMS 0x00000000e5200000, 0x00000000e5200000| Untracked 
|  83|0x00000000e5300000, 0x00000000e5300000, 0x00000000e5400000|  0%| F|  |TAMS 0x00000000e5300000, 0x00000000e5300000| Untracked 
|  84|0x00000000e5400000, 0x00000000e5400000, 0x00000000e5500000|  0%| F|  |TAMS 0x00000000e5400000, 0x00000000e5400000| Untracked 
|  85|0x00000000e5500000, 0x00000000e5500000, 0x00000000e5600000|  0%| F|  |TAMS 0x00000000e5500000, 0x00000000e5500000| Untracked 
|  86|0x00000000e5600000, 0x00000000e5600000, 0x00000000e5700000|  0%| F|  |TAMS 0x00000000e5600000, 0x00000000e5600000| Untracked 
|  87|0x00000000e5700000, 0x00000000e5700000, 0x00000000e5800000|  0%| F|  |TAMS 0x00000000e5700000, 0x00000000e5700000| Untracked 
|  88|0x00000000e5800000, 0x00000000e5800000, 0x00000000e5900000|  0%| F|  |TAMS 0x00000000e5800000, 0x00000000e5800000| Untracked 
|  89|0x00000000e5900000, 0x00000000e5900000, 0x00000000e5a00000|  0%| F|  |TAMS 0x00000000e5900000, 0x00000000e5900000| Untracked 
|  90|0x00000000e5a00000, 0x00000000e5a00000, 0x00000000e5b00000|  0%| F|  |TAMS 0x00000000e5a00000, 0x00000000e5a00000| Untracked 
|  91|0x00000000e5b00000, 0x00000000e5b00000, 0x00000000e5c00000|  0%| F|  |TAMS 0x00000000e5b00000, 0x00000000e5b00000| Untracked 
|  92|0x00000000e5c00000, 0x00000000e5c00000, 0x00000000e5d00000|  0%| F|  |TAMS 0x00000000e5c00000, 0x00000000e5c00000| Untracked 
|  93|0x00000000e5d00000, 0x00000000e5d00000, 0x00000000e5e00000|  0%| F|  |TAMS 0x00000000e5d00000, 0x00000000e5d00000| Untracked 
|  94|0x00000000e5e00000, 0x00000000e5e00000, 0x00000000e5f00000|  0%| F|  |TAMS 0x00000000e5e00000, 0x00000000e5e00000| Untracked 
|  95|0x00000000e5f00000, 0x00000000e5f00000, 0x00000000e6000000|  0%| F|  |TAMS 0x00000000e5f00000, 0x00000000e5f00000| Untracked 
|  96|0x00000000e6000000, 0x00000000e6000000, 0x00000000e6100000|  0%| F|  |TAMS 0x00000000e6000000, 0x00000000e6000000| Untracked 
|  97|0x00000000e6100000, 0x00000000e6100000, 0x00000000e6200000|  0%| F|  |TAMS 0x00000000e6100000, 0x00000000e6100000| Untracked 
|  98|0x00000000e6200000, 0x00000000e6200000, 0x00000000e6300000|  0%| F|  |TAMS 0x00000000e6200000, 0x00000000e6200000| Untracked 
|  99|0x00000000e6300000, 0x00000000e6300000, 0x00000000e6400000|  0%| F|  |TAMS 0x00000000e6300000, 0x00000000e6300000| Untracked 
| 100|0x00000000e6400000, 0x00000000e6400000, 0x00000000e6500000|  0%| F|  |TAMS 0x00000000e6400000, 0x00000000e6400000| Untracked 
| 101|0x00000000e6500000, 0x00000000e6500000, 0x00000000e6600000|  0%| F|  |TAMS 0x00000000e6500000, 0x00000000e6500000| Untracked 
| 102|0x00000000e6600000, 0x00000000e6600000, 0x00000000e6700000|  0%| F|  |TAMS 0x00000000e6600000, 0x00000000e6600000| Untracked 
| 103|0x00000000e6700000, 0x00000000e6700000, 0x00000000e6800000|  0%| F|  |TAMS 0x00000000e6700000, 0x00000000e6700000| Untracked 
| 104|0x00000000e6800000, 0x00000000e6800000, 0x00000000e6900000|  0%| F|  |TAMS 0x00000000e6800000, 0x00000000e6800000| Untracked 
| 105|0x00000000e6900000, 0x00000000e6900000, 0x00000000e6a00000|  0%| F|  |TAMS 0x00000000e6900000, 0x00000000e6900000| Untracked 
| 106|0x00000000e6a00000, 0x00000000e6a00000, 0x00000000e6b00000|  0%| F|  |TAMS 0x00000000e6a00000, 0x00000000e6a00000| Untracked 
| 107|0x00000000e6b00000, 0x00000000e6b00000, 0x00000000e6c00000|  0%| F|  |TAMS 0x00000000e6b00000, 0x00000000e6b00000| Untracked 
| 108|0x00000000e6c00000, 0x00000000e6c00000, 0x00000000e6d00000|  0%| F|  |TAMS 0x00000000e6c00000, 0x00000000e6c00000| Untracked 
| 109|0x00000000e6d00000, 0x00000000e6d75df8, 0x00000000e6e00000| 46%| S|CS|TAMS 0x00000000e6d00000, 0x00000000e6d00000| Complete 
| 110|0x00000000e6e00000, 0x00000000e6f00000, 0x00000000e6f00000|100%| S|CS|TAMS 0x00000000e6e00000, 0x00000000e6e00000| Complete 
| 111|0x00000000e6f00000, 0x00000000e7000000, 0x00000000e7000000|100%| S|CS|TAMS 0x00000000e6f00000, 0x00000000e6f00000| Complete 
| 112|0x00000000e7000000, 0x00000000e7100000, 0x00000000e7100000|100%| S|CS|TAMS 0x00000000e7000000, 0x00000000e7000000| Complete 
| 113|0x00000000e7100000, 0x00000000e7200000, 0x00000000e7200000|100%| S|CS|TAMS 0x00000000e7100000, 0x00000000e7100000| Complete 
| 114|0x00000000e7200000, 0x00000000e7300000, 0x00000000e7300000|100%| S|CS|TAMS 0x00000000e7200000, 0x00000000e7200000| Complete 
| 115|0x00000000e7300000, 0x00000000e7400000, 0x00000000e7400000|100%| S|CS|TAMS 0x00000000e7300000, 0x00000000e7300000| Complete 
| 116|0x00000000e7400000, 0x00000000e7500000, 0x00000000e7500000|100%| S|CS|TAMS 0x00000000e7400000, 0x00000000e7400000| Complete 
| 117|0x00000000e7500000, 0x00000000e7600000, 0x00000000e7600000|100%| S|CS|TAMS 0x00000000e7500000, 0x00000000e7500000| Complete 
| 118|0x00000000e7600000, 0x00000000e7700000, 0x00000000e7700000|100%| S|CS|TAMS 0x00000000e7600000, 0x00000000e7600000| Complete 
| 119|0x00000000e7700000, 0x00000000e7800000, 0x00000000e7800000|100%| S|CS|TAMS 0x00000000e7700000, 0x00000000e7700000| Complete 
| 120|0x00000000e7800000, 0x00000000e7900000, 0x00000000e7900000|100%| S|CS|TAMS 0x00000000e7800000, 0x00000000e7800000| Complete 
| 121|0x00000000e7900000, 0x00000000e7a00000, 0x00000000e7a00000|100%| S|CS|TAMS 0x00000000e7900000, 0x00000000e7900000| Complete 
| 122|0x00000000e7a00000, 0x00000000e7a00000, 0x00000000e7b00000|  0%| F|  |TAMS 0x00000000e7a00000, 0x00000000e7a00000| Untracked 
| 123|0x00000000e7b00000, 0x00000000e7b00000, 0x00000000e7c00000|  0%| F|  |TAMS 0x00000000e7b00000, 0x00000000e7b00000| Untracked 
| 124|0x00000000e7c00000, 0x00000000e7c00000, 0x00000000e7d00000|  0%| F|  |TAMS 0x00000000e7c00000, 0x00000000e7c00000| Untracked 
| 125|0x00000000e7d00000, 0x00000000e7d00000, 0x00000000e7e00000|  0%| F|  |TAMS 0x00000000e7d00000, 0x00000000e7d00000| Untracked 
| 126|0x00000000e7e00000, 0x00000000e7e00000, 0x00000000e7f00000|  0%| F|  |TAMS 0x00000000e7e00000, 0x00000000e7e00000| Untracked 
| 127|0x00000000e7f00000, 0x00000000e7f00000, 0x00000000e8000000|  0%| F|  |TAMS 0x00000000e7f00000, 0x00000000e7f00000| Untracked 
| 128|0x00000000e8000000, 0x00000000e8000000, 0x00000000e8100000|  0%| F|  |TAMS 0x00000000e8000000, 0x00000000e8000000| Untracked 
| 129|0x00000000e8100000, 0x00000000e8100000, 0x00000000e8200000|  0%| F|  |TAMS 0x00000000e8100000, 0x00000000e8100000| Untracked 
| 130|0x00000000e8200000, 0x00000000e8200000, 0x00000000e8300000|  0%| F|  |TAMS 0x00000000e8200000, 0x00000000e8200000| Untracked 
| 131|0x00000000e8300000, 0x00000000e8300000, 0x00000000e8400000|  0%| F|  |TAMS 0x00000000e8300000, 0x00000000e8300000| Untracked 
| 132|0x00000000e8400000, 0x00000000e8400000, 0x00000000e8500000|  0%| F|  |TAMS 0x00000000e8400000, 0x00000000e8400000| Untracked 
| 133|0x00000000e8500000, 0x00000000e8500000, 0x00000000e8600000|  0%| F|  |TAMS 0x00000000e8500000, 0x00000000e8500000| Untracked 
| 134|0x00000000e8600000, 0x00000000e8600000, 0x00000000e8700000|  0%| F|  |TAMS 0x00000000e8600000, 0x00000000e8600000| Untracked 
| 135|0x00000000e8700000, 0x00000000e8700000, 0x00000000e8800000|  0%| F|  |TAMS 0x00000000e8700000, 0x00000000e8700000| Untracked 
| 136|0x00000000e8800000, 0x00000000e8800000, 0x00000000e8900000|  0%| F|  |TAMS 0x00000000e8800000, 0x00000000e8800000| Untracked 
| 137|0x00000000e8900000, 0x00000000e8900000, 0x00000000e8a00000|  0%| F|  |TAMS 0x00000000e8900000, 0x00000000e8900000| Untracked 
| 138|0x00000000e8a00000, 0x00000000e8a00000, 0x00000000e8b00000|  0%| F|  |TAMS 0x00000000e8a00000, 0x00000000e8a00000| Untracked 
| 139|0x00000000e8b00000, 0x00000000e8b00000, 0x00000000e8c00000|  0%| F|  |TAMS 0x00000000e8b00000, 0x00000000e8b00000| Untracked 
| 140|0x00000000e8c00000, 0x00000000e8c00000, 0x00000000e8d00000|  0%| F|  |TAMS 0x00000000e8c00000, 0x00000000e8c00000| Untracked 
| 141|0x00000000e8d00000, 0x00000000e8d00000, 0x00000000e8e00000|  0%| F|  |TAMS 0x00000000e8d00000, 0x00000000e8d00000| Untracked 
| 142|0x00000000e8e00000, 0x00000000e8e00000, 0x00000000e8f00000|  0%| F|  |TAMS 0x00000000e8e00000, 0x00000000e8e00000| Untracked 
| 143|0x00000000e8f00000, 0x00000000e8f00000, 0x00000000e9000000|  0%| F|  |TAMS 0x00000000e8f00000, 0x00000000e8f00000| Untracked 
| 144|0x00000000e9000000, 0x00000000e9000000, 0x00000000e9100000|  0%| F|  |TAMS 0x00000000e9000000, 0x00000000e9000000| Untracked 
| 145|0x00000000e9100000, 0x00000000e9100000, 0x00000000e9200000|  0%| F|  |TAMS 0x00000000e9100000, 0x00000000e9100000| Untracked 
| 146|0x00000000e9200000, 0x00000000e9200000, 0x00000000e9300000|  0%| F|  |TAMS 0x00000000e9200000, 0x00000000e9200000| Untracked 
| 147|0x00000000e9300000, 0x00000000e9300000, 0x00000000e9400000|  0%| F|  |TAMS 0x00000000e9300000, 0x00000000e9300000| Untracked 
| 148|0x00000000e9400000, 0x00000000e9400000, 0x00000000e9500000|  0%| F|  |TAMS 0x00000000e9400000, 0x00000000e9400000| Untracked 
| 149|0x00000000e9500000, 0x00000000e9500000, 0x00000000e9600000|  0%| F|  |TAMS 0x00000000e9500000, 0x00000000e9500000| Untracked 
| 150|0x00000000e9600000, 0x00000000e9600000, 0x00000000e9700000|  0%| F|  |TAMS 0x00000000e9600000, 0x00000000e9600000| Untracked 
| 151|0x00000000e9700000, 0x00000000e9700000, 0x00000000e9800000|  0%| F|  |TAMS 0x00000000e9700000, 0x00000000e9700000| Untracked 
| 152|0x00000000e9800000, 0x00000000e9800000, 0x00000000e9900000|  0%| F|  |TAMS 0x00000000e9800000, 0x00000000e9800000| Untracked 
| 153|0x00000000e9900000, 0x00000000e9900000, 0x00000000e9a00000|  0%| F|  |TAMS 0x00000000e9900000, 0x00000000e9900000| Untracked 
| 154|0x00000000e9a00000, 0x00000000e9a00000, 0x00000000e9b00000|  0%| F|  |TAMS 0x00000000e9a00000, 0x00000000e9a00000| Untracked 
| 155|0x00000000e9b00000, 0x00000000e9b00000, 0x00000000e9c00000|  0%| F|  |TAMS 0x00000000e9b00000, 0x00000000e9b00000| Untracked 
| 156|0x00000000e9c00000, 0x00000000e9c00000, 0x00000000e9d00000|  0%| F|  |TAMS 0x00000000e9c00000, 0x00000000e9c00000| Untracked 
| 157|0x00000000e9d00000, 0x00000000e9d00000, 0x00000000e9e00000|  0%| F|  |TAMS 0x00000000e9d00000, 0x00000000e9d00000| Untracked 
| 158|0x00000000e9e00000, 0x00000000e9e00000, 0x00000000e9f00000|  0%| F|  |TAMS 0x00000000e9e00000, 0x00000000e9e00000| Untracked 
| 159|0x00000000e9f00000, 0x00000000e9f00000, 0x00000000ea000000|  0%| F|  |TAMS 0x00000000e9f00000, 0x00000000e9f00000| Untracked 
| 160|0x00000000ea000000, 0x00000000ea000000, 0x00000000ea100000|  0%| F|  |TAMS 0x00000000ea000000, 0x00000000ea000000| Untracked 
| 161|0x00000000ea100000, 0x00000000ea100000, 0x00000000ea200000|  0%| F|  |TAMS 0x00000000ea100000, 0x00000000ea100000| Untracked 
| 162|0x00000000ea200000, 0x00000000ea200000, 0x00000000ea300000|  0%| F|  |TAMS 0x00000000ea200000, 0x00000000ea200000| Untracked 
| 163|0x00000000ea300000, 0x00000000ea300000, 0x00000000ea400000|  0%| F|  |TAMS 0x00000000ea300000, 0x00000000ea300000| Untracked 
| 164|0x00000000ea400000, 0x00000000ea400000, 0x00000000ea500000|  0%| F|  |TAMS 0x00000000ea400000, 0x00000000ea400000| Untracked 
| 165|0x00000000ea500000, 0x00000000ea500000, 0x00000000ea600000|  0%| F|  |TAMS 0x00000000ea500000, 0x00000000ea500000| Untracked 
| 166|0x00000000ea600000, 0x00000000ea600000, 0x00000000ea700000|  0%| F|  |TAMS 0x00000000ea600000, 0x00000000ea600000| Untracked 
| 167|0x00000000ea700000, 0x00000000ea700000, 0x00000000ea800000|  0%| F|  |TAMS 0x00000000ea700000, 0x00000000ea700000| Untracked 
| 168|0x00000000ea800000, 0x00000000ea800000, 0x00000000ea900000|  0%| F|  |TAMS 0x00000000ea800000, 0x00000000ea800000| Untracked 
| 169|0x00000000ea900000, 0x00000000ea900000, 0x00000000eaa00000|  0%| F|  |TAMS 0x00000000ea900000, 0x00000000ea900000| Untracked 
| 170|0x00000000eaa00000, 0x00000000eaa00000, 0x00000000eab00000|  0%| F|  |TAMS 0x00000000eaa00000, 0x00000000eaa00000| Untracked 
| 171|0x00000000eab00000, 0x00000000eab00000, 0x00000000eac00000|  0%| F|  |TAMS 0x00000000eab00000, 0x00000000eab00000| Untracked 
| 172|0x00000000eac00000, 0x00000000eac00000, 0x00000000ead00000|  0%| F|  |TAMS 0x00000000eac00000, 0x00000000eac00000| Untracked 
| 173|0x00000000ead00000, 0x00000000ead00000, 0x00000000eae00000|  0%| F|  |TAMS 0x00000000ead00000, 0x00000000ead00000| Untracked 
| 174|0x00000000eae00000, 0x00000000eae00000, 0x00000000eaf00000|  0%| F|  |TAMS 0x00000000eae00000, 0x00000000eae00000| Untracked 
| 175|0x00000000eaf00000, 0x00000000eaf00000, 0x00000000eb000000|  0%| F|  |TAMS 0x00000000eaf00000, 0x00000000eaf00000| Untracked 
| 176|0x00000000eb000000, 0x00000000eb000000, 0x00000000eb100000|  0%| F|  |TAMS 0x00000000eb000000, 0x00000000eb000000| Untracked 
| 177|0x00000000eb100000, 0x00000000eb100000, 0x00000000eb200000|  0%| F|  |TAMS 0x00000000eb100000, 0x00000000eb100000| Untracked 
| 178|0x00000000eb200000, 0x00000000eb200000, 0x00000000eb300000|  0%| F|  |TAMS 0x00000000eb200000, 0x00000000eb200000| Untracked 
| 179|0x00000000eb300000, 0x00000000eb300000, 0x00000000eb400000|  0%| F|  |TAMS 0x00000000eb300000, 0x00000000eb300000| Untracked 
| 180|0x00000000eb400000, 0x00000000eb400000, 0x00000000eb500000|  0%| F|  |TAMS 0x00000000eb400000, 0x00000000eb400000| Untracked 
| 181|0x00000000eb500000, 0x00000000eb500000, 0x00000000eb600000|  0%| F|  |TAMS 0x00000000eb500000, 0x00000000eb500000| Untracked 
| 182|0x00000000eb600000, 0x00000000eb600000, 0x00000000eb700000|  0%| F|  |TAMS 0x00000000eb600000, 0x00000000eb600000| Untracked 
| 183|0x00000000eb700000, 0x00000000eb700000, 0x00000000eb800000|  0%| F|  |TAMS 0x00000000eb700000, 0x00000000eb700000| Untracked 
| 184|0x00000000eb800000, 0x00000000eb800000, 0x00000000eb900000|  0%| F|  |TAMS 0x00000000eb800000, 0x00000000eb800000| Untracked 
| 185|0x00000000eb900000, 0x00000000eb900000, 0x00000000eba00000|  0%| F|  |TAMS 0x00000000eb900000, 0x00000000eb900000| Untracked 
| 186|0x00000000eba00000, 0x00000000eba00000, 0x00000000ebb00000|  0%| F|  |TAMS 0x00000000eba00000, 0x00000000eba00000| Untracked 
| 187|0x00000000ebb00000, 0x00000000ebb00000, 0x00000000ebc00000|  0%| F|  |TAMS 0x00000000ebb00000, 0x00000000ebb00000| Untracked 
| 188|0x00000000ebc00000, 0x00000000ebc00000, 0x00000000ebd00000|  0%| F|  |TAMS 0x00000000ebc00000, 0x00000000ebc00000| Untracked 
| 189|0x00000000ebd00000, 0x00000000ebd00000, 0x00000000ebe00000|  0%| F|  |TAMS 0x00000000ebd00000, 0x00000000ebd00000| Untracked 
| 190|0x00000000ebe00000, 0x00000000ebe00000, 0x00000000ebf00000|  0%| F|  |TAMS 0x00000000ebe00000, 0x00000000ebe00000| Untracked 
| 191|0x00000000ebf00000, 0x00000000ebf00000, 0x00000000ec000000|  0%| F|  |TAMS 0x00000000ebf00000, 0x00000000ebf00000| Untracked 
| 192|0x00000000ec000000, 0x00000000ec000000, 0x00000000ec100000|  0%| F|  |TAMS 0x00000000ec000000, 0x00000000ec000000| Untracked 
| 193|0x00000000ec100000, 0x00000000ec100000, 0x00000000ec200000|  0%| F|  |TAMS 0x00000000ec100000, 0x00000000ec100000| Untracked 
| 194|0x00000000ec200000, 0x00000000ec200000, 0x00000000ec300000|  0%| F|  |TAMS 0x00000000ec200000, 0x00000000ec200000| Untracked 
| 195|0x00000000ec300000, 0x00000000ec300000, 0x00000000ec400000|  0%| F|  |TAMS 0x00000000ec300000, 0x00000000ec300000| Untracked 
| 196|0x00000000ec400000, 0x00000000ec400000, 0x00000000ec500000|  0%| F|  |TAMS 0x00000000ec400000, 0x00000000ec400000| Untracked 
| 197|0x00000000ec500000, 0x00000000ec500000, 0x00000000ec600000|  0%| F|  |TAMS 0x00000000ec500000, 0x00000000ec500000| Untracked 
| 198|0x00000000ec600000, 0x00000000ec600000, 0x00000000ec700000|  0%| F|  |TAMS 0x00000000ec600000, 0x00000000ec600000| Untracked 
| 199|0x00000000ec700000, 0x00000000ec700000, 0x00000000ec800000|  0%| F|  |TAMS 0x00000000ec700000, 0x00000000ec700000| Untracked 
| 200|0x00000000ec800000, 0x00000000ec800000, 0x00000000ec900000|  0%| F|  |TAMS 0x00000000ec800000, 0x00000000ec800000| Untracked 
| 201|0x00000000ec900000, 0x00000000ec900000, 0x00000000eca00000|  0%| F|  |TAMS 0x00000000ec900000, 0x00000000ec900000| Untracked 
| 202|0x00000000eca00000, 0x00000000eca00000, 0x00000000ecb00000|  0%| F|  |TAMS 0x00000000eca00000, 0x00000000eca00000| Untracked 
| 203|0x00000000ecb00000, 0x00000000ecb00000, 0x00000000ecc00000|  0%| F|  |TAMS 0x00000000ecb00000, 0x00000000ecb00000| Untracked 
| 204|0x00000000ecc00000, 0x00000000ecc00000, 0x00000000ecd00000|  0%| F|  |TAMS 0x00000000ecc00000, 0x00000000ecc00000| Untracked 
| 205|0x00000000ecd00000, 0x00000000ecd00000, 0x00000000ece00000|  0%| F|  |TAMS 0x00000000ecd00000, 0x00000000ecd00000| Untracked 
| 206|0x00000000ece00000, 0x00000000ece00000, 0x00000000ecf00000|  0%| F|  |TAMS 0x00000000ece00000, 0x00000000ece00000| Untracked 
| 207|0x00000000ecf00000, 0x00000000ecf00000, 0x00000000ed000000|  0%| F|  |TAMS 0x00000000ecf00000, 0x00000000ecf00000| Untracked 
| 208|0x00000000ed000000, 0x00000000ed000000, 0x00000000ed100000|  0%| F|  |TAMS 0x00000000ed000000, 0x00000000ed000000| Untracked 
| 209|0x00000000ed100000, 0x00000000ed100000, 0x00000000ed200000|  0%| F|  |TAMS 0x00000000ed100000, 0x00000000ed100000| Untracked 
| 210|0x00000000ed200000, 0x00000000ed200000, 0x00000000ed300000|  0%| F|  |TAMS 0x00000000ed200000, 0x00000000ed200000| Untracked 
| 211|0x00000000ed300000, 0x00000000ed300000, 0x00000000ed400000|  0%| F|  |TAMS 0x00000000ed300000, 0x00000000ed300000| Untracked 
| 212|0x00000000ed400000, 0x00000000ed400000, 0x00000000ed500000|  0%| F|  |TAMS 0x00000000ed400000, 0x00000000ed400000| Untracked 
| 213|0x00000000ed500000, 0x00000000ed500000, 0x00000000ed600000|  0%| F|  |TAMS 0x00000000ed500000, 0x00000000ed500000| Untracked 
| 214|0x00000000ed600000, 0x00000000ed600000, 0x00000000ed700000|  0%| F|  |TAMS 0x00000000ed600000, 0x00000000ed600000| Untracked 
| 215|0x00000000ed700000, 0x00000000ed700000, 0x00000000ed800000|  0%| F|  |TAMS 0x00000000ed700000, 0x00000000ed700000| Untracked 
| 216|0x00000000ed800000, 0x00000000ed800000, 0x00000000ed900000|  0%| F|  |TAMS 0x00000000ed800000, 0x00000000ed800000| Untracked 
| 217|0x00000000ed900000, 0x00000000ed900000, 0x00000000eda00000|  0%| F|  |TAMS 0x00000000ed900000, 0x00000000ed900000| Untracked 
| 218|0x00000000eda00000, 0x00000000eda00000, 0x00000000edb00000|  0%| F|  |TAMS 0x00000000eda00000, 0x00000000eda00000| Untracked 
| 219|0x00000000edb00000, 0x00000000edb00000, 0x00000000edc00000|  0%| F|  |TAMS 0x00000000edb00000, 0x00000000edb00000| Untracked 
| 220|0x00000000edc00000, 0x00000000edc00000, 0x00000000edd00000|  0%| F|  |TAMS 0x00000000edc00000, 0x00000000edc00000| Untracked 
| 221|0x00000000edd00000, 0x00000000edd00000, 0x00000000ede00000|  0%| F|  |TAMS 0x00000000edd00000, 0x00000000edd00000| Untracked 
| 222|0x00000000ede00000, 0x00000000ede00000, 0x00000000edf00000|  0%| F|  |TAMS 0x00000000ede00000, 0x00000000ede00000| Untracked 
| 223|0x00000000edf00000, 0x00000000edf00000, 0x00000000ee000000|  0%| F|  |TAMS 0x00000000edf00000, 0x00000000edf00000| Untracked 
| 224|0x00000000ee000000, 0x00000000ee000000, 0x00000000ee100000|  0%| F|  |TAMS 0x00000000ee000000, 0x00000000ee000000| Untracked 
| 225|0x00000000ee100000, 0x00000000ee100000, 0x00000000ee200000|  0%| F|  |TAMS 0x00000000ee100000, 0x00000000ee100000| Untracked 
| 226|0x00000000ee200000, 0x00000000ee200000, 0x00000000ee300000|  0%| F|  |TAMS 0x00000000ee200000, 0x00000000ee200000| Untracked 
| 227|0x00000000ee300000, 0x00000000ee300000, 0x00000000ee400000|  0%| F|  |TAMS 0x00000000ee300000, 0x00000000ee300000| Untracked 
| 228|0x00000000ee400000, 0x00000000ee400000, 0x00000000ee500000|  0%| F|  |TAMS 0x00000000ee400000, 0x00000000ee400000| Untracked 
| 229|0x00000000ee500000, 0x00000000ee500000, 0x00000000ee600000|  0%| F|  |TAMS 0x00000000ee500000, 0x00000000ee500000| Untracked 
| 230|0x00000000ee600000, 0x00000000ee600000, 0x00000000ee700000|  0%| F|  |TAMS 0x00000000ee600000, 0x00000000ee600000| Untracked 
| 231|0x00000000ee700000, 0x00000000ee700000, 0x00000000ee800000|  0%| F|  |TAMS 0x00000000ee700000, 0x00000000ee700000| Untracked 
| 232|0x00000000ee800000, 0x00000000ee800000, 0x00000000ee900000|  0%| F|  |TAMS 0x00000000ee800000, 0x00000000ee800000| Untracked 
| 233|0x00000000ee900000, 0x00000000ee900000, 0x00000000eea00000|  0%| F|  |TAMS 0x00000000ee900000, 0x00000000ee900000| Untracked 
| 234|0x00000000eea00000, 0x00000000eea00000, 0x00000000eeb00000|  0%| F|  |TAMS 0x00000000eea00000, 0x00000000eea00000| Untracked 
| 235|0x00000000eeb00000, 0x00000000eeb00000, 0x00000000eec00000|  0%| F|  |TAMS 0x00000000eeb00000, 0x00000000eeb00000| Untracked 
| 236|0x00000000eec00000, 0x00000000eec00000, 0x00000000eed00000|  0%| F|  |TAMS 0x00000000eec00000, 0x00000000eec00000| Untracked 
| 237|0x00000000eed00000, 0x00000000eed00000, 0x00000000eee00000|  0%| F|  |TAMS 0x00000000eed00000, 0x00000000eed00000| Untracked 
| 238|0x00000000eee00000, 0x00000000eee00000, 0x00000000eef00000|  0%| F|  |TAMS 0x00000000eee00000, 0x00000000eee00000| Untracked 
| 239|0x00000000eef00000, 0x00000000eef00000, 0x00000000ef000000|  0%| F|  |TAMS 0x00000000eef00000, 0x00000000eef00000| Untracked 
| 240|0x00000000ef000000, 0x00000000ef000000, 0x00000000ef100000|  0%| F|  |TAMS 0x00000000ef000000, 0x00000000ef000000| Untracked 
| 241|0x00000000ef100000, 0x00000000ef100000, 0x00000000ef200000|  0%| F|  |TAMS 0x00000000ef100000, 0x00000000ef100000| Untracked 
| 242|0x00000000ef200000, 0x00000000ef200000, 0x00000000ef300000|  0%| F|  |TAMS 0x00000000ef200000, 0x00000000ef200000| Untracked 
| 243|0x00000000ef300000, 0x00000000ef300000, 0x00000000ef400000|  0%| F|  |TAMS 0x00000000ef300000, 0x00000000ef300000| Untracked 
| 244|0x00000000ef400000, 0x00000000ef4f7310, 0x00000000ef500000| 96%| E|  |TAMS 0x00000000ef400000, 0x00000000ef400000| Complete 
| 245|0x00000000ef500000, 0x00000000ef600000, 0x00000000ef600000|100%| E|CS|TAMS 0x00000000ef500000, 0x00000000ef500000| Complete 
| 246|0x00000000ef600000, 0x00000000ef700000, 0x00000000ef700000|100%| E|CS|TAMS 0x00000000ef600000, 0x00000000ef600000| Complete 
| 247|0x00000000ef700000, 0x00000000ef800000, 0x00000000ef800000|100%| E|CS|TAMS 0x00000000ef700000, 0x00000000ef700000| Complete 
| 248|0x00000000ef800000, 0x00000000ef900000, 0x00000000ef900000|100%| E|CS|TAMS 0x00000000ef800000, 0x00000000ef800000| Complete 
| 249|0x00000000ef900000, 0x00000000efa00000, 0x00000000efa00000|100%| E|CS|TAMS 0x00000000ef900000, 0x00000000ef900000| Complete 
| 250|0x00000000efa00000, 0x00000000efb00000, 0x00000000efb00000|100%| E|CS|TAMS 0x00000000efa00000, 0x00000000efa00000| Complete 
| 251|0x00000000efb00000, 0x00000000efc00000, 0x00000000efc00000|100%| E|CS|TAMS 0x00000000efb00000, 0x00000000efb00000| Complete 
| 252|0x00000000efc00000, 0x00000000efd00000, 0x00000000efd00000|100%| E|CS|TAMS 0x00000000efc00000, 0x00000000efc00000| Complete 
| 253|0x00000000efd00000, 0x00000000efe00000, 0x00000000efe00000|100%| E|CS|TAMS 0x00000000efd00000, 0x00000000efd00000| Complete 
| 254|0x00000000efe00000, 0x00000000eff00000, 0x00000000eff00000|100%| E|CS|TAMS 0x00000000efe00000, 0x00000000efe00000| Complete 
| 255|0x00000000eff00000, 0x00000000f0000000, 0x00000000f0000000|100%| E|CS|TAMS 0x00000000eff00000, 0x00000000eff00000| Complete 

Card table byte_map: [0x000002466fe40000,0x000002466ff40000] _byte_map_base: 0x000002466f740000

Marking Bits (Prev, Next): (CMBitMap*) 0x0000024656d079c0, (CMBitMap*) 0x0000024656d07980
 Prev Bits: [0x0000024670840000, 0x0000024671040000)
 Next Bits: [0x0000024670040000, 0x0000024670840000)

Polling page: 0x0000024656db0000

Metaspace:

Usage:
  Non-class:     18.69 MB used.
      Class:      3.22 MB used.
       Both:     21.91 MB used.

Virtual space:
  Non-class space:       64.00 MB reserved,      18.88 MB ( 29%) committed,  1 nodes.
      Class space:      320.00 MB reserved,       3.38 MB (  1%) committed,  1 nodes.
             Both:      384.00 MB reserved,      22.25 MB (  6%) committed. 

Chunk freelists:
   Non-Class:  12.53 MB
       Class:  12.44 MB
        Both:  24.98 MB

MaxMetaspaceSize: 384.00 MB
CompressedClassSpaceSize: 320.00 MB
Initial GC threshold: 21.00 MB
Current GC threshold: 35.12 MB
CDS: on
MetaspaceReclaimPolicy: balanced
 - commit_granule_bytes: 65536.
 - commit_granule_words: 8192.
 - virtual_space_node_default_size: 8388608.
 - enlarge_chunks_in_place: 1.
 - new_chunks_are_fully_committed: 0.
 - uncommit_free_chunks: 1.
 - use_allocation_guard: 0.
 - handle_deallocations: 1.


Internal statistics:

num_allocs_failed_limit: 3.
num_arena_births: 328.
num_arena_deaths: 0.
num_vsnodes_births: 2.
num_vsnodes_deaths: 0.
num_space_committed: 356.
num_space_uncommitted: 0.
num_chunks_returned_to_freelist: 3.
num_chunks_taken_from_freelist: 1166.
num_chunk_merges: 3.
num_chunk_splits: 760.
num_chunks_enlarged: 525.
num_inconsistent_stats: 0.

CodeHeap 'non-profiled nmethods': size=119168Kb used=1788Kb max_used=1788Kb free=117379Kb
 bounds [0x0000024667910000, 0x0000024667b80000, 0x000002466ed70000]
CodeHeap 'profiled nmethods': size=119104Kb used=6856Kb max_used=6856Kb free=112248Kb
 bounds [0x000002465fd70000, 0x0000024660430000, 0x00000246671c0000]
CodeHeap 'non-nmethods': size=7488Kb used=1257Kb max_used=2999Kb free=6230Kb
 bounds [0x00000246671c0000, 0x00000246674c0000, 0x0000024667910000]
 total_blobs=3741 nmethods=3189 adapters=464
 compilation: enabled
              stopped_count=0, restarted_count=0
 full_count=0

Compilation events (20 events):
Event: 6.198 Thread 0x00000246741a5570 nmethod 3100 0x0000024667abe410 code [0x0000024667abf720, 0x0000024667ac6e68]
Event: 6.199 Thread 0x00000246741a5570 3159       4       java.lang.invoke.MethodType$ConcurrentWeakInternSet::get (47 bytes)
Event: 6.219 Thread 0x00000246741a5570 nmethod 3159 0x0000024667acba10 code [0x0000024667acbc00, 0x0000024667accb48]
Event: 6.223 Thread 0x00000246741b1440 3176       3       java.lang.Short::<init> (10 bytes)
Event: 6.224 Thread 0x00000246741b1440 nmethod 3176 0x0000024660419590 code [0x0000024660419740, 0x0000024660419918]
Event: 6.230 Thread 0x00000246741b1440 3177       3       java.lang.invoke.MemberName::asSpecial (89 bytes)
Event: 6.230 Thread 0x00000246741a5570 3178       4       jdk.internal.org.objectweb.asm.MethodWriter::visitEnd (1 bytes)
Event: 6.231 Thread 0x00000246741b1440 nmethod 3177 0x0000024660419a10 code [0x0000024660419ce0, 0x000002466041a9a8]
Event: 6.231 Thread 0x00000246741a5570 nmethod 3178 0x0000024667acd110 code [0x0000024667acd280, 0x0000024667acd2f8]
Event: 6.276 Thread 0x00000246742c0960 3179       3       java.lang.Long::valueOf (40 bytes)
Event: 6.276 Thread 0x00000246742c0960 nmethod 3179 0x000002466041ae10 code [0x000002466041afc0, 0x000002466041b318]
Event: 6.286 Thread 0x00000246741a5570 3180       4       java.lang.invoke.MethodType::equals (56 bytes)
Event: 6.294 Thread 0x00000246741a5570 nmethod 3180 0x0000024667acd410 code [0x0000024667acd5a0, 0x0000024667acd8b8]
Event: 6.294 Thread 0x00000246741a5570 3181       4       jdk.internal.org.objectweb.asm.ByteVector::put122 (93 bytes)
Event: 6.295 Thread 0x00000246741b1440 3182       1       java.lang.invoke.MethodHandle::internalForm (5 bytes)
Event: 6.296 Thread 0x00000246741b1440 nmethod 3182 0x0000024667acdb90 code [0x0000024667acdd20, 0x0000024667acddf8]
Event: 6.296 Thread 0x00000246741a5570 nmethod 3181 0x0000024667acde90 code [0x0000024667ace020, 0x0000024667ace208]
Event: 6.306 Thread 0x00000246742c3300 3184       3       java.lang.Class::protectionDomain (48 bytes)
Event: 6.306 Thread 0x00000246742c3300 nmethod 3184 0x000002466041b490 code [0x000002466041b6c0, 0x000002466041bd58]
Event: 6.354 Thread 0x00000246741b1440 3186       3       java.util.concurrent.ConcurrentLinkedQueue::poll (84 bytes)

GC Heap History (6 events):
Event: 0.707 GC heap before
{Heap before GC invocations=0 (full 0):
 garbage-first heap   total 262144K, used 26624K [0x00000000e0000000, 0x0000000100000000)
  region size 1024K, 23 young (23552K), 0 survivors (0K)
 Metaspace       used 1599K, committed 1728K, reserved 393216K
  class space    used 140K, committed 192K, reserved 327680K
}
Event: 0.713 GC heap after
{Heap after GC invocations=1 (full 0):
 garbage-first heap   total 262144K, used 10670K [0x00000000e0000000, 0x0000000100000000)
  region size 1024K, 3 young (3072K), 3 survivors (3072K)
 Metaspace       used 1599K, committed 1728K, reserved 393216K
  class space    used 140K, committed 192K, reserved 327680K
}
Event: 1.280 GC heap before
{Heap before GC invocations=1 (full 0):
 garbage-first heap   total 262144K, used 40366K [0x00000000e0000000, 0x0000000100000000)
  region size 1024K, 32 young (32768K), 3 survivors (3072K)
 Metaspace       used 4460K, committed 4672K, reserved 393216K
  class space    used 542K, committed 640K, reserved 327680K
}
Event: 1.284 GC heap after
{Heap after GC invocations=2 (full 0):
 garbage-first heap   total 262144K, used 11757K [0x00000000e0000000, 0x0000000100000000)
  region size 1024K, 2 young (2048K), 2 survivors (2048K)
 Metaspace       used 4460K, committed 4672K, reserved 393216K
  class space    used 542K, committed 640K, reserved 327680K
}
Event: 5.872 GC heap before
{Heap before GC invocations=2 (full 0):
 garbage-first heap   total 262144K, used 147949K [0x00000000e0000000, 0x0000000100000000)
  region size 1024K, 134 young (137216K), 2 survivors (2048K)
 Metaspace       used 21130K, committed 21504K, reserved 393216K
  class space    used 3051K, committed 3264K, reserved 327680K
}
Event: 5.887 GC heap after
{Heap after GC invocations=3 (full 0):
 garbage-first heap   total 262144K, used 24070K [0x00000000e0000000, 0x0000000100000000)
  region size 1024K, 13 young (13312K), 13 survivors (13312K)
 Metaspace       used 21130K, committed 21504K, reserved 393216K
  class space    used 3051K, committed 3264K, reserved 327680K
}

Deoptimization events (20 events):
Event: 5.150 Thread 0x000002467ab33ad0 Uncommon trap: trap_request=0xffffff45 fr.pc=0x0000024667a63180 relative=0x0000000000000540
Event: 5.151 Thread 0x000002467ab33ad0 Uncommon trap: reason=unstable_if action=reinterpret pc=0x0000024667a63180 method=java.util.HashMap.getNode(Ljava/lang/Object;)Ljava/util/HashMap$Node; @ 131 c2
Event: 5.151 Thread 0x000002467ab33ad0 DEOPT PACKING pc=0x0000024667a63180 sp=0x000000ff3ecfb030
Event: 5.151 Thread 0x000002467ab33ad0 DEOPT UNPACKING pc=0x0000024667215ba3 sp=0x000000ff3ecfafc0 mode 2
Event: 5.392 Thread 0x000002467ab33ad0 Uncommon trap: trap_request=0xffffff6e fr.pc=0x00000246679b2bd0 relative=0x00000000000003b0
Event: 5.392 Thread 0x000002467ab33ad0 Uncommon trap: reason=loop_limit_check action=maybe_recompile pc=0x00000246679b2bd0 method=java.lang.StringLatin1.indexOf([BI[BII)I @ 37 c2
Event: 5.392 Thread 0x000002467ab33ad0 DEOPT PACKING pc=0x00000246679b2bd0 sp=0x000000ff3ecf9190
Event: 5.392 Thread 0x000002467ab33ad0 DEOPT UNPACKING pc=0x0000024667215ba3 sp=0x000000ff3ecf90f0 mode 2
Event: 5.652 Thread 0x000002467ab33ad0 Uncommon trap: trap_request=0xffffff45 fr.pc=0x0000024667a4b7f8 relative=0x0000000000007218
Event: 5.652 Thread 0x000002467ab33ad0 Uncommon trap: reason=unstable_if action=reinterpret pc=0x0000024667a4b7f8 method=jdk.internal.org.objectweb.asm.Frame.execute(IILjdk/internal/org/objectweb/asm/Symbol;Ljdk/internal/org/objectweb/asm/SymbolTable;)V @ 1 c2
Event: 5.652 Thread 0x000002467ab33ad0 DEOPT PACKING pc=0x0000024667a4b7f8 sp=0x000000ff3ecf9cb0
Event: 5.652 Thread 0x000002467ab33ad0 DEOPT UNPACKING pc=0x0000024667215ba3 sp=0x000000ff3ecf9c68 mode 2
Event: 5.945 Thread 0x000002467ab33ad0 Uncommon trap: trap_request=0xffffffcc fr.pc=0x0000024667ab97e8 relative=0x0000000000000348
Event: 5.945 Thread 0x000002467ab33ad0 Uncommon trap: reason=intrinsic_or_type_checked_inlining action=make_not_entrant pc=0x0000024667ab97e8 method=java.util.Arrays.copyOf([Ljava/lang/Object;ILjava/lang/Class;)[Ljava/lang/Object; @ 35 c2
Event: 5.945 Thread 0x000002467ab33ad0 DEOPT PACKING pc=0x0000024667ab97e8 sp=0x000000ff3ecf9cc0
Event: 5.945 Thread 0x000002467ab33ad0 DEOPT UNPACKING pc=0x0000024667215ba3 sp=0x000000ff3ecf9c50 mode 2
Event: 6.133 Thread 0x000002467ab33ad0 Uncommon trap: trap_request=0xffffff76 fr.pc=0x0000024667a9e078 relative=0x0000000000000158
Event: 6.133 Thread 0x000002467ab33ad0 Uncommon trap: reason=predicate action=maybe_recompile pc=0x0000024667a9e078 method=com.google.common.base.CharMatcher.indexIn(Ljava/lang/CharSequence;I)I @ 19 c2
Event: 6.133 Thread 0x000002467ab33ad0 DEOPT PACKING pc=0x0000024667a9e078 sp=0x000000ff3ecfa7b0
Event: 6.133 Thread 0x000002467ab33ad0 DEOPT UNPACKING pc=0x0000024667215ba3 sp=0x000000ff3ecfa740 mode 2

Classes unloaded (0 events):
No events

Classes redefined (0 events):
No events

Internal exceptions (20 events):
Event: 5.640 Thread 0x000002467ab33ad0 Exception <a 'java/lang/NoSuchMethodError'{0x00000000e7f1dfc8}: 'java.lang.Object java.lang.invoke.Invokers$Holder.invoker(java.lang.Object, java.lang.Object, java.lang.Object, java.lang.Object, java.lang.Object, java.lang.Object, java.lang.Object, java.lang.Object, java.lang.Object, java.lang.Object, java.lang.Object, java.lang.Object, java.lang.Object, java.lang.Object, java.lang.Object, java.lang.Object, java.lang.Object, java.lang.Object, java.lang.Object, java.lang.Object, java.lang.Object, java.lang.
Event: 5.640 Thread 0x000002467ab33ad0 Exception <a 'java/lang/NoSuchMethodError'{0x00000000e7f24af8}: 'java.lang.Object java.lang.invoke.DelegatingMethodHandle$Holder.delegate(java.lang.Object, java.lang.Object, java.lang.Object, java.lang.Object, java.lang.Object, java.lang.Object, java.lang.Object, java.lang.Object, java.lang.Object, java.lang.Object, java.lang.Object, java.lang.Object, java.lang.Object, java.lang.Object, java.lang.Object, java.lang.Object, java.lang.Object, java.lang.Object, java.lang.Object, java.lang.Object, java.lang.Obj
Event: 5.656 Thread 0x000002467ab33ad0 Exception <a 'java/lang/NoSuchMethodError'{0x00000000e7f9f500}: 'java.lang.Object java.lang.invoke.DirectMethodHandle$Holder.invokeStatic(java.lang.Object, java.lang.Object, java.lang.Object, java.lang.Object, java.lang.Object, java.lang.Object, java.lang.Object, java.lang.Object, java.lang.Object, java.lang.Object, java.lang.Object, java.lang.Object, java.lang.Object, java.lang.Object, java.lang.Object, java.lang.Object, java.lang.Object)'> (0x00000000e7f9f500) 
thrown [s\open\src\hotspot\share\interprete
Event: 5.661 Thread 0x000002467ab33ad0 Exception <a 'java/lang/NoSuchMethodError'{0x00000000e7fc8980}: 'java.lang.Object java.lang.invoke.DirectMethodHandle$Holder.invokeStatic(java.lang.Object, java.lang.Object, java.lang.Object, java.lang.Object, java.lang.Object, java.lang.Object, java.lang.Object, java.lang.Object, java.lang.Object, java.lang.Object, java.lang.Object, java.lang.Object, java.lang.Object, java.lang.Object, java.lang.Object, java.lang.Object, java.lang.Object, java.lang.Object)'> (0x00000000e7fc8980) 
thrown [s\open\src\hotspo
Event: 5.665 Thread 0x000002467ab33ad0 Exception <a 'java/lang/NoSuchMethodError'{0x00000000e7ff2f20}: 'java.lang.Object java.lang.invoke.DirectMethodHandle$Holder.invokeStatic(java.lang.Object, java.lang.Object, java.lang.Object, java.lang.Object, java.lang.Object, java.lang.Object, java.lang.Object, java.lang.Object, java.lang.Object, java.lang.Object, java.lang.Object, java.lang.Object, java.lang.Object, java.lang.Object, java.lang.Object, java.lang.Object, java.lang.Object, java.lang.Object, java.lang.Object)'> (0x00000000e7ff2f20) 
thrown 
Event: 5.671 Thread 0x000002467ab33ad0 Exception <a 'java/lang/NoSuchMethodError'{0x00000000e7e1f388}: 'java.lang.Object java.lang.invoke.DirectMethodHandle$Holder.invokeStatic(java.lang.Object, java.lang.Object, java.lang.Object, java.lang.Object, java.lang.Object, java.lang.Object, java.lang.Object, java.lang.Object, java.lang.Object, java.lang.Object, java.lang.Object, java.lang.Object, java.lang.Object, java.lang.Object, java.lang.Object, java.lang.Object, java.lang.Object, java.lang.Object, java.lang.Object, java.lang.Object)'> (0x00000000
Event: 5.676 Thread 0x000002467ab33ad0 Exception <a 'java/lang/NoSuchMethodError'{0x00000000e7e4b738}: 'java.lang.Object java.lang.invoke.DirectMethodHandle$Holder.invokeStatic(java.lang.Object, java.lang.Object, java.lang.Object, java.lang.Object, java.lang.Object, java.lang.Object, java.lang.Object, java.lang.Object, java.lang.Object, java.lang.Object, java.lang.Object, java.lang.Object, java.lang.Object, java.lang.Object, java.lang.Object, java.lang.Object, java.lang.Object, java.lang.Object, java.lang.Object, java.lang.Object, java.lang.Obj
Event: 5.681 Thread 0x000002467ab33ad0 Exception <a 'java/lang/NoSuchMethodError'{0x00000000e7e78c10}: 'java.lang.Object java.lang.invoke.DirectMethodHandle$Holder.invokeStatic(java.lang.Object, java.lang.Object, java.lang.Object, java.lang.Object, java.lang.Object, java.lang.Object, java.lang.Object, java.lang.Object, java.lang.Object, java.lang.Object, java.lang.Object, java.lang.Object, java.lang.Object, java.lang.Object, java.lang.Object, java.lang.Object, java.lang.Object, java.lang.Object, java.lang.Object, java.lang.Object, java.lang.Obj
Event: 5.684 Thread 0x000002467ab33ad0 Exception <a 'java/lang/NoSuchMethodError'{0x00000000e7ea7410}: 'java.lang.Object java.lang.invoke.DirectMethodHandle$Holder.invokeStatic(java.lang.Object, java.lang.Object, java.lang.Object, java.lang.Object, java.lang.Object, java.lang.Object, java.lang.Object, java.lang.Object, java.lang.Object, java.lang.Object, java.lang.Object, java.lang.Object, java.lang.Object, java.lang.Object, java.lang.Object, java.lang.Object, java.lang.Object, java.lang.Object, java.lang.Object, java.lang.Object, java.lang.Obj
Event: 5.706 Thread 0x000002467ab33ad0 Exception <a 'java/lang/NoSuchMethodError'{0x00000000e7ed6440}: 'java.lang.Object java.lang.invoke.DirectMethodHandle$Holder.invokeStatic(java.lang.Object, java.lang.Object, java.lang.Object, java.lang.Object, java.lang.Object, java.lang.Object, java.lang.Object, java.lang.Object, java.lang.Object, java.lang.Object, java.lang.Object, java.lang.Object, java.lang.Object, java.lang.Object, java.lang.Object, java.lang.Object, java.lang.Object, java.lang.Object, java.lang.Object, java.lang.Object, java.lang.Obj
Event: 5.717 Thread 0x000002467ab33ad0 Exception <a 'java/lang/NoSuchMethodError'{0x00000000e7d07718}: 'java.lang.Object java.lang.invoke.DirectMethodHandle$Holder.invokeStatic(java.lang.Object, java.lang.Object, java.lang.Object, java.lang.Object, java.lang.Object, java.lang.Object, java.lang.Object, java.lang.Object, java.lang.Object, java.lang.Object, java.lang.Object, java.lang.Object, java.lang.Object, java.lang.Object, java.lang.Object, java.lang.Object, java.lang.Object, java.lang.Object, java.lang.Object, java.lang.Object, java.lang.Obj
Event: 5.735 Thread 0x000002467ab33ad0 Exception <a 'java/lang/NoSuchMethodError'{0x00000000e7d39ba8}: 'java.lang.Object java.lang.invoke.DirectMethodHandle$Holder.invokeStatic(java.lang.Object, java.lang.Object, java.lang.Object, java.lang.Object, java.lang.Object, java.lang.Object, java.lang.Object, java.lang.Object, java.lang.Object, java.lang.Object, java.lang.Object, java.lang.Object, java.lang.Object, java.lang.Object, java.lang.Object, java.lang.Object, java.lang.Object, java.lang.Object, java.lang.Object, java.lang.Object, java.lang.Obj
Event: 5.833 Thread 0x000002467ab33ad0 Exception <a 'java/lang/NoSuchMethodError'{0x00000000e7cdcff0}: 'java.lang.Object java.lang.invoke.DirectMethodHandle$Holder.invokeStaticInit(java.lang.Object, java.lang.Object, java.lang.Object, java.lang.Object)'> (0x00000000e7cdcff0) 
thrown [s\open\src\hotspot\share\interpreter\linkResolver.cpp, line 759]
Event: 5.871 Thread 0x000002467ab33ad0 Exception <a 'java/lang/NoSuchMethodError'{0x00000000e7a84560}: 'java.lang.Object java.lang.invoke.DirectMethodHandle$Holder.newInvokeSpecial(java.lang.Object, java.lang.Object, java.lang.Object, java.lang.Object, java.lang.Object, java.lang.Object, java.lang.Object, java.lang.Object)'> (0x00000000e7a84560) 
thrown [s\open\src\hotspot\share\interpreter\linkResolver.cpp, line 759]
Event: 5.890 Thread 0x000002467ab33ad0 Exception <a 'java/lang/NoSuchMethodError'{0x00000000eff00ba8}: 'java.lang.Object java.lang.invoke.DirectMethodHandle$Holder.invokeSpecial(java.lang.Object, java.lang.Object, java.lang.Object, java.lang.Object, java.lang.Object, java.lang.Object, java.lang.Object, java.lang.Object, java.lang.Object)'> (0x00000000eff00ba8) 
thrown [s\open\src\hotspot\share\interpreter\linkResolver.cpp, line 759]
Event: 5.893 Thread 0x000002467ab33ad0 Exception <a 'java/lang/NoSuchMethodError'{0x00000000eff05f58}: 'java.lang.Object java.lang.invoke.Invokers$Holder.linkToTargetMethod(java.lang.Object, java.lang.Object, java.lang.Object, java.lang.Object, java.lang.Object, java.lang.Object, java.lang.Object, java.lang.Object)'> (0x00000000eff05f58) 
thrown [s\open\src\hotspot\share\interpreter\linkResolver.cpp, line 759]
Event: 5.910 Thread 0x000002467ab33ad0 Exception <a 'java/lang/NoSuchMethodError'{0x00000000eff509f0}: 'void java.lang.invoke.DirectMethodHandle$Holder.invokeStatic(java.lang.Object, java.lang.Object, java.lang.Object, java.lang.Object)'> (0x00000000eff509f0) 
thrown [s\open\src\hotspot\share\interpreter\linkResolver.cpp, line 759]
Event: 6.177 Thread 0x000002467ab33ad0 Exception <a 'java/lang/NoSuchMethodError'{0x00000000ef662330}: 'int java.lang.invoke.DirectMethodHandle$Holder.invokeVirtual(java.lang.Object, java.lang.Object)'> (0x00000000ef662330) 
thrown [s\open\src\hotspot\share\interpreter\linkResolver.cpp, line 759]
Event: 6.306 Thread 0x000002467ab33ad0 Exception <a 'java/lang/NoSuchMethodError'{0x00000000ef46a298}: 'java.lang.Object java.lang.invoke.DirectMethodHandle$Holder.newInvokeSpecial(java.lang.Object, java.lang.Object, long)'> (0x00000000ef46a298) 
thrown [s\open\src\hotspot\share\interpreter\linkResolver.cpp, line 759]
Event: 6.307 Thread 0x000002467ab33ad0 Exception <a 'java/lang/NoSuchMethodError'{0x00000000ef46e600}: 'java.lang.Object java.lang.invoke.Invokers$Holder.linkToTargetMethod(java.lang.Object, long, java.lang.Object)'> (0x00000000ef46e600) 
thrown [s\open\src\hotspot\share\interpreter\linkResolver.cpp, line 759]

VM Operations (20 events):
Event: 2.676 Executing VM operation: HandshakeAllThreads done
Event: 2.857 Executing VM operation: HandshakeAllThreads
Event: 2.857 Executing VM operation: HandshakeAllThreads done
Event: 3.607 Executing VM operation: ICBufferFull
Event: 3.607 Executing VM operation: ICBufferFull done
Event: 3.853 Executing VM operation: HandshakeAllThreads
Event: 3.853 Executing VM operation: HandshakeAllThreads done
Event: 3.854 Executing VM operation: HandshakeAllThreads
Event: 3.854 Executing VM operation: HandshakeAllThreads done
Event: 4.290 Executing VM operation: HandshakeAllThreads
Event: 4.293 Executing VM operation: HandshakeAllThreads done
Event: 5.030 Executing VM operation: ICBufferFull
Event: 5.042 Executing VM operation: ICBufferFull done
Event: 5.872 Executing VM operation: CollectForMetadataAllocation
Event: 5.887 Executing VM operation: CollectForMetadataAllocation done
Event: 5.895 Executing VM operation: G1Concurrent
Event: 5.897 Executing VM operation: G1Concurrent done
Event: 5.898 Executing VM operation: G1Concurrent
Event: 5.898 Executing VM operation: G1Concurrent done
Event: 6.898 Executing VM operation: Cleanup

Events (20 events):
Event: 5.714 loading class java/lang/invoke/BoundMethodHandle$Species_LLLLLLLLLLLLLLLLLLLLLL done
Event: 5.721 loading class java/lang/invoke/BoundMethodHandle$Species_LLLLLLLLLLLLLLLLLLLLLLL
Event: 5.721 loading class java/lang/invoke/BoundMethodHandle$Species_LLLLLLLLLLLLLLLLLLLLLLL done
Event: 5.921 Thread 0x000002467a8985c0 Thread added: 0x000002467a8985c0
Event: 6.124 loading class java/util/concurrent/TimeoutException
Event: 6.124 loading class java/util/concurrent/TimeoutException done
Event: 6.124 loading class java/util/concurrent/CancellationException
Event: 6.125 loading class java/util/concurrent/CancellationException done
Event: 6.165 Thread 0x000002467adbfd20 Thread added: 0x000002467adbfd20
Event: 6.165 loading class java/util/concurrent/locks/AbstractQueuedSynchronizer$SharedNode
Event: 6.165 loading class java/util/concurrent/locks/AbstractQueuedSynchronizer$SharedNode done
Event: 6.173 loading class java/io/InterruptedIOException
Event: 6.173 loading class java/io/InterruptedIOException done
Event: 6.176 Thread 0x000002467adbe3d0 Thread added: 0x000002467adbe3d0
Event: 6.182 loading class java/util/ArrayDeque$DeqSpliterator
Event: 6.182 loading class java/util/ArrayDeque$DeqSpliterator done
Event: 6.215 loading class java/nio/charset/CharacterCodingException
Event: 6.215 loading class java/nio/charset/CharacterCodingException done
Event: 6.222 loading class java/lang/Short$ShortCache
Event: 6.223 loading class java/lang/Short$ShortCache done


Dynamic libraries:
0x00007ff7441c0000 - 0x00007ff7441d0000 	C:\Program Files\Java\jdk-17\bin\java.exe
0x00007fff70dc0000 - 0x00007fff71026000 	C:\WINDOWS\SYSTEM32\ntdll.dll
0x00007fff6f0a0000 - 0x00007fff6f169000 	C:\WINDOWS\System32\KERNEL32.DLL
0x00007fff6e320000 - 0x00007fff6e6ec000 	C:\WINDOWS\System32\KERNELBASE.dll
0x00007fff6e1d0000 - 0x00007fff6e31b000 	C:\WINDOWS\System32\ucrtbase.dll
0x00007fff6a360000 - 0x00007fff6a379000 	C:\Program Files\Java\jdk-17\bin\jli.dll
0x00007fff48440000 - 0x00007fff4845b000 	C:\Program Files\Java\jdk-17\bin\VCRUNTIME140.dll
0x00007fff70b10000 - 0x00007fff70bc2000 	C:\WINDOWS\System32\ADVAPI32.dll
0x00007fff6eb80000 - 0x00007fff6ec29000 	C:\WINDOWS\System32\msvcrt.dll
0x00007fff6f990000 - 0x00007fff6fa36000 	C:\WINDOWS\System32\sechost.dll
0x00007fff6f320000 - 0x00007fff6f436000 	C:\WINDOWS\System32\RPCRT4.dll
0x00007fff6ed90000 - 0x00007fff6ef5a000 	C:\WINDOWS\System32\USER32.dll
0x00007fff6ea90000 - 0x00007fff6eab7000 	C:\WINDOWS\System32\win32u.dll
0x00007fff572d0000 - 0x00007fff5756a000 	C:\WINDOWS\WinSxS\amd64_microsoft.windows.common-controls_6595b64144ccf1df_6.0.26100.3912_none_3e07963ce335137e\COMCTL32.dll
0x00007fff70d10000 - 0x00007fff70d3b000 	C:\WINDOWS\System32\GDI32.dll
0x00007fff6e000000 - 0x00007fff6e132000 	C:\WINDOWS\System32\gdi32full.dll
0x00007fff6df50000 - 0x00007fff6dff3000 	C:\WINDOWS\System32\msvcp_win.dll
0x00007fff5b500000 - 0x00007fff5b50b000 	C:\WINDOWS\SYSTEM32\VERSION.dll
0x00007fff70d40000 - 0x00007fff70d70000 	C:\WINDOWS\System32\IMM32.DLL
0x00007fff64d20000 - 0x00007fff64d2c000 	C:\Program Files\Java\jdk-17\bin\vcruntime140_1.dll
0x00007fff078e0000 - 0x00007fff0796e000 	C:\Program Files\Java\jdk-17\bin\msvcp140.dll
0x00007ffecb290000 - 0x00007ffecbe70000 	C:\Program Files\Java\jdk-17\bin\server\jvm.dll
0x00007fff70b00000 - 0x00007fff70b08000 	C:\WINDOWS\System32\PSAPI.DLL
0x00007fff5b310000 - 0x00007fff5b346000 	C:\WINDOWS\SYSTEM32\WINMM.dll
0x00007fff484c0000 - 0x00007fff484ca000 	C:\WINDOWS\SYSTEM32\WSOCK32.dll
0x00007fff70960000 - 0x00007fff709d4000 	C:\WINDOWS\System32\WS2_32.dll
0x00007fff6ce30000 - 0x00007fff6ce4a000 	C:\WINDOWS\SYSTEM32\kernel.appcore.dll
0x00007fff23c10000 - 0x00007fff23c1a000 	C:\Program Files\Java\jdk-17\bin\jimage.dll
0x00007fff6b670000 - 0x00007fff6b8b1000 	C:\WINDOWS\SYSTEM32\DBGHELP.DLL
0x00007fff6f440000 - 0x00007fff6f7c4000 	C:\WINDOWS\System32\combase.dll
0x00007fff6ec30000 - 0x00007fff6ed10000 	C:\WINDOWS\System32\OLEAUT32.dll
0x00007fff4ced0000 - 0x00007fff4cf09000 	C:\WINDOWS\SYSTEM32\dbgcore.DLL
0x00007fff6e870000 - 0x00007fff6e909000 	C:\WINDOWS\System32\bcryptPrimitives.dll
0x00007fff231c0000 - 0x00007fff231ce000 	C:\Program Files\Java\jdk-17\bin\instrument.dll
0x00007fff078b0000 - 0x00007fff078d5000 	C:\Program Files\Java\jdk-17\bin\java.dll
0x00007ffed3660000 - 0x00007ffed3737000 	C:\Program Files\Java\jdk-17\bin\jsvml.dll
0x00007fff70230000 - 0x00007fff7095d000 	C:\WINDOWS\System32\SHELL32.dll
0x00007fff6e910000 - 0x00007fff6ea84000 	C:\WINDOWS\System32\wintypes.dll
0x00007fff6bbd0000 - 0x00007fff6c426000 	C:\WINDOWS\SYSTEM32\windows.storage.dll
0x00007fff6f220000 - 0x00007fff6f30f000 	C:\WINDOWS\System32\SHCORE.dll
0x00007fff6ed20000 - 0x00007fff6ed89000 	C:\WINDOWS\System32\shlwapi.dll
0x00007fff6de60000 - 0x00007fff6de8f000 	C:\WINDOWS\SYSTEM32\profapi.dll
0x00007fff07890000 - 0x00007fff078a8000 	C:\Program Files\Java\jdk-17\bin\zip.dll
0x00007fff07870000 - 0x00007fff07889000 	C:\Program Files\Java\jdk-17\bin\net.dll
0x00007fff5cdc0000 - 0x00007fff5cede000 	C:\WINDOWS\SYSTEM32\WINHTTP.dll
0x00007fff6d3a0000 - 0x00007fff6d40a000 	C:\WINDOWS\system32\mswsock.dll
0x00007fff07850000 - 0x00007fff07866000 	C:\Program Files\Java\jdk-17\bin\nio.dll
0x00007fff21120000 - 0x00007fff21130000 	C:\Program Files\Java\jdk-17\bin\verify.dll
0x00007fff06b90000 - 0x00007fff06bb7000 	D:\WWW\gradle-8.10\bin\native\c067742578af261105cb4f569cf0c3c89f3d7b1fecec35dd04571415982c5e48\windows-amd64\native-platform.dll
0x00007ffece400000 - 0x00007ffece544000 	D:\WWW\gradle-8.10\bin\native\100fb08df4bc3b14c8652ba06237920a3bd2aa13389f12d3474272988ae205f9\windows-amd64\native-platform-file-events.dll
0x00007fff20d50000 - 0x00007fff20d5a000 	C:\Program Files\Java\jdk-17\bin\management.dll
0x00007fff20c60000 - 0x00007fff20c6b000 	C:\Program Files\Java\jdk-17\bin\management_ext.dll
0x00007fff6d650000 - 0x00007fff6d66c000 	C:\WINDOWS\SYSTEM32\CRYPTSP.dll
0x00007fff6cd70000 - 0x00007fff6cdaa000 	C:\WINDOWS\system32\rsaenh.dll
0x00007fff6d440000 - 0x00007fff6d46b000 	C:\WINDOWS\SYSTEM32\USERENV.dll
0x00007fff6de30000 - 0x00007fff6de56000 	C:\WINDOWS\SYSTEM32\bcrypt.dll
0x00007fff6d640000 - 0x00007fff6d64c000 	C:\WINDOWS\SYSTEM32\CRYPTBASE.dll
0x00007fff6c790000 - 0x00007fff6c7c3000 	C:\WINDOWS\SYSTEM32\IPHLPAPI.DLL
0x00007fff70220000 - 0x00007fff7022a000 	C:\WINDOWS\System32\NSI.dll
0x00007fff5ccf0000 - 0x00007fff5cd0f000 	C:\WINDOWS\SYSTEM32\dhcpcsvc6.DLL
0x00007fff5ccc0000 - 0x00007fff5cce5000 	C:\WINDOWS\SYSTEM32\dhcpcsvc.DLL
0x00007fff6c880000 - 0x00007fff6c9a7000 	C:\WINDOWS\SYSTEM32\DNSAPI.dll
0x00007fff20b80000 - 0x00007fff20b8e000 	C:\Program Files\Java\jdk-17\bin\sunmscapi.dll
0x00007fff6e6f0000 - 0x00007fff6e867000 	C:\WINDOWS\System32\CRYPT32.dll
0x00007fff6d850000 - 0x00007fff6d880000 	C:\WINDOWS\SYSTEM32\ncrypt.dll
0x00007fff6d800000 - 0x00007fff6d83f000 	C:\WINDOWS\SYSTEM32\NTASN1.dll
0x00007fff45ba0000 - 0x00007fff45ba8000 	C:\WINDOWS\system32\wshunix.dll

dbghelp: loaded successfully - version: 4.0.5 - missing functions: none
symbol engine: initialized successfully - sym options: 0x614 - pdb path: .;C:\Program Files\Java\jdk-17\bin;C:\WINDOWS\SYSTEM32;C:\WINDOWS\WinSxS\amd64_microsoft.windows.common-controls_6595b64144ccf1df_6.0.26100.3912_none_3e07963ce335137e;C:\Program Files\Java\jdk-17\bin\server;D:\WWW\gradle-8.10\bin\native\c067742578af261105cb4f569cf0c3c89f3d7b1fecec35dd04571415982c5e48\windows-amd64;D:\WWW\gradle-8.10\bin\native\100fb08df4bc3b14c8652ba06237920a3bd2aa13389f12d3474272988ae205f9\windows-amd64

VM Arguments:
jvm_args: --add-opens=java.base/java.util=ALL-UNNAMED --add-opens=java.base/java.lang=ALL-UNNAMED --add-opens=java.base/java.lang.invoke=ALL-UNNAMED --add-opens=java.prefs/java.util.prefs=ALL-UNNAMED --add-exports=jdk.compiler/com.sun.tools.javac.api=ALL-UNNAMED --add-exports=jdk.compiler/com.sun.tools.javac.util=ALL-UNNAMED --add-opens=java.base/java.nio.charset=ALL-UNNAMED --add-opens=java.base/java.net=ALL-UNNAMED --add-opens=java.base/java.util.concurrent.atomic=ALL-UNNAMED -XX:MaxMetaspaceSize=384m -XX:+HeapDumpOnOutOfMemoryError -Xms256m -Xmx512m -Dfile.encoding=UTF-8 -Duser.country=US -Duser.language=en -Duser.variant -javaagent:D:\WWW\gradle-8.10-bin\gradle-8.10\lib\agents\gradle-instrumentation-agent-8.10.jar 
java_command: org.gradle.launcher.daemon.bootstrap.GradleDaemon 8.10
java_class_path (initial): D:\WWW\gradle-8.10-bin\gradle-8.10\lib\gradle-daemon-main-8.10.jar
Launcher Type: SUN_STANDARD

[Global flags]
     intx CICompilerCount                          = 12                                        {product} {ergonomic}
   size_t CompressedClassSpaceSize                 = 335544320                                 {product} {ergonomic}
     uint ConcGCThreads                            = 3                                         {product} {ergonomic}
     uint G1ConcRefinementThreads                  = 13                                        {product} {ergonomic}
   size_t G1HeapRegionSize                         = 1048576                                   {product} {ergonomic}
    uintx GCDrainStackTargetSize                   = 64                                        {product} {ergonomic}
     bool HeapDumpOnOutOfMemoryError               = true                                   {manageable} {command line}
   size_t InitialHeapSize                          = 268435456                                 {product} {command line}
   size_t MarkStackSize                            = 4194304                                   {product} {ergonomic}
   size_t MaxHeapSize                              = 536870912                                 {product} {command line}
   size_t MaxMetaspaceSize                         = 402653184                                 {product} {command line}
   size_t MaxNewSize                               = 321912832                                 {product} {ergonomic}
   size_t MinHeapDeltaBytes                        = 1048576                                   {product} {ergonomic}
   size_t MinHeapSize                              = 268435456                                 {product} {command line}
    uintx NonNMethodCodeHeapSize                   = 7602480                                {pd product} {ergonomic}
    uintx NonProfiledCodeHeapSize                  = 122027880                              {pd product} {ergonomic}
    uintx ProfiledCodeHeapSize                     = 122027880                              {pd product} {ergonomic}
    uintx ReservedCodeCacheSize                    = 251658240                              {pd product} {ergonomic}
     bool SegmentedCodeCache                       = true                                      {product} {ergonomic}
   size_t SoftMaxHeapSize                          = 536870912                              {manageable} {ergonomic}
     bool UseCompressedClassPointers               = true                           {product lp64_product} {ergonomic}
     bool UseCompressedOops                        = true                           {product lp64_product} {ergonomic}
     bool UseG1GC                                  = true                                      {product} {ergonomic}
     bool UseLargePagesIndividualAllocation        = false                                  {pd product} {ergonomic}

Logging:
Log output configuration:
 #0: stdout all=warning uptime,level,tags
 #1: stderr all=off uptime,level,tags

Environment Variables:
JAVA_HOME=C:\Program Files\Java\jdk-17
PATH=C:\Program Files\Common Files\Oracle\Java\javapath;C:\Windows;C:\Windows\System32\Wbem;C:\Windows\System32\WindowsPowerShell\v1.0\;C:\Windows\System32\OpenSSH\;C:\Program Files (x86)\NVIDIA Corporation\PhysX\Common;C:\Program Files\NVIDIA Corporation\NVIDIA NvDLISR;C:\WINDOWS\system32;C:\WINDOWS;C:\WINDOWS\System32\Wbem;C:\WINDOWS\System32\WindowsPowerShell\v1.0\;C:\WINDOWS\System32\OpenSSH\;C:\Program Files (x86)\Embarcadero\Dev-Cpp\TDM-GCC-64\bin;C:\MongoDB\Server\6.0\bin;C:\mongosh-1.6.1\bin;C:\Program Files\Azure Data Studio\bin;C:\Program Files (x86)\Microsoft SQL Server\160\DTS\Binn\;C:\Program Files (x86)\Microsoft SQL Server\160\Tools\Binn\;C:\Program Files\Microsoft SQL Server\160\Tools\Binn\;C:\Program Files\Microsoft SQL Server\Client SDK\ODBC\170\Tools\Binn\;C:\Program Files\Microsoft SQL Server\160\DTS\Binn\;C:\Users\congh\AppData\Local\Programs\Python\Python312;C:\Program Files\dotnet\;C:\Program Files\Cloudflare\Cloudflare WARP\;C:\Git\cmd;C:\Program Files\nodejs;C:\Program Files\Java\jdk-17\bin;D:\WWW\payara-6.2024.9\payara6\bin;C:\Program Files\Java\jdk-17\bin;D:\WWW\apache-maven-3.9.9-src\apache-maven-3.9.9\apache-maven\src\bin;;C:\Program Files\Docker\Docker\resources\bin;C:\Users\congh\AppData\Local\Programs\Python\Launcher\;C:\Users\congh\AppData\Local\Microsoft\WindowsApps;C:\Program Files (x86)\Embarcadero\Dev-Cpp\TDM-GCC-64\bin;C:\Microsoft VS Code\bin;C:\Program Files\Azure Data Studio\bin;C:\Program Files\JetBrains\IntelliJ IDEA Community Edition 2023.3.2\bin;;C:\Users\congh\AppData\Roaming\npm;C:\Program Files\JetBrains\IntelliJ IDEA 2024.2.0.2\bin;;C:\Users\congh\AppData\Local\Microsoft\WinGet\Packages\Schniz.fnm_Microsoft.Winget.Source_8wekyb3d8bbwe;C:\Users\congh\.dotnet\tools;
USERNAME=congh
OS=Windows_NT
PROCESSOR_IDENTIFIER=Intel64 Family 6 Model 141 Stepping 1, GenuineIntel



---------------  S Y S T E M  ---------------

OS:
 Windows 11 , 64 bit Build 26100 (10.0.26100.3912)
OS uptime: 0 days 13:43 hours
Hyper-V role detected

CPU: total 16 (initial active 16) (8 cores per cpu, 2 threads per core) family 6 model 141 stepping 1 microcode 0x3c, cx8, cmov, fxsr, ht, mmx, 3dnowpref, sse, sse2, sse3, ssse3, sse4.1, sse4.2, popcnt, lzcnt, tsc, tscinvbit, avx, avx2, aes, erms, clmul, bmi1, bmi2, adx, avx512f, avx512dq, avx512cd, avx512bw, avx512vl, sha, fma, vzeroupper, avx512_vpopcntdq, avx512_vpclmulqdq, avx512_vaes, avx512_vnni, clflush, clflushopt, clwb, avx512_vbmi2, avx512_vbmi, hv

Memory: 4k page, system-wide physical 16163M (1626M free)
TotalPageFile size 32307M (AvailPageFile size 4M)
current process WorkingSet (physical memory assigned to process): 280M, peak: 287M
current process commit charge ("private bytes"): 437M, peak: 456M

vm_info: Java HotSpot(TM) 64-Bit Server VM (17.0.11+7-LTS-207) for windows-amd64 JRE (17.0.11+7-LTS-207), built on Mar 11 2024 19:01:50 by "mach5one" with MS VC++ 17.6 (VS2022)

END.
