#
# There is insufficient memory for the Java Runtime Environment to continue.
# Native memory allocation (malloc) failed to allocate 1447216 bytes for Chunk::new
# Possible reasons:
#   The system is out of physical RAM or swap space
#   The process is running with CompressedOops enabled, and the Java Heap may be blocking the growth of the native heap
# Possible solutions:
#   Reduce memory load on the system
#   Increase physical memory or swap space
#   Check if swap backing store is full
#   Decrease Java heap size (-Xmx/-Xms)
#   Decrease number of Java threads
#   Decrease Java thread stack sizes (-Xss)
#   Set larger code cache with -XX:ReservedCodeCacheSize=
#   JVM is running with Unscaled Compressed Oops mode in which the Java heap is
#     placed in the first 4GB address space. The Java Heap base address is the
#     maximum limit for the native heap growth. Please use -XX:HeapBaseMinAddress
#     to set the Java Heap base and to place the Java Heap above 4GB virtual address.
# This output file may be truncated or incomplete.
#
#  Out of Memory Error (arena.cpp:189), pid=22940, tid=22948
#
# JRE version: Java(TM) SE Runtime Environment (17.0.11+7) (build 17.0.11+7-LTS-207)
# Java VM: Java HotSpot(TM) 64-Bit Server VM (17.0.11+7-LTS-207, mixed mode, sharing, tiered, compressed oops, compressed class ptrs, g1 gc, windows-amd64)
# No core dump will be written. Minidumps are not enabled by default on client versions of Windows
#

---------------  S U M M A R Y ------------

Command Line: --add-opens=java.base/java.util=ALL-UNNAMED --add-opens=java.base/java.lang=ALL-UNNAMED --add-opens=java.base/java.lang.invoke=ALL-UNNAMED --add-opens=java.prefs/java.util.prefs=ALL-UNNAMED --add-exports=jdk.compiler/com.sun.tools.javac.api=ALL-UNNAMED --add-exports=jdk.compiler/com.sun.tools.javac.util=ALL-UNNAMED --add-opens=java.base/java.nio.charset=ALL-UNNAMED --add-opens=java.base/java.net=ALL-UNNAMED --add-opens=java.base/java.util.concurrent.atomic=ALL-UNNAMED -XX:MaxMetaspaceSize=384m -XX:+HeapDumpOnOutOfMemoryError -Xms256m -Xmx512m -Dfile.encoding=UTF-8 -Duser.country=US -Duser.language=en -Duser.variant -javaagent:D:\WWW\gradle-8.10-bin\gradle-8.10\lib\agents\gradle-instrumentation-agent-8.10.jar org.gradle.launcher.daemon.bootstrap.GradleDaemon 8.10

Host: 11th Gen Intel(R) Core(TM) i7-11800H @ 2.30GHz, 16 cores, 15G,  Windows 11 , 64 bit Build 26100 (10.0.26100.3912)
Time: Sun Apr 27 23:26:41 2025 SE Asia Standard Time elapsed time: 10.719821 seconds (0d 0h 0m 10s)

---------------  T H R E A D  ---------------

Current thread (0x0000026eaecfb1b0):  JavaThread "C2 CompilerThread2" daemon [_thread_in_native, id=22948, stack(0x000000e32c500000,0x000000e32c600000)]


Current CompileTask:
C2:  10719 5014       4       groovyjarjarantlr4.v4.runtime.atn.PredictionContext::getCachedContext (297 bytes)

Stack: [0x000000e32c500000,0x000000e32c600000]
Native frames: (J=compiled Java code, j=interpreted, Vv=VM code, C=native code)
V  [jvm.dll+0x679cca]
V  [jvm.dll+0x7da13d]
V  [jvm.dll+0x7dba83]
V  [jvm.dll+0x7dc0f3]
V  [jvm.dll+0x2449af]
V  [jvm.dll+0xab83b]
V  [jvm.dll+0xabe1c]
V  [jvm.dll+0x2a9e6f]
V  [jvm.dll+0x5818d9]
V  [jvm.dll+0x21ed62]
V  [jvm.dll+0x217bd7]
V  [jvm.dll+0x215505]
V  [jvm.dll+0x1a2040]
V  [jvm.dll+0x225a2b]
V  [jvm.dll+0x223bcb]
V  [jvm.dll+0x7903ec]
V  [jvm.dll+0x78a85a]
V  [jvm.dll+0x678bb5]
C  [ucrtbase.dll+0x37b0]
C  [KERNEL32.DLL+0x2e8d7]
C  [ntdll.dll+0x9c5dc]


---------------  P R O C E S S  ---------------

Threads class SMR info:
_java_thread_list=0x0000026effb3a0d0, length=52, elements={
0x0000026ef4a93780, 0x0000026eff5b8330, 0x0000026eff5bb870, 0x0000026eff5d4a80,
0x0000026eff5d5350, 0x0000026eff5d5c20, 0x0000026eff5d64f0, 0x0000026eff5d70f0,
0x0000026eff5d90e0, 0x0000026eff5dbc40, 0x0000026eff5a4c70, 0x0000026eff8eb5d0,
0x0000026eab457ca0, 0x0000026eabf7c650, 0x0000026eabdfd7f0, 0x0000026eabdfecf0,
0x0000026eabfd92c0, 0x0000026eab9d5490, 0x0000026eab9d4050, 0x0000026eab9d4560,
0x0000026eab9d7800, 0x0000026eab9d63c0, 0x0000026eab9d59a0, 0x0000026eab9d4a70,
0x0000026eab9d5eb0, 0x0000026eab9d72f0, 0x0000026eab9d4f80, 0x0000026eab9d68d0,
0x0000026eab9d6de0, 0x0000026eac5fea30, 0x0000026eac5fe010, 0x0000026eac5fcbd0,
0x0000026eac5fd5f0, 0x0000026eac5fe520, 0x0000026eac5fef40, 0x0000026eac5ff450,
0x0000026eac5fd0e0, 0x0000026eac5ff960, 0x0000026eac5fdb00, 0x0000026eac5ffe70,
0x0000026eac5fc6c0, 0x0000026eac600890, 0x0000026eac600380, 0x0000026eac604040,
0x0000026eac603b30, 0x0000026eac600da0, 0x0000026eac6026f0, 0x0000026eac603110,
0x0000026ead2d90d0, 0x0000026eac6017c0, 0x0000026eaecfb1b0, 0x0000026eaa886a90
}

Java Threads: ( => current thread )
  0x0000026ef4a93780 JavaThread "main" [_thread_blocked, id=13556, stack(0x000000e327b00000,0x000000e327c00000)]
  0x0000026eff5b8330 JavaThread "Reference Handler" daemon [_thread_blocked, id=14772, stack(0x000000e328200000,0x000000e328300000)]
  0x0000026eff5bb870 JavaThread "Finalizer" daemon [_thread_blocked, id=24896, stack(0x000000e328300000,0x000000e328400000)]
  0x0000026eff5d4a80 JavaThread "Signal Dispatcher" daemon [_thread_blocked, id=24716, stack(0x000000e328400000,0x000000e328500000)]
  0x0000026eff5d5350 JavaThread "Attach Listener" daemon [_thread_blocked, id=11644, stack(0x000000e328500000,0x000000e328600000)]
  0x0000026eff5d5c20 JavaThread "Service Thread" daemon [_thread_blocked, id=23328, stack(0x000000e328600000,0x000000e328700000)]
  0x0000026eff5d64f0 JavaThread "Monitor Deflation Thread" daemon [_thread_blocked, id=1600, stack(0x000000e328700000,0x000000e328800000)]
  0x0000026eff5d70f0 JavaThread "C2 CompilerThread0" daemon [_thread_in_native, id=28544, stack(0x000000e328800000,0x000000e328900000)]
  0x0000026eff5d90e0 JavaThread "C1 CompilerThread0" daemon [_thread_blocked, id=21884, stack(0x000000e328900000,0x000000e328a00000)]
  0x0000026eff5dbc40 JavaThread "Sweeper thread" daemon [_thread_blocked, id=23904, stack(0x000000e328a00000,0x000000e328b00000)]
  0x0000026eff5a4c70 JavaThread "Common-Cleaner" daemon [_thread_blocked, id=25688, stack(0x000000e328b00000,0x000000e328c00000)]
  0x0000026eff8eb5d0 JavaThread "Notification Thread" daemon [_thread_blocked, id=27436, stack(0x000000e328f00000,0x000000e329000000)]
  0x0000026eab457ca0 JavaThread "Daemon health stats" [_thread_blocked, id=13836, stack(0x000000e329800000,0x000000e329900000)]
  0x0000026eabf7c650 JavaThread "Incoming local TCP Connector on port 53853" [_thread_in_native, id=20172, stack(0x000000e329900000,0x000000e329a00000)]
  0x0000026eabdfd7f0 JavaThread "Daemon periodic checks" [_thread_blocked, id=3140, stack(0x000000e329a00000,0x000000e329b00000)]
  0x0000026eabdfecf0 JavaThread "Daemon" [_thread_blocked, id=3224, stack(0x000000e329b00000,0x000000e329c00000)]
  0x0000026eabfd92c0 JavaThread "Handler for socket connection from /127.0.0.1:53853 to /127.0.0.1:53854" [_thread_in_native, id=5460, stack(0x000000e329c00000,0x000000e329d00000)]
  0x0000026eab9d5490 JavaThread "Cancel handler" [_thread_blocked, id=21640, stack(0x000000e329d00000,0x000000e329e00000)]
  0x0000026eab9d4050 JavaThread "Daemon worker" [_thread_in_Java, id=23612, stack(0x000000e329e00000,0x000000e329f00000)]
  0x0000026eab9d4560 JavaThread "Asynchronous log dispatcher for DefaultDaemonConnection: socket connection from /127.0.0.1:53853 to /127.0.0.1:53854" [_thread_blocked, id=19896, stack(0x000000e329f00000,0x000000e32a000000)]
  0x0000026eab9d7800 JavaThread "Stdin handler" [_thread_blocked, id=14100, stack(0x000000e32a000000,0x000000e32a100000)]
  0x0000026eab9d63c0 JavaThread "Daemon client event forwarder" [_thread_blocked, id=26752, stack(0x000000e32a100000,0x000000e32a200000)]
  0x0000026eab9d59a0 JavaThread "Cache worker for journal cache (D:\WWW\gradle-8.10\bin\caches\journal-1)" [_thread_blocked, id=14356, stack(0x000000e32a200000,0x000000e32a300000)]
  0x0000026eab9d4a70 JavaThread "File lock request listener" [_thread_in_native, id=23548, stack(0x000000e32a300000,0x000000e32a400000)]
  0x0000026eab9d5eb0 JavaThread "Cache worker for file hash cache (D:\WWW\gradle-8.10\bin\caches\8.10\fileHashes)" [_thread_blocked, id=11280, stack(0x000000e32a400000,0x000000e32a500000)]
  0x0000026eab9d72f0 JavaThread "Cache worker for file hash cache (D:\MicroserviceLab\backend\product-services\.gradle\8.10\fileHashes)" [_thread_blocked, id=20232, stack(0x000000e32a500000,0x000000e32a600000)]
  0x0000026eab9d4f80 JavaThread "Cache worker for Build Output Cleanup Cache (D:\MicroserviceLab\backend\product-services\.gradle\buildOutputCleanup)" [_thread_blocked, id=15960, stack(0x000000e32a600000,0x000000e32a700000)]
  0x0000026eab9d68d0 JavaThread "File watcher server" daemon [_thread_in_native, id=14344, stack(0x000000e32b000000,0x000000e32b100000)]
  0x0000026eab9d6de0 JavaThread "File watcher consumer" daemon [_thread_blocked, id=17736, stack(0x000000e32b100000,0x000000e32b200000)]
  0x0000026eac5fea30 JavaThread "jar transforms" [_thread_blocked, id=16548, stack(0x000000e32b200000,0x000000e32b300000)]
  0x0000026eac5fe010 JavaThread "jar transforms Thread 2" [_thread_blocked, id=27944, stack(0x000000e32b300000,0x000000e32b400000)]
  0x0000026eac5fcbd0 JavaThread "jar transforms Thread 3" [_thread_blocked, id=8068, stack(0x000000e32b400000,0x000000e32b500000)]
  0x0000026eac5fd5f0 JavaThread "jar transforms Thread 4" [_thread_blocked, id=12556, stack(0x000000e32b500000,0x000000e32b600000)]
  0x0000026eac5fe520 JavaThread "jar transforms Thread 5" [_thread_blocked, id=26632, stack(0x000000e32b600000,0x000000e32b700000)]
  0x0000026eac5fef40 JavaThread "jar transforms Thread 6" [_thread_blocked, id=28496, stack(0x000000e32b700000,0x000000e32b800000)]
  0x0000026eac5ff450 JavaThread "jar transforms Thread 7" [_thread_blocked, id=27516, stack(0x000000e32b800000,0x000000e32b900000)]
  0x0000026eac5fd0e0 JavaThread "jar transforms Thread 8" [_thread_blocked, id=23076, stack(0x000000e32b900000,0x000000e32ba00000)]
  0x0000026eac5ff960 JavaThread "jar transforms Thread 9" [_thread_blocked, id=28204, stack(0x000000e32ba00000,0x000000e32bb00000)]
  0x0000026eac5fdb00 JavaThread "jar transforms Thread 10" [_thread_blocked, id=24120, stack(0x000000e32bb00000,0x000000e32bc00000)]
  0x0000026eac5ffe70 JavaThread "jar transforms Thread 11" [_thread_blocked, id=11364, stack(0x000000e32bc00000,0x000000e32bd00000)]
  0x0000026eac5fc6c0 JavaThread "jar transforms Thread 12" [_thread_blocked, id=15208, stack(0x000000e32bd00000,0x000000e32be00000)]
  0x0000026eac600890 JavaThread "jar transforms Thread 13" [_thread_blocked, id=28224, stack(0x000000e32be00000,0x000000e32bf00000)]
  0x0000026eac600380 JavaThread "jar transforms Thread 14" [_thread_blocked, id=5144, stack(0x000000e32bf00000,0x000000e32c000000)]
  0x0000026eac604040 JavaThread "Cache worker for checksums cache (D:\MicroserviceLab\backend\product-services\.gradle\8.10\checksums)" [_thread_blocked, id=28420, stack(0x000000e329600000,0x000000e329700000)]
  0x0000026eac603b30 JavaThread "Cache worker for file content cache (D:\WWW\gradle-8.10\bin\caches\8.10\fileContent)" [_thread_blocked, id=19244, stack(0x000000e329700000,0x000000e329800000)]
  0x0000026eac600da0 JavaThread "Cache worker for cache directory md-rule (D:\WWW\gradle-8.10\bin\caches\8.10\md-rule)" [_thread_blocked, id=996, stack(0x000000e32c000000,0x000000e32c100000)]
  0x0000026eac6026f0 JavaThread "Cache worker for cache directory md-supplier (D:\WWW\gradle-8.10\bin\caches\8.10\md-supplier)" [_thread_blocked, id=12848, stack(0x000000e32c100000,0x000000e32c200000)]
  0x0000026eac603110 JavaThread "jar transforms Thread 15" [_thread_blocked, id=20788, stack(0x000000e32c200000,0x000000e32c300000)]
  0x0000026ead2d90d0 JavaThread "C2 CompilerThread1" daemon [_thread_in_native, id=26476, stack(0x000000e32c300000,0x000000e32c400000)]
  0x0000026eac6017c0 JavaThread "jar transforms Thread 16" [_thread_blocked, id=26720, stack(0x000000e32c400000,0x000000e32c500000)]
=>0x0000026eaecfb1b0 JavaThread "C2 CompilerThread2" daemon [_thread_in_native, id=22948, stack(0x000000e32c500000,0x000000e32c600000)]
  0x0000026eaa886a90 JavaThread "C2 CompilerThread3" daemon [_thread_in_native, id=15460, stack(0x000000e32c600000,0x000000e32c700000)]

Other Threads:
  0x0000026eff5b6190 VMThread "VM Thread" [stack: 0x000000e328100000,0x000000e328200000] [id=25568]
  0x0000026ef4af1700 WatcherThread [stack: 0x000000e329000000,0x000000e329100000] [id=7424]
  0x0000026ef4ac57a0 GCTaskThread "GC Thread#0" [stack: 0x000000e327c00000,0x000000e327d00000] [id=12764]
  0x0000026eaa25b2e0 GCTaskThread "GC Thread#1" [stack: 0x000000e329100000,0x000000e329200000] [id=24284]
  0x0000026eaa874580 GCTaskThread "GC Thread#2" [stack: 0x000000e329200000,0x000000e329300000] [id=22484]
  0x0000026eaa7ee9b0 GCTaskThread "GC Thread#3" [stack: 0x000000e329300000,0x000000e329400000] [id=17472]
  0x0000026eaa7eec70 GCTaskThread "GC Thread#4" [stack: 0x000000e329400000,0x000000e329500000] [id=8648]
  0x0000026eaa7eef30 GCTaskThread "GC Thread#5" [stack: 0x000000e329500000,0x000000e329600000] [id=26924]
  0x0000026eac7551a0 GCTaskThread "GC Thread#6" [stack: 0x000000e32a700000,0x000000e32a800000] [id=18288]
  0x0000026ead005680 GCTaskThread "GC Thread#7" [stack: 0x000000e32a800000,0x000000e32a900000] [id=28360]
  0x0000026eae4f7300 GCTaskThread "GC Thread#8" [stack: 0x000000e32a900000,0x000000e32aa00000] [id=13940]
  0x0000026eae821cd0 GCTaskThread "GC Thread#9" [stack: 0x000000e32aa00000,0x000000e32ab00000] [id=26744]
  0x0000026eac47c630 GCTaskThread "GC Thread#10" [stack: 0x000000e32ab00000,0x000000e32ac00000] [id=28484]
  0x0000026eac47c370 GCTaskThread "GC Thread#11" [stack: 0x000000e32ac00000,0x000000e32ad00000] [id=17680]
  0x0000026eac47d130 GCTaskThread "GC Thread#12" [stack: 0x000000e32ad00000,0x000000e32ae00000] [id=15904]
  0x0000026ef4aca500 ConcurrentGCThread "G1 Main Marker" [stack: 0x000000e327d00000,0x000000e327e00000] [id=14840]
  0x0000026ef4acae10 ConcurrentGCThread "G1 Conc#0" [stack: 0x000000e327e00000,0x000000e327f00000] [id=4492]
  0x0000026eac47d970 ConcurrentGCThread "G1 Conc#1" [stack: 0x000000e32ae00000,0x000000e32af00000] [id=4360]
  0x0000026eac47d3f0 ConcurrentGCThread "G1 Conc#2" [stack: 0x000000e32af00000,0x000000e32b000000] [id=5536]
  0x0000026eff474500 ConcurrentGCThread "G1 Refine#0" [stack: 0x000000e327f00000,0x000000e328000000] [id=18920]
  0x0000026eff474be0 ConcurrentGCThread "G1 Service" [stack: 0x000000e328000000,0x000000e328100000] [id=28380]

Threads with active compile tasks:
C2 CompilerThread0    10749 4893       4       groovyjarjarantlr4.v4.runtime.atn.PredictionContext::join (569 bytes)
C2 CompilerThread1    10749 5019       4       groovyjarjarantlr4.v4.runtime.atn.ParserATNSimulator::closure (784 bytes)
C2 CompilerThread2    10749 5014       4       groovyjarjarantlr4.v4.runtime.atn.PredictionContext::getCachedContext (297 bytes)
C2 CompilerThread3    10749 5101       4       java.util.HashSet::add (20 bytes)

VM state: not at safepoint (normal execution)

VM Mutex/Monitor currently owned by a thread: None

Heap address: 0x00000000e0000000, size: 512 MB, Compressed Oops mode: 32-bit

CDS archive(s) mapped at: [0x0000026e91000000-0x0000026e91bd0000-0x0000026e91bd0000), size 12386304, SharedBaseAddress: 0x0000026e91000000, ArchiveRelocationMode: 1.
Compressed class space mapped at: 0x0000026e92000000-0x0000026ea6000000, reserved size: 335544320
Narrow klass base: 0x0000026e91000000, Narrow klass shift: 0, Narrow klass range: 0x100000000

GC Precious Log:
 CPUs: 16 total, 16 available
 Memory: 16163M
 Large Page Support: Disabled
 NUMA Support: Disabled
 Compressed Oops: Enabled (32-bit)
 Heap Region Size: 1M
 Heap Min Capacity: 256M
 Heap Initial Capacity: 256M
 Heap Max Capacity: 512M
 Pre-touch: Disabled
 Parallel Workers: 13
 Concurrent Workers: 3
 Concurrent Refinement Workers: 13
 Periodic GC: Disabled

Heap:
 garbage-first heap   total 262144K, used 125758K [0x00000000e0000000, 0x0000000100000000)
  region size 1024K, 86 young (88064K), 11 survivors (11264K)
 Metaspace       used 40203K, committed 40768K, reserved 393216K
  class space    used 5691K, committed 5952K, reserved 327680K

Heap Regions: E=young(eden), S=young(survivor), O=old, HS=humongous(starts), HC=humongous(continues), CS=collection set, F=free, OA=open archive, CA=closed archive, TAMS=top-at-mark-start (previous, next)
|   0|0x00000000e0000000, 0x00000000e0100000, 0x00000000e0100000|100%|HS|  |TAMS 0x00000000e0100000, 0x00000000e0000000| Complete 
|   1|0x00000000e0100000, 0x00000000e0200000, 0x00000000e0200000|100%|HC|  |TAMS 0x00000000e0200000, 0x00000000e0100000| Complete 
|   2|0x00000000e0200000, 0x00000000e0300000, 0x00000000e0300000|100%|HC|  |TAMS 0x00000000e0300000, 0x00000000e0200000| Complete 
|   3|0x00000000e0300000, 0x00000000e0400000, 0x00000000e0400000|100%|HC|  |TAMS 0x00000000e0400000, 0x00000000e0300000| Complete 
|   4|0x00000000e0400000, 0x00000000e0500000, 0x00000000e0500000|100%| O|  |TAMS 0x00000000e0500000, 0x00000000e0400000| Untracked 
|   5|0x00000000e0500000, 0x00000000e0600000, 0x00000000e0600000|100%| O|  |TAMS 0x00000000e0600000, 0x00000000e0500000| Untracked 
|   6|0x00000000e0600000, 0x00000000e0700000, 0x00000000e0700000|100%| O|  |TAMS 0x00000000e0700000, 0x00000000e0600000| Untracked 
|   7|0x00000000e0700000, 0x00000000e0800000, 0x00000000e0800000|100%| O|  |TAMS 0x00000000e0800000, 0x00000000e0700000| Untracked 
|   8|0x00000000e0800000, 0x00000000e0900000, 0x00000000e0900000|100%| O|  |TAMS 0x00000000e0900000, 0x00000000e0800000| Untracked 
|   9|0x00000000e0900000, 0x00000000e0a00000, 0x00000000e0a00000|100%| O|  |TAMS 0x00000000e09e0e00, 0x00000000e0900000| Untracked 
|  10|0x00000000e0a00000, 0x00000000e0b00000, 0x00000000e0b00000|100%|HS|  |TAMS 0x00000000e0b00000, 0x00000000e0a00000| Complete 
|  11|0x00000000e0b00000, 0x00000000e0c00000, 0x00000000e0c00000|100%|HS|  |TAMS 0x00000000e0c00000, 0x00000000e0b00000| Complete 
|  12|0x00000000e0c00000, 0x00000000e0d00000, 0x00000000e0d00000|100%|HC|  |TAMS 0x00000000e0d00000, 0x00000000e0c00000| Complete 
|  13|0x00000000e0d00000, 0x00000000e0e00000, 0x00000000e0e00000|100%|HC|  |TAMS 0x00000000e0e00000, 0x00000000e0d00000| Complete 
|  14|0x00000000e0e00000, 0x00000000e0f00000, 0x00000000e0f00000|100%|HC|  |TAMS 0x00000000e0f00000, 0x00000000e0e00000| Complete 
|  15|0x00000000e0f00000, 0x00000000e1000000, 0x00000000e1000000|100%|HC|  |TAMS 0x00000000e1000000, 0x00000000e0f00000| Complete 
|  16|0x00000000e1000000, 0x00000000e1100000, 0x00000000e1100000|100%|HS|  |TAMS 0x00000000e1100000, 0x00000000e1000000| Complete 
|  17|0x00000000e1100000, 0x00000000e1200000, 0x00000000e1200000|100%|HC|  |TAMS 0x00000000e1200000, 0x00000000e1100000| Complete 
|  18|0x00000000e1200000, 0x00000000e1300000, 0x00000000e1300000|100%|HC|  |TAMS 0x00000000e1300000, 0x00000000e1200000| Complete 
|  19|0x00000000e1300000, 0x00000000e1400000, 0x00000000e1400000|100%|HS|  |TAMS 0x00000000e1400000, 0x00000000e1300000| Complete 
|  20|0x00000000e1400000, 0x00000000e1500000, 0x00000000e1500000|100%|HC|  |TAMS 0x00000000e1500000, 0x00000000e1400000| Complete 
|  21|0x00000000e1500000, 0x00000000e1600000, 0x00000000e1600000|100%|HS|  |TAMS 0x00000000e1600000, 0x00000000e1500000| Complete 
|  22|0x00000000e1600000, 0x00000000e1700000, 0x00000000e1700000|100%| O|  |TAMS 0x00000000e1600000, 0x00000000e1600000| Untracked 
|  23|0x00000000e1700000, 0x00000000e1800000, 0x00000000e1800000|100%| O|  |TAMS 0x00000000e1700000, 0x00000000e1700000| Untracked 
|  24|0x00000000e1800000, 0x00000000e1900000, 0x00000000e1900000|100%| O|  |TAMS 0x00000000e1800000, 0x00000000e1800000| Untracked 
|  25|0x00000000e1900000, 0x00000000e1a00000, 0x00000000e1a00000|100%| O|  |TAMS 0x00000000e1900000, 0x00000000e1900000| Untracked 
|  26|0x00000000e1a00000, 0x00000000e1b00000, 0x00000000e1b00000|100%| O|  |TAMS 0x00000000e1a00000, 0x00000000e1a00000| Untracked 
|  27|0x00000000e1b00000, 0x00000000e1c00000, 0x00000000e1c00000|100%| O|  |TAMS 0x00000000e1b00000, 0x00000000e1b00000| Untracked 
|  28|0x00000000e1c00000, 0x00000000e1d00000, 0x00000000e1d00000|100%| O|  |TAMS 0x00000000e1c00000, 0x00000000e1c00000| Untracked 
|  29|0x00000000e1d00000, 0x00000000e1e00000, 0x00000000e1e00000|100%| O|  |TAMS 0x00000000e1d00000, 0x00000000e1d00000| Untracked 
|  30|0x00000000e1e00000, 0x00000000e1f00000, 0x00000000e1f00000|100%| O|  |TAMS 0x00000000e1e00000, 0x00000000e1e00000| Untracked 
|  31|0x00000000e1f00000, 0x00000000e2000000, 0x00000000e2000000|100%| O|  |TAMS 0x00000000e1f00000, 0x00000000e1f00000| Untracked 
|  32|0x00000000e2000000, 0x00000000e2100000, 0x00000000e2100000|100%| O|  |TAMS 0x00000000e2000000, 0x00000000e2000000| Untracked 
|  33|0x00000000e2100000, 0x00000000e21ffa00, 0x00000000e2200000| 99%| O|  |TAMS 0x00000000e2100000, 0x00000000e2100000| Untracked 
|  34|0x00000000e2200000, 0x00000000e2300000, 0x00000000e2300000|100%|HS|  |TAMS 0x00000000e2200000, 0x00000000e2200000| Complete 
|  35|0x00000000e2300000, 0x00000000e2400000, 0x00000000e2400000|100%|HS|  |TAMS 0x00000000e2300000, 0x00000000e2300000| Complete 
|  36|0x00000000e2400000, 0x00000000e2500000, 0x00000000e2500000|100%|HC|  |TAMS 0x00000000e2400000, 0x00000000e2400000| Complete 
|  37|0x00000000e2500000, 0x00000000e2600000, 0x00000000e2600000|100%|HS|  |TAMS 0x00000000e2500000, 0x00000000e2500000| Complete 
|  38|0x00000000e2600000, 0x00000000e2700000, 0x00000000e2700000|100%|HC|  |TAMS 0x00000000e2600000, 0x00000000e2600000| Complete 
|  39|0x00000000e2700000, 0x00000000e2700000, 0x00000000e2800000|  0%| F|  |TAMS 0x00000000e2700000, 0x00000000e2700000| Untracked 
|  40|0x00000000e2800000, 0x00000000e2800000, 0x00000000e2900000|  0%| F|  |TAMS 0x00000000e2800000, 0x00000000e2800000| Untracked 
|  41|0x00000000e2900000, 0x00000000e2900000, 0x00000000e2a00000|  0%| F|  |TAMS 0x00000000e2900000, 0x00000000e2900000| Untracked 
|  42|0x00000000e2a00000, 0x00000000e2a00000, 0x00000000e2b00000|  0%| F|  |TAMS 0x00000000e2a00000, 0x00000000e2a00000| Untracked 
|  43|0x00000000e2b00000, 0x00000000e2b00000, 0x00000000e2c00000|  0%| F|  |TAMS 0x00000000e2b00000, 0x00000000e2b00000| Untracked 
|  44|0x00000000e2c00000, 0x00000000e2c00000, 0x00000000e2d00000|  0%| F|  |TAMS 0x00000000e2c00000, 0x00000000e2c00000| Untracked 
|  45|0x00000000e2d00000, 0x00000000e2d00000, 0x00000000e2e00000|  0%| F|  |TAMS 0x00000000e2d00000, 0x00000000e2d00000| Untracked 
|  46|0x00000000e2e00000, 0x00000000e2e00000, 0x00000000e2f00000|  0%| F|  |TAMS 0x00000000e2e00000, 0x00000000e2e00000| Untracked 
|  47|0x00000000e2f00000, 0x00000000e2f00000, 0x00000000e3000000|  0%| F|  |TAMS 0x00000000e2f00000, 0x00000000e2f00000| Untracked 
|  48|0x00000000e3000000, 0x00000000e3000000, 0x00000000e3100000|  0%| F|  |TAMS 0x00000000e3000000, 0x00000000e3000000| Untracked 
|  49|0x00000000e3100000, 0x00000000e3100000, 0x00000000e3200000|  0%| F|  |TAMS 0x00000000e3100000, 0x00000000e3100000| Untracked 
|  50|0x00000000e3200000, 0x00000000e3200000, 0x00000000e3300000|  0%| F|  |TAMS 0x00000000e3200000, 0x00000000e3200000| Untracked 
|  51|0x00000000e3300000, 0x00000000e3300000, 0x00000000e3400000|  0%| F|  |TAMS 0x00000000e3300000, 0x00000000e3300000| Untracked 
|  52|0x00000000e3400000, 0x00000000e3400000, 0x00000000e3500000|  0%| F|  |TAMS 0x00000000e3400000, 0x00000000e3400000| Untracked 
|  53|0x00000000e3500000, 0x00000000e3500000, 0x00000000e3600000|  0%| F|  |TAMS 0x00000000e3500000, 0x00000000e3500000| Untracked 
|  54|0x00000000e3600000, 0x00000000e3600000, 0x00000000e3700000|  0%| F|  |TAMS 0x00000000e3600000, 0x00000000e3600000| Untracked 
|  55|0x00000000e3700000, 0x00000000e3700000, 0x00000000e3800000|  0%| F|  |TAMS 0x00000000e3700000, 0x00000000e3700000| Untracked 
|  56|0x00000000e3800000, 0x00000000e3800000, 0x00000000e3900000|  0%| F|  |TAMS 0x00000000e3800000, 0x00000000e3800000| Untracked 
|  57|0x00000000e3900000, 0x00000000e3900000, 0x00000000e3a00000|  0%| F|  |TAMS 0x00000000e3900000, 0x00000000e3900000| Untracked 
|  58|0x00000000e3a00000, 0x00000000e3a00000, 0x00000000e3b00000|  0%| F|  |TAMS 0x00000000e3a00000, 0x00000000e3a00000| Untracked 
|  59|0x00000000e3b00000, 0x00000000e3b00000, 0x00000000e3c00000|  0%| F|  |TAMS 0x00000000e3b00000, 0x00000000e3b00000| Untracked 
|  60|0x00000000e3c00000, 0x00000000e3c00000, 0x00000000e3d00000|  0%| F|  |TAMS 0x00000000e3c00000, 0x00000000e3c00000| Untracked 
|  61|0x00000000e3d00000, 0x00000000e3d00000, 0x00000000e3e00000|  0%| F|  |TAMS 0x00000000e3d00000, 0x00000000e3d00000| Untracked 
|  62|0x00000000e3e00000, 0x00000000e3e00000, 0x00000000e3f00000|  0%| F|  |TAMS 0x00000000e3e00000, 0x00000000e3e00000| Untracked 
|  63|0x00000000e3f00000, 0x00000000e3f00000, 0x00000000e4000000|  0%| F|  |TAMS 0x00000000e3f00000, 0x00000000e3f00000| Untracked 
|  64|0x00000000e4000000, 0x00000000e4000000, 0x00000000e4100000|  0%| F|  |TAMS 0x00000000e4000000, 0x00000000e4000000| Untracked 
|  65|0x00000000e4100000, 0x00000000e4100000, 0x00000000e4200000|  0%| F|  |TAMS 0x00000000e4100000, 0x00000000e4100000| Untracked 
|  66|0x00000000e4200000, 0x00000000e4200000, 0x00000000e4300000|  0%| F|  |TAMS 0x00000000e4200000, 0x00000000e4200000| Untracked 
|  67|0x00000000e4300000, 0x00000000e4300000, 0x00000000e4400000|  0%| F|  |TAMS 0x00000000e4300000, 0x00000000e4300000| Untracked 
|  68|0x00000000e4400000, 0x00000000e4400000, 0x00000000e4500000|  0%| F|  |TAMS 0x00000000e4400000, 0x00000000e4400000| Untracked 
|  69|0x00000000e4500000, 0x00000000e4500000, 0x00000000e4600000|  0%| F|  |TAMS 0x00000000e4500000, 0x00000000e4500000| Untracked 
|  70|0x00000000e4600000, 0x00000000e4600000, 0x00000000e4700000|  0%| F|  |TAMS 0x00000000e4600000, 0x00000000e4600000| Untracked 
|  71|0x00000000e4700000, 0x00000000e4700000, 0x00000000e4800000|  0%| F|  |TAMS 0x00000000e4700000, 0x00000000e4700000| Untracked 
|  72|0x00000000e4800000, 0x00000000e4800000, 0x00000000e4900000|  0%| F|  |TAMS 0x00000000e4800000, 0x00000000e4800000| Untracked 
|  73|0x00000000e4900000, 0x00000000e4900000, 0x00000000e4a00000|  0%| F|  |TAMS 0x00000000e4900000, 0x00000000e4900000| Untracked 
|  74|0x00000000e4a00000, 0x00000000e4a00000, 0x00000000e4b00000|  0%| F|  |TAMS 0x00000000e4a00000, 0x00000000e4a00000| Untracked 
|  75|0x00000000e4b00000, 0x00000000e4b00000, 0x00000000e4c00000|  0%| F|  |TAMS 0x00000000e4b00000, 0x00000000e4b00000| Untracked 
|  76|0x00000000e4c00000, 0x00000000e4c00000, 0x00000000e4d00000|  0%| F|  |TAMS 0x00000000e4c00000, 0x00000000e4c00000| Untracked 
|  77|0x00000000e4d00000, 0x00000000e4d00000, 0x00000000e4e00000|  0%| F|  |TAMS 0x00000000e4d00000, 0x00000000e4d00000| Untracked 
|  78|0x00000000e4e00000, 0x00000000e4e00000, 0x00000000e4f00000|  0%| F|  |TAMS 0x00000000e4e00000, 0x00000000e4e00000| Untracked 
|  79|0x00000000e4f00000, 0x00000000e4f00000, 0x00000000e5000000|  0%| F|  |TAMS 0x00000000e4f00000, 0x00000000e4f00000| Untracked 
|  80|0x00000000e5000000, 0x00000000e5000000, 0x00000000e5100000|  0%| F|  |TAMS 0x00000000e5000000, 0x00000000e5000000| Untracked 
|  81|0x00000000e5100000, 0x00000000e5100000, 0x00000000e5200000|  0%| F|  |TAMS 0x00000000e5100000, 0x00000000e5100000| Untracked 
|  82|0x00000000e5200000, 0x00000000e5200000, 0x00000000e5300000|  0%| F|  |TAMS 0x00000000e5200000, 0x00000000e5200000| Untracked 
|  83|0x00000000e5300000, 0x00000000e5300000, 0x00000000e5400000|  0%| F|  |TAMS 0x00000000e5300000, 0x00000000e5300000| Untracked 
|  84|0x00000000e5400000, 0x00000000e5400000, 0x00000000e5500000|  0%| F|  |TAMS 0x00000000e5400000, 0x00000000e5400000| Untracked 
|  85|0x00000000e5500000, 0x00000000e5500000, 0x00000000e5600000|  0%| F|  |TAMS 0x00000000e5500000, 0x00000000e5500000| Untracked 
|  86|0x00000000e5600000, 0x00000000e5600000, 0x00000000e5700000|  0%| F|  |TAMS 0x00000000e5600000, 0x00000000e5600000| Untracked 
|  87|0x00000000e5700000, 0x00000000e5700000, 0x00000000e5800000|  0%| F|  |TAMS 0x00000000e5700000, 0x00000000e5700000| Untracked 
|  88|0x00000000e5800000, 0x00000000e5800000, 0x00000000e5900000|  0%| F|  |TAMS 0x00000000e5800000, 0x00000000e5800000| Untracked 
|  89|0x00000000e5900000, 0x00000000e5900000, 0x00000000e5a00000|  0%| F|  |TAMS 0x00000000e5900000, 0x00000000e5900000| Untracked 
|  90|0x00000000e5a00000, 0x00000000e5a00000, 0x00000000e5b00000|  0%| F|  |TAMS 0x00000000e5a00000, 0x00000000e5a00000| Untracked 
|  91|0x00000000e5b00000, 0x00000000e5b00000, 0x00000000e5c00000|  0%| F|  |TAMS 0x00000000e5b00000, 0x00000000e5b00000| Untracked 
|  92|0x00000000e5c00000, 0x00000000e5c00000, 0x00000000e5d00000|  0%| F|  |TAMS 0x00000000e5c00000, 0x00000000e5c00000| Untracked 
|  93|0x00000000e5d00000, 0x00000000e5d00000, 0x00000000e5e00000|  0%| F|  |TAMS 0x00000000e5d00000, 0x00000000e5d00000| Untracked 
|  94|0x00000000e5e00000, 0x00000000e5e00000, 0x00000000e5f00000|  0%| F|  |TAMS 0x00000000e5e00000, 0x00000000e5e00000| Untracked 
|  95|0x00000000e5f00000, 0x00000000e5f00000, 0x00000000e6000000|  0%| F|  |TAMS 0x00000000e5f00000, 0x00000000e5f00000| Untracked 
|  96|0x00000000e6000000, 0x00000000e6000000, 0x00000000e6100000|  0%| F|  |TAMS 0x00000000e6000000, 0x00000000e6000000| Untracked 
|  97|0x00000000e6100000, 0x00000000e6100000, 0x00000000e6200000|  0%| F|  |TAMS 0x00000000e6100000, 0x00000000e6100000| Untracked 
|  98|0x00000000e6200000, 0x00000000e6200000, 0x00000000e6300000|  0%| F|  |TAMS 0x00000000e6200000, 0x00000000e6200000| Untracked 
|  99|0x00000000e6300000, 0x00000000e6300000, 0x00000000e6400000|  0%| F|  |TAMS 0x00000000e6300000, 0x00000000e6300000| Untracked 
| 100|0x00000000e6400000, 0x00000000e6400000, 0x00000000e6500000|  0%| F|  |TAMS 0x00000000e6400000, 0x00000000e6400000| Untracked 
| 101|0x00000000e6500000, 0x00000000e6500000, 0x00000000e6600000|  0%| F|  |TAMS 0x00000000e6500000, 0x00000000e6500000| Untracked 
| 102|0x00000000e6600000, 0x00000000e6600000, 0x00000000e6700000|  0%| F|  |TAMS 0x00000000e6600000, 0x00000000e6600000| Untracked 
| 103|0x00000000e6700000, 0x00000000e6700000, 0x00000000e6800000|  0%| F|  |TAMS 0x00000000e6700000, 0x00000000e6700000| Untracked 
| 104|0x00000000e6800000, 0x00000000e6800000, 0x00000000e6900000|  0%| F|  |TAMS 0x00000000e6800000, 0x00000000e6800000| Untracked 
| 105|0x00000000e6900000, 0x00000000e6900000, 0x00000000e6a00000|  0%| F|  |TAMS 0x00000000e6900000, 0x00000000e6900000| Untracked 
| 106|0x00000000e6a00000, 0x00000000e6a00000, 0x00000000e6b00000|  0%| F|  |TAMS 0x00000000e6a00000, 0x00000000e6a00000| Untracked 
| 107|0x00000000e6b00000, 0x00000000e6b00000, 0x00000000e6c00000|  0%| F|  |TAMS 0x00000000e6b00000, 0x00000000e6b00000| Untracked 
| 108|0x00000000e6c00000, 0x00000000e6c00000, 0x00000000e6d00000|  0%| F|  |TAMS 0x00000000e6c00000, 0x00000000e6c00000| Untracked 
| 109|0x00000000e6d00000, 0x00000000e6d00000, 0x00000000e6e00000|  0%| F|  |TAMS 0x00000000e6d00000, 0x00000000e6d00000| Untracked 
| 110|0x00000000e6e00000, 0x00000000e6e00000, 0x00000000e6f00000|  0%| F|  |TAMS 0x00000000e6e00000, 0x00000000e6e00000| Untracked 
| 111|0x00000000e6f00000, 0x00000000e6f00000, 0x00000000e7000000|  0%| F|  |TAMS 0x00000000e6f00000, 0x00000000e6f00000| Untracked 
| 112|0x00000000e7000000, 0x00000000e7000000, 0x00000000e7100000|  0%| F|  |TAMS 0x00000000e7000000, 0x00000000e7000000| Untracked 
| 113|0x00000000e7100000, 0x00000000e7100000, 0x00000000e7200000|  0%| F|  |TAMS 0x00000000e7100000, 0x00000000e7100000| Untracked 
| 114|0x00000000e7200000, 0x00000000e7200000, 0x00000000e7300000|  0%| F|  |TAMS 0x00000000e7200000, 0x00000000e7200000| Untracked 
| 115|0x00000000e7300000, 0x00000000e7300000, 0x00000000e7400000|  0%| F|  |TAMS 0x00000000e7300000, 0x00000000e7300000| Untracked 
| 116|0x00000000e7400000, 0x00000000e7400000, 0x00000000e7500000|  0%| F|  |TAMS 0x00000000e7400000, 0x00000000e7400000| Untracked 
| 117|0x00000000e7500000, 0x00000000e7500000, 0x00000000e7600000|  0%| F|  |TAMS 0x00000000e7500000, 0x00000000e7500000| Untracked 
| 118|0x00000000e7600000, 0x00000000e7600000, 0x00000000e7700000|  0%| F|  |TAMS 0x00000000e7600000, 0x00000000e7600000| Untracked 
| 119|0x00000000e7700000, 0x00000000e7700000, 0x00000000e7800000|  0%| F|  |TAMS 0x00000000e7700000, 0x00000000e7700000| Untracked 
| 120|0x00000000e7800000, 0x00000000e7800000, 0x00000000e7900000|  0%| F|  |TAMS 0x00000000e7800000, 0x00000000e7800000| Untracked 
| 121|0x00000000e7900000, 0x00000000e7900000, 0x00000000e7a00000|  0%| F|  |TAMS 0x00000000e7900000, 0x00000000e7900000| Untracked 
| 122|0x00000000e7a00000, 0x00000000e7acff50, 0x00000000e7b00000| 81%| S|CS|TAMS 0x00000000e7a00000, 0x00000000e7a00000| Complete 
| 123|0x00000000e7b00000, 0x00000000e7c00000, 0x00000000e7c00000|100%| S|CS|TAMS 0x00000000e7b00000, 0x00000000e7b00000| Complete 
| 124|0x00000000e7c00000, 0x00000000e7d00000, 0x00000000e7d00000|100%| S|CS|TAMS 0x00000000e7c00000, 0x00000000e7c00000| Complete 
| 125|0x00000000e7d00000, 0x00000000e7e00000, 0x00000000e7e00000|100%| S|CS|TAMS 0x00000000e7d00000, 0x00000000e7d00000| Complete 
| 126|0x00000000e7e00000, 0x00000000e7f00000, 0x00000000e7f00000|100%| S|CS|TAMS 0x00000000e7e00000, 0x00000000e7e00000| Complete 
| 127|0x00000000e7f00000, 0x00000000e8000000, 0x00000000e8000000|100%| S|CS|TAMS 0x00000000e7f00000, 0x00000000e7f00000| Complete 
| 128|0x00000000e8000000, 0x00000000e8100000, 0x00000000e8100000|100%| S|CS|TAMS 0x00000000e8000000, 0x00000000e8000000| Complete 
| 129|0x00000000e8100000, 0x00000000e8200000, 0x00000000e8200000|100%| S|CS|TAMS 0x00000000e8100000, 0x00000000e8100000| Complete 
| 130|0x00000000e8200000, 0x00000000e8300000, 0x00000000e8300000|100%| S|CS|TAMS 0x00000000e8200000, 0x00000000e8200000| Complete 
| 131|0x00000000e8300000, 0x00000000e8400000, 0x00000000e8400000|100%| S|CS|TAMS 0x00000000e8300000, 0x00000000e8300000| Complete 
| 132|0x00000000e8400000, 0x00000000e8500000, 0x00000000e8500000|100%| S|CS|TAMS 0x00000000e8400000, 0x00000000e8400000| Complete 
| 133|0x00000000e8500000, 0x00000000e8500000, 0x00000000e8600000|  0%| F|  |TAMS 0x00000000e8500000, 0x00000000e8500000| Untracked 
| 134|0x00000000e8600000, 0x00000000e8600000, 0x00000000e8700000|  0%| F|  |TAMS 0x00000000e8600000, 0x00000000e8600000| Untracked 
| 135|0x00000000e8700000, 0x00000000e8700000, 0x00000000e8800000|  0%| F|  |TAMS 0x00000000e8700000, 0x00000000e8700000| Untracked 
| 136|0x00000000e8800000, 0x00000000e8800000, 0x00000000e8900000|  0%| F|  |TAMS 0x00000000e8800000, 0x00000000e8800000| Untracked 
| 137|0x00000000e8900000, 0x00000000e8900000, 0x00000000e8a00000|  0%| F|  |TAMS 0x00000000e8900000, 0x00000000e8900000| Untracked 
| 138|0x00000000e8a00000, 0x00000000e8a00000, 0x00000000e8b00000|  0%| F|  |TAMS 0x00000000e8a00000, 0x00000000e8a00000| Untracked 
| 139|0x00000000e8b00000, 0x00000000e8b00000, 0x00000000e8c00000|  0%| F|  |TAMS 0x00000000e8b00000, 0x00000000e8b00000| Untracked 
| 140|0x00000000e8c00000, 0x00000000e8c00000, 0x00000000e8d00000|  0%| F|  |TAMS 0x00000000e8c00000, 0x00000000e8c00000| Untracked 
| 141|0x00000000e8d00000, 0x00000000e8d00000, 0x00000000e8e00000|  0%| F|  |TAMS 0x00000000e8d00000, 0x00000000e8d00000| Untracked 
| 142|0x00000000e8e00000, 0x00000000e8e00000, 0x00000000e8f00000|  0%| F|  |TAMS 0x00000000e8e00000, 0x00000000e8e00000| Untracked 
| 143|0x00000000e8f00000, 0x00000000e8f00000, 0x00000000e9000000|  0%| F|  |TAMS 0x00000000e8f00000, 0x00000000e8f00000| Untracked 
| 144|0x00000000e9000000, 0x00000000e9000000, 0x00000000e9100000|  0%| F|  |TAMS 0x00000000e9000000, 0x00000000e9000000| Untracked 
| 145|0x00000000e9100000, 0x00000000e9100000, 0x00000000e9200000|  0%| F|  |TAMS 0x00000000e9100000, 0x00000000e9100000| Untracked 
| 146|0x00000000e9200000, 0x00000000e9200000, 0x00000000e9300000|  0%| F|  |TAMS 0x00000000e9200000, 0x00000000e9200000| Untracked 
| 147|0x00000000e9300000, 0x00000000e9300000, 0x00000000e9400000|  0%| F|  |TAMS 0x00000000e9300000, 0x00000000e9300000| Untracked 
| 148|0x00000000e9400000, 0x00000000e9400000, 0x00000000e9500000|  0%| F|  |TAMS 0x00000000e9400000, 0x00000000e9400000| Untracked 
| 149|0x00000000e9500000, 0x00000000e9500000, 0x00000000e9600000|  0%| F|  |TAMS 0x00000000e9500000, 0x00000000e9500000| Untracked 
| 150|0x00000000e9600000, 0x00000000e9600000, 0x00000000e9700000|  0%| F|  |TAMS 0x00000000e9600000, 0x00000000e9600000| Untracked 
| 151|0x00000000e9700000, 0x00000000e9700000, 0x00000000e9800000|  0%| F|  |TAMS 0x00000000e9700000, 0x00000000e9700000| Untracked 
| 152|0x00000000e9800000, 0x00000000e9800000, 0x00000000e9900000|  0%| F|  |TAMS 0x00000000e9800000, 0x00000000e9800000| Untracked 
| 153|0x00000000e9900000, 0x00000000e9900000, 0x00000000e9a00000|  0%| F|  |TAMS 0x00000000e9900000, 0x00000000e9900000| Untracked 
| 154|0x00000000e9a00000, 0x00000000e9a00000, 0x00000000e9b00000|  0%| F|  |TAMS 0x00000000e9a00000, 0x00000000e9a00000| Untracked 
| 155|0x00000000e9b00000, 0x00000000e9b00000, 0x00000000e9c00000|  0%| F|  |TAMS 0x00000000e9b00000, 0x00000000e9b00000| Untracked 
| 156|0x00000000e9c00000, 0x00000000e9c00000, 0x00000000e9d00000|  0%| F|  |TAMS 0x00000000e9c00000, 0x00000000e9c00000| Untracked 
| 157|0x00000000e9d00000, 0x00000000e9d00000, 0x00000000e9e00000|  0%| F|  |TAMS 0x00000000e9d00000, 0x00000000e9d00000| Untracked 
| 158|0x00000000e9e00000, 0x00000000e9e00000, 0x00000000e9f00000|  0%| F|  |TAMS 0x00000000e9e00000, 0x00000000e9e00000| Untracked 
| 159|0x00000000e9f00000, 0x00000000e9f00000, 0x00000000ea000000|  0%| F|  |TAMS 0x00000000e9f00000, 0x00000000e9f00000| Untracked 
| 160|0x00000000ea000000, 0x00000000ea000000, 0x00000000ea100000|  0%| F|  |TAMS 0x00000000ea000000, 0x00000000ea000000| Untracked 
| 161|0x00000000ea100000, 0x00000000ea100000, 0x00000000ea200000|  0%| F|  |TAMS 0x00000000ea100000, 0x00000000ea100000| Untracked 
| 162|0x00000000ea200000, 0x00000000ea200000, 0x00000000ea300000|  0%| F|  |TAMS 0x00000000ea200000, 0x00000000ea200000| Untracked 
| 163|0x00000000ea300000, 0x00000000ea300000, 0x00000000ea400000|  0%| F|  |TAMS 0x00000000ea300000, 0x00000000ea300000| Untracked 
| 164|0x00000000ea400000, 0x00000000ea400000, 0x00000000ea500000|  0%| F|  |TAMS 0x00000000ea400000, 0x00000000ea400000| Untracked 
| 165|0x00000000ea500000, 0x00000000ea500000, 0x00000000ea600000|  0%| F|  |TAMS 0x00000000ea500000, 0x00000000ea500000| Untracked 
| 166|0x00000000ea600000, 0x00000000ea600000, 0x00000000ea700000|  0%| F|  |TAMS 0x00000000ea600000, 0x00000000ea600000| Untracked 
| 167|0x00000000ea700000, 0x00000000ea700000, 0x00000000ea800000|  0%| F|  |TAMS 0x00000000ea700000, 0x00000000ea700000| Untracked 
| 168|0x00000000ea800000, 0x00000000ea800000, 0x00000000ea900000|  0%| F|  |TAMS 0x00000000ea800000, 0x00000000ea800000| Untracked 
| 169|0x00000000ea900000, 0x00000000ea900000, 0x00000000eaa00000|  0%| F|  |TAMS 0x00000000ea900000, 0x00000000ea900000| Untracked 
| 170|0x00000000eaa00000, 0x00000000eaa00000, 0x00000000eab00000|  0%| F|  |TAMS 0x00000000eaa00000, 0x00000000eaa00000| Untracked 
| 171|0x00000000eab00000, 0x00000000eab00000, 0x00000000eac00000|  0%| F|  |TAMS 0x00000000eab00000, 0x00000000eab00000| Untracked 
| 172|0x00000000eac00000, 0x00000000eac00000, 0x00000000ead00000|  0%| F|  |TAMS 0x00000000eac00000, 0x00000000eac00000| Untracked 
| 173|0x00000000ead00000, 0x00000000ead00000, 0x00000000eae00000|  0%| F|  |TAMS 0x00000000ead00000, 0x00000000ead00000| Untracked 
| 174|0x00000000eae00000, 0x00000000eae00000, 0x00000000eaf00000|  0%| F|  |TAMS 0x00000000eae00000, 0x00000000eae00000| Untracked 
| 175|0x00000000eaf00000, 0x00000000eaf00000, 0x00000000eb000000|  0%| F|  |TAMS 0x00000000eaf00000, 0x00000000eaf00000| Untracked 
| 176|0x00000000eb000000, 0x00000000eb000000, 0x00000000eb100000|  0%| F|  |TAMS 0x00000000eb000000, 0x00000000eb000000| Untracked 
| 177|0x00000000eb100000, 0x00000000eb100000, 0x00000000eb200000|  0%| F|  |TAMS 0x00000000eb100000, 0x00000000eb100000| Untracked 
| 178|0x00000000eb200000, 0x00000000eb200000, 0x00000000eb300000|  0%| F|  |TAMS 0x00000000eb200000, 0x00000000eb200000| Untracked 
| 179|0x00000000eb300000, 0x00000000eb400000, 0x00000000eb400000|100%| E|  |TAMS 0x00000000eb300000, 0x00000000eb300000| Complete 
| 180|0x00000000eb400000, 0x00000000eb500000, 0x00000000eb500000|100%| E|CS|TAMS 0x00000000eb400000, 0x00000000eb400000| Complete 
| 181|0x00000000eb500000, 0x00000000eb600000, 0x00000000eb600000|100%| E|CS|TAMS 0x00000000eb500000, 0x00000000eb500000| Complete 
| 182|0x00000000eb600000, 0x00000000eb700000, 0x00000000eb700000|100%| E|CS|TAMS 0x00000000eb600000, 0x00000000eb600000| Complete 
| 183|0x00000000eb700000, 0x00000000eb800000, 0x00000000eb800000|100%| E|CS|TAMS 0x00000000eb700000, 0x00000000eb700000| Complete 
| 184|0x00000000eb800000, 0x00000000eb900000, 0x00000000eb900000|100%| E|CS|TAMS 0x00000000eb800000, 0x00000000eb800000| Complete 
| 185|0x00000000eb900000, 0x00000000eba00000, 0x00000000eba00000|100%| E|CS|TAMS 0x00000000eb900000, 0x00000000eb900000| Complete 
| 186|0x00000000eba00000, 0x00000000ebb00000, 0x00000000ebb00000|100%| E|CS|TAMS 0x00000000eba00000, 0x00000000eba00000| Complete 
| 187|0x00000000ebb00000, 0x00000000ebc00000, 0x00000000ebc00000|100%| E|CS|TAMS 0x00000000ebb00000, 0x00000000ebb00000| Complete 
| 188|0x00000000ebc00000, 0x00000000ebd00000, 0x00000000ebd00000|100%| E|CS|TAMS 0x00000000ebc00000, 0x00000000ebc00000| Complete 
| 189|0x00000000ebd00000, 0x00000000ebe00000, 0x00000000ebe00000|100%| E|CS|TAMS 0x00000000ebd00000, 0x00000000ebd00000| Complete 
| 190|0x00000000ebe00000, 0x00000000ebf00000, 0x00000000ebf00000|100%| E|CS|TAMS 0x00000000ebe00000, 0x00000000ebe00000| Complete 
| 191|0x00000000ebf00000, 0x00000000ec000000, 0x00000000ec000000|100%| E|CS|TAMS 0x00000000ebf00000, 0x00000000ebf00000| Complete 
| 192|0x00000000ec000000, 0x00000000ec100000, 0x00000000ec100000|100%| E|CS|TAMS 0x00000000ec000000, 0x00000000ec000000| Complete 
| 193|0x00000000ec100000, 0x00000000ec200000, 0x00000000ec200000|100%| E|CS|TAMS 0x00000000ec100000, 0x00000000ec100000| Complete 
| 194|0x00000000ec200000, 0x00000000ec300000, 0x00000000ec300000|100%| E|CS|TAMS 0x00000000ec200000, 0x00000000ec200000| Complete 
| 195|0x00000000ec300000, 0x00000000ec400000, 0x00000000ec400000|100%| E|CS|TAMS 0x00000000ec300000, 0x00000000ec300000| Complete 
| 196|0x00000000ec400000, 0x00000000ec500000, 0x00000000ec500000|100%| E|CS|TAMS 0x00000000ec400000, 0x00000000ec400000| Complete 
| 197|0x00000000ec500000, 0x00000000ec600000, 0x00000000ec600000|100%| E|CS|TAMS 0x00000000ec500000, 0x00000000ec500000| Complete 
| 198|0x00000000ec600000, 0x00000000ec700000, 0x00000000ec700000|100%| E|CS|TAMS 0x00000000ec600000, 0x00000000ec600000| Complete 
| 199|0x00000000ec700000, 0x00000000ec800000, 0x00000000ec800000|100%| E|CS|TAMS 0x00000000ec700000, 0x00000000ec700000| Complete 
| 200|0x00000000ec800000, 0x00000000ec900000, 0x00000000ec900000|100%| E|CS|TAMS 0x00000000ec800000, 0x00000000ec800000| Complete 
| 201|0x00000000ec900000, 0x00000000eca00000, 0x00000000eca00000|100%| E|CS|TAMS 0x00000000ec900000, 0x00000000ec900000| Complete 
| 202|0x00000000eca00000, 0x00000000ecb00000, 0x00000000ecb00000|100%| E|CS|TAMS 0x00000000eca00000, 0x00000000eca00000| Complete 
| 203|0x00000000ecb00000, 0x00000000ecc00000, 0x00000000ecc00000|100%| E|CS|TAMS 0x00000000ecb00000, 0x00000000ecb00000| Complete 
| 204|0x00000000ecc00000, 0x00000000ecd00000, 0x00000000ecd00000|100%| E|CS|TAMS 0x00000000ecc00000, 0x00000000ecc00000| Complete 
| 205|0x00000000ecd00000, 0x00000000ece00000, 0x00000000ece00000|100%| E|CS|TAMS 0x00000000ecd00000, 0x00000000ecd00000| Complete 
| 206|0x00000000ece00000, 0x00000000ecf00000, 0x00000000ecf00000|100%| E|CS|TAMS 0x00000000ece00000, 0x00000000ece00000| Complete 
| 207|0x00000000ecf00000, 0x00000000ed000000, 0x00000000ed000000|100%| E|CS|TAMS 0x00000000ecf00000, 0x00000000ecf00000| Complete 
| 208|0x00000000ed000000, 0x00000000ed100000, 0x00000000ed100000|100%| E|CS|TAMS 0x00000000ed000000, 0x00000000ed000000| Complete 
| 209|0x00000000ed100000, 0x00000000ed200000, 0x00000000ed200000|100%| E|CS|TAMS 0x00000000ed100000, 0x00000000ed100000| Complete 
| 210|0x00000000ed200000, 0x00000000ed300000, 0x00000000ed300000|100%| E|CS|TAMS 0x00000000ed200000, 0x00000000ed200000| Complete 
| 211|0x00000000ed300000, 0x00000000ed400000, 0x00000000ed400000|100%| E|CS|TAMS 0x00000000ed300000, 0x00000000ed300000| Complete 
| 212|0x00000000ed400000, 0x00000000ed500000, 0x00000000ed500000|100%| E|CS|TAMS 0x00000000ed400000, 0x00000000ed400000| Complete 
| 213|0x00000000ed500000, 0x00000000ed600000, 0x00000000ed600000|100%| E|CS|TAMS 0x00000000ed500000, 0x00000000ed500000| Complete 
| 214|0x00000000ed600000, 0x00000000ed700000, 0x00000000ed700000|100%| E|CS|TAMS 0x00000000ed600000, 0x00000000ed600000| Complete 
| 215|0x00000000ed700000, 0x00000000ed800000, 0x00000000ed800000|100%| E|CS|TAMS 0x00000000ed700000, 0x00000000ed700000| Complete 
| 216|0x00000000ed800000, 0x00000000ed900000, 0x00000000ed900000|100%| E|CS|TAMS 0x00000000ed800000, 0x00000000ed800000| Complete 
| 217|0x00000000ed900000, 0x00000000eda00000, 0x00000000eda00000|100%| E|CS|TAMS 0x00000000ed900000, 0x00000000ed900000| Complete 
| 218|0x00000000eda00000, 0x00000000edb00000, 0x00000000edb00000|100%| E|CS|TAMS 0x00000000eda00000, 0x00000000eda00000| Complete 
| 219|0x00000000edb00000, 0x00000000edc00000, 0x00000000edc00000|100%| E|CS|TAMS 0x00000000edb00000, 0x00000000edb00000| Complete 
| 220|0x00000000edc00000, 0x00000000edd00000, 0x00000000edd00000|100%| E|CS|TAMS 0x00000000edc00000, 0x00000000edc00000| Complete 
| 221|0x00000000edd00000, 0x00000000ede00000, 0x00000000ede00000|100%| E|CS|TAMS 0x00000000edd00000, 0x00000000edd00000| Complete 
| 222|0x00000000ede00000, 0x00000000edf00000, 0x00000000edf00000|100%| E|CS|TAMS 0x00000000ede00000, 0x00000000ede00000| Complete 
| 223|0x00000000edf00000, 0x00000000ee000000, 0x00000000ee000000|100%| E|CS|TAMS 0x00000000edf00000, 0x00000000edf00000| Complete 
| 224|0x00000000ee000000, 0x00000000ee100000, 0x00000000ee100000|100%| E|CS|TAMS 0x00000000ee000000, 0x00000000ee000000| Complete 
| 225|0x00000000ee100000, 0x00000000ee200000, 0x00000000ee200000|100%| E|CS|TAMS 0x00000000ee100000, 0x00000000ee100000| Complete 
| 226|0x00000000ee200000, 0x00000000ee300000, 0x00000000ee300000|100%| E|CS|TAMS 0x00000000ee200000, 0x00000000ee200000| Complete 
| 227|0x00000000ee300000, 0x00000000ee400000, 0x00000000ee400000|100%| E|CS|TAMS 0x00000000ee300000, 0x00000000ee300000| Complete 
| 228|0x00000000ee400000, 0x00000000ee500000, 0x00000000ee500000|100%| E|CS|TAMS 0x00000000ee400000, 0x00000000ee400000| Complete 
| 229|0x00000000ee500000, 0x00000000ee600000, 0x00000000ee600000|100%| E|CS|TAMS 0x00000000ee500000, 0x00000000ee500000| Complete 
| 230|0x00000000ee600000, 0x00000000ee700000, 0x00000000ee700000|100%| E|CS|TAMS 0x00000000ee600000, 0x00000000ee600000| Complete 
| 231|0x00000000ee700000, 0x00000000ee800000, 0x00000000ee800000|100%| E|CS|TAMS 0x00000000ee700000, 0x00000000ee700000| Complete 
| 232|0x00000000ee800000, 0x00000000ee900000, 0x00000000ee900000|100%| E|CS|TAMS 0x00000000ee800000, 0x00000000ee800000| Complete 
| 233|0x00000000ee900000, 0x00000000eea00000, 0x00000000eea00000|100%| E|CS|TAMS 0x00000000ee900000, 0x00000000ee900000| Complete 
| 234|0x00000000eea00000, 0x00000000eeb00000, 0x00000000eeb00000|100%| E|CS|TAMS 0x00000000eea00000, 0x00000000eea00000| Complete 
| 235|0x00000000eeb00000, 0x00000000eec00000, 0x00000000eec00000|100%| E|CS|TAMS 0x00000000eeb00000, 0x00000000eeb00000| Complete 
| 236|0x00000000eec00000, 0x00000000eed00000, 0x00000000eed00000|100%| E|CS|TAMS 0x00000000eec00000, 0x00000000eec00000| Complete 
| 237|0x00000000eed00000, 0x00000000eee00000, 0x00000000eee00000|100%| E|CS|TAMS 0x00000000eed00000, 0x00000000eed00000| Complete 
| 238|0x00000000eee00000, 0x00000000eef00000, 0x00000000eef00000|100%| E|CS|TAMS 0x00000000eee00000, 0x00000000eee00000| Complete 
| 239|0x00000000eef00000, 0x00000000ef000000, 0x00000000ef000000|100%| E|CS|TAMS 0x00000000eef00000, 0x00000000eef00000| Complete 
| 240|0x00000000ef000000, 0x00000000ef100000, 0x00000000ef100000|100%| E|CS|TAMS 0x00000000ef000000, 0x00000000ef000000| Complete 
| 241|0x00000000ef100000, 0x00000000ef200000, 0x00000000ef200000|100%| E|CS|TAMS 0x00000000ef100000, 0x00000000ef100000| Complete 
| 242|0x00000000ef200000, 0x00000000ef300000, 0x00000000ef300000|100%| E|CS|TAMS 0x00000000ef200000, 0x00000000ef200000| Complete 
| 243|0x00000000ef300000, 0x00000000ef400000, 0x00000000ef400000|100%| E|CS|TAMS 0x00000000ef300000, 0x00000000ef300000| Complete 
| 244|0x00000000ef400000, 0x00000000ef500000, 0x00000000ef500000|100%| E|CS|TAMS 0x00000000ef400000, 0x00000000ef400000| Complete 
| 245|0x00000000ef500000, 0x00000000ef600000, 0x00000000ef600000|100%| E|CS|TAMS 0x00000000ef500000, 0x00000000ef500000| Complete 
| 246|0x00000000ef600000, 0x00000000ef700000, 0x00000000ef700000|100%| E|CS|TAMS 0x00000000ef600000, 0x00000000ef600000| Complete 
| 247|0x00000000ef700000, 0x00000000ef800000, 0x00000000ef800000|100%| E|CS|TAMS 0x00000000ef700000, 0x00000000ef700000| Complete 
| 248|0x00000000ef800000, 0x00000000ef900000, 0x00000000ef900000|100%| E|CS|TAMS 0x00000000ef800000, 0x00000000ef800000| Complete 
| 249|0x00000000ef900000, 0x00000000efa00000, 0x00000000efa00000|100%| E|CS|TAMS 0x00000000ef900000, 0x00000000ef900000| Complete 
| 250|0x00000000efa00000, 0x00000000efb00000, 0x00000000efb00000|100%| E|CS|TAMS 0x00000000efa00000, 0x00000000efa00000| Complete 
| 251|0x00000000efb00000, 0x00000000efc00000, 0x00000000efc00000|100%| E|CS|TAMS 0x00000000efb00000, 0x00000000efb00000| Complete 
| 252|0x00000000efc00000, 0x00000000efd00000, 0x00000000efd00000|100%| E|CS|TAMS 0x00000000efc00000, 0x00000000efc00000| Complete 
| 253|0x00000000efd00000, 0x00000000efe00000, 0x00000000efe00000|100%| E|CS|TAMS 0x00000000efd00000, 0x00000000efd00000| Complete 
| 254|0x00000000efe00000, 0x00000000eff00000, 0x00000000eff00000|100%| E|  |TAMS 0x00000000efe00000, 0x00000000efe00000| Complete 
| 255|0x00000000eff00000, 0x00000000f0000000, 0x00000000f0000000|100%| E|CS|TAMS 0x00000000eff00000, 0x00000000eff00000| Complete 

Card table byte_map: [0x0000026efd430000,0x0000026efd530000] _byte_map_base: 0x0000026efcd30000

Marking Bits (Prev, Next): (CMBitMap*) 0x0000026ef4ac5bd0, (CMBitMap*) 0x0000026ef4ac5c10
 Prev Bits: [0x0000026efd630000, 0x0000026efde30000)
 Next Bits: [0x0000026efde30000, 0x0000026efe630000)

Polling page: 0x0000026ef2fd0000

Metaspace:

Usage:
  Non-class:     33.72 MB used.
      Class:      5.56 MB used.
       Both:     39.28 MB used.

Virtual space:
  Non-class space:       64.00 MB reserved,      34.00 MB ( 53%) committed,  1 nodes.
      Class space:      320.00 MB reserved,       5.81 MB (  2%) committed,  1 nodes.
             Both:      384.00 MB reserved,      39.81 MB ( 10%) committed. 

Chunk freelists:
   Non-Class:  13.72 MB
       Class:  10.03 MB
        Both:  23.75 MB

MaxMetaspaceSize: 384.00 MB
CompressedClassSpaceSize: 320.00 MB
Initial GC threshold: 21.00 MB
Current GC threshold: 58.69 MB
CDS: on
MetaspaceReclaimPolicy: balanced
 - commit_granule_bytes: 65536.
 - commit_granule_words: 8192.
 - virtual_space_node_default_size: 8388608.
 - enlarge_chunks_in_place: 1.
 - new_chunks_are_fully_committed: 0.
 - uncommit_free_chunks: 1.
 - use_allocation_guard: 0.
 - handle_deallocations: 1.


Internal statistics:

num_allocs_failed_limit: 6.
num_arena_births: 508.
num_arena_deaths: 0.
num_vsnodes_births: 2.
num_vsnodes_deaths: 0.
num_space_committed: 637.
num_space_uncommitted: 0.
num_chunks_returned_to_freelist: 6.
num_chunks_taken_from_freelist: 2049.
num_chunk_merges: 6.
num_chunk_splits: 1338.
num_chunks_enlarged: 922.
num_inconsistent_stats: 0.

CodeHeap 'non-profiled nmethods': size=119168Kb used=2307Kb max_used=3052Kb free=116860Kb
 bounds [0x0000026e87ba0000, 0x0000026e87ea0000, 0x0000026e8f000000]
CodeHeap 'profiled nmethods': size=119104Kb used=8839Kb max_used=10248Kb free=110265Kb
 bounds [0x0000026e80000000, 0x0000026e80a10000, 0x0000026e87450000]
CodeHeap 'non-nmethods': size=7488Kb used=2316Kb max_used=4050Kb free=5171Kb
 bounds [0x0000026e87450000, 0x0000026e87850000, 0x0000026e87ba0000]
 total_blobs=5200 nmethods=4386 adapters=726
 compilation: enabled
              stopped_count=0, restarted_count=0
 full_count=0

Compilation events (20 events):
Event: 9.690 Thread 0x0000026eab465010 5166       2       groovyjarjarantlr4.v4.runtime.Parser::match (90 bytes)
Event: 9.692 Thread 0x0000026eab465010 nmethod 5166 0x0000026e801e3190 code [0x0000026e801e33a0, 0x0000026e801e37f8]
Event: 9.694 Thread 0x0000026eab465010 5167       2       groovyjarjarantlr4.v4.runtime.atn.ATNConfig::transform (16 bytes)
Event: 9.694 Thread 0x0000026eab465010 nmethod 5167 0x0000026e800f2d10 code [0x0000026e800f2ec0, 0x0000026e800f3038]
Event: 9.701 Thread 0x0000026eab2cfc90 5170       2       groovyjarjarantlr4.v4.runtime.atn.LexerActionExecutor::equals (52 bytes)
Event: 9.701 Thread 0x0000026eab2cfc90 nmethod 5170 0x0000026e801bca10 code [0x0000026e801bcbc0, 0x0000026e801bce08]
Event: 9.709 Thread 0x0000026eab465010 5172       2       groovyjarjarantlr4.v4.runtime.atn.ArrayPredictionContext::<init> (67 bytes)
Event: 9.709 Thread 0x0000026eab465010 nmethod 5172 0x0000026e802fe690 code [0x0000026e802fe820, 0x0000026e802fe9d8]
Event: 9.709 Thread 0x0000026eab465010 5173       2       java.util.TimSort::<init> (181 bytes)
Event: 9.709 Thread 0x0000026eff5d90e0 5174       2       java.util.TimSort::minRunLength (43 bytes)
Event: 9.709 Thread 0x0000026eaaba7850 5175       2       java.util.TimSort::mergeForceCollapse (50 bytes)
Event: 9.709 Thread 0x0000026eff5d90e0 nmethod 5174 0x0000026e800f2990 code [0x0000026e800f2b20, 0x0000026e800f2c78]
Event: 9.709 Thread 0x0000026eaaba7850 nmethod 5175 0x0000026e803bf510 code [0x0000026e803bf6c0, 0x0000026e803bf8c8]
Event: 9.709 Thread 0x0000026eab465010 nmethod 5173 0x0000026e80440410 code [0x0000026e804405e0, 0x0000026e80440bf8]
Event: 9.709 Thread 0x0000026eaaba7850 5176       1       groovyjarjarantlr4.v4.runtime.Lexer::mode (6 bytes)
Event: 9.710 Thread 0x0000026eaaba7850 nmethod 5176 0x0000026e87c98990 code [0x0000026e87c98b20, 0x0000026e87c98bf8]
Event: 9.711 Thread 0x0000026eaaba7850 5177       1       org.apache.groovy.parser.antlr4.GroovyLexer$Paren::getText (5 bytes)
Event: 9.711 Thread 0x0000026eaaba7850 nmethod 5177 0x0000026e87c98690 code [0x0000026e87c98820, 0x0000026e87c988f8]
Event: 9.714 Thread 0x0000026eaa886a90 nmethod 5107 0x0000026e87c49c10 code [0x0000026e87c49f80, 0x0000026e87c4d1d0]
Event: 9.714 Thread 0x0000026eaa886a90 5162       4       java.util.HashMap::getNode (150 bytes)

GC Heap History (8 events):
Event: 1.662 GC heap before
{Heap before GC invocations=0 (full 0):
 garbage-first heap   total 262144K, used 26624K [0x00000000e0000000, 0x0000000100000000)
  region size 1024K, 23 young (23552K), 0 survivors (0K)
 Metaspace       used 1458K, committed 1600K, reserved 393216K
  class space    used 123K, committed 192K, reserved 327680K
}
Event: 1.667 GC heap after
{Heap after GC invocations=1 (full 0):
 garbage-first heap   total 262144K, used 10160K [0x00000000e0000000, 0x0000000100000000)
  region size 1024K, 3 young (3072K), 3 survivors (3072K)
 Metaspace       used 1458K, committed 1600K, reserved 393216K
  class space    used 123K, committed 192K, reserved 327680K
}
Event: 3.501 GC heap before
{Heap before GC invocations=1 (full 0):
 garbage-first heap   total 262144K, used 39856K [0x00000000e0000000, 0x0000000100000000)
  region size 1024K, 32 young (32768K), 3 survivors (3072K)
 Metaspace       used 4455K, committed 4608K, reserved 393216K
  class space    used 542K, committed 640K, reserved 327680K
}
Event: 3.503 GC heap after
{Heap after GC invocations=2 (full 0):
 garbage-first heap   total 262144K, used 11728K [0x00000000e0000000, 0x0000000100000000)
  region size 1024K, 2 young (2048K), 2 survivors (2048K)
 Metaspace       used 4455K, committed 4608K, reserved 393216K
  class space    used 542K, committed 640K, reserved 327680K
}
Event: 5.919 GC heap before
{Heap before GC invocations=2 (full 0):
 garbage-first heap   total 262144K, used 147920K [0x00000000e0000000, 0x0000000100000000)
  region size 1024K, 134 young (137216K), 2 survivors (2048K)
 Metaspace       used 21150K, committed 21504K, reserved 393216K
  class space    used 3068K, committed 3264K, reserved 327680K
}
Event: 5.929 GC heap after
{Heap after GC invocations=3 (full 0):
 garbage-first heap   total 262144K, used 23969K [0x00000000e0000000, 0x0000000100000000)
  region size 1024K, 13 young (13312K), 13 survivors (13312K)
 Metaspace       used 21150K, committed 21504K, reserved 393216K
  class space    used 3068K, committed 3264K, reserved 327680K
}
Event: 8.809 GC heap before
{Heap before GC invocations=4 (full 0):
 garbage-first heap   total 262144K, used 159137K [0x00000000e0000000, 0x0000000100000000)
  region size 1024K, 136 young (139264K), 13 survivors (13312K)
 Metaspace       used 35581K, committed 35968K, reserved 393216K
  class space    used 5074K, committed 5248K, reserved 327680K
}
Event: 8.820 GC heap after
{Heap after GC invocations=5 (full 0):
 garbage-first heap   total 262144K, used 45886K [0x00000000e0000000, 0x0000000100000000)
  region size 1024K, 11 young (11264K), 11 survivors (11264K)
 Metaspace       used 35581K, committed 35968K, reserved 393216K
  class space    used 5074K, committed 5248K, reserved 327680K
}

Deoptimization events (20 events):
Event: 9.575 Thread 0x0000026eab9d4050 Uncommon trap: trap_request=0xffffff45 fr.pc=0x0000026e87e9a148 relative=0x0000000000000508
Event: 9.575 Thread 0x0000026eab9d4050 Uncommon trap: reason=unstable_if action=reinterpret pc=0x0000026e87e9a148 method=groovyjarjarantlr4.v4.runtime.atn.ATNConfig.transform(Lgroovyjarjarantlr4/v4/runtime/atn/ATNState;Lgroovyjarjarantlr4/v4/runtime/atn/PredictionContext;Lgroovyjarjarantlr4/v4
Event: 9.575 Thread 0x0000026eab9d4050 DEOPT PACKING pc=0x0000026e87e9a148 sp=0x000000e329ef5fd0
Event: 9.575 Thread 0x0000026eab9d4050 DEOPT UNPACKING pc=0x0000026e874a5ba3 sp=0x000000e329ef5f08 mode 2
Event: 9.575 Thread 0x0000026eab9d4050 Uncommon trap: trap_request=0xffffff45 fr.pc=0x0000026e87e974a4 relative=0x0000000000000464
Event: 9.575 Thread 0x0000026eab9d4050 Uncommon trap: reason=unstable_if action=reinterpret pc=0x0000026e87e974a4 method=groovyjarjarantlr4.v4.runtime.atn.ATNConfig.transform(Lgroovyjarjarantlr4/v4/runtime/atn/ATNState;Lgroovyjarjarantlr4/v4/runtime/atn/PredictionContext;Lgroovyjarjarantlr4/v4
Event: 9.575 Thread 0x0000026eab9d4050 DEOPT PACKING pc=0x0000026e87e974a4 sp=0x000000e329ef5e50
Event: 9.575 Thread 0x0000026eab9d4050 DEOPT UNPACKING pc=0x0000026e874a5ba3 sp=0x000000e329ef5e28 mode 2
Event: 9.654 Thread 0x0000026eab9d4050 Uncommon trap: trap_request=0xffffff45 fr.pc=0x0000026e87bdc258 relative=0x00000000000002f8
Event: 9.654 Thread 0x0000026eab9d4050 Uncommon trap: reason=unstable_if action=reinterpret pc=0x0000026e87bdc258 method=groovyjarjarantlr4.v4.runtime.atn.PredictionContextCache$IdentityCommutativePredictionContextOperands.equals(Ljava/lang/Object;)Z @ 40 c2
Event: 9.654 Thread 0x0000026eab9d4050 DEOPT PACKING pc=0x0000026e87bdc258 sp=0x000000e329ef57e0
Event: 9.654 Thread 0x0000026eab9d4050 DEOPT UNPACKING pc=0x0000026e874a5ba3 sp=0x000000e329ef54c8 mode 2
Event: 9.655 Thread 0x0000026eab9d4050 Uncommon trap: trap_request=0xffffff45 fr.pc=0x0000026e87d96f04 relative=0x0000000000000384
Event: 9.655 Thread 0x0000026eab9d4050 Uncommon trap: reason=unstable_if action=reinterpret pc=0x0000026e87d96f04 method=groovyjarjarantlr4.v4.runtime.atn.PredictionContextCache$IdentityCommutativePredictionContextOperands.equals(Ljava/lang/Object;)Z @ 40 c2
Event: 9.655 Thread 0x0000026eab9d4050 DEOPT PACKING pc=0x0000026e87d96f04 sp=0x000000e329ef53d0
Event: 9.655 Thread 0x0000026eab9d4050 DEOPT UNPACKING pc=0x0000026e874a5ba3 sp=0x000000e329ef5138 mode 2
Event: 9.670 Thread 0x0000026eab9d4050 Uncommon trap: trap_request=0xffffff45 fr.pc=0x0000026e87cd4794 relative=0x0000000000000274
Event: 9.670 Thread 0x0000026eab9d4050 Uncommon trap: reason=unstable_if action=reinterpret pc=0x0000026e87cd4794 method=java.util.concurrent.ConcurrentHashMap.get(Ljava/lang/Object;)Ljava/lang/Object; @ 152 c2
Event: 9.670 Thread 0x0000026eab9d4050 DEOPT PACKING pc=0x0000026e87cd4794 sp=0x000000e329ef58d0
Event: 9.670 Thread 0x0000026eab9d4050 DEOPT UNPACKING pc=0x0000026e874a5ba3 sp=0x000000e329ef5838 mode 2

Classes unloaded (0 events):
No events

Classes redefined (0 events):
No events

Internal exceptions (20 events):
Event: 8.905 Thread 0x0000026eab9d4050 Exception <a 'java/lang/NoSuchMethodError'{0x00000000efcc38a0}: 'void java.lang.invoke.Invokers$Holder.invoke_MT(java.lang.Object, java.lang.Object, java.lang.Object, java.lang.Object)'> (0x00000000efcc38a0) 
thrown [s\open\src\hotspot\share\interpreter\linkResolver.cpp, line 759]
Event: 8.924 Thread 0x0000026eab9d4050 Exception <a 'java/lang/ClassNotFoundException'{0x00000000efa44080}: org/gradle/invocation/DefaultGradle_DecoratedBeanInfo> (0x00000000efa44080) 
thrown [s\open\src\hotspot\share\classfile\systemDictionary.cpp, line 256]
Event: 8.925 Thread 0x0000026eab9d4050 Exception <a 'java/lang/ClassNotFoundException'{0x00000000efa54440}: org/gradle/invocation/DefaultGradleBeanInfo> (0x00000000efa54440) 
thrown [s\open\src\hotspot\share\classfile\systemDictionary.cpp, line 256]
Event: 8.926 Thread 0x0000026eab9d4050 Exception <a 'java/lang/ClassNotFoundException'{0x00000000efa64d60}: org/gradle/api/internal/project/AbstractPluginAwareBeanInfo> (0x00000000efa64d60) 
thrown [s\open\src\hotspot\share\classfile\systemDictionary.cpp, line 256]
Event: 8.927 Thread 0x0000026eab9d4050 Exception <a 'java/lang/ClassNotFoundException'{0x00000000efa756b8}: org/gradle/api/internal/project/AbstractPluginAwareCustomizer> (0x00000000efa756b8) 
thrown [s\open\src\hotspot\share\classfile\systemDictionary.cpp, line 256]
Event: 8.928 Thread 0x0000026eab9d4050 Exception <a 'java/lang/ClassNotFoundException'{0x00000000efa8b910}: org/gradle/invocation/DefaultGradleCustomizer> (0x00000000efa8b910) 
thrown [s\open\src\hotspot\share\classfile\systemDictionary.cpp, line 256]
Event: 8.931 Thread 0x0000026eab9d4050 Exception <a 'java/lang/ClassNotFoundException'{0x00000000efacda00}: org/gradle/invocation/DefaultGradle_DecoratedCustomizer> (0x00000000efacda00) 
thrown [s\open\src\hotspot\share\classfile\systemDictionary.cpp, line 256]
Event: 8.957 Thread 0x0000026eab9d4050 Exception <a 'java/lang/ClassNotFoundException'{0x00000000ef814240}: groovy/lang/Closure$1BeanInfo> (0x00000000ef814240) 
thrown [s\open\src\hotspot\share\classfile\systemDictionary.cpp, line 256]
Event: 8.958 Thread 0x0000026eab9d4050 Exception <a 'java/lang/ClassNotFoundException'{0x00000000ef831260}: groovy/lang/ClosureBeanInfo> (0x00000000ef831260) 
thrown [s\open\src\hotspot\share\classfile\systemDictionary.cpp, line 256]
Event: 8.959 Thread 0x0000026eab9d4050 Exception <a 'java/lang/ClassNotFoundException'{0x00000000ef84e3a0}: groovy/lang/ClosureCustomizer> (0x00000000ef84e3a0) 
thrown [s\open\src\hotspot\share\classfile\systemDictionary.cpp, line 256]
Event: 8.963 Thread 0x0000026eab9d4050 Exception <a 'java/lang/ClassNotFoundException'{0x00000000ef88ebb8}: groovy/lang/Closure$1Customizer> (0x00000000ef88ebb8) 
thrown [s\open\src\hotspot\share\classfile\systemDictionary.cpp, line 256]
Event: 8.974 Thread 0x0000026eab9d4050 Exception <a 'java/lang/ClassNotFoundException'{0x00000000ef72a208}: org/gradle/invocation/DefaultGradle$DefaultGradleLifecycle_DecoratedBeanInfo> (0x00000000ef72a208) 
thrown [s\open\src\hotspot\share\classfile\systemDictionary.cpp, line 256]
Event: 8.974 Thread 0x0000026eab9d4050 Exception <a 'java/lang/ClassNotFoundException'{0x00000000ef73ab50}: org/gradle/invocation/DefaultGradle$DefaultGradleLifecycleBeanInfo> (0x00000000ef73ab50) 
thrown [s\open\src\hotspot\share\classfile\systemDictionary.cpp, line 256]
Event: 8.974 Thread 0x0000026eab9d4050 Exception <a 'java/lang/ClassNotFoundException'{0x00000000ef74b488}: org/gradle/invocation/DefaultGradle$DefaultGradleLifecycleCustomizer> (0x00000000ef74b488) 
thrown [s\open\src\hotspot\share\classfile\systemDictionary.cpp, line 256]
Event: 8.975 Thread 0x0000026eab9d4050 Exception <a 'java/lang/ClassNotFoundException'{0x00000000ef760390}: org/gradle/invocation/DefaultGradle$DefaultGradleLifecycle_DecoratedCustomizer> (0x00000000ef760390) 
thrown [s\open\src\hotspot\share\classfile\systemDictionary.cpp, line 256]
Event: 9.071 Thread 0x0000026eab9d4050 Exception <a 'java/lang/ClassNotFoundException'{0x00000000ef52d810}: ijMapper1_8ffcypxd3sqjaakkw5li700hcBeanInfo> (0x00000000ef52d810) 
thrown [s\open\src\hotspot\share\classfile\systemDictionary.cpp, line 256]
Event: 9.072 Thread 0x0000026eab9d4050 Exception <a 'java/lang/ClassNotFoundException'{0x00000000ef534980}: ijMapper1_8ffcypxd3sqjaakkw5li700hcCustomizer> (0x00000000ef534980) 
thrown [s\open\src\hotspot\share\classfile\systemDictionary.cpp, line 256]
Event: 9.113 Thread 0x0000026eab9d4050 Exception <a 'java/lang/IncompatibleClassChangeError'{0x00000000ef438368}: Found class java.lang.Object, but interface was expected> (0x00000000ef438368) 
thrown [s\open\src\hotspot\share\interpreter\linkResolver.cpp, line 826]
Event: 9.121 Thread 0x0000026eab9d4050 Exception <a 'java/lang/NoSuchMethodError'{0x00000000ef4a5040}: 'void java.lang.invoke.DirectMethodHandle$Holder.invokeStatic(java.lang.Object, java.lang.Object, java.lang.Object, java.lang.Object, java.lang.Object, java.lang.Object)'> (0x00000000ef4a5040) 
thrown [s\open\src\hotspot\share\interpreter\linkResolver.cpp, line 759]
Event: 9.136 Thread 0x0000026eab9d4050 Exception <a 'java/lang/NoSuchMethodError'{0x00000000ef33bc58}: 'void java.lang.invoke.DirectMethodHandle$Holder.invokeVirtual(java.lang.Object, java.lang.Object)'> (0x00000000ef33bc58) 
thrown [s\open\src\hotspot\share\interpreter\linkResolver.cpp, line 759]

VM Operations (20 events):
Event: 9.330 Executing VM operation: HandshakeAllThreads
Event: 9.330 Executing VM operation: HandshakeAllThreads done
Event: 9.428 Executing VM operation: HandshakeAllThreads
Event: 9.428 Executing VM operation: HandshakeAllThreads done
Event: 9.436 Executing VM operation: HandshakeAllThreads
Event: 9.436 Executing VM operation: HandshakeAllThreads done
Event: 9.448 Executing VM operation: ICBufferFull
Event: 9.448 Executing VM operation: ICBufferFull done
Event: 9.453 Executing VM operation: HandshakeAllThreads
Event: 9.453 Executing VM operation: HandshakeAllThreads done
Event: 9.453 Executing VM operation: HandshakeAllThreads
Event: 9.453 Executing VM operation: HandshakeAllThreads done
Event: 9.467 Executing VM operation: HandshakeAllThreads
Event: 9.467 Executing VM operation: HandshakeAllThreads done
Event: 9.480 Executing VM operation: ICBufferFull
Event: 9.480 Executing VM operation: ICBufferFull done
Event: 9.531 Executing VM operation: HandshakeAllThreads
Event: 9.531 Executing VM operation: HandshakeAllThreads done
Event: 9.731 Executing VM operation: ICBufferFull
Event: 9.732 Executing VM operation: ICBufferFull done

Events (20 events):
Event: 9.541 Thread 0x0000026eff5dbc40 flushing nmethod 0x0000026e809aa610
Event: 9.541 Thread 0x0000026eff5dbc40 flushing nmethod 0x0000026e809bad10
Event: 9.541 Thread 0x0000026eff5dbc40 flushing nmethod 0x0000026e809bb090
Event: 9.541 Thread 0x0000026eff5dbc40 flushing nmethod 0x0000026e809bb910
Event: 9.541 Thread 0x0000026eff5dbc40 flushing nmethod 0x0000026e809bbf90
Event: 9.541 Thread 0x0000026eff5dbc40 flushing nmethod 0x0000026e809bc290
Event: 9.541 Thread 0x0000026eff5dbc40 flushing nmethod 0x0000026e809bc610
Event: 9.541 Thread 0x0000026eff5dbc40 flushing nmethod 0x0000026e809bc990
Event: 9.541 Thread 0x0000026eff5dbc40 flushing nmethod 0x0000026e809bd110
Event: 9.541 Thread 0x0000026eff5dbc40 flushing nmethod 0x0000026e809bf910
Event: 9.541 Thread 0x0000026eff5dbc40 flushing nmethod 0x0000026e809c1e90
Event: 9.541 Thread 0x0000026eff5dbc40 flushing nmethod 0x0000026e809c5e90
Event: 9.541 Thread 0x0000026eff5dbc40 flushing nmethod 0x0000026e809c6e90
Event: 9.541 Thread 0x0000026eff5dbc40 flushing nmethod 0x0000026e809ca410
Event: 9.541 Thread 0x0000026eff5dbc40 flushing nmethod 0x0000026e809cb190
Event: 9.541 Thread 0x0000026eff5dbc40 flushing nmethod 0x0000026e809d3510
Event: 9.541 Thread 0x0000026eff5dbc40 flushing nmethod 0x0000026e809d3d90
Event: 9.541 Thread 0x0000026eff5dbc40 flushing nmethod 0x0000026e809d4110
Event: 9.541 Thread 0x0000026eff5dbc40 flushing nmethod 0x0000026e809d4490
Event: 9.541 Thread 0x0000026eff5dbc40 flushing nmethod 0x0000026e809e2f10


Dynamic libraries:
0x00007ff7f7fd0000 - 0x00007ff7f7fe0000 	C:\Program Files\Java\jdk-17\bin\java.exe
0x00007ff8d5200000 - 0x00007ff8d5466000 	C:\WINDOWS\SYSTEM32\ntdll.dll
0x00007ff8d33c0000 - 0x00007ff8d3489000 	C:\WINDOWS\System32\KERNEL32.DLL
0x00007ff8d2420000 - 0x00007ff8d27ec000 	C:\WINDOWS\System32\KERNELBASE.dll
0x00007ff8d27f0000 - 0x00007ff8d293b000 	C:\WINDOWS\System32\ucrtbase.dll
0x00007ff8991d0000 - 0x00007ff8991e9000 	C:\Program Files\Java\jdk-17\bin\jli.dll
0x00007ff8d3cc0000 - 0x00007ff8d3d72000 	C:\WINDOWS\System32\ADVAPI32.dll
0x00007ff8af210000 - 0x00007ff8af22b000 	C:\Program Files\Java\jdk-17\bin\VCRUNTIME140.dll
0x00007ff8d3be0000 - 0x00007ff8d3c89000 	C:\WINDOWS\System32\msvcrt.dll
0x00007ff8d42b0000 - 0x00007ff8d4356000 	C:\WINDOWS\System32\sechost.dll
0x00007ff8d2fc0000 - 0x00007ff8d30d6000 	C:\WINDOWS\System32\RPCRT4.dll
0x00007ff8d40e0000 - 0x00007ff8d42aa000 	C:\WINDOWS\System32\USER32.dll
0x00007ff8d2e10000 - 0x00007ff8d2e37000 	C:\WINDOWS\System32\win32u.dll
0x00007ff8d3c90000 - 0x00007ff8d3cbb000 	C:\WINDOWS\System32\GDI32.dll
0x00007ff8b0340000 - 0x00007ff8b05da000 	C:\WINDOWS\WinSxS\amd64_microsoft.windows.common-controls_6595b64144ccf1df_6.0.26100.3912_none_3e07963ce335137e\COMCTL32.dll
0x00007ff8d2a00000 - 0x00007ff8d2b32000 	C:\WINDOWS\System32\gdi32full.dll
0x00007ff8d2d60000 - 0x00007ff8d2e03000 	C:\WINDOWS\System32\msvcp_win.dll
0x00007ff8bfb40000 - 0x00007ff8bfb4b000 	C:\WINDOWS\SYSTEM32\VERSION.dll
0x00007ff8d39c0000 - 0x00007ff8d39f0000 	C:\WINDOWS\System32\IMM32.DLL
0x00007ff899dc0000 - 0x00007ff899dcc000 	C:\Program Files\Java\jdk-17\bin\vcruntime140_1.dll
0x00007ff8435c0000 - 0x00007ff84364e000 	C:\Program Files\Java\jdk-17\bin\msvcp140.dll
0x00007ff8149c0000 - 0x00007ff8155a0000 	C:\Program Files\Java\jdk-17\bin\server\jvm.dll
0x00007ff8d4020000 - 0x00007ff8d4028000 	C:\WINDOWS\System32\PSAPI.DLL
0x00007ff8b9ae0000 - 0x00007ff8b9b16000 	C:\WINDOWS\SYSTEM32\WINMM.dll
0x00007ff8af290000 - 0x00007ff8af29a000 	C:\WINDOWS\SYSTEM32\WSOCK32.dll
0x00007ff8d3a60000 - 0x00007ff8d3ad4000 	C:\WINDOWS\System32\WS2_32.dll
0x00007ff8d1250000 - 0x00007ff8d126a000 	C:\WINDOWS\SYSTEM32\kernel.appcore.dll
0x00007ff8991c0000 - 0x00007ff8991ca000 	C:\Program Files\Java\jdk-17\bin\jimage.dll
0x00007ff8cfc70000 - 0x00007ff8cfeb1000 	C:\WINDOWS\SYSTEM32\DBGHELP.DLL
0x00007ff8d4360000 - 0x00007ff8d46e4000 	C:\WINDOWS\System32\combase.dll
0x00007ff8d4f90000 - 0x00007ff8d5070000 	C:\WINDOWS\System32\OLEAUT32.dll
0x00007ff8b2920000 - 0x00007ff8b2959000 	C:\WINDOWS\SYSTEM32\dbgcore.DLL
0x00007ff8d2cc0000 - 0x00007ff8d2d59000 	C:\WINDOWS\System32\bcryptPrimitives.dll
0x00007ff898ec0000 - 0x00007ff898ece000 	C:\Program Files\Java\jdk-17\bin\instrument.dll
0x00007ff88d620000 - 0x00007ff88d645000 	C:\Program Files\Java\jdk-17\bin\java.dll
0x00007ff843450000 - 0x00007ff843527000 	C:\Program Files\Java\jdk-17\bin\jsvml.dll
0x00007ff8d46f0000 - 0x00007ff8d4e1d000 	C:\WINDOWS\System32\SHELL32.dll
0x00007ff8d2b40000 - 0x00007ff8d2cb4000 	C:\WINDOWS\System32\wintypes.dll
0x00007ff8d0000000 - 0x00007ff8d0856000 	C:\WINDOWS\SYSTEM32\windows.storage.dll
0x00007ff8d3ae0000 - 0x00007ff8d3bcf000 	C:\WINDOWS\System32\SHCORE.dll
0x00007ff8d3920000 - 0x00007ff8d3989000 	C:\WINDOWS\System32\shlwapi.dll
0x00007ff8d22a0000 - 0x00007ff8d22cf000 	C:\WINDOWS\SYSTEM32\profapi.dll
0x00007ff8963c0000 - 0x00007ff8963d8000 	C:\Program Files\Java\jdk-17\bin\zip.dll
0x00007ff896160000 - 0x00007ff896179000 	C:\Program Files\Java\jdk-17\bin\net.dll
0x00007ff8c20e0000 - 0x00007ff8c21fe000 	C:\WINDOWS\SYSTEM32\WINHTTP.dll
0x00007ff8d17e0000 - 0x00007ff8d184a000 	C:\WINDOWS\system32\mswsock.dll
0x00007ff896120000 - 0x00007ff896136000 	C:\Program Files\Java\jdk-17\bin\nio.dll
0x00007ff898e20000 - 0x00007ff898e30000 	C:\Program Files\Java\jdk-17\bin\verify.dll
0x00007ff86e6d0000 - 0x00007ff86e6f7000 	D:\WWW\gradle-8.10\bin\native\c067742578af261105cb4f569cf0c3c89f3d7b1fecec35dd04571415982c5e48\windows-amd64\native-platform.dll
0x00007ff813230000 - 0x00007ff813374000 	D:\WWW\gradle-8.10\bin\native\100fb08df4bc3b14c8652ba06237920a3bd2aa13389f12d3474272988ae205f9\windows-amd64\native-platform-file-events.dll
0x00007ff893cf0000 - 0x00007ff893cfa000 	C:\Program Files\Java\jdk-17\bin\management.dll
0x00007ff88e550000 - 0x00007ff88e55b000 	C:\Program Files\Java\jdk-17\bin\management_ext.dll
0x00007ff8d1a90000 - 0x00007ff8d1aac000 	C:\WINDOWS\SYSTEM32\CRYPTSP.dll
0x00007ff8d11b0000 - 0x00007ff8d11ea000 	C:\WINDOWS\system32\rsaenh.dll
0x00007ff8d1880000 - 0x00007ff8d18ab000 	C:\WINDOWS\SYSTEM32\USERENV.dll
0x00007ff8d2270000 - 0x00007ff8d2296000 	C:\WINDOWS\SYSTEM32\bcrypt.dll
0x00007ff8d1a80000 - 0x00007ff8d1a8c000 	C:\WINDOWS\SYSTEM32\CRYPTBASE.dll
0x00007ff8d0c20000 - 0x00007ff8d0c53000 	C:\WINDOWS\SYSTEM32\IPHLPAPI.DLL
0x00007ff8d50a0000 - 0x00007ff8d50aa000 	C:\WINDOWS\System32\NSI.dll
0x00007ff8c20b0000 - 0x00007ff8c20cf000 	C:\WINDOWS\SYSTEM32\dhcpcsvc6.DLL
0x00007ff8c2080000 - 0x00007ff8c20a5000 	C:\WINDOWS\SYSTEM32\dhcpcsvc.DLL
0x00007ff8d0cc0000 - 0x00007ff8d0de7000 	C:\WINDOWS\SYSTEM32\DNSAPI.dll
0x00007ff88d740000 - 0x00007ff88d74e000 	C:\Program Files\Java\jdk-17\bin\sunmscapi.dll
0x00007ff8d2e40000 - 0x00007ff8d2fb7000 	C:\WINDOWS\System32\CRYPT32.dll
0x00007ff8d1c90000 - 0x00007ff8d1cc0000 	C:\WINDOWS\SYSTEM32\ncrypt.dll
0x00007ff8d1c40000 - 0x00007ff8d1c7f000 	C:\WINDOWS\SYSTEM32\NTASN1.dll
0x00007ff8a3420000 - 0x00007ff8a3428000 	C:\WINDOWS\system32\wshunix.dll

dbghelp: loaded successfully - version: 4.0.5 - missing functions: none
symbol engine: initialized successfully - sym options: 0x614 - pdb path: .;C:\Program Files\Java\jdk-17\bin;C:\WINDOWS\SYSTEM32;C:\WINDOWS\WinSxS\amd64_microsoft.windows.common-controls_6595b64144ccf1df_6.0.26100.3912_none_3e07963ce335137e;C:\Program Files\Java\jdk-17\bin\server;D:\WWW\gradle-8.10\bin\native\c067742578af261105cb4f569cf0c3c89f3d7b1fecec35dd04571415982c5e48\windows-amd64;D:\WWW\gradle-8.10\bin\native\100fb08df4bc3b14c8652ba06237920a3bd2aa13389f12d3474272988ae205f9\windows-amd64

VM Arguments:
jvm_args: --add-opens=java.base/java.util=ALL-UNNAMED --add-opens=java.base/java.lang=ALL-UNNAMED --add-opens=java.base/java.lang.invoke=ALL-UNNAMED --add-opens=java.prefs/java.util.prefs=ALL-UNNAMED --add-exports=jdk.compiler/com.sun.tools.javac.api=ALL-UNNAMED --add-exports=jdk.compiler/com.sun.tools.javac.util=ALL-UNNAMED --add-opens=java.base/java.nio.charset=ALL-UNNAMED --add-opens=java.base/java.net=ALL-UNNAMED --add-opens=java.base/java.util.concurrent.atomic=ALL-UNNAMED -XX:MaxMetaspaceSize=384m -XX:+HeapDumpOnOutOfMemoryError -Xms256m -Xmx512m -Dfile.encoding=UTF-8 -Duser.country=US -Duser.language=en -Duser.variant -javaagent:D:\WWW\gradle-8.10-bin\gradle-8.10\lib\agents\gradle-instrumentation-agent-8.10.jar 
java_command: org.gradle.launcher.daemon.bootstrap.GradleDaemon 8.10
java_class_path (initial): D:\WWW\gradle-8.10-bin\gradle-8.10\lib\gradle-daemon-main-8.10.jar
Launcher Type: SUN_STANDARD

[Global flags]
     intx CICompilerCount                          = 12                                        {product} {ergonomic}
   size_t CompressedClassSpaceSize                 = 335544320                                 {product} {ergonomic}
     uint ConcGCThreads                            = 3                                         {product} {ergonomic}
     uint G1ConcRefinementThreads                  = 13                                        {product} {ergonomic}
   size_t G1HeapRegionSize                         = 1048576                                   {product} {ergonomic}
    uintx GCDrainStackTargetSize                   = 64                                        {product} {ergonomic}
     bool HeapDumpOnOutOfMemoryError               = true                                   {manageable} {command line}
   size_t InitialHeapSize                          = 268435456                                 {product} {command line}
   size_t MarkStackSize                            = 4194304                                   {product} {ergonomic}
   size_t MaxHeapSize                              = 536870912                                 {product} {command line}
   size_t MaxMetaspaceSize                         = 402653184                                 {product} {command line}
   size_t MaxNewSize                               = 321912832                                 {product} {ergonomic}
   size_t MinHeapDeltaBytes                        = 1048576                                   {product} {ergonomic}
   size_t MinHeapSize                              = 268435456                                 {product} {command line}
    uintx NonNMethodCodeHeapSize                   = 7602480                                {pd product} {ergonomic}
    uintx NonProfiledCodeHeapSize                  = 122027880                              {pd product} {ergonomic}
    uintx ProfiledCodeHeapSize                     = 122027880                              {pd product} {ergonomic}
    uintx ReservedCodeCacheSize                    = 251658240                              {pd product} {ergonomic}
     bool SegmentedCodeCache                       = true                                      {product} {ergonomic}
   size_t SoftMaxHeapSize                          = 536870912                              {manageable} {ergonomic}
     bool UseCompressedClassPointers               = true                           {product lp64_product} {ergonomic}
     bool UseCompressedOops                        = true                           {product lp64_product} {ergonomic}
     bool UseG1GC                                  = true                                      {product} {ergonomic}
     bool UseLargePagesIndividualAllocation        = false                                  {pd product} {ergonomic}

Logging:
Log output configuration:
 #0: stdout all=warning uptime,level,tags
 #1: stderr all=off uptime,level,tags

Environment Variables:
JAVA_HOME=C:\Program Files\Java\jdk-17
PATH=C:\Program Files\Common Files\Oracle\Java\javapath;C:\Windows;C:\Windows\System32\Wbem;C:\Windows\System32\WindowsPowerShell\v1.0\;C:\Windows\System32\OpenSSH\;C:\Program Files (x86)\NVIDIA Corporation\PhysX\Common;C:\Program Files\NVIDIA Corporation\NVIDIA NvDLISR;C:\WINDOWS\system32;C:\WINDOWS;C:\WINDOWS\System32\Wbem;C:\WINDOWS\System32\WindowsPowerShell\v1.0\;C:\WINDOWS\System32\OpenSSH\;C:\Program Files (x86)\Embarcadero\Dev-Cpp\TDM-GCC-64\bin;C:\MongoDB\Server\6.0\bin;C:\mongosh-1.6.1\bin;C:\Program Files\Azure Data Studio\bin;C:\Program Files (x86)\Microsoft SQL Server\160\DTS\Binn\;C:\Program Files (x86)\Microsoft SQL Server\160\Tools\Binn\;C:\Program Files\Microsoft SQL Server\160\Tools\Binn\;C:\Program Files\Microsoft SQL Server\Client SDK\ODBC\170\Tools\Binn\;C:\Program Files\Microsoft SQL Server\160\DTS\Binn\;C:\Users\congh\AppData\Local\Programs\Python\Python312;C:\Program Files\dotnet\;C:\Program Files\Cloudflare\Cloudflare WARP\;C:\Git\cmd;C:\Program Files\nodejs;C:\Program Files\Java\jdk-17\bin;D:\WWW\payara-6.2024.9\payara6\bin;C:\Program Files\Java\jdk-17\bin;D:\WWW\apache-maven-3.9.9-src\apache-maven-3.9.9\apache-maven\src\bin;;C:\Program Files\Docker\Docker\resources\bin;C:\Users\congh\AppData\Local\Programs\Python\Launcher\;C:\Users\congh\AppData\Local\Microsoft\WindowsApps;C:\Program Files (x86)\Embarcadero\Dev-Cpp\TDM-GCC-64\bin;C:\Microsoft VS Code\bin;C:\Program Files\Azure Data Studio\bin;C:\Program Files\JetBrains\IntelliJ IDEA Community Edition 2023.3.2\bin;;C:\Users\congh\AppData\Roaming\npm;C:\Program Files\JetBrains\IntelliJ IDEA 2024.2.0.2\bin;;C:\Users\congh\AppData\Local\Microsoft\WinGet\Packages\Schniz.fnm_Microsoft.Winget.Source_8wekyb3d8bbwe;C:\Users\congh\.dotnet\tools;
USERNAME=congh
OS=Windows_NT
PROCESSOR_IDENTIFIER=Intel64 Family 6 Model 141 Stepping 1, GenuineIntel



---------------  S Y S T E M  ---------------

OS:
 Windows 11 , 64 bit Build 26100 (10.0.26100.3912)
OS uptime: 0 days 2:52 hours
Hyper-V role detected

CPU: total 16 (initial active 16) (8 cores per cpu, 2 threads per core) family 6 model 141 stepping 1 microcode 0x3c, cx8, cmov, fxsr, ht, mmx, 3dnowpref, sse, sse2, sse3, ssse3, sse4.1, sse4.2, popcnt, lzcnt, tsc, tscinvbit, avx, avx2, aes, erms, clmul, bmi1, bmi2, adx, avx512f, avx512dq, avx512cd, avx512bw, avx512vl, sha, fma, vzeroupper, avx512_vpopcntdq, avx512_vpclmulqdq, avx512_vaes, avx512_vnni, clflush, clflushopt, clwb, avx512_vbmi2, avx512_vbmi, hv

Memory: 4k page, system-wide physical 16163M (923M free)
TotalPageFile size 28451M (AvailPageFile size 56M)
current process WorkingSet (physical memory assigned to process): 375M, peak: 389M
current process commit charge ("private bytes"): 501M, peak: 515M

vm_info: Java HotSpot(TM) 64-Bit Server VM (17.0.11+7-LTS-207) for windows-amd64 JRE (17.0.11+7-LTS-207), built on Mar 11 2024 19:01:50 by "mach5one" with MS VC++ 17.6 (VS2022)

END.
